---------------------------------------------------------------
[ 2019-04-03T08:54:42+08:00 ] 127.0.0.1 GET yunchi.cn/index/Index/index
[运行时间：0.047844s] [吞吐率：20.90req/s] [内存消耗：1,912.45kb] [文件加载：101]
[ info ] [ LANG ] /Applications/XAMPP/xamppfiles/htdocs/pension_project/thinkphp/lang/zh-cn.php
[ info ] [ ROUTE ] array (
  'type' => 'module',
  'module' => 
  array (
    0 => 'index',
    1 => 'Index',
    2 => 'index',
  ),
)
[ info ] [ HEADER ] array (
  'host' => 'yunchi.cn',
  'connection' => 'keep-alive',
  'upgrade-insecure-requests' => '1',
  'user-agent' => 'Mozilla/5.0 (Macintosh; Intel Mac OS X 10_13_6) AppleWebKit/537.36 (KHTML, like Gecko) Chrome/73.0.3683.86 Safari/537.36',
  'accept' => 'text/html,application/xhtml+xml,application/xml;q=0.9,image/webp,image/apng,*/*;q=0.8,application/signed-exchange;v=b3',
  'accept-encoding' => 'gzip, deflate',
  'accept-language' => 'zh-CN,zh;q=0.9',
)
[ info ] [ PARAM ] array (
  '/index/Index/index' => '',
)
[ info ] [ SESSION ] INIT array (
  'id' => '',
  'var_session_id' => '',
  'prefix' => 'think',
  'type' => '',
  'auto_start' => true,
)
[ info ] [ LOG ] INIT File
---------------------------------------------------------------
[ 2019-04-03T08:54:42+08:00 ] 127.0.0.1 GET yunchi.cn/index/Login/login
[运行时间：0.025517s] [吞吐率：39.19req/s] [内存消耗：1,910.23kb] [文件加载：100]
[ info ] [ LANG ] /Applications/XAMPP/xamppfiles/htdocs/pension_project/thinkphp/lang/zh-cn.php
[ info ] [ ROUTE ] array (
  'type' => 'module',
  'module' => 
  array (
    0 => 'index',
    1 => 'Login',
    2 => 'login',
  ),
)
[ info ] [ HEADER ] array (
  'host' => 'yunchi.cn',
  'connection' => 'keep-alive',
  'upgrade-insecure-requests' => '1',
  'user-agent' => 'Mozilla/5.0 (Macintosh; Intel Mac OS X 10_13_6) AppleWebKit/537.36 (KHTML, like Gecko) Chrome/73.0.3683.86 Safari/537.36',
  'accept' => 'text/html,application/xhtml+xml,application/xml;q=0.9,image/webp,image/apng,*/*;q=0.8,application/signed-exchange;v=b3',
  'accept-encoding' => 'gzip, deflate',
  'accept-language' => 'zh-CN,zh;q=0.9',
  'cookie' => 'PHPSESSID=dad34a583e08784ea8d71642aa0c4794',
)
[ info ] [ PARAM ] array (
  '/index/Login/login' => '',
)
[ info ] [ SESSION ] INIT array (
  'id' => '',
  'var_session_id' => '',
  'prefix' => 'think',
  'type' => '',
  'auto_start' => true,
)
[ info ] [ RUN ] app\index\controller\Login->login[ /Applications/XAMPP/xamppfiles/htdocs/pension_project/application/index/controller/Login.php ]
[ info ] [ VIEW ] /Applications/XAMPP/xamppfiles/htdocs/pension_project/application/index/view/login/login.html [ array (
  0 => 'title',
) ]
[ info ] [ LOG ] INIT File
---------------------------------------------------------------
[ 2019-04-03T08:54:42+08:00 ] 127.0.0.1 GET yunchi.cn/favicon.ico
[运行时间：0.016199s] [吞吐率：61.73req/s] [内存消耗：1,615.48kb] [文件加载：94]
[ info ] [ LANG ] /Applications/XAMPP/xamppfiles/htdocs/pension_project/thinkphp/lang/zh-cn.php
[ info ] [ ROUTE ] array (
  'type' => 'module',
  'module' => 
  array (
    0 => 'favicon.ico',
    1 => NULL,
    2 => NULL,
  ),
)
[ info ] [ HEADER ] array (
  'host' => 'yunchi.cn',
  'connection' => 'keep-alive',
  'user-agent' => 'Mozilla/5.0 (Macintosh; Intel Mac OS X 10_13_6) AppleWebKit/537.36 (KHTML, like Gecko) Chrome/73.0.3683.86 Safari/537.36',
  'accept' => 'image/webp,image/apng,image/*,*/*;q=0.8',
  'referer' => 'http://yunchi.cn/index/Login/login',
  'accept-encoding' => 'gzip, deflate',
  'accept-language' => 'zh-CN,zh;q=0.9',
  'cookie' => 'PHPSESSID=dad34a583e08784ea8d71642aa0c4794',
)
[ info ] [ PARAM ] array (
  '/favicon_ico' => '',
)
[ info ] [ LOG ] INIT File
---------------------------------------------------------------
[ 2019-04-03T08:54:50+08:00 ] 127.0.0.1 POST yunchi.cn/index/Login/checkLogin
[运行时间：0.105441s] [吞吐率：9.48req/s] [内存消耗：2,460.70kb] [文件加载：106]
[ info ] [ LANG ] /Applications/XAMPP/xamppfiles/htdocs/pension_project/thinkphp/lang/zh-cn.php
[ info ] [ ROUTE ] array (
  'type' => 'module',
  'module' => 
  array (
    0 => 'index',
    1 => 'Login',
    2 => 'checkLogin',
  ),
)
[ info ] [ HEADER ] array (
  'host' => 'yunchi.cn',
  'connection' => 'keep-alive',
  'content-length' => '33',
  'accept' => '*/*',
  'origin' => 'http://yunchi.cn',
  'x-requested-with' => 'XMLHttpRequest',
  'user-agent' => 'Mozilla/5.0 (Macintosh; Intel Mac OS X 10_13_6) AppleWebKit/537.36 (KHTML, like Gecko) Chrome/73.0.3683.86 Safari/537.36',
  'content-type' => 'application/x-www-form-urlencoded; charset=UTF-8',
  'referer' => 'http://yunchi.cn/index/Login/login',
  'accept-encoding' => 'gzip, deflate',
  'accept-language' => 'zh-CN,zh;q=0.9',
  'cookie' => 'PHPSESSID=dad34a583e08784ea8d71642aa0c4794',
)
[ info ] [ PARAM ] array (
  '/index/Login/checkLogin' => '',
  'name' => 'admin',
  'password' => '123456',
  'type' => '0',
)
[ info ] [ SESSION ] INIT array (
  'id' => '',
  'var_session_id' => '',
  'prefix' => 'think',
  'type' => '',
  'auto_start' => true,
)
[ info ] [ RUN ] app\index\controller\Login->checkLogin[ /Applications/XAMPP/xamppfiles/htdocs/pension_project/application/index/controller/Login.php ]
[ info ] [ DB ] INIT mysql
[ info ] [ LOG ] INIT File
[ sql ] [ DB ] CONNECT:[ UseTime:0.047645s ] mysql:host=101.89.115.24;port=3306;dbname=pension;charset=utf8
[ sql ] [ SQL ] SELECT `id`,`name`,`mobile`,`email`,`r_id`,`is_super`,`remarks`,`create_time` FROM yc_user WHERE `name`='admin' AND `password`='81bf0687697f0165bd5629fca568acb0' [ RunTime:0.030529s ]
---------------------------------------------------------------
[ 2019-04-03T08:54:50+08:00 ] 127.0.0.1 GET yunchi.cn/index/Index/index
[运行时间：0.080369s] [吞吐率：12.44req/s] [内存消耗：2,619.80kb] [文件加载：109]
[ info ] [ LANG ] /Applications/XAMPP/xamppfiles/htdocs/pension_project/thinkphp/lang/zh-cn.php
[ info ] [ ROUTE ] array (
  'type' => 'module',
  'module' => 
  array (
    0 => 'index',
    1 => 'Index',
    2 => 'index',
  ),
)
[ info ] [ HEADER ] array (
  'host' => 'yunchi.cn',
  'connection' => 'keep-alive',
  'upgrade-insecure-requests' => '1',
  'user-agent' => 'Mozilla/5.0 (Macintosh; Intel Mac OS X 10_13_6) AppleWebKit/537.36 (KHTML, like Gecko) Chrome/73.0.3683.86 Safari/537.36',
  'accept' => 'text/html,application/xhtml+xml,application/xml;q=0.9,image/webp,image/apng,*/*;q=0.8,application/signed-exchange;v=b3',
  'referer' => 'http://yunchi.cn/index/Login/login',
  'accept-encoding' => 'gzip, deflate',
  'accept-language' => 'zh-CN,zh;q=0.9',
  'cookie' => 'PHPSESSID=dad34a583e08784ea8d71642aa0c4794',
)
[ info ] [ PARAM ] array (
  '/index/Index/index' => '',
)
[ info ] [ SESSION ] INIT array (
  'id' => '',
  'var_session_id' => '',
  'prefix' => 'think',
  'type' => '',
  'auto_start' => true,
)
[ info ] [ RUN ] app\index\controller\Index->index[ /Applications/XAMPP/xamppfiles/htdocs/pension_project/application/index/controller/Index.php ]
[ info ] [ DB ] INIT mysql
[ info ] [ VIEW ] /Applications/XAMPP/xamppfiles/htdocs/pension_project/application/index/view/index/index.html [ array (
  0 => 'menu',
  1 => 'user_info',
  2 => 'title',
) ]
[ info ] [ LOG ] INIT File
[ sql ] [ DB ] CONNECT:[ UseTime:0.028970s ] mysql:host=101.89.115.24;port=3306;dbname=pension;charset=utf8
[ sql ] [ SQL ] SELECT `id`,`name`,`url`,`icon`,`pid`,`level`,`m_status`,`weight`,`create_time` FROM yc_menu  WHERE  `m_status`=1 ORDER BY `weight` ASC,`id` ASC [ RunTime:0.027671s ]
---------------------------------------------------------------
[ 2019-04-03T08:54:50+08:00 ] 127.0.0.1 GET yunchi.cn/index/Index/main
[运行时间：0.296643s] [吞吐率：3.37req/s] [内存消耗：3,411.12kb] [文件加载：120]
[ info ] [ LANG ] /Applications/XAMPP/xamppfiles/htdocs/pension_project/thinkphp/lang/zh-cn.php
[ info ] [ ROUTE ] array (
  'type' => 'module',
  'module' => 
  array (
    0 => 'index',
    1 => 'Index',
    2 => 'main',
  ),
)
[ info ] [ HEADER ] array (
  'host' => 'yunchi.cn',
  'connection' => 'keep-alive',
  'upgrade-insecure-requests' => '1',
  'user-agent' => 'Mozilla/5.0 (Macintosh; Intel Mac OS X 10_13_6) AppleWebKit/537.36 (KHTML, like Gecko) Chrome/73.0.3683.86 Safari/537.36',
  'accept' => 'text/html,application/xhtml+xml,application/xml;q=0.9,image/webp,image/apng,*/*;q=0.8,application/signed-exchange;v=b3',
  'referer' => 'http://yunchi.cn/index/Index/index',
  'accept-encoding' => 'gzip, deflate',
  'accept-language' => 'zh-CN,zh;q=0.9',
  'cookie' => 'PHPSESSID=dad34a583e08784ea8d71642aa0c4794',
)
[ info ] [ PARAM ] array (
  '/index/Index/main' => '',
)
[ info ] [ SESSION ] INIT array (
  'id' => '',
  'var_session_id' => '',
  'prefix' => 'think',
  'type' => '',
  'auto_start' => true,
)
[ info ] [ RUN ] app\index\controller\Index->main[ /Applications/XAMPP/xamppfiles/htdocs/pension_project/application/index/controller/Index.php ]
[ info ] [ DB ] INIT mysql
[ info ] [ VIEW ] /Applications/XAMPP/xamppfiles/htdocs/pension_project/application/index/view/index/main.html [ array (
  0 => 'gency',
  1 => 'clientIntegral',
  2 => 'sumIntegralRecords',
  3 => 'birthday',
) ]
[ info ] [ LOG ] INIT File
[ sql ] [ DB ] CONNECT:[ UseTime:0.062959s ] mysql:host=101.89.115.24;port=3306;dbname=pension;charset=utf8
[ sql ] [ SQL ] SHOW COLUMNS FROM `yc_work` [ RunTime:0.049817s ]
[ sql ] [ SQL ] SELECT COUNT(*) AS tp_count FROM `yc_work` `w` LEFT JOIN `yc_client` `c` ON `w`.`client_id`=`c`.`id` LEFT JOIN `yc_staff_user` `s` ON `w`.`staff_number`=`s`.`number` WHERE  `type` IN (1,2,3) LIMIT 1 [ RunTime:0.019254s ]
[ sql ] [ SQL ] SELECT w.id,w.title,w.staff_number,w.plan_id,w.client_id,w.type,w.state,w.create_time,(case when w.plan_id!=0 then (select name from yc_work_plan where id=w.plan_id) else 0 end) as plan_title,(case when w.state=5 then (select concat_ws(";",call_result,create_time) from yc_work_log where w_id=w.id order by id desc limit 1) else 0 end) as work_log,c.name as userName,s.display_name FROM `yc_work` `w` LEFT JOIN `yc_client` `c` ON `w`.`client_id`=`c`.`id` LEFT JOIN `yc_staff_user` `s` ON `w`.`staff_number`=`s`.`number` WHERE  `type` IN (1,2,3) ORDER BY `w`.`id` DESC LIMIT 0,5 [ RunTime:0.029148s ]
[ sql ] [ SQL ] SELECT SUM(`integral`) AS integral,MAX(`integral`) AS max,MIN(`integral`) AS `min`,COUNT(`id`) AS total FROM yc_client [ RunTime:0.016827s ]
[ sql ] [ SQL ] SELECT `type`,SUM(`score`) AS score,COUNT(`id`) AS total FROM yc_integral  GROUP BY `type` [ RunTime:0.024467s ]
[ sql ] [ SQL ] SHOW COLUMNS FROM `yc_client` [ RunTime:0.028329s ]
[ sql ] [ SQL ] SELECT `birthday`,`id`,`name`,`head`,`age` FROM `yc_client` [ RunTime:0.026231s ]
[ error ] [8]未定义变量: arr[/Applications/XAMPP/xamppfiles/htdocs/pension_project/application/index/model/Main.php:194]
[ error ] [8]未定义变量: title[/Applications/XAMPP/xamppfiles/htdocs/pension_project/runtime/temp/b91db48711266ab571f6724bfca8e2eb.php:7]
---------------------------------------------------------------
[ 2019-04-03T08:54:50+08:00 ] 127.0.0.1 POST yunchi.cn/index/Work/mess.html
[运行时间：0.249158s] [吞吐率：4.01req/s] [内存消耗：3,227.32kb] [文件加载：111]
[ info ] [ LANG ] /Applications/XAMPP/xamppfiles/htdocs/pension_project/thinkphp/lang/zh-cn.php
[ info ] [ ROUTE ] array (
  'type' => 'module',
  'module' => 
  array (
    0 => 'index',
    1 => 'Work',
    2 => 'mess',
  ),
)
[ info ] [ HEADER ] array (
  'host' => 'yunchi.cn',
  'connection' => 'keep-alive',
  'content-length' => '0',
  'accept' => '*/*',
  'origin' => 'http://yunchi.cn',
  'x-requested-with' => 'XMLHttpRequest',
  'user-agent' => 'Mozilla/5.0 (Macintosh; Intel Mac OS X 10_13_6) AppleWebKit/537.36 (KHTML, like Gecko) Chrome/73.0.3683.86 Safari/537.36',
  'referer' => 'http://yunchi.cn/index/Index/index',
  'accept-encoding' => 'gzip, deflate',
  'accept-language' => 'zh-CN,zh;q=0.9',
  'cookie' => 'PHPSESSID=dad34a583e08784ea8d71642aa0c4794',
)
[ info ] [ PARAM ] array (
  '/index/Work/mess_html' => '',
)
[ info ] [ SESSION ] INIT array (
  'id' => '',
  'var_session_id' => '',
  'prefix' => 'think',
  'type' => '',
  'auto_start' => true,
)
[ info ] [ RUN ] app\index\controller\Work->mess[ /Applications/XAMPP/xamppfiles/htdocs/pension_project/application/index/controller/Work.php ]
[ info ] [ DB ] INIT mysql
[ info ] [ LOG ] INIT File
[ sql ] [ DB ] CONNECT:[ UseTime:0.025155s ] mysql:host=101.89.115.24;port=3306;dbname=pension;charset=utf8
[ sql ] [ SQL ] SHOW COLUMNS FROM `yc_work` [ RunTime:0.015144s ]
[ sql ] [ SQL ] SELECT group_concat(id) as id,type FROM `yc_work` WHERE  `is_read` = 1  AND `type` IN (1,2,3) GROUP BY `type` [ RunTime:0.019280s ]
---------------------------------------------------------------
[ 2019-04-03T08:54:51+08:00 ] 127.0.0.1 GET yunchi.cn/index/Index/main_echarts
[运行时间：0.345206s] [吞吐率：2.90req/s] [内存消耗：3,195.41kb] [文件加载：112]
[ info ] [ LANG ] /Applications/XAMPP/xamppfiles/htdocs/pension_project/thinkphp/lang/zh-cn.php
[ info ] [ ROUTE ] array (
  'type' => 'module',
  'module' => 
  array (
    0 => 'index',
    1 => 'Index',
    2 => 'main_echarts',
  ),
)
[ info ] [ HEADER ] array (
  'host' => 'yunchi.cn',
  'connection' => 'keep-alive',
  'accept' => '*/*',
  'x-requested-with' => 'XMLHttpRequest',
  'user-agent' => 'Mozilla/5.0 (Macintosh; Intel Mac OS X 10_13_6) AppleWebKit/537.36 (KHTML, like Gecko) Chrome/73.0.3683.86 Safari/537.36',
  'referer' => 'http://yunchi.cn/index/Index/main',
  'accept-encoding' => 'gzip, deflate',
  'accept-language' => 'zh-CN,zh;q=0.9',
  'cookie' => 'PHPSESSID=dad34a583e08784ea8d71642aa0c4794',
)
[ info ] [ PARAM ] array (
  '/index/Index/main_echarts' => '',
)
[ info ] [ SESSION ] INIT array (
  'id' => '',
  'var_session_id' => '',
  'prefix' => 'think',
  'type' => '',
  'auto_start' => true,
)
[ info ] [ RUN ] app\index\controller\Index->main_echarts[ /Applications/XAMPP/xamppfiles/htdocs/pension_project/application/index/controller/Index.php ]
[ info ] [ DB ] INIT mysql
[ info ] [ LOG ] INIT File
[ sql ] [ DB ] CONNECT:[ UseTime:0.042034s ] mysql:host=101.89.115.24;port=3306;dbname=pension;charset=utf8
[ sql ] [ SQL ] SHOW COLUMNS FROM `yc_work` [ RunTime:0.035759s ]
[ sql ] [ SQL ] SELECT count(id) as number,state FROM `yc_work` WHERE  `state` IN (1,2,3,4,5) GROUP BY `state` [ RunTime:0.018593s ]
[ sql ] [ SQL ] SELECT from_unixtime(create_time,'%Y-%m-%d') as name,count(id) as value FROM `yc_work` WHERE  `create_time` BETWEEN 1553702400 AND 1554307199 GROUP BY `name` [ RunTime:0.022379s ]
[ sql ] [ SQL ] SHOW COLUMNS FROM `yc_client` [ RunTime:0.032392s ]
[ sql ] [ SQL ] SELECT count(id) as number,sex FROM `yc_client` GROUP BY `sex` [ RunTime:0.031171s ]
[ sql ] [ SQL ] select name,count('id') as value from (select case when age<=59 then '60岁以下' when age>=60 and age<=69 then '60到69岁之间' when age>=70 and age<=79 then '70到79之间' when age>=80 and age<=89 then '80到89之间' when age>=90 then '90岁以上' end as name from yc_client )a group by name [ RunTime:0.029161s ]
[ sql ] [ SQL ] SHOW COLUMNS FROM `yc_client_group` [ RunTime:0.048480s ]
[ sql ] [ SQL ] SELECT a.name,count(b.cid) as value FROM yc_client_group a LEFT JOIN `yc_client_group_map` `b` ON `a`.`id`=`b`.`gid` GROUP BY `a`.`id` [ RunTime:0.053962s ]
---------------------------------------------------------------
[ 2019-04-03T08:54:54+08:00 ] 127.0.0.1 GET yunchi.cn/index/provider/work
[运行时间：0.264270s] [吞吐率：3.78req/s] [内存消耗：3,348.95kb] [文件加载：121]
[ info ] [ LANG ] /Applications/XAMPP/xamppfiles/htdocs/pension_project/thinkphp/lang/zh-cn.php
[ info ] [ ROUTE ] array (
  'type' => 'module',
  'module' => 
  array (
    0 => 'index',
    1 => 'provider',
    2 => 'work',
  ),
)
[ info ] [ HEADER ] array (
  'host' => 'yunchi.cn',
  'connection' => 'keep-alive',
  'upgrade-insecure-requests' => '1',
  'user-agent' => 'Mozilla/5.0 (Macintosh; Intel Mac OS X 10_13_6) AppleWebKit/537.36 (KHTML, like Gecko) Chrome/73.0.3683.86 Safari/537.36',
  'accept' => 'text/html,application/xhtml+xml,application/xml;q=0.9,image/webp,image/apng,*/*;q=0.8,application/signed-exchange;v=b3',
  'referer' => 'http://yunchi.cn/index/Index/index',
  'accept-encoding' => 'gzip, deflate',
  'accept-language' => 'zh-CN,zh;q=0.9',
  'cookie' => 'PHPSESSID=dad34a583e08784ea8d71642aa0c4794',
)
[ info ] [ PARAM ] array (
  '/index/provider/work' => '',
)
[ info ] [ SESSION ] INIT array (
  'id' => '',
  'var_session_id' => '',
  'prefix' => 'think',
  'type' => '',
  'auto_start' => true,
)
[ info ] [ RUN ] app\index\controller\Provider->work[ /Applications/XAMPP/xamppfiles/htdocs/pension_project/application/index/controller/Provider.php ]
[ info ] [ DB ] INIT mysql
[ info ] [ VIEW ] /Applications/XAMPP/xamppfiles/htdocs/pension_project/application/index/view/provider/work.html [ array (
  0 => 'project',
  1 => 'staff',
  2 => 'provider',
  3 => 'work',
  4 => 'title',
) ]
[ info ] [ LOG ] INIT File
[ sql ] [ DB ] CONNECT:[ UseTime:0.024193s ] mysql:host=101.89.115.24;port=3306;dbname=pension;charset=utf8
[ sql ] [ SQL ] SELECT `id`,`name`,`pid` FROM yc_provider_project WHERE `pid`!= 0 [ RunTime:0.016080s ]
[ sql ] [ SQL ] SHOW COLUMNS FROM `yc_provider_staff` [ RunTime:0.020348s ]
[ sql ] [ SQL ] SELECT `id`,`name` FROM `yc_provider_staff` WHERE  `state` = 1 ORDER BY `id` DESC [ RunTime:0.018137s ]
[ sql ] [ SQL ] SHOW COLUMNS FROM `yc_provider` [ RunTime:0.020884s ]
[ sql ] [ SQL ] SELECT `id`,`company` FROM `yc_provider` WHERE  `p_status` = 1 ORDER BY `id` DESC [ RunTime:0.024558s ]
[ sql ] [ SQL ] SHOW COLUMNS FROM `yc_provider_work` [ RunTime:0.020486s ]
[ sql ] [ SQL ] SELECT COUNT(*) AS tp_count FROM `yc_provider_work` `w` LEFT JOIN `yc_client` `c` ON `w`.`client`=`c`.`id` LEFT JOIN `yc_provider_staff` `s` ON `w`.`sid`=`s`.`id` LEFT JOIN `yc_provider` `p` ON `w`.`pid`=`p`.`id` LIMIT 1 [ RunTime:0.020806s ]
[ sql ] [ SQL ] SELECT `w`.`id`,`w`.`site`,`w`.`status`,`w`.`money`,`w`.`title`,`p`.`company`,`w`.`client`,c.name as cname,s.name as sname,`w`.`sid`,`w`.`state`,`w`.`create_time`,`w`.`end_time` FROM `yc_provider_work` `w` LEFT JOIN `yc_client` `c` ON `w`.`client`=`c`.`id` LEFT JOIN `yc_provider_staff` `s` ON `w`.`sid`=`s`.`id` LEFT JOIN `yc_provider` `p` ON `w`.`pid`=`p`.`id` ORDER BY `w`.`id` DESC LIMIT 0,30 [ RunTime:0.023412s ]
[ sql ] [ SQL ] SELECT `id`,`name`,`pid` FROM yc_provider_project WHERE `pid`!= 0 [ RunTime:0.039190s ]
[ error ] [8]未定义数组索引: name[/Applications/XAMPP/xamppfiles/htdocs/pension_project/application/index/model/ProviderWork.php:39]
[ error ] [8]未定义数组索引: name[/Applications/XAMPP/xamppfiles/htdocs/pension_project/application/index/model/ProviderWork.php:44]
[ error ] [8]未定义数组索引: title[/Applications/XAMPP/xamppfiles/htdocs/pension_project/application/index/model/ProviderWork.php:48]
[ error ] [8]未定义数组索引: site[/Applications/XAMPP/xamppfiles/htdocs/pension_project/application/index/model/ProviderWork.php:52]
[ error ] [8]未定义数组索引: pid[/Applications/XAMPP/xamppfiles/htdocs/pension_project/application/index/model/ProviderWork.php:57]
[ error ] [8]未定义数组索引: status[/Applications/XAMPP/xamppfiles/htdocs/pension_project/application/index/model/ProviderWork.php:62]
[ error ] [8]未定义数组索引: sid[/Applications/XAMPP/xamppfiles/htdocs/pension_project/application/index/model/ProviderWork.php:66]
---------------------------------------------------------------
[ 2019-04-03T08:54:55+08:00 ] 127.0.0.1 GET yunchi.cn/index/provider/addWork.html
[运行时间：0.148451s] [吞吐率：6.74req/s] [内存消耗：3,104.09kb] [文件加载：112]
[ info ] [ LANG ] /Applications/XAMPP/xamppfiles/htdocs/pension_project/thinkphp/lang/zh-cn.php
[ info ] [ ROUTE ] array (
  'type' => 'module',
  'module' => 
  array (
    0 => 'index',
    1 => 'provider',
    2 => 'addWork',
  ),
)
[ info ] [ HEADER ] array (
  'host' => 'yunchi.cn',
  'connection' => 'keep-alive',
  'upgrade-insecure-requests' => '1',
  'user-agent' => 'Mozilla/5.0 (Macintosh; Intel Mac OS X 10_13_6) AppleWebKit/537.36 (KHTML, like Gecko) Chrome/73.0.3683.86 Safari/537.36',
  'accept' => 'text/html,application/xhtml+xml,application/xml;q=0.9,image/webp,image/apng,*/*;q=0.8,application/signed-exchange;v=b3',
  'referer' => 'http://yunchi.cn/index/provider/work',
  'accept-encoding' => 'gzip, deflate',
  'accept-language' => 'zh-CN,zh;q=0.9',
  'cookie' => 'PHPSESSID=dad34a583e08784ea8d71642aa0c4794',
)
[ info ] [ PARAM ] array (
  '/index/provider/addWork_html' => '',
)
[ info ] [ SESSION ] INIT array (
  'id' => '',
  'var_session_id' => '',
  'prefix' => 'think',
  'type' => '',
  'auto_start' => true,
)
[ info ] [ RUN ] app\index\controller\Provider->addWork[ /Applications/XAMPP/xamppfiles/htdocs/pension_project/application/index/controller/Provider.php ]
[ info ] [ DB ] INIT mysql
[ info ] [ VIEW ] /Applications/XAMPP/xamppfiles/htdocs/pension_project/application/index/view/provider/add_work.html [ array (
  0 => 'title',
  1 => 'project',
  2 => 'provider',
) ]
[ info ] [ LOG ] INIT File
[ sql ] [ DB ] CONNECT:[ UseTime:0.026710s ] mysql:host=101.89.115.24;port=3306;dbname=pension;charset=utf8
[ sql ] [ SQL ] SELECT `id`,`name`,`pid` FROM yc_provider_project WHERE `pid`!= 0 [ RunTime:0.021888s ]
[ sql ] [ SQL ] SHOW COLUMNS FROM `yc_provider` [ RunTime:0.019654s ]
[ sql ] [ SQL ] SELECT `id`,`company` FROM `yc_provider` WHERE  `p_status` = 1 ORDER BY `id` DESC [ RunTime:0.054357s ]
---------------------------------------------------------------
[ 2019-04-03T08:54:56+08:00 ] 127.0.0.1 POST yunchi.cn/index/Integration/clientList
[运行时间：0.118052s] [吞吐率：8.47req/s] [内存消耗：3,275.63kb] [文件加载：114]
[ info ] [ LANG ] /Applications/XAMPP/xamppfiles/htdocs/pension_project/thinkphp/lang/zh-cn.php
[ info ] [ ROUTE ] array (
  'type' => 'module',
  'module' => 
  array (
    0 => 'index',
    1 => 'Integration',
    2 => 'clientList',
  ),
)
[ info ] [ HEADER ] array (
  'host' => 'yunchi.cn',
  'connection' => 'keep-alive',
  'content-length' => '0',
  'accept' => '*/*',
  'origin' => 'http://yunchi.cn',
  'x-requested-with' => 'XMLHttpRequest',
  'user-agent' => 'Mozilla/5.0 (Macintosh; Intel Mac OS X 10_13_6) AppleWebKit/537.36 (KHTML, like Gecko) Chrome/73.0.3683.86 Safari/537.36',
  'referer' => 'http://yunchi.cn/index/provider/addWork.html',
  'accept-encoding' => 'gzip, deflate',
  'accept-language' => 'zh-CN,zh;q=0.9',
  'cookie' => 'PHPSESSID=dad34a583e08784ea8d71642aa0c4794',
)
[ info ] [ PARAM ] array (
  '/index/Integration/clientList' => '',
)
[ info ] [ SESSION ] INIT array (
  'id' => '',
  'var_session_id' => '',
  'prefix' => 'think',
  'type' => '',
  'auto_start' => true,
)
[ info ] [ RUN ] app\index\controller\Integration->clientList[ /Applications/XAMPP/xamppfiles/htdocs/pension_project/application/index/controller/Integration.php ]
[ info ] [ DB ] INIT mysql
[ info ] [ LOG ] INIT File
[ sql ] [ DB ] CONNECT:[ UseTime:0.024980s ] mysql:host=101.89.115.24;port=3306;dbname=pension;charset=utf8
[ sql ] [ SQL ] SHOW COLUMNS FROM `yc_client` [ RunTime:0.024028s ]
[ sql ] [ SQL ] SELECT COUNT(*) AS tp_count FROM ( SELECT count(*) FROM `yc_client` `c` LEFT JOIN `v_client_group` `g` ON `c`.`id`=`g`.`cid` LEFT JOIN `v_client_tag` `t` ON `c`.`id`=`t`.`cid` GROUP BY `c`.`id` ) `_group_count_` LIMIT 1 [ RunTime:0.024637s ]
[ sql ] [ SQL ] SELECT `c`.`id`,c.name as userName,`c`.`id_number`,`c`.`age`,`c`.`sex`,`c`.`mobile`,`c`.`address`,g.name as groupName,t.name as tagName FROM `yc_client` `c` LEFT JOIN `v_client_group` `g` ON `c`.`id`=`g`.`cid` LEFT JOIN `v_client_tag` `t` ON `c`.`id`=`t`.`cid` GROUP BY `c`.`id` ORDER BY `c`.`id` DESC LIMIT 0,20 [ RunTime:0.014096s ]
---------------------------------------------------------------
[ 2019-04-03T08:54:56+08:00 ] 127.0.0.1 POST yunchi.cn/index/Integration/groupList
[运行时间：0.218583s] [吞吐率：4.57req/s] [内存消耗：3,120.77kb] [文件加载：114]
[ info ] [ LANG ] /Applications/XAMPP/xamppfiles/htdocs/pension_project/thinkphp/lang/zh-cn.php
[ info ] [ ROUTE ] array (
  'type' => 'module',
  'module' => 
  array (
    0 => 'index',
    1 => 'Integration',
    2 => 'groupList',
  ),
)
[ info ] [ HEADER ] array (
  'host' => 'yunchi.cn',
  'connection' => 'keep-alive',
  'content-length' => '0',
  'accept' => '*/*',
  'origin' => 'http://yunchi.cn',
  'x-requested-with' => 'XMLHttpRequest',
  'user-agent' => 'Mozilla/5.0 (Macintosh; Intel Mac OS X 10_13_6) AppleWebKit/537.36 (KHTML, like Gecko) Chrome/73.0.3683.86 Safari/537.36',
  'referer' => 'http://yunchi.cn/index/provider/addWork.html',
  'accept-encoding' => 'gzip, deflate',
  'accept-language' => 'zh-CN,zh;q=0.9',
  'cookie' => 'PHPSESSID=dad34a583e08784ea8d71642aa0c4794',
)
[ info ] [ PARAM ] array (
  '/index/Integration/groupList' => '',
)
[ info ] [ SESSION ] INIT array (
  'id' => '',
  'var_session_id' => '',
  'prefix' => 'think',
  'type' => '',
  'auto_start' => true,
)
[ info ] [ RUN ] app\index\controller\Integration->groupList[ /Applications/XAMPP/xamppfiles/htdocs/pension_project/application/index/controller/Integration.php ]
[ info ] [ DB ] INIT mysql
[ info ] [ LOG ] INIT File
[ sql ] [ DB ] CONNECT:[ UseTime:0.030875s ] mysql:host=101.89.115.24;port=3306;dbname=pension;charset=utf8
[ sql ] [ SQL ] SHOW COLUMNS FROM `yc_client_group` [ RunTime:0.017468s ]
[ sql ] [ SQL ] SELECT COUNT(*) AS tp_count FROM `yc_client_group` LIMIT 1 [ RunTime:0.021329s ]
[ sql ] [ SQL ] SELECT `id`,`name`,`remarks`,`create_time`,`modify_time` FROM `yc_client_group` ORDER BY `id` DESC LIMIT 0,100000 [ RunTime:0.019375s ]
---------------------------------------------------------------
[ 2019-04-03T08:54:56+08:00 ] 127.0.0.1 POST yunchi.cn/index/Integration/tagList
[运行时间：0.263909s] [吞吐率：3.79req/s] [内存消耗：2,479.92kb] [文件加载：107]
[ info ] [ LANG ] /Applications/XAMPP/xamppfiles/htdocs/pension_project/thinkphp/lang/zh-cn.php
[ info ] [ ROUTE ] array (
  'type' => 'module',
  'module' => 
  array (
    0 => 'index',
    1 => 'Integration',
    2 => 'tagList',
  ),
)
[ info ] [ HEADER ] array (
  'host' => 'yunchi.cn',
  'connection' => 'keep-alive',
  'content-length' => '0',
  'accept' => '*/*',
  'origin' => 'http://yunchi.cn',
  'x-requested-with' => 'XMLHttpRequest',
  'user-agent' => 'Mozilla/5.0 (Macintosh; Intel Mac OS X 10_13_6) AppleWebKit/537.36 (KHTML, like Gecko) Chrome/73.0.3683.86 Safari/537.36',
  'referer' => 'http://yunchi.cn/index/provider/addWork.html',
  'accept-encoding' => 'gzip, deflate',
  'accept-language' => 'zh-CN,zh;q=0.9',
  'cookie' => 'PHPSESSID=dad34a583e08784ea8d71642aa0c4794',
)
[ info ] [ PARAM ] array (
  '/index/Integration/tagList' => '',
)
[ info ] [ SESSION ] INIT array (
  'id' => '',
  'var_session_id' => '',
  'prefix' => 'think',
  'type' => '',
  'auto_start' => true,
)
[ info ] [ RUN ] app\index\controller\Integration->tagList[ /Applications/XAMPP/xamppfiles/htdocs/pension_project/application/index/controller/Integration.php ]
[ info ] [ DB ] INIT mysql
[ info ] [ LOG ] INIT File
[ sql ] [ DB ] CONNECT:[ UseTime:0.025044s ] mysql:host=101.89.115.24;port=3306;dbname=pension;charset=utf8
[ sql ] [ SQL ] SELECT `id`,`name`,`create_time`,`modify_time` FROM yc_client_tag [ RunTime:0.016433s ]
---------------------------------------------------------------
[ 2019-04-03T08:55:24+08:00 ] 127.0.0.1 POST yunchi.cn/index/provider/addWork
[运行时间：0.183667s] [吞吐率：5.44req/s] [内存消耗：3,026.98kb] [文件加载：110]
[ info ] [ LANG ] /Applications/XAMPP/xamppfiles/htdocs/pension_project/thinkphp/lang/zh-cn.php
[ info ] [ ROUTE ] array (
  'type' => 'module',
  'module' => 
  array (
    0 => 'index',
    1 => 'provider',
    2 => 'addWork',
  ),
)
[ info ] [ HEADER ] array (
  'host' => 'yunchi.cn',
  'connection' => 'keep-alive',
  'content-length' => '112',
  'accept' => 'application/json, text/javascript, */*; q=0.01',
  'origin' => 'http://yunchi.cn',
  'x-requested-with' => 'XMLHttpRequest',
  'user-agent' => 'Mozilla/5.0 (Macintosh; Intel Mac OS X 10_13_6) AppleWebKit/537.36 (KHTML, like Gecko) Chrome/73.0.3683.86 Safari/537.36',
  'content-type' => 'application/x-www-form-urlencoded; charset=UTF-8',
  'referer' => 'http://yunchi.cn/index/provider/addWork.html',
  'accept-encoding' => 'gzip, deflate',
  'accept-language' => 'zh-CN,zh;q=0.9',
  'cookie' => 'PHPSESSID=dad34a583e08784ea8d71642aa0c4794',
)
[ info ] [ PARAM ] array (
  '/index/provider/addWork' => '',
  'client' => '8',
  'title' => '中山',
  'status' => '10',
  'pid' => '4',
  'money' => '200',
  'site' => '中山医院22楼',
)
[ info ] [ SESSION ] INIT array (
  'id' => '',
  'var_session_id' => '',
  'prefix' => 'think',
  'type' => '',
  'auto_start' => true,
)
[ info ] [ RUN ] app\index\controller\Provider->addWork[ /Applications/XAMPP/xamppfiles/htdocs/pension_project/application/index/controller/Provider.php ]
[ info ] [ DB ] INIT mysql
[ info ] [ LOG ] INIT File
[ sql ] [ DB ] CONNECT:[ UseTime:0.019743s ] mysql:host=101.89.115.24;port=3306;dbname=pension;charset=utf8
[ sql ] [ SQL ] SHOW COLUMNS FROM `yc_provider_work` [ RunTime:0.022491s ]
[ sql ] [ SQL ] INSERT INTO `yc_provider_work` (`client` , `title` , `status` , `pid` , `money` , `site` , `lng` , `lat` , `create_time` , `state`) VALUES (8 , '中山' , 10 , 4 , 200 , '中山医院22楼' , 121.453841 , 31.197755 , 1554252924 , 1) [ RunTime:0.019750s ]
---------------------------------------------------------------
[ 2019-04-03T08:55:26+08:00 ] 127.0.0.1 GET yunchi.cn/index/provider/work
[运行时间：0.339982s] [吞吐率：2.94req/s] [内存消耗：3,351.29kb] [文件加载：121]
[ info ] [ LANG ] /Applications/XAMPP/xamppfiles/htdocs/pension_project/thinkphp/lang/zh-cn.php
[ info ] [ ROUTE ] array (
  'type' => 'module',
  'module' => 
  array (
    0 => 'index',
    1 => 'provider',
    2 => 'work',
  ),
)
[ info ] [ HEADER ] array (
  'host' => 'yunchi.cn',
  'connection' => 'keep-alive',
  'upgrade-insecure-requests' => '1',
  'user-agent' => 'Mozilla/5.0 (Macintosh; Intel Mac OS X 10_13_6) AppleWebKit/537.36 (KHTML, like Gecko) Chrome/73.0.3683.86 Safari/537.36',
  'accept' => 'text/html,application/xhtml+xml,application/xml;q=0.9,image/webp,image/apng,*/*;q=0.8,application/signed-exchange;v=b3',
  'referer' => 'http://yunchi.cn/index/provider/addWork.html',
  'accept-encoding' => 'gzip, deflate',
  'accept-language' => 'zh-CN,zh;q=0.9',
  'cookie' => 'PHPSESSID=dad34a583e08784ea8d71642aa0c4794',
)
[ info ] [ PARAM ] array (
  '/index/provider/work' => '',
)
[ info ] [ SESSION ] INIT array (
  'id' => '',
  'var_session_id' => '',
  'prefix' => 'think',
  'type' => '',
  'auto_start' => true,
)
[ info ] [ RUN ] app\index\controller\Provider->work[ /Applications/XAMPP/xamppfiles/htdocs/pension_project/application/index/controller/Provider.php ]
[ info ] [ DB ] INIT mysql
[ info ] [ VIEW ] /Applications/XAMPP/xamppfiles/htdocs/pension_project/application/index/view/provider/work.html [ array (
  0 => 'project',
  1 => 'staff',
  2 => 'provider',
  3 => 'work',
  4 => 'title',
) ]
[ info ] [ LOG ] INIT File
[ sql ] [ DB ] CONNECT:[ UseTime:0.023219s ] mysql:host=101.89.115.24;port=3306;dbname=pension;charset=utf8
[ sql ] [ SQL ] SELECT `id`,`name`,`pid` FROM yc_provider_project WHERE `pid`!= 0 [ RunTime:0.030381s ]
[ sql ] [ SQL ] SHOW COLUMNS FROM `yc_provider_staff` [ RunTime:0.033532s ]
[ sql ] [ SQL ] SELECT `id`,`name` FROM `yc_provider_staff` WHERE  `state` = 1 ORDER BY `id` DESC [ RunTime:0.020921s ]
[ sql ] [ SQL ] SHOW COLUMNS FROM `yc_provider` [ RunTime:0.043492s ]
[ sql ] [ SQL ] SELECT `id`,`company` FROM `yc_provider` WHERE  `p_status` = 1 ORDER BY `id` DESC [ RunTime:0.017350s ]
[ sql ] [ SQL ] SHOW COLUMNS FROM `yc_provider_work` [ RunTime:0.017843s ]
[ sql ] [ SQL ] SELECT COUNT(*) AS tp_count FROM `yc_provider_work` `w` LEFT JOIN `yc_client` `c` ON `w`.`client`=`c`.`id` LEFT JOIN `yc_provider_staff` `s` ON `w`.`sid`=`s`.`id` LEFT JOIN `yc_provider` `p` ON `w`.`pid`=`p`.`id` LIMIT 1 [ RunTime:0.016255s ]
[ sql ] [ SQL ] SELECT `w`.`id`,`w`.`site`,`w`.`status`,`w`.`money`,`w`.`title`,`p`.`company`,`w`.`client`,c.name as cname,s.name as sname,`w`.`sid`,`w`.`state`,`w`.`create_time`,`w`.`end_time` FROM `yc_provider_work` `w` LEFT JOIN `yc_client` `c` ON `w`.`client`=`c`.`id` LEFT JOIN `yc_provider_staff` `s` ON `w`.`sid`=`s`.`id` LEFT JOIN `yc_provider` `p` ON `w`.`pid`=`p`.`id` ORDER BY `w`.`id` DESC LIMIT 0,30 [ RunTime:0.084416s ]
[ sql ] [ SQL ] SELECT `id`,`name`,`pid` FROM yc_provider_project WHERE `pid`!= 0 [ RunTime:0.020343s ]
[ error ] [8]未定义数组索引: name[/Applications/XAMPP/xamppfiles/htdocs/pension_project/application/index/model/ProviderWork.php:39]
[ error ] [8]未定义数组索引: name[/Applications/XAMPP/xamppfiles/htdocs/pension_project/application/index/model/ProviderWork.php:44]
[ error ] [8]未定义数组索引: title[/Applications/XAMPP/xamppfiles/htdocs/pension_project/application/index/model/ProviderWork.php:48]
[ error ] [8]未定义数组索引: site[/Applications/XAMPP/xamppfiles/htdocs/pension_project/application/index/model/ProviderWork.php:52]
[ error ] [8]未定义数组索引: pid[/Applications/XAMPP/xamppfiles/htdocs/pension_project/application/index/model/ProviderWork.php:57]
[ error ] [8]未定义数组索引: status[/Applications/XAMPP/xamppfiles/htdocs/pension_project/application/index/model/ProviderWork.php:62]
[ error ] [8]未定义数组索引: sid[/Applications/XAMPP/xamppfiles/htdocs/pension_project/application/index/model/ProviderWork.php:66]
---------------------------------------------------------------
[ 2019-04-03T09:45:29+08:00 ] 127.0.0.1 GET yunchi.cn/index/provider/addWork.html
[运行时间：0.140040s] [吞吐率：7.14req/s] [内存消耗：3,104.68kb] [文件加载：112]
[ info ] [ LANG ] /Applications/XAMPP/xamppfiles/htdocs/pension_project/thinkphp/lang/zh-cn.php
[ info ] [ ROUTE ] array (
  'type' => 'module',
  'module' => 
  array (
    0 => 'index',
    1 => 'provider',
    2 => 'addWork',
  ),
)
[ info ] [ HEADER ] array (
  'host' => 'yunchi.cn',
  'connection' => 'keep-alive',
  'upgrade-insecure-requests' => '1',
  'user-agent' => 'Mozilla/5.0 (Macintosh; Intel Mac OS X 10_13_6) AppleWebKit/537.36 (KHTML, like Gecko) Chrome/73.0.3683.86 Safari/537.36',
  'accept' => 'text/html,application/xhtml+xml,application/xml;q=0.9,image/webp,image/apng,*/*;q=0.8,application/signed-exchange;v=b3',
  'referer' => 'http://yunchi.cn/index/provider/work',
  'accept-encoding' => 'gzip, deflate',
  'accept-language' => 'zh-CN,zh;q=0.9',
  'cookie' => 'PHPSESSID=dad34a583e08784ea8d71642aa0c4794',
)
[ info ] [ PARAM ] array (
  '/index/provider/addWork_html' => '',
)
[ info ] [ SESSION ] INIT array (
  'id' => '',
  'var_session_id' => '',
  'prefix' => 'think',
  'type' => '',
  'auto_start' => true,
)
[ info ] [ RUN ] app\index\controller\Provider->addWork[ /Applications/XAMPP/xamppfiles/htdocs/pension_project/application/index/controller/Provider.php ]
[ info ] [ DB ] INIT mysql
[ info ] [ VIEW ] /Applications/XAMPP/xamppfiles/htdocs/pension_project/application/index/view/provider/add_work.html [ array (
  0 => 'title',
  1 => 'project',
  2 => 'provider',
) ]
[ info ] [ LOG ] INIT File
[ sql ] [ DB ] CONNECT:[ UseTime:0.024086s ] mysql:host=101.89.115.24;port=3306;dbname=pension;charset=utf8
[ sql ] [ SQL ] SELECT `id`,`name`,`pid` FROM yc_provider_project WHERE `pid`!= 0 [ RunTime:0.042612s ]
[ sql ] [ SQL ] SHOW COLUMNS FROM `yc_provider` [ RunTime:0.018103s ]
[ sql ] [ SQL ] SELECT `id`,`company` FROM `yc_provider` WHERE  `p_status` = 1 ORDER BY `id` DESC [ RunTime:0.025906s ]
---------------------------------------------------------------
[ 2019-04-03T09:45:30+08:00 ] 127.0.0.1 GET yunchi.cn/index/provider/work
[运行时间：0.266001s] [吞吐率：3.76req/s] [内存消耗：3,351.24kb] [文件加载：121]
[ info ] [ LANG ] /Applications/XAMPP/xamppfiles/htdocs/pension_project/thinkphp/lang/zh-cn.php
[ info ] [ ROUTE ] array (
  'type' => 'module',
  'module' => 
  array (
    0 => 'index',
    1 => 'provider',
    2 => 'work',
  ),
)
[ info ] [ HEADER ] array (
  'host' => 'yunchi.cn',
  'connection' => 'keep-alive',
  'upgrade-insecure-requests' => '1',
  'user-agent' => 'Mozilla/5.0 (Macintosh; Intel Mac OS X 10_13_6) AppleWebKit/537.36 (KHTML, like Gecko) Chrome/73.0.3683.86 Safari/537.36',
  'accept' => 'text/html,application/xhtml+xml,application/xml;q=0.9,image/webp,image/apng,*/*;q=0.8,application/signed-exchange;v=b3',
  'referer' => 'http://yunchi.cn/index/Index/index',
  'accept-encoding' => 'gzip, deflate',
  'accept-language' => 'zh-CN,zh;q=0.9',
  'cookie' => 'PHPSESSID=dad34a583e08784ea8d71642aa0c4794',
)
[ info ] [ PARAM ] array (
  '/index/provider/work' => '',
)
[ info ] [ SESSION ] INIT array (
  'id' => '',
  'var_session_id' => '',
  'prefix' => 'think',
  'type' => '',
  'auto_start' => true,
)
[ info ] [ RUN ] app\index\controller\Provider->work[ /Applications/XAMPP/xamppfiles/htdocs/pension_project/application/index/controller/Provider.php ]
[ info ] [ DB ] INIT mysql
[ info ] [ VIEW ] /Applications/XAMPP/xamppfiles/htdocs/pension_project/application/index/view/provider/work.html [ array (
  0 => 'project',
  1 => 'staff',
  2 => 'provider',
  3 => 'work',
  4 => 'title',
) ]
[ info ] [ LOG ] INIT File
[ sql ] [ DB ] CONNECT:[ UseTime:0.035018s ] mysql:host=101.89.115.24;port=3306;dbname=pension;charset=utf8
[ sql ] [ SQL ] SELECT `id`,`name`,`pid` FROM yc_provider_project WHERE `pid`!= 0 [ RunTime:0.021974s ]
[ sql ] [ SQL ] SHOW COLUMNS FROM `yc_provider_staff` [ RunTime:0.021694s ]
[ sql ] [ SQL ] SELECT `id`,`name` FROM `yc_provider_staff` WHERE  `state` = 1 ORDER BY `id` DESC [ RunTime:0.024976s ]
[ sql ] [ SQL ] SHOW COLUMNS FROM `yc_provider` [ RunTime:0.028136s ]
[ sql ] [ SQL ] SELECT `id`,`company` FROM `yc_provider` WHERE  `p_status` = 1 ORDER BY `id` DESC [ RunTime:0.017636s ]
[ sql ] [ SQL ] SHOW COLUMNS FROM `yc_provider_work` [ RunTime:0.016072s ]
[ sql ] [ SQL ] SELECT COUNT(*) AS tp_count FROM `yc_provider_work` `w` LEFT JOIN `yc_client` `c` ON `w`.`client`=`c`.`id` LEFT JOIN `yc_provider_staff` `s` ON `w`.`sid`=`s`.`id` LEFT JOIN `yc_provider` `p` ON `w`.`pid`=`p`.`id` LIMIT 1 [ RunTime:0.015566s ]
[ sql ] [ SQL ] SELECT `w`.`id`,`w`.`site`,`w`.`status`,`w`.`money`,`w`.`title`,`p`.`company`,`w`.`client`,c.name as cname,s.name as sname,`w`.`sid`,`w`.`state`,`w`.`create_time`,`w`.`end_time` FROM `yc_provider_work` `w` LEFT JOIN `yc_client` `c` ON `w`.`client`=`c`.`id` LEFT JOIN `yc_provider_staff` `s` ON `w`.`sid`=`s`.`id` LEFT JOIN `yc_provider` `p` ON `w`.`pid`=`p`.`id` ORDER BY `w`.`id` DESC LIMIT 0,30 [ RunTime:0.030139s ]
[ sql ] [ SQL ] SELECT `id`,`name`,`pid` FROM yc_provider_project WHERE `pid`!= 0 [ RunTime:0.024381s ]
[ error ] [8]未定义数组索引: name[/Applications/XAMPP/xamppfiles/htdocs/pension_project/application/index/model/ProviderWork.php:39]
[ error ] [8]未定义数组索引: name[/Applications/XAMPP/xamppfiles/htdocs/pension_project/application/index/model/ProviderWork.php:44]
[ error ] [8]未定义数组索引: title[/Applications/XAMPP/xamppfiles/htdocs/pension_project/application/index/model/ProviderWork.php:48]
[ error ] [8]未定义数组索引: site[/Applications/XAMPP/xamppfiles/htdocs/pension_project/application/index/model/ProviderWork.php:52]
[ error ] [8]未定义数组索引: pid[/Applications/XAMPP/xamppfiles/htdocs/pension_project/application/index/model/ProviderWork.php:57]
[ error ] [8]未定义数组索引: status[/Applications/XAMPP/xamppfiles/htdocs/pension_project/application/index/model/ProviderWork.php:62]
[ error ] [8]未定义数组索引: sid[/Applications/XAMPP/xamppfiles/htdocs/pension_project/application/index/model/ProviderWork.php:66]
---------------------------------------------------------------
[ 2019-04-03T09:45:41+08:00 ] 127.0.0.1 GET yunchi.cn/server/Index/index
[运行时间：0.020888s] [吞吐率：47.87req/s] [内存消耗：1,903.09kb] [文件加载：101]
[ info ] [ LANG ] /Applications/XAMPP/xamppfiles/htdocs/pension_project/thinkphp/lang/zh-cn.php
[ info ] [ ROUTE ] array (
  'type' => 'module',
  'module' => 
  array (
    0 => 'server',
    1 => 'Index',
    2 => 'index',
  ),
)
[ info ] [ HEADER ] array (
  'host' => 'yunchi.cn',
  'connection' => 'keep-alive',
  'upgrade-insecure-requests' => '1',
  'user-agent' => 'Mozilla/5.0 (Macintosh; Intel Mac OS X 10_13_6) AppleWebKit/537.36 (KHTML, like Gecko) Chrome/73.0.3683.86 Safari/537.36',
  'accept' => 'text/html,application/xhtml+xml,application/xml;q=0.9,image/webp,image/apng,*/*;q=0.8,application/signed-exchange;v=b3',
  'accept-encoding' => 'gzip, deflate',
  'accept-language' => 'zh-CN,zh;q=0.9',
  'cookie' => 'PHPSESSID=dad34a583e08784ea8d71642aa0c4794',
)
[ info ] [ PARAM ] array (
  '/server/Index/index' => '',
)
[ info ] [ SESSION ] INIT array (
  'id' => '',
  'var_session_id' => '',
  'prefix' => 'think',
  'type' => '',
  'auto_start' => true,
)
[ info ] [ LOG ] INIT File
---------------------------------------------------------------
[ 2019-04-03T09:45:41+08:00 ] 127.0.0.1 GET yunchi.cn/server/Login/login
[运行时间：0.016939s] [吞吐率：59.04req/s] [内存消耗：1,901.27kb] [文件加载：100]
[ info ] [ LANG ] /Applications/XAMPP/xamppfiles/htdocs/pension_project/thinkphp/lang/zh-cn.php
[ info ] [ ROUTE ] array (
  'type' => 'module',
  'module' => 
  array (
    0 => 'server',
    1 => 'Login',
    2 => 'login',
  ),
)
[ info ] [ HEADER ] array (
  'host' => 'yunchi.cn',
  'connection' => 'keep-alive',
  'upgrade-insecure-requests' => '1',
  'user-agent' => 'Mozilla/5.0 (Macintosh; Intel Mac OS X 10_13_6) AppleWebKit/537.36 (KHTML, like Gecko) Chrome/73.0.3683.86 Safari/537.36',
  'accept' => 'text/html,application/xhtml+xml,application/xml;q=0.9,image/webp,image/apng,*/*;q=0.8,application/signed-exchange;v=b3',
  'accept-encoding' => 'gzip, deflate',
  'accept-language' => 'zh-CN,zh;q=0.9',
  'cookie' => 'PHPSESSID=dad34a583e08784ea8d71642aa0c4794',
)
[ info ] [ PARAM ] array (
  '/server/Login/login' => '',
)
[ info ] [ RUN ] app\server\controller\Login->login[ /Applications/XAMPP/xamppfiles/htdocs/pension_project/application/server/controller/Login.php ]
[ info ] [ VIEW ] /Applications/XAMPP/xamppfiles/htdocs/pension_project/application/server/view/login/login.html [ array (
  0 => 'title',
) ]
[ info ] [ LOG ] INIT File
---------------------------------------------------------------
[ 2019-04-03T09:45:51+08:00 ] 127.0.0.1 POST yunchi.cn/server/Login/checkLogin
[运行时间：0.074713s] [吞吐率：13.38req/s] [内存消耗：2,980.12kb] [文件加载：108]
[ info ] [ LANG ] /Applications/XAMPP/xamppfiles/htdocs/pension_project/thinkphp/lang/zh-cn.php
[ info ] [ ROUTE ] array (
  'type' => 'module',
  'module' => 
  array (
    0 => 'server',
    1 => 'Login',
    2 => 'checkLogin',
  ),
)
[ info ] [ HEADER ] array (
  'host' => 'yunchi.cn',
  'connection' => 'keep-alive',
  'content-length' => '27',
  'accept' => '*/*',
  'origin' => 'http://yunchi.cn',
  'x-requested-with' => 'XMLHttpRequest',
  'user-agent' => 'Mozilla/5.0 (Macintosh; Intel Mac OS X 10_13_6) AppleWebKit/537.36 (KHTML, like Gecko) Chrome/73.0.3683.86 Safari/537.36',
  'content-type' => 'application/x-www-form-urlencoded; charset=UTF-8',
  'referer' => 'http://yunchi.cn/server/Login/login',
  'accept-encoding' => 'gzip, deflate',
  'accept-language' => 'zh-CN,zh;q=0.9',
  'cookie' => 'PHPSESSID=dad34a583e08784ea8d71642aa0c4794',
)
[ info ] [ PARAM ] array (
  '/server/Login/checkLogin' => '',
  'name' => 'yunchi',
  'password' => '123456',
)
[ info ] [ RUN ] app\server\controller\Login->checkLogin[ /Applications/XAMPP/xamppfiles/htdocs/pension_project/application/server/controller/Login.php ]
[ info ] [ DB ] INIT mysql
[ info ] [ SESSION ] INIT array (
  'id' => '',
  'var_session_id' => '',
  'prefix' => 'think',
  'type' => '',
  'auto_start' => true,
)
[ info ] [ LOG ] INIT File
[ sql ] [ DB ] CONNECT:[ UseTime:0.028899s ] mysql:host=101.89.115.24;port=3306;dbname=pension;charset=utf8
[ sql ] [ SQL ] SELECT `id`,`name`,`company`,`mobile` FROM yc_provider WHERE `name`='yunchi' AND `password`='81bf0687697f0165bd5629fca568acb0' [ RunTime:0.018153s ]
---------------------------------------------------------------
[ 2019-04-03T09:45:51+08:00 ] 127.0.0.1 GET yunchi.cn/server/Index/index
[运行时间：0.018659s] [吞吐率：53.59req/s] [内存消耗：2,287.64kb] [文件加载：107]
[ info ] [ LANG ] /Applications/XAMPP/xamppfiles/htdocs/pension_project/thinkphp/lang/zh-cn.php
[ info ] [ ROUTE ] array (
  'type' => 'module',
  'module' => 
  array (
    0 => 'server',
    1 => 'Index',
    2 => 'index',
  ),
)
[ info ] [ HEADER ] array (
  'host' => 'yunchi.cn',
  'connection' => 'keep-alive',
  'upgrade-insecure-requests' => '1',
  'user-agent' => 'Mozilla/5.0 (Macintosh; Intel Mac OS X 10_13_6) AppleWebKit/537.36 (KHTML, like Gecko) Chrome/73.0.3683.86 Safari/537.36',
  'accept' => 'text/html,application/xhtml+xml,application/xml;q=0.9,image/webp,image/apng,*/*;q=0.8,application/signed-exchange;v=b3',
  'referer' => 'http://yunchi.cn/server/Login/login',
  'accept-encoding' => 'gzip, deflate',
  'accept-language' => 'zh-CN,zh;q=0.9',
  'cookie' => 'PHPSESSID=dad34a583e08784ea8d71642aa0c4794',
)
[ info ] [ PARAM ] array (
  '/server/Index/index' => '',
)
[ info ] [ SESSION ] INIT array (
  'id' => '',
  'var_session_id' => '',
  'prefix' => 'think',
  'type' => '',
  'auto_start' => true,
)
[ info ] [ RUN ] app\server\controller\Index->index[ /Applications/XAMPP/xamppfiles/htdocs/pension_project/application/server/controller/Index.php ]
[ info ] [ VIEW ] /Applications/XAMPP/xamppfiles/htdocs/pension_project/application/server/view/index/index.html [ array (
  0 => 'menu',
  1 => 'title',
) ]
[ info ] [ LOG ] INIT File
[ error ] [8]未定义数组索引: nodes[/Applications/XAMPP/xamppfiles/htdocs/pension_project/runtime/temp/5bdcace69d1ed0141766d91547e5085d.php:59]
[ error ] [8]未定义数组索引: nodes[/Applications/XAMPP/xamppfiles/htdocs/pension_project/runtime/temp/5bdcace69d1ed0141766d91547e5085d.php:59]
[ error ] [8]未定义数组索引: nodes[/Applications/XAMPP/xamppfiles/htdocs/pension_project/runtime/temp/5bdcace69d1ed0141766d91547e5085d.php:59]
---------------------------------------------------------------
[ 2019-04-03T09:45:51+08:00 ] 127.0.0.1 GET yunchi.cn/server/Index/main
[运行时间：0.016406s] [吞吐率：60.95req/s] [内存消耗：1,938.59kb] [文件加载：104]
[ info ] [ LANG ] /Applications/XAMPP/xamppfiles/htdocs/pension_project/thinkphp/lang/zh-cn.php
[ info ] [ ROUTE ] array (
  'type' => 'module',
  'module' => 
  array (
    0 => 'server',
    1 => 'Index',
    2 => 'main',
  ),
)
[ info ] [ HEADER ] array (
  'host' => 'yunchi.cn',
  'connection' => 'keep-alive',
  'upgrade-insecure-requests' => '1',
  'user-agent' => 'Mozilla/5.0 (Macintosh; Intel Mac OS X 10_13_6) AppleWebKit/537.36 (KHTML, like Gecko) Chrome/73.0.3683.86 Safari/537.36',
  'accept' => 'text/html,application/xhtml+xml,application/xml;q=0.9,image/webp,image/apng,*/*;q=0.8,application/signed-exchange;v=b3',
  'referer' => 'http://yunchi.cn/server/Index/index',
  'accept-encoding' => 'gzip, deflate',
  'accept-language' => 'zh-CN,zh;q=0.9',
  'cookie' => 'PHPSESSID=dad34a583e08784ea8d71642aa0c4794',
)
[ info ] [ PARAM ] array (
  '/server/Index/main' => '',
)
[ info ] [ SESSION ] INIT array (
  'id' => '',
  'var_session_id' => '',
  'prefix' => 'think',
  'type' => '',
  'auto_start' => true,
)
[ info ] [ RUN ] app\server\controller\Index->main[ /Applications/XAMPP/xamppfiles/htdocs/pension_project/application/server/controller/Index.php ]
[ info ] [ VIEW ] /Applications/XAMPP/xamppfiles/htdocs/pension_project/application/server/view/index/main.html [ array (
) ]
[ info ] [ LOG ] INIT File
[ error ] [8]未定义变量: title[/Applications/XAMPP/xamppfiles/htdocs/pension_project/runtime/temp/cc2ae653de3e86cd9ed5bc94893bdfe2.php:7]
---------------------------------------------------------------
[ 2019-04-03T09:45:54+08:00 ] 127.0.0.1 GET yunchi.cn/server/work/index
[运行时间：0.175383s] [吞吐率：5.70req/s] [内存消耗：3,170.18kb] [文件加载：118]
[ info ] [ LANG ] /Applications/XAMPP/xamppfiles/htdocs/pension_project/thinkphp/lang/zh-cn.php
[ info ] [ ROUTE ] array (
  'type' => 'module',
  'module' => 
  array (
    0 => 'server',
    1 => 'work',
    2 => 'index',
  ),
)
[ info ] [ HEADER ] array (
  'host' => 'yunchi.cn',
  'connection' => 'keep-alive',
  'upgrade-insecure-requests' => '1',
  'user-agent' => 'Mozilla/5.0 (Macintosh; Intel Mac OS X 10_13_6) AppleWebKit/537.36 (KHTML, like Gecko) Chrome/73.0.3683.86 Safari/537.36',
  'accept' => 'text/html,application/xhtml+xml,application/xml;q=0.9,image/webp,image/apng,*/*;q=0.8,application/signed-exchange;v=b3',
  'referer' => 'http://yunchi.cn/server/Index/index',
  'accept-encoding' => 'gzip, deflate',
  'accept-language' => 'zh-CN,zh;q=0.9',
  'cookie' => 'PHPSESSID=dad34a583e08784ea8d71642aa0c4794',
)
[ info ] [ PARAM ] array (
  '/server/work/index' => '',
)
[ info ] [ SESSION ] INIT array (
  'id' => '',
  'var_session_id' => '',
  'prefix' => 'think',
  'type' => '',
  'auto_start' => true,
)
[ info ] [ RUN ] app\server\controller\Work->index[ /Applications/XAMPP/xamppfiles/htdocs/pension_project/application/server/controller/Work.php ]
[ info ] [ DB ] INIT mysql
[ info ] [ VIEW ] /Applications/XAMPP/xamppfiles/htdocs/pension_project/application/server/view/work/index.html [ array (
  0 => 'project',
  1 => 'work',
  2 => 'title',
) ]
[ info ] [ LOG ] INIT File
[ sql ] [ DB ] CONNECT:[ UseTime:0.041598s ] mysql:host=101.89.115.24;port=3306;dbname=pension;charset=utf8
[ sql ] [ SQL ] SELECT `id`,`name`,`pid` FROM yc_provider_project WHERE `pid`!= 0 [ RunTime:0.018841s ]
[ sql ] [ SQL ] SHOW COLUMNS FROM `yc_provider_work` [ RunTime:0.018602s ]
[ sql ] [ SQL ] SELECT COUNT(*) AS tp_count FROM `yc_provider_work` `w` LEFT JOIN `yc_client` `c` ON `w`.`client`=`c`.`id` LEFT JOIN `yc_provider_staff` `s` ON `w`.`sid`=`s`.`id` WHERE  `w`.`pid` = 4 LIMIT 1 [ RunTime:0.020219s ]
[ sql ] [ SQL ] SELECT `w`.`id`,`w`.`site`,`w`.`status`,`w`.`money`,`w`.`title`,`w`.`client`,c.name as cname,s.name as sname,`w`.`sid`,`w`.`state`,`w`.`create_time`,`w`.`end_time` FROM `yc_provider_work` `w` LEFT JOIN `yc_client` `c` ON `w`.`client`=`c`.`id` LEFT JOIN `yc_provider_staff` `s` ON `w`.`sid`=`s`.`id` WHERE  `w`.`pid` = 4 ORDER BY `w`.`id` DESC LIMIT 0,30 [ RunTime:0.017671s ]
[ sql ] [ SQL ] SELECT `id`,`name`,`pid` FROM yc_provider_project WHERE `pid`!= 0 [ RunTime:0.026108s ]
[ error ] [8]未定义数组索引: name[/Applications/XAMPP/xamppfiles/htdocs/pension_project/application/server/model/ProviderWork.php:39]
[ error ] [8]未定义数组索引: name[/Applications/XAMPP/xamppfiles/htdocs/pension_project/application/server/model/ProviderWork.php:44]
[ error ] [8]未定义数组索引: title[/Applications/XAMPP/xamppfiles/htdocs/pension_project/application/server/model/ProviderWork.php:48]
[ error ] [8]未定义数组索引: site[/Applications/XAMPP/xamppfiles/htdocs/pension_project/application/server/model/ProviderWork.php:52]
[ error ] [8]未定义数组索引: status[/Applications/XAMPP/xamppfiles/htdocs/pension_project/application/server/model/ProviderWork.php:58]
[ error ] [8]未定义数组索引: sid[/Applications/XAMPP/xamppfiles/htdocs/pension_project/application/server/model/ProviderWork.php:62]
[ error ] [8]未定义变量: staff[/Applications/XAMPP/xamppfiles/htdocs/pension_project/runtime/temp/ec65c1cfd65105cca92e7305a34f2c6c.php:75]
[ error ] [8]未定义变量: staff[/Applications/XAMPP/xamppfiles/htdocs/pension_project/runtime/temp/ec65c1cfd65105cca92e7305a34f2c6c.php:75]
[ error ] [8]未定义变量: staff[/Applications/XAMPP/xamppfiles/htdocs/pension_project/runtime/temp/ec65c1cfd65105cca92e7305a34f2c6c.php:75]
---------------------------------------------------------------
[ 2019-04-03T09:45:56+08:00 ] 127.0.0.1 GET yunchi.cn/server/staff/index
[运行时间：0.147742s] [吞吐率：6.77req/s] [内存消耗：3,172.62kb] [文件加载：118]
[ info ] [ LANG ] /Applications/XAMPP/xamppfiles/htdocs/pension_project/thinkphp/lang/zh-cn.php
[ info ] [ ROUTE ] array (
  'type' => 'module',
  'module' => 
  array (
    0 => 'server',
    1 => 'staff',
    2 => 'index',
  ),
)
[ info ] [ HEADER ] array (
  'host' => 'yunchi.cn',
  'connection' => 'keep-alive',
  'upgrade-insecure-requests' => '1',
  'user-agent' => 'Mozilla/5.0 (Macintosh; Intel Mac OS X 10_13_6) AppleWebKit/537.36 (KHTML, like Gecko) Chrome/73.0.3683.86 Safari/537.36',
  'accept' => 'text/html,application/xhtml+xml,application/xml;q=0.9,image/webp,image/apng,*/*;q=0.8,application/signed-exchange;v=b3',
  'referer' => 'http://yunchi.cn/server/Index/index',
  'accept-encoding' => 'gzip, deflate',
  'accept-language' => 'zh-CN,zh;q=0.9',
  'cookie' => 'PHPSESSID=dad34a583e08784ea8d71642aa0c4794',
)
[ info ] [ PARAM ] array (
  '/server/staff/index' => '',
)
[ info ] [ SESSION ] INIT array (
  'id' => '',
  'var_session_id' => '',
  'prefix' => 'think',
  'type' => '',
  'auto_start' => true,
)
[ info ] [ RUN ] app\server\controller\Staff->index[ /Applications/XAMPP/xamppfiles/htdocs/pension_project/application/server/controller/Staff.php ]
[ info ] [ DB ] INIT mysql
[ info ] [ VIEW ] /Applications/XAMPP/xamppfiles/htdocs/pension_project/application/server/view/staff/index.html [ array (
  0 => 'title',
  1 => 'project',
  2 => 'staff',
) ]
[ info ] [ LOG ] INIT File
[ sql ] [ DB ] CONNECT:[ UseTime:0.023265s ] mysql:host=101.89.115.24;port=3306;dbname=pension;charset=utf8
[ sql ] [ SQL ] SELECT `id`,`name`,`pid` FROM yc_provider_project WHERE `pid`!= 0 [ RunTime:0.016100s ]
[ sql ] [ SQL ] SHOW COLUMNS FROM `yc_provider_staff` [ RunTime:0.016316s ]
[ sql ] [ SQL ] SELECT COUNT(*) AS tp_count FROM `yc_provider_staff` LIMIT 1 [ RunTime:0.019505s ]
[ sql ] [ SQL ] SELECT `id`,`name`,`mobile`,`pid`,`status`,`state`,`create_time` FROM `yc_provider_staff` ORDER BY `id` DESC LIMIT 0,30 [ RunTime:0.023154s ]
[ sql ] [ SQL ] SELECT `id`,`name`,`pid` FROM yc_provider_project WHERE `pid`!= 0 [ RunTime:0.019668s ]
[ error ] [8]未定义数组索引: mobile[/Applications/XAMPP/xamppfiles/htdocs/pension_project/application/server/model/ProviderStaff.php:28]
[ error ] [8]未定义数组索引: name[/Applications/XAMPP/xamppfiles/htdocs/pension_project/application/server/model/ProviderStaff.php:32]
[ error ] [8]未定义数组索引: status[/Applications/XAMPP/xamppfiles/htdocs/pension_project/application/server/model/ProviderStaff.php:36]
[ error ] [8]未定义数组索引: state[/Applications/XAMPP/xamppfiles/htdocs/pension_project/application/server/model/ProviderStaff.php:40]
---------------------------------------------------------------
[ 2019-04-03T09:46:05+08:00 ] 127.0.0.1 GET yunchi.cn/server/Staff/editStaff?id=2
[运行时间：0.127815s] [吞吐率：7.82req/s] [内存消耗：3,060.67kb] [文件加载：113]
[ info ] [ LANG ] /Applications/XAMPP/xamppfiles/htdocs/pension_project/thinkphp/lang/zh-cn.php
[ info ] [ ROUTE ] array (
  'type' => 'module',
  'module' => 
  array (
    0 => 'server',
    1 => 'Staff',
    2 => 'editStaff',
  ),
)
[ info ] [ HEADER ] array (
  'host' => 'yunchi.cn',
  'connection' => 'keep-alive',
  'accept' => '*/*',
  'x-requested-with' => 'XMLHttpRequest',
  'user-agent' => 'Mozilla/5.0 (Macintosh; Intel Mac OS X 10_13_6) AppleWebKit/537.36 (KHTML, like Gecko) Chrome/73.0.3683.86 Safari/537.36',
  'referer' => 'http://yunchi.cn/server/staff/index',
  'accept-encoding' => 'gzip, deflate',
  'accept-language' => 'zh-CN,zh;q=0.9',
  'cookie' => 'PHPSESSID=dad34a583e08784ea8d71642aa0c4794',
)
[ info ] [ PARAM ] array (
  '/server/Staff/editStaff' => '',
  'id' => '2',
)
[ info ] [ SESSION ] INIT array (
  'id' => '',
  'var_session_id' => '',
  'prefix' => 'think',
  'type' => '',
  'auto_start' => true,
)
[ info ] [ RUN ] app\server\controller\Staff->editStaff[ /Applications/XAMPP/xamppfiles/htdocs/pension_project/application/server/controller/Staff.php ]
[ info ] [ DB ] INIT mysql
[ info ] [ LOG ] INIT File
[ sql ] [ DB ] CONNECT:[ UseTime:0.024259s ] mysql:host=101.89.115.24;port=3306;dbname=pension;charset=utf8
[ sql ] [ SQL ] SHOW COLUMNS FROM `yc_provider_staff` [ RunTime:0.016878s ]
[ sql ] [ SQL ] SELECT `id`,`name`,`mobile`,`status`,`state` FROM `yc_provider_staff` WHERE  `id` = 2 LIMIT 1 [ RunTime:0.044032s ]
[ sql ] [ SQL ] SELECT `id`,`name`,`pid` FROM yc_provider_project WHERE `pid`!= 0 [ RunTime:0.017047s ]
[ error ] [8]未定义数组索引: status[/Applications/XAMPP/xamppfiles/htdocs/pension_project/application/server/model/ProviderStaff.php:121]
[ error ] [8]未定义数组索引: status[/Applications/XAMPP/xamppfiles/htdocs/pension_project/application/server/model/ProviderStaff.php:121]
---------------------------------------------------------------
[ 2019-04-03T09:46:11+08:00 ] 127.0.0.1 GET yunchi.cn/server/work/workDetails?id=9
[运行时间：0.126764s] [吞吐率：7.89req/s] [内存消耗：3,045.32kb] [文件加载：110]
[ info ] [ LANG ] /Applications/XAMPP/xamppfiles/htdocs/pension_project/thinkphp/lang/zh-cn.php
[ info ] [ ROUTE ] array (
  'type' => 'module',
  'module' => 
  array (
    0 => 'server',
    1 => 'work',
    2 => 'workDetails',
  ),
)
[ info ] [ HEADER ] array (
  'host' => 'yunchi.cn',
  'connection' => 'keep-alive',
  'upgrade-insecure-requests' => '1',
  'user-agent' => 'Mozilla/5.0 (Macintosh; Intel Mac OS X 10_13_6) AppleWebKit/537.36 (KHTML, like Gecko) Chrome/73.0.3683.86 Safari/537.36',
  'accept' => 'text/html,application/xhtml+xml,application/xml;q=0.9,image/webp,image/apng,*/*;q=0.8,application/signed-exchange;v=b3',
  'referer' => 'http://yunchi.cn/server/work/index',
  'accept-encoding' => 'gzip, deflate',
  'accept-language' => 'zh-CN,zh;q=0.9',
  'cookie' => 'PHPSESSID=dad34a583e08784ea8d71642aa0c4794',
)
[ info ] [ PARAM ] array (
  '/server/work/workDetails' => '',
  'id' => '9',
)
[ info ] [ SESSION ] INIT array (
  'id' => '',
  'var_session_id' => '',
  'prefix' => 'think',
  'type' => '',
  'auto_start' => true,
)
[ info ] [ RUN ] app\server\controller\Work->workDetails[ /Applications/XAMPP/xamppfiles/htdocs/pension_project/application/server/controller/Work.php ]
[ info ] [ DB ] INIT mysql
[ info ] [ VIEW ] /Applications/XAMPP/xamppfiles/htdocs/pension_project/application/server/view/work/work_details.html [ array (
  0 => 'title',
  1 => 'provider',
) ]
[ info ] [ LOG ] INIT File
[ sql ] [ DB ] CONNECT:[ UseTime:0.039951s ] mysql:host=101.89.115.24;port=3306;dbname=pension;charset=utf8
[ sql ] [ SQL ] SHOW COLUMNS FROM `yc_provider_work` [ RunTime:0.015440s ]
[ sql ] [ SQL ] SELECT `w`.*,`p`.`company`,c.name as cname,s.name as sname,t.name as tname FROM `yc_provider_work` `w` LEFT JOIN `yc_client` `c` ON `w`.`client`=`c`.`id` LEFT JOIN `yc_provider_staff` `s` ON `w`.`sid`=`s`.`id` LEFT JOIN `yc_provider_project` `t` ON `w`.`status`=`t`.`id` LEFT JOIN `yc_provider` `p` ON `w`.`pid`=`p`.`id` WHERE  `w`.`id` = '9' LIMIT 1 [ RunTime:0.020061s ]
[ sql ] [ SQL ] SELECT `w`.`title`,`w`.`id`,`w`.`create_time`,`w`.`state`,`p`.`company`,s.name as sname,t.name as tname FROM `yc_provider_work` `w` LEFT JOIN `yc_provider_staff` `s` ON `w`.`sid`=`s`.`id` LEFT JOIN `yc_provider_project` `t` ON `w`.`status`=`t`.`id` LEFT JOIN `yc_provider` `p` ON `w`.`pid`=`p`.`id` WHERE  `client` = 8 ORDER BY `id` DESC LIMIT 8 [ RunTime:0.023991s ]
---------------------------------------------------------------
[ 2019-04-03T09:46:16+08:00 ] 127.0.0.1 GET yunchi.cn/server/work/index
[运行时间：0.161374s] [吞吐率：6.20req/s] [内存消耗：3,170.18kb] [文件加载：118]
[ info ] [ LANG ] /Applications/XAMPP/xamppfiles/htdocs/pension_project/thinkphp/lang/zh-cn.php
[ info ] [ ROUTE ] array (
  'type' => 'module',
  'module' => 
  array (
    0 => 'server',
    1 => 'work',
    2 => 'index',
  ),
)
[ info ] [ HEADER ] array (
  'host' => 'yunchi.cn',
  'connection' => 'keep-alive',
  'upgrade-insecure-requests' => '1',
  'user-agent' => 'Mozilla/5.0 (Macintosh; Intel Mac OS X 10_13_6) AppleWebKit/537.36 (KHTML, like Gecko) Chrome/73.0.3683.86 Safari/537.36',
  'accept' => 'text/html,application/xhtml+xml,application/xml;q=0.9,image/webp,image/apng,*/*;q=0.8,application/signed-exchange;v=b3',
  'referer' => 'http://yunchi.cn/server/Index/index',
  'accept-encoding' => 'gzip, deflate',
  'accept-language' => 'zh-CN,zh;q=0.9',
  'cookie' => 'PHPSESSID=dad34a583e08784ea8d71642aa0c4794',
)
[ info ] [ PARAM ] array (
  '/server/work/index' => '',
)
[ info ] [ SESSION ] INIT array (
  'id' => '',
  'var_session_id' => '',
  'prefix' => 'think',
  'type' => '',
  'auto_start' => true,
)
[ info ] [ RUN ] app\server\controller\Work->index[ /Applications/XAMPP/xamppfiles/htdocs/pension_project/application/server/controller/Work.php ]
[ info ] [ DB ] INIT mysql
[ info ] [ VIEW ] /Applications/XAMPP/xamppfiles/htdocs/pension_project/application/server/view/work/index.html [ array (
  0 => 'project',
  1 => 'work',
  2 => 'title',
) ]
[ info ] [ LOG ] INIT File
[ sql ] [ DB ] CONNECT:[ UseTime:0.027618s ] mysql:host=101.89.115.24;port=3306;dbname=pension;charset=utf8
[ sql ] [ SQL ] SELECT `id`,`name`,`pid` FROM yc_provider_project WHERE `pid`!= 0 [ RunTime:0.016897s ]
[ sql ] [ SQL ] SHOW COLUMNS FROM `yc_provider_work` [ RunTime:0.032730s ]
[ sql ] [ SQL ] SELECT COUNT(*) AS tp_count FROM `yc_provider_work` `w` LEFT JOIN `yc_client` `c` ON `w`.`client`=`c`.`id` LEFT JOIN `yc_provider_staff` `s` ON `w`.`sid`=`s`.`id` WHERE  `w`.`pid` = 4 LIMIT 1 [ RunTime:0.016174s ]
[ sql ] [ SQL ] SELECT `w`.`id`,`w`.`site`,`w`.`status`,`w`.`money`,`w`.`title`,`w`.`client`,c.name as cname,s.name as sname,`w`.`sid`,`w`.`state`,`w`.`create_time`,`w`.`end_time` FROM `yc_provider_work` `w` LEFT JOIN `yc_client` `c` ON `w`.`client`=`c`.`id` LEFT JOIN `yc_provider_staff` `s` ON `w`.`sid`=`s`.`id` WHERE  `w`.`pid` = 4 ORDER BY `w`.`id` DESC LIMIT 0,30 [ RunTime:0.023056s ]
[ sql ] [ SQL ] SELECT `id`,`name`,`pid` FROM yc_provider_project WHERE `pid`!= 0 [ RunTime:0.017556s ]
[ error ] [8]未定义数组索引: name[/Applications/XAMPP/xamppfiles/htdocs/pension_project/application/server/model/ProviderWork.php:39]
[ error ] [8]未定义数组索引: name[/Applications/XAMPP/xamppfiles/htdocs/pension_project/application/server/model/ProviderWork.php:44]
[ error ] [8]未定义数组索引: title[/Applications/XAMPP/xamppfiles/htdocs/pension_project/application/server/model/ProviderWork.php:48]
[ error ] [8]未定义数组索引: site[/Applications/XAMPP/xamppfiles/htdocs/pension_project/application/server/model/ProviderWork.php:52]
[ error ] [8]未定义数组索引: status[/Applications/XAMPP/xamppfiles/htdocs/pension_project/application/server/model/ProviderWork.php:58]
[ error ] [8]未定义数组索引: sid[/Applications/XAMPP/xamppfiles/htdocs/pension_project/application/server/model/ProviderWork.php:62]
[ error ] [8]未定义变量: staff[/Applications/XAMPP/xamppfiles/htdocs/pension_project/runtime/temp/ec65c1cfd65105cca92e7305a34f2c6c.php:75]
[ error ] [8]未定义变量: staff[/Applications/XAMPP/xamppfiles/htdocs/pension_project/runtime/temp/ec65c1cfd65105cca92e7305a34f2c6c.php:75]
[ error ] [8]未定义变量: staff[/Applications/XAMPP/xamppfiles/htdocs/pension_project/runtime/temp/ec65c1cfd65105cca92e7305a34f2c6c.php:75]
---------------------------------------------------------------
[ 2019-04-03T11:04:56+08:00 ] 127.0.0.1 GET yunchi.cn/index/provider/workDetails?id=3
[运行时间：0.131050s] [吞吐率：7.63req/s] [内存消耗：3,085.94kb] [文件加载：110]
[ info ] [ LANG ] /Applications/XAMPP/xamppfiles/htdocs/pension_project/thinkphp/lang/zh-cn.php
[ info ] [ ROUTE ] array (
  'type' => 'module',
  'module' => 
  array (
    0 => 'index',
    1 => 'provider',
    2 => 'workDetails',
  ),
)
[ info ] [ HEADER ] array (
  'host' => 'yunchi.cn',
  'connection' => 'keep-alive',
  'upgrade-insecure-requests' => '1',
  'user-agent' => 'Mozilla/5.0 (Macintosh; Intel Mac OS X 10_13_6) AppleWebKit/537.36 (KHTML, like Gecko) Chrome/73.0.3683.86 Safari/537.36',
  'accept' => 'text/html,application/xhtml+xml,application/xml;q=0.9,image/webp,image/apng,*/*;q=0.8,application/signed-exchange;v=b3',
  'referer' => 'http://yunchi.cn/index/provider/work',
  'accept-encoding' => 'gzip, deflate',
  'accept-language' => 'zh-CN,zh;q=0.9',
  'cookie' => 'PHPSESSID=dad34a583e08784ea8d71642aa0c4794',
)
[ info ] [ PARAM ] array (
  '/index/provider/workDetails' => '',
  'id' => '3',
)
[ info ] [ SESSION ] INIT array (
  'id' => '',
  'var_session_id' => '',
  'prefix' => 'think',
  'type' => '',
  'auto_start' => true,
)
[ info ] [ RUN ] app\index\controller\Provider->workDetails[ /Applications/XAMPP/xamppfiles/htdocs/pension_project/application/index/controller/Provider.php ]
[ info ] [ DB ] INIT mysql
[ info ] [ VIEW ] /Applications/XAMPP/xamppfiles/htdocs/pension_project/application/index/view/provider/work_details.html [ array (
  0 => 'title',
  1 => 'provider',
) ]
[ info ] [ LOG ] INIT File
[ sql ] [ DB ] CONNECT:[ UseTime:0.027307s ] mysql:host=101.89.115.24;port=3306;dbname=pension;charset=utf8
[ sql ] [ SQL ] SHOW COLUMNS FROM `yc_provider_work` [ RunTime:0.016810s ]
[ sql ] [ SQL ] SELECT `w`.*,`p`.`company`,c.name as cname,s.name as sname,t.name as tname FROM `yc_provider_work` `w` LEFT JOIN `yc_client` `c` ON `w`.`client`=`c`.`id` LEFT JOIN `yc_provider_staff` `s` ON `w`.`sid`=`s`.`id` LEFT JOIN `yc_provider_project` `t` ON `w`.`status`=`t`.`id` LEFT JOIN `yc_provider` `p` ON `w`.`pid`=`p`.`id` WHERE  `w`.`id` = '3' LIMIT 1 [ RunTime:0.029817s ]
[ sql ] [ SQL ] SELECT `w`.`title`,`w`.`id`,`w`.`create_time`,`w`.`state`,`p`.`company`,s.name as sname,t.name as tname FROM `yc_provider_work` `w` LEFT JOIN `yc_provider_staff` `s` ON `w`.`sid`=`s`.`id` LEFT JOIN `yc_provider_project` `t` ON `w`.`status`=`t`.`id` LEFT JOIN `yc_provider` `p` ON `w`.`pid`=`p`.`id` WHERE  `client` = 8 ORDER BY `id` DESC LIMIT 8 [ RunTime:0.030957s ]
---------------------------------------------------------------
[ 2019-04-03T11:05:03+08:00 ] 127.0.0.1 GET yunchi.cn/index/provider/work
[运行时间：0.223818s] [吞吐率：4.47req/s] [内存消耗：3,352.00kb] [文件加载：121]
[ info ] [ LANG ] /Applications/XAMPP/xamppfiles/htdocs/pension_project/thinkphp/lang/zh-cn.php
[ info ] [ ROUTE ] array (
  'type' => 'module',
  'module' => 
  array (
    0 => 'index',
    1 => 'provider',
    2 => 'work',
  ),
)
[ info ] [ HEADER ] array (
  'host' => 'yunchi.cn',
  'connection' => 'keep-alive',
  'upgrade-insecure-requests' => '1',
  'user-agent' => 'Mozilla/5.0 (Macintosh; Intel Mac OS X 10_13_6) AppleWebKit/537.36 (KHTML, like Gecko) Chrome/73.0.3683.86 Safari/537.36',
  'accept' => 'text/html,application/xhtml+xml,application/xml;q=0.9,image/webp,image/apng,*/*;q=0.8,application/signed-exchange;v=b3',
  'referer' => 'http://yunchi.cn/index/Index/index',
  'accept-encoding' => 'gzip, deflate',
  'accept-language' => 'zh-CN,zh;q=0.9',
  'cookie' => 'PHPSESSID=dad34a583e08784ea8d71642aa0c4794',
)
[ info ] [ PARAM ] array (
  '/index/provider/work' => '',
)
[ info ] [ SESSION ] INIT array (
  'id' => '',
  'var_session_id' => '',
  'prefix' => 'think',
  'type' => '',
  'auto_start' => true,
)
[ info ] [ RUN ] app\index\controller\Provider->work[ /Applications/XAMPP/xamppfiles/htdocs/pension_project/application/index/controller/Provider.php ]
[ info ] [ DB ] INIT mysql
[ info ] [ VIEW ] /Applications/XAMPP/xamppfiles/htdocs/pension_project/application/index/view/provider/work.html [ array (
  0 => 'project',
  1 => 'staff',
  2 => 'provider',
  3 => 'work',
  4 => 'title',
) ]
[ info ] [ LOG ] INIT File
[ sql ] [ DB ] CONNECT:[ UseTime:0.029608s ] mysql:host=101.89.115.24;port=3306;dbname=pension;charset=utf8
[ sql ] [ SQL ] SELECT `id`,`name`,`pid` FROM yc_provider_project WHERE `pid`!= 0 [ RunTime:0.016607s ]
[ sql ] [ SQL ] SHOW COLUMNS FROM `yc_provider_staff` [ RunTime:0.019454s ]
[ sql ] [ SQL ] SELECT `id`,`name` FROM `yc_provider_staff` WHERE  `state` = 1 ORDER BY `id` DESC [ RunTime:0.013384s ]
[ sql ] [ SQL ] SHOW COLUMNS FROM `yc_provider` [ RunTime:0.019681s ]
[ sql ] [ SQL ] SELECT `id`,`company` FROM `yc_provider` WHERE  `p_status` = 1 ORDER BY `id` DESC [ RunTime:0.016086s ]
[ sql ] [ SQL ] SHOW COLUMNS FROM `yc_provider_work` [ RunTime:0.016954s ]
[ sql ] [ SQL ] SELECT COUNT(*) AS tp_count FROM `yc_provider_work` `w` LEFT JOIN `yc_client` `c` ON `w`.`client`=`c`.`id` LEFT JOIN `yc_provider_staff` `s` ON `w`.`sid`=`s`.`id` LEFT JOIN `yc_provider` `p` ON `w`.`pid`=`p`.`id` LIMIT 1 [ RunTime:0.018244s ]
[ sql ] [ SQL ] SELECT `w`.`id`,`w`.`site`,`w`.`status`,`w`.`money`,`w`.`title`,`p`.`company`,`w`.`client`,c.name as cname,s.name as sname,`w`.`sid`,`w`.`state`,`w`.`create_time`,`w`.`end_time` FROM `yc_provider_work` `w` LEFT JOIN `yc_client` `c` ON `w`.`client`=`c`.`id` LEFT JOIN `yc_provider_staff` `s` ON `w`.`sid`=`s`.`id` LEFT JOIN `yc_provider` `p` ON `w`.`pid`=`p`.`id` ORDER BY `w`.`id` DESC LIMIT 0,30 [ RunTime:0.021434s ]
[ sql ] [ SQL ] SELECT `id`,`name`,`pid` FROM yc_provider_project WHERE `pid`!= 0 [ RunTime:0.022055s ]
[ error ] [8]未定义数组索引: name[/Applications/XAMPP/xamppfiles/htdocs/pension_project/application/index/model/ProviderWork.php:39]
[ error ] [8]未定义数组索引: name[/Applications/XAMPP/xamppfiles/htdocs/pension_project/application/index/model/ProviderWork.php:44]
[ error ] [8]未定义数组索引: title[/Applications/XAMPP/xamppfiles/htdocs/pension_project/application/index/model/ProviderWork.php:48]
[ error ] [8]未定义数组索引: site[/Applications/XAMPP/xamppfiles/htdocs/pension_project/application/index/model/ProviderWork.php:52]
[ error ] [8]未定义数组索引: pid[/Applications/XAMPP/xamppfiles/htdocs/pension_project/application/index/model/ProviderWork.php:57]
[ error ] [8]未定义数组索引: status[/Applications/XAMPP/xamppfiles/htdocs/pension_project/application/index/model/ProviderWork.php:62]
[ error ] [8]未定义数组索引: sid[/Applications/XAMPP/xamppfiles/htdocs/pension_project/application/index/model/ProviderWork.php:66]
---------------------------------------------------------------
[ 2019-04-03T14:35:10+08:00 ] 127.0.0.1 GET yunchi.cn/index/Index/main
[运行时间：0.246526s] [吞吐率：4.06req/s] [内存消耗：3,413.70kb] [文件加载：120]
[ info ] [ LANG ] /Applications/XAMPP/xamppfiles/htdocs/pension_project/thinkphp/lang/zh-cn.php
[ info ] [ ROUTE ] array (
  'type' => 'module',
  'module' => 
  array (
    0 => 'index',
    1 => 'Index',
    2 => 'main',
  ),
)
[ info ] [ HEADER ] array (
  'host' => 'yunchi.cn',
  'connection' => 'keep-alive',
  'cache-control' => 'max-age=0',
  'upgrade-insecure-requests' => '1',
  'user-agent' => 'Mozilla/5.0 (Macintosh; Intel Mac OS X 10_13_6) AppleWebKit/537.36 (KHTML, like Gecko) Chrome/73.0.3683.86 Safari/537.36',
  'accept' => 'text/html,application/xhtml+xml,application/xml;q=0.9,image/webp,image/apng,*/*;q=0.8,application/signed-exchange;v=b3',
  'referer' => 'http://yunchi.cn/index/Index/index',
  'accept-encoding' => 'gzip, deflate',
  'accept-language' => 'zh-CN,zh;q=0.9',
  'cookie' => 'PHPSESSID=dad34a583e08784ea8d71642aa0c4794',
)
[ info ] [ PARAM ] array (
  '/index/Index/main' => '',
)
[ info ] [ SESSION ] INIT array (
  'id' => '',
  'var_session_id' => '',
  'prefix' => 'think',
  'type' => '',
  'auto_start' => true,
)
[ info ] [ RUN ] app\index\controller\Index->main[ /Applications/XAMPP/xamppfiles/htdocs/pension_project/application/index/controller/Index.php ]
[ info ] [ DB ] INIT mysql
[ info ] [ VIEW ] /Applications/XAMPP/xamppfiles/htdocs/pension_project/application/index/view/index/main.html [ array (
  0 => 'gency',
  1 => 'clientIntegral',
  2 => 'sumIntegralRecords',
  3 => 'birthday',
) ]
[ info ] [ LOG ] INIT File
[ sql ] [ DB ] CONNECT:[ UseTime:0.071470s ] mysql:host=101.89.115.24;port=3306;dbname=pension;charset=utf8
[ sql ] [ SQL ] SHOW COLUMNS FROM `yc_work` [ RunTime:0.017206s ]
[ sql ] [ SQL ] SELECT COUNT(*) AS tp_count FROM `yc_work` `w` LEFT JOIN `yc_client` `c` ON `w`.`client_id`=`c`.`id` LEFT JOIN `yc_staff_user` `s` ON `w`.`staff_number`=`s`.`number` WHERE  `type` IN (1,2,3) LIMIT 1 [ RunTime:0.023261s ]
[ sql ] [ SQL ] SELECT w.id,w.title,w.staff_number,w.plan_id,w.client_id,w.type,w.state,w.create_time,(case when w.plan_id!=0 then (select name from yc_work_plan where id=w.plan_id) else 0 end) as plan_title,(case when w.state=5 then (select concat_ws(";",call_result,create_time) from yc_work_log where w_id=w.id order by id desc limit 1) else 0 end) as work_log,c.name as userName,s.display_name FROM `yc_work` `w` LEFT JOIN `yc_client` `c` ON `w`.`client_id`=`c`.`id` LEFT JOIN `yc_staff_user` `s` ON `w`.`staff_number`=`s`.`number` WHERE  `type` IN (1,2,3) ORDER BY `w`.`id` DESC LIMIT 0,5 [ RunTime:0.026781s ]
[ sql ] [ SQL ] SELECT SUM(`integral`) AS integral,MAX(`integral`) AS max,MIN(`integral`) AS `min`,COUNT(`id`) AS total FROM yc_client [ RunTime:0.019783s ]
[ sql ] [ SQL ] SELECT `type`,SUM(`score`) AS score,COUNT(`id`) AS total FROM yc_integral  GROUP BY `type` [ RunTime:0.013681s ]
[ sql ] [ SQL ] SHOW COLUMNS FROM `yc_client` [ RunTime:0.023272s ]
[ sql ] [ SQL ] SELECT `birthday`,`id`,`name`,`head`,`age` FROM `yc_client` [ RunTime:0.019517s ]
[ error ] [8]未定义变量: arr[/Applications/XAMPP/xamppfiles/htdocs/pension_project/application/index/model/Main.php:194]
[ error ] [8]未定义变量: title[/Applications/XAMPP/xamppfiles/htdocs/pension_project/runtime/temp/b91db48711266ab571f6724bfca8e2eb.php:7]
---------------------------------------------------------------
[ 2019-04-03T14:35:10+08:00 ] 127.0.0.1 GET yunchi.cn/index/Index/main_echarts
[运行时间：0.260014s] [吞吐率：3.85req/s] [内存消耗：3,196.91kb] [文件加载：112]
[ info ] [ LANG ] /Applications/XAMPP/xamppfiles/htdocs/pension_project/thinkphp/lang/zh-cn.php
[ info ] [ ROUTE ] array (
  'type' => 'module',
  'module' => 
  array (
    0 => 'index',
    1 => 'Index',
    2 => 'main_echarts',
  ),
)
[ info ] [ HEADER ] array (
  'host' => 'yunchi.cn',
  'connection' => 'keep-alive',
  'accept' => '*/*',
  'x-requested-with' => 'XMLHttpRequest',
  'user-agent' => 'Mozilla/5.0 (Macintosh; Intel Mac OS X 10_13_6) AppleWebKit/537.36 (KHTML, like Gecko) Chrome/73.0.3683.86 Safari/537.36',
  'referer' => 'http://yunchi.cn/index/Index/main',
  'accept-encoding' => 'gzip, deflate',
  'accept-language' => 'zh-CN,zh;q=0.9',
  'cookie' => 'PHPSESSID=dad34a583e08784ea8d71642aa0c4794',
)
[ info ] [ PARAM ] array (
  '/index/Index/main_echarts' => '',
)
[ info ] [ SESSION ] INIT array (
  'id' => '',
  'var_session_id' => '',
  'prefix' => 'think',
  'type' => '',
  'auto_start' => true,
)
[ info ] [ RUN ] app\index\controller\Index->main_echarts[ /Applications/XAMPP/xamppfiles/htdocs/pension_project/application/index/controller/Index.php ]
[ info ] [ DB ] INIT mysql
[ info ] [ LOG ] INIT File
[ sql ] [ DB ] CONNECT:[ UseTime:0.036504s ] mysql:host=101.89.115.24;port=3306;dbname=pension;charset=utf8
[ sql ] [ SQL ] SHOW COLUMNS FROM `yc_work` [ RunTime:0.016128s ]
[ sql ] [ SQL ] SELECT count(id) as number,state FROM `yc_work` WHERE  `state` IN (1,2,3,4,5) GROUP BY `state` [ RunTime:0.017806s ]
[ sql ] [ SQL ] SELECT from_unixtime(create_time,'%Y-%m-%d') as name,count(id) as value FROM `yc_work` WHERE  `create_time` BETWEEN 1553702400 AND 1554307199 GROUP BY `name` [ RunTime:0.016688s ]
[ sql ] [ SQL ] SHOW COLUMNS FROM `yc_client` [ RunTime:0.020210s ]
[ sql ] [ SQL ] SELECT count(id) as number,sex FROM `yc_client` GROUP BY `sex` [ RunTime:0.035241s ]
[ sql ] [ SQL ] select name,count('id') as value from (select case when age<=59 then '60岁以下' when age>=60 and age<=69 then '60到69岁之间' when age>=70 and age<=79 then '70到79之间' when age>=80 and age<=89 then '80到89之间' when age>=90 then '90岁以上' end as name from yc_client )a group by name [ RunTime:0.033822s ]
[ sql ] [ SQL ] SHOW COLUMNS FROM `yc_client_group` [ RunTime:0.027249s ]
[ sql ] [ SQL ] SELECT a.name,count(b.cid) as value FROM yc_client_group a LEFT JOIN `yc_client_group_map` `b` ON `a`.`id`=`b`.`gid` GROUP BY `a`.`id` [ RunTime:0.030273s ]
---------------------------------------------------------------
[ 2019-04-03T14:51:23+08:00 ] 127.0.0.1 GET yunchi.cn/index/Work/workDetails?id=214
[运行时间：0.222956s] [吞吐率：4.49req/s] [内存消耗：3,534.32kb] [文件加载：116]
[ info ] [ LANG ] /Applications/XAMPP/xamppfiles/htdocs/pension_project/thinkphp/lang/zh-cn.php
[ info ] [ ROUTE ] array (
  'type' => 'module',
  'module' => 
  array (
    0 => 'index',
    1 => 'Work',
    2 => 'workDetails',
  ),
)
[ info ] [ HEADER ] array (
  'host' => 'yunchi.cn',
  'connection' => 'keep-alive',
  'upgrade-insecure-requests' => '1',
  'user-agent' => 'Mozilla/5.0 (Macintosh; Intel Mac OS X 10_13_6) AppleWebKit/537.36 (KHTML, like Gecko) Chrome/73.0.3683.86 Safari/537.36',
  'accept' => 'text/html,application/xhtml+xml,application/xml;q=0.9,image/webp,image/apng,*/*;q=0.8,application/signed-exchange;v=b3',
  'referer' => 'http://yunchi.cn/index/Index/main',
  'accept-encoding' => 'gzip, deflate',
  'accept-language' => 'zh-CN,zh;q=0.9',
  'cookie' => 'PHPSESSID=dad34a583e08784ea8d71642aa0c4794',
)
[ info ] [ PARAM ] array (
  '/index/Work/workDetails' => '',
  'id' => '214',
)
[ info ] [ SESSION ] INIT array (
  'id' => '',
  'var_session_id' => '',
  'prefix' => 'think',
  'type' => '',
  'auto_start' => true,
)
[ info ] [ RUN ] app\index\controller\Work->workDetails[ /Applications/XAMPP/xamppfiles/htdocs/pension_project/application/index/controller/Work.php ]
[ info ] [ DB ] INIT mysql
[ info ] [ VIEW ] /Applications/XAMPP/xamppfiles/htdocs/pension_project/application/index/view/work/work_details.html [ array (
  0 => 'details',
  1 => 'client',
  2 => 'work',
  3 => 'workLog',
  4 => 'action',
  5 => 'title',
) ]
[ info ] [ LOG ] INIT File
[ sql ] [ DB ] CONNECT:[ UseTime:0.032576s ] mysql:host=101.89.115.24;port=3306;dbname=pension;charset=utf8
[ sql ] [ SQL ] SELECT `w`.`id`,`w`.`title`,`w`.`type`,`w`.`client_id`,`w`.`state`,`w`.`plan_state`,`w`.`address`,`w`.`lng`,`w`.`lat`,`w`.`heart`,`w`.`alarm_time`,`w`.`create_time`,`u`.`name` AS `clientName`,`s`.`display_name`,(CASE WHEN `w`.`state`=5 THEN (SELECT CONCAT_WS(';',`call_result`,`remarks`,`create_time`) FROM yc_work_log WHERE `type`=5 AND `w_id`=214 ORDER BY `id` DESC LIMIT 1) ELSE 0 END) AS `work_log`,(CASE WHEN `w`.`type`=4 THEN (SELECT CONCAT_WS(';',`name`,`start_time`,`end_time`) FROM yc_work_plan WHERE `id`=`w`.`plan_id`) ELSE 0 END) AS `work_plan` FROM `yc_work` AS `w` LEFT JOIN `yc_client` AS `u` ON `w`.`client_id`=`u`.`id` LEFT JOIN `yc_staff_user` AS `s` ON `w`.`staff_number`=`s`.`number` WHERE w.`id`=214 [ RunTime:0.022036s ]
[ sql ] [ SQL ] SELECT c.`id`,c.`name`,c.`id_number`,c.`head`,c.`birthday`,c.`age`,c.`sex`,c.`mobile`,c.`address`,c.`permanent_address`,c.`integral`,g.`name` AS `groupName`,t.`name` AS `tagName` FROM yc_client AS c LEFT JOIN v_client_group AS g ON c.`id`=g.`cid` LEFT JOIN v_client_tag AS t ON c.`id`=t.`cid` WHERE c.`id`=2 [ RunTime:0.020252s ]
[ sql ] [ SQL ] SHOW COLUMNS FROM `yc_work` [ RunTime:0.016139s ]
[ sql ] [ SQL ] SELECT COUNT(*) AS tp_count FROM `yc_work` `w` LEFT JOIN `yc_client` `c` ON `w`.`client_id`=`c`.`id` LEFT JOIN `yc_staff_user` `s` ON `w`.`staff_number`=`s`.`number` WHERE  `w`.`client_id` = 2 LIMIT 1 [ RunTime:0.016412s ]
[ sql ] [ SQL ] SELECT w.id,w.title,w.staff_number,w.plan_id,w.client_id,w.type,w.state,w.create_time,(case when w.plan_id!=0 then (select name from yc_work_plan where id=w.plan_id) else 0 end) as plan_title,(case when w.state=5 then (select concat_ws(";",call_result,create_time) from yc_work_log where w_id=w.id order by id desc limit 1) else 0 end) as work_log,c.name as userName,s.display_name FROM `yc_work` `w` LEFT JOIN `yc_client` `c` ON `w`.`client_id`=`c`.`id` LEFT JOIN `yc_staff_user` `s` ON `w`.`staff_number`=`s`.`number` WHERE  `w`.`client_id` = 2 ORDER BY `w`.`id` DESC LIMIT 0,5 [ RunTime:0.065830s ]
[ sql ] [ SQL ] SELECT l.`type`,(CASE WHEN `l`.`call_id`!=0 THEN (SELECT CONCAT_WS(',','call_id','caller') FROM yc_call_log WHERE `call_id`=`l`.`call_id`) ELSE 0 END) AS `call_log`,(CASE WHEN `l`.`u_type`=1 THEN (SELECT `name` FROM yc_user WHERE `id`=`l`.`uid`) ELSE (SELECT `display_name` FROM yc_staff_user WHERE `number`=`l`.`uid`) END) AS `user_name`,(CASE WHEN `l`.`staff_number`!=0 THEN (SELECT `display_name` FROM yc_staff_user WHERE `number`=`l`.`staff_number`) ELSE 0 END) AS staff_user,(CASE WHEN `w`.`plan_id`!=0 AND `l`.`type`=1 THEN (SELECT `name` FROM yc_work_plan WHERE `id`=`w`.`plan_id`) ELSE 0 END) AS `plan_name`,`l`.`remarks`,`l`.`call_result`,`l`.`create_time`,`w`.`type` AS `work_type` FROM yc_work_log AS `l` LEFT JOIN yc_work AS `w` ON `l`.`w_id`=`w`.`id` WHERE l.`w_id`=214 ORDER BY `l`.`id` DESC [ RunTime:0.020043s ]
---------------------------------------------------------------
[ 2019-04-03T14:51:26+08:00 ] 127.0.0.1 GET yunchi.cn/index/Index/main
[运行时间：0.358333s] [吞吐率：2.79req/s] [内存消耗：3,412.62kb] [文件加载：120]
[ info ] [ LANG ] /Applications/XAMPP/xamppfiles/htdocs/pension_project/thinkphp/lang/zh-cn.php
[ info ] [ ROUTE ] array (
  'type' => 'module',
  'module' => 
  array (
    0 => 'index',
    1 => 'Index',
    2 => 'main',
  ),
)
[ info ] [ HEADER ] array (
  'host' => 'yunchi.cn',
  'connection' => 'keep-alive',
  'upgrade-insecure-requests' => '1',
  'user-agent' => 'Mozilla/5.0 (Macintosh; Intel Mac OS X 10_13_6) AppleWebKit/537.36 (KHTML, like Gecko) Chrome/73.0.3683.86 Safari/537.36',
  'accept' => 'text/html,application/xhtml+xml,application/xml;q=0.9,image/webp,image/apng,*/*;q=0.8,application/signed-exchange;v=b3',
  'referer' => 'http://yunchi.cn/index/Index/index',
  'accept-encoding' => 'gzip, deflate',
  'accept-language' => 'zh-CN,zh;q=0.9',
  'cookie' => 'PHPSESSID=dad34a583e08784ea8d71642aa0c4794',
)
[ info ] [ PARAM ] array (
  '/index/Index/main' => '',
)
[ info ] [ SESSION ] INIT array (
  'id' => '',
  'var_session_id' => '',
  'prefix' => 'think',
  'type' => '',
  'auto_start' => true,
)
[ info ] [ RUN ] app\index\controller\Index->main[ /Applications/XAMPP/xamppfiles/htdocs/pension_project/application/index/controller/Index.php ]
[ info ] [ DB ] INIT mysql
[ info ] [ VIEW ] /Applications/XAMPP/xamppfiles/htdocs/pension_project/application/index/view/index/main.html [ array (
  0 => 'gency',
  1 => 'clientIntegral',
  2 => 'sumIntegralRecords',
  3 => 'birthday',
) ]
[ info ] [ LOG ] INIT File
[ sql ] [ DB ] CONNECT:[ UseTime:0.053455s ] mysql:host=101.89.115.24;port=3306;dbname=pension;charset=utf8
[ sql ] [ SQL ] SHOW COLUMNS FROM `yc_work` [ RunTime:0.016489s ]
[ sql ] [ SQL ] SELECT COUNT(*) AS tp_count FROM `yc_work` `w` LEFT JOIN `yc_client` `c` ON `w`.`client_id`=`c`.`id` LEFT JOIN `yc_staff_user` `s` ON `w`.`staff_number`=`s`.`number` WHERE  `type` IN (1,2,3) LIMIT 1 [ RunTime:0.037494s ]
[ sql ] [ SQL ] SELECT w.id,w.title,w.staff_number,w.plan_id,w.client_id,w.type,w.state,w.create_time,(case when w.plan_id!=0 then (select name from yc_work_plan where id=w.plan_id) else 0 end) as plan_title,(case when w.state=5 then (select concat_ws(";",call_result,create_time) from yc_work_log where w_id=w.id order by id desc limit 1) else 0 end) as work_log,c.name as userName,s.display_name FROM `yc_work` `w` LEFT JOIN `yc_client` `c` ON `w`.`client_id`=`c`.`id` LEFT JOIN `yc_staff_user` `s` ON `w`.`staff_number`=`s`.`number` WHERE  `type` IN (1,2,3) ORDER BY `w`.`id` DESC LIMIT 0,5 [ RunTime:0.031515s ]
[ sql ] [ SQL ] SELECT SUM(`integral`) AS integral,MAX(`integral`) AS max,MIN(`integral`) AS `min`,COUNT(`id`) AS total FROM yc_client [ RunTime:0.021723s ]
[ sql ] [ SQL ] SELECT `type`,SUM(`score`) AS score,COUNT(`id`) AS total FROM yc_integral  GROUP BY `type` [ RunTime:0.053529s ]
[ sql ] [ SQL ] SHOW COLUMNS FROM `yc_client` [ RunTime:0.085431s ]
[ sql ] [ SQL ] SELECT `birthday`,`id`,`name`,`head`,`age` FROM `yc_client` [ RunTime:0.031023s ]
[ error ] [8]未定义变量: arr[/Applications/XAMPP/xamppfiles/htdocs/pension_project/application/index/model/Main.php:194]
[ error ] [8]未定义变量: title[/Applications/XAMPP/xamppfiles/htdocs/pension_project/runtime/temp/b91db48711266ab571f6724bfca8e2eb.php:7]
---------------------------------------------------------------
[ 2019-04-03T14:51:27+08:00 ] 127.0.0.1 GET yunchi.cn/index/Index/main_echarts
[运行时间：0.489914s] [吞吐率：2.04req/s] [内存消耗：3,196.91kb] [文件加载：112]
[ info ] [ LANG ] /Applications/XAMPP/xamppfiles/htdocs/pension_project/thinkphp/lang/zh-cn.php
[ info ] [ ROUTE ] array (
  'type' => 'module',
  'module' => 
  array (
    0 => 'index',
    1 => 'Index',
    2 => 'main_echarts',
  ),
)
[ info ] [ HEADER ] array (
  'host' => 'yunchi.cn',
  'connection' => 'keep-alive',
  'accept' => '*/*',
  'x-requested-with' => 'XMLHttpRequest',
  'user-agent' => 'Mozilla/5.0 (Macintosh; Intel Mac OS X 10_13_6) AppleWebKit/537.36 (KHTML, like Gecko) Chrome/73.0.3683.86 Safari/537.36',
  'referer' => 'http://yunchi.cn/index/Index/main',
  'accept-encoding' => 'gzip, deflate',
  'accept-language' => 'zh-CN,zh;q=0.9',
  'cookie' => 'PHPSESSID=dad34a583e08784ea8d71642aa0c4794',
)
[ info ] [ PARAM ] array (
  '/index/Index/main_echarts' => '',
)
[ info ] [ SESSION ] INIT array (
  'id' => '',
  'var_session_id' => '',
  'prefix' => 'think',
  'type' => '',
  'auto_start' => true,
)
[ info ] [ RUN ] app\index\controller\Index->main_echarts[ /Applications/XAMPP/xamppfiles/htdocs/pension_project/application/index/controller/Index.php ]
[ info ] [ DB ] INIT mysql
[ info ] [ LOG ] INIT File
[ sql ] [ DB ] CONNECT:[ UseTime:0.029350s ] mysql:host=101.89.115.24;port=3306;dbname=pension;charset=utf8
[ sql ] [ SQL ] SHOW COLUMNS FROM `yc_work` [ RunTime:0.052793s ]
[ sql ] [ SQL ] SELECT count(id) as number,state FROM `yc_work` WHERE  `state` IN (1,2,3,4,5) GROUP BY `state` [ RunTime:0.068196s ]
[ sql ] [ SQL ] SELECT from_unixtime(create_time,'%Y-%m-%d') as name,count(id) as value FROM `yc_work` WHERE  `create_time` BETWEEN 1553702400 AND 1554307199 GROUP BY `name` [ RunTime:0.020186s ]
[ sql ] [ SQL ] SHOW COLUMNS FROM `yc_client` [ RunTime:0.029382s ]
[ sql ] [ SQL ] SELECT count(id) as number,sex FROM `yc_client` GROUP BY `sex` [ RunTime:0.093476s ]
[ sql ] [ SQL ] select name,count('id') as value from (select case when age<=59 then '60岁以下' when age>=60 and age<=69 then '60到69岁之间' when age>=70 and age<=79 then '70到79之间' when age>=80 and age<=89 then '80到89之间' when age>=90 then '90岁以上' end as name from yc_client )a group by name [ RunTime:0.055712s ]
[ sql ] [ SQL ] SHOW COLUMNS FROM `yc_client_group` [ RunTime:0.096764s ]
[ sql ] [ SQL ] SELECT a.name,count(b.cid) as value FROM yc_client_group a LEFT JOIN `yc_client_group_map` `b` ON `a`.`id`=`b`.`gid` GROUP BY `a`.`id` [ RunTime:0.018264s ]
