---------------------------------------------------------------
[ 2019-04-04T08:55:06+08:00 ] 127.0.0.1 GET yunchi.cn/server/Index/index
[运行时间：0.045906s] [吞吐率：21.78req/s] [内存消耗：1,900.98kb] [文件加载：101]
[ info ] [ LANG ] /Applications/XAMPP/xamppfiles/htdocs/pension_project/thinkphp/lang/zh-cn.php
[ info ] [ ROUTE ] array (
  'type' => 'module',
  'module' => 
  array (
    0 => 'server',
    1 => 'Index',
    2 => 'index',
  ),
)
[ info ] [ HEADER ] array (
  'host' => 'yunchi.cn',
  'connection' => 'keep-alive',
  'upgrade-insecure-requests' => '1',
  'user-agent' => 'Mozilla/5.0 (Macintosh; Intel Mac OS X 10_13_6) AppleWebKit/537.36 (KHTML, like Gecko) Chrome/73.0.3683.86 Safari/537.36',
  'accept' => 'text/html,application/xhtml+xml,application/xml;q=0.9,image/webp,image/apng,*/*;q=0.8,application/signed-exchange;v=b3',
  'referer' => 'http://yunchi.cn/server/Login/login',
  'accept-encoding' => 'gzip, deflate',
  'accept-language' => 'zh-CN,zh;q=0.9',
)
[ info ] [ PARAM ] array (
  '/server/Index/index' => '',
)
[ info ] [ SESSION ] INIT array (
  'id' => '',
  'var_session_id' => '',
  'prefix' => 'think',
  'type' => '',
  'auto_start' => true,
)
[ info ] [ LOG ] INIT File
---------------------------------------------------------------
[ 2019-04-04T08:55:06+08:00 ] 127.0.0.1 GET yunchi.cn/server/Login/login
[运行时间：0.021929s] [吞吐率：45.60req/s] [内存消耗：1,901.88kb] [文件加载：100]
[ info ] [ LANG ] /Applications/XAMPP/xamppfiles/htdocs/pension_project/thinkphp/lang/zh-cn.php
[ info ] [ ROUTE ] array (
  'type' => 'module',
  'module' => 
  array (
    0 => 'server',
    1 => 'Login',
    2 => 'login',
  ),
)
[ info ] [ HEADER ] array (
  'host' => 'yunchi.cn',
  'connection' => 'keep-alive',
  'upgrade-insecure-requests' => '1',
  'user-agent' => 'Mozilla/5.0 (Macintosh; Intel Mac OS X 10_13_6) AppleWebKit/537.36 (KHTML, like Gecko) Chrome/73.0.3683.86 Safari/537.36',
  'accept' => 'text/html,application/xhtml+xml,application/xml;q=0.9,image/webp,image/apng,*/*;q=0.8,application/signed-exchange;v=b3',
  'referer' => 'http://yunchi.cn/server/Login/login',
  'accept-encoding' => 'gzip, deflate',
  'accept-language' => 'zh-CN,zh;q=0.9',
  'cookie' => 'PHPSESSID=f41f4de613374f418591ed615a2f08a5',
)
[ info ] [ PARAM ] array (
  '/server/Login/login' => '',
)
[ info ] [ RUN ] app\server\controller\Login->login[ /Applications/XAMPP/xamppfiles/htdocs/pension_project/application/server/controller/Login.php ]
[ info ] [ VIEW ] /Applications/XAMPP/xamppfiles/htdocs/pension_project/application/server/view/login/login.html [ array (
  0 => 'title',
) ]
[ info ] [ LOG ] INIT File
---------------------------------------------------------------
[ 2019-04-04T08:55:07+08:00 ] 127.0.0.1 GET yunchi.cn/favicon.ico
[运行时间：0.021863s] [吞吐率：45.74req/s] [内存消耗：1,616.06kb] [文件加载：94]
[ info ] [ LANG ] /Applications/XAMPP/xamppfiles/htdocs/pension_project/thinkphp/lang/zh-cn.php
[ info ] [ ROUTE ] array (
  'type' => 'module',
  'module' => 
  array (
    0 => 'favicon.ico',
    1 => NULL,
    2 => NULL,
  ),
)
[ info ] [ HEADER ] array (
  'host' => 'yunchi.cn',
  'connection' => 'keep-alive',
  'user-agent' => 'Mozilla/5.0 (Macintosh; Intel Mac OS X 10_13_6) AppleWebKit/537.36 (KHTML, like Gecko) Chrome/73.0.3683.86 Safari/537.36',
  'accept' => 'image/webp,image/apng,image/*,*/*;q=0.8',
  'referer' => 'http://yunchi.cn/server/Login/login',
  'accept-encoding' => 'gzip, deflate',
  'accept-language' => 'zh-CN,zh;q=0.9',
  'cookie' => 'PHPSESSID=f41f4de613374f418591ed615a2f08a5',
)
[ info ] [ PARAM ] array (
  '/favicon_ico' => '',
)
[ info ] [ LOG ] INIT File
---------------------------------------------------------------
[ 2019-04-04T08:55:07+08:00 ] 127.0.0.1 GET yunchi.cn/index/Index/index
[运行时间：0.029859s] [吞吐率：33.49req/s] [内存消耗：1,913.22kb] [文件加载：101]
[ info ] [ LANG ] /Applications/XAMPP/xamppfiles/htdocs/pension_project/thinkphp/lang/zh-cn.php
[ info ] [ ROUTE ] array (
  'type' => 'module',
  'module' => 
  array (
    0 => 'index',
    1 => 'Index',
    2 => 'index',
  ),
)
[ info ] [ HEADER ] array (
  'host' => 'yunchi.cn',
  'connection' => 'keep-alive',
  'upgrade-insecure-requests' => '1',
  'user-agent' => 'Mozilla/5.0 (Macintosh; Intel Mac OS X 10_13_6) AppleWebKit/537.36 (KHTML, like Gecko) Chrome/73.0.3683.86 Safari/537.36',
  'accept' => 'text/html,application/xhtml+xml,application/xml;q=0.9,image/webp,image/apng,*/*;q=0.8,application/signed-exchange;v=b3',
  'referer' => 'http://yunchi.cn/index/Login/login',
  'accept-encoding' => 'gzip, deflate',
  'accept-language' => 'zh-CN,zh;q=0.9',
  'cookie' => 'PHPSESSID=f41f4de613374f418591ed615a2f08a5',
)
[ info ] [ PARAM ] array (
  '/index/Index/index' => '',
)
[ info ] [ SESSION ] INIT array (
  'id' => '',
  'var_session_id' => '',
  'prefix' => 'think',
  'type' => '',
  'auto_start' => true,
)
[ info ] [ LOG ] INIT File
---------------------------------------------------------------
[ 2019-04-04T08:55:07+08:00 ] 127.0.0.1 GET yunchi.cn/index/Login/login
[运行时间：0.022849s] [吞吐率：43.77req/s] [内存消耗：1,910.84kb] [文件加载：100]
[ info ] [ LANG ] /Applications/XAMPP/xamppfiles/htdocs/pension_project/thinkphp/lang/zh-cn.php
[ info ] [ ROUTE ] array (
  'type' => 'module',
  'module' => 
  array (
    0 => 'index',
    1 => 'Login',
    2 => 'login',
  ),
)
[ info ] [ HEADER ] array (
  'host' => 'yunchi.cn',
  'connection' => 'keep-alive',
  'upgrade-insecure-requests' => '1',
  'user-agent' => 'Mozilla/5.0 (Macintosh; Intel Mac OS X 10_13_6) AppleWebKit/537.36 (KHTML, like Gecko) Chrome/73.0.3683.86 Safari/537.36',
  'accept' => 'text/html,application/xhtml+xml,application/xml;q=0.9,image/webp,image/apng,*/*;q=0.8,application/signed-exchange;v=b3',
  'referer' => 'http://yunchi.cn/index/Login/login',
  'accept-encoding' => 'gzip, deflate',
  'accept-language' => 'zh-CN,zh;q=0.9',
  'cookie' => 'PHPSESSID=f41f4de613374f418591ed615a2f08a5',
)
[ info ] [ PARAM ] array (
  '/index/Login/login' => '',
)
[ info ] [ SESSION ] INIT array (
  'id' => '',
  'var_session_id' => '',
  'prefix' => 'think',
  'type' => '',
  'auto_start' => true,
)
[ info ] [ RUN ] app\index\controller\Login->login[ /Applications/XAMPP/xamppfiles/htdocs/pension_project/application/index/controller/Login.php ]
[ info ] [ VIEW ] /Applications/XAMPP/xamppfiles/htdocs/pension_project/application/index/view/login/login.html [ array (
  0 => 'title',
) ]
[ info ] [ LOG ] INIT File
---------------------------------------------------------------
[ 2019-04-04T09:45:05+08:00 ] 127.0.0.1 GET yunchi.cn/server/Login/login
[运行时间：0.021000s] [吞吐率：47.62req/s] [内存消耗：1,901.85kb] [文件加载：100]
[ info ] [ LANG ] /Applications/XAMPP/xamppfiles/htdocs/pension_project/thinkphp/lang/zh-cn.php
[ info ] [ ROUTE ] array (
  'type' => 'module',
  'module' => 
  array (
    0 => 'server',
    1 => 'Login',
    2 => 'login',
  ),
)
[ info ] [ HEADER ] array (
  'host' => 'yunchi.cn',
  'connection' => 'keep-alive',
  'upgrade-insecure-requests' => '1',
  'user-agent' => 'Mozilla/5.0 (Macintosh; Intel Mac OS X 10_13_6) AppleWebKit/537.36 (KHTML, like Gecko) Chrome/73.0.3683.86 Safari/537.36',
  'accept' => 'text/html,application/xhtml+xml,application/xml;q=0.9,image/webp,image/apng,*/*;q=0.8,application/signed-exchange;v=b3',
  'accept-encoding' => 'gzip, deflate',
  'accept-language' => 'zh-CN,zh;q=0.9',
  'cookie' => 'PHPSESSID=f41f4de613374f418591ed615a2f08a5',
)
[ info ] [ PARAM ] array (
  '/server/Login/login' => '',
)
[ info ] [ RUN ] app\server\controller\Login->login[ /Applications/XAMPP/xamppfiles/htdocs/pension_project/application/server/controller/Login.php ]
[ info ] [ VIEW ] /Applications/XAMPP/xamppfiles/htdocs/pension_project/application/server/view/login/login.html [ array (
  0 => 'title',
) ]
[ info ] [ LOG ] INIT File
---------------------------------------------------------------
[ 2019-04-04T15:31:53+08:00 ] 127.0.0.1 POST yunchi.cn/server/Login/checkLogin
[运行时间：0.114375s] [吞吐率：8.74req/s] [内存消耗：2,978.64kb] [文件加载：108]
[ info ] [ LANG ] /Applications/XAMPP/xamppfiles/htdocs/pension_project/thinkphp/lang/zh-cn.php
[ info ] [ ROUTE ] array (
  'type' => 'module',
  'module' => 
  array (
    0 => 'server',
    1 => 'Login',
    2 => 'checkLogin',
  ),
)
[ info ] [ HEADER ] array (
  'host' => 'yunchi.cn',
  'connection' => 'keep-alive',
  'content-length' => '27',
  'accept' => '*/*',
  'origin' => 'http://yunchi.cn',
  'x-requested-with' => 'XMLHttpRequest',
  'user-agent' => 'Mozilla/5.0 (Macintosh; Intel Mac OS X 10_13_6) AppleWebKit/537.36 (KHTML, like Gecko) Chrome/73.0.3683.86 Safari/537.36',
  'content-type' => 'application/x-www-form-urlencoded; charset=UTF-8',
  'referer' => 'http://yunchi.cn/server/Login/login',
  'accept-encoding' => 'gzip, deflate',
  'accept-language' => 'zh-CN,zh;q=0.9',
  'cookie' => 'PHPSESSID=f41f4de613374f418591ed615a2f08a5',
)
[ info ] [ PARAM ] array (
  '/server/Login/checkLogin' => '',
  'name' => 'yunchi',
  'password' => '123456',
)
[ info ] [ RUN ] app\server\controller\Login->checkLogin[ /Applications/XAMPP/xamppfiles/htdocs/pension_project/application/server/controller/Login.php ]
[ info ] [ DB ] INIT mysql
[ info ] [ SESSION ] INIT array (
  'id' => '',
  'var_session_id' => '',
  'prefix' => 'think',
  'type' => '',
  'auto_start' => true,
)
[ info ] [ LOG ] INIT File
[ sql ] [ DB ] CONNECT:[ UseTime:0.035104s ] mysql:host=101.89.115.24;port=3306;dbname=pension;charset=utf8
[ sql ] [ SQL ] SELECT `id`,`name`,`company`,`mobile` FROM yc_provider WHERE `name`='yunchi' AND `password`='81bf0687697f0165bd5629fca568acb0' [ RunTime:0.024336s ]
---------------------------------------------------------------
[ 2019-04-04T15:31:53+08:00 ] 127.0.0.1 GET yunchi.cn/server/Index/index
[运行时间：0.019766s] [吞吐率：50.59req/s] [内存消耗：2,286.23kb] [文件加载：107]
[ info ] [ LANG ] /Applications/XAMPP/xamppfiles/htdocs/pension_project/thinkphp/lang/zh-cn.php
[ info ] [ ROUTE ] array (
  'type' => 'module',
  'module' => 
  array (
    0 => 'server',
    1 => 'Index',
    2 => 'index',
  ),
)
[ info ] [ HEADER ] array (
  'host' => 'yunchi.cn',
  'connection' => 'keep-alive',
  'upgrade-insecure-requests' => '1',
  'user-agent' => 'Mozilla/5.0 (Macintosh; Intel Mac OS X 10_13_6) AppleWebKit/537.36 (KHTML, like Gecko) Chrome/73.0.3683.86 Safari/537.36',
  'accept' => 'text/html,application/xhtml+xml,application/xml;q=0.9,image/webp,image/apng,*/*;q=0.8,application/signed-exchange;v=b3',
  'referer' => 'http://yunchi.cn/server/Login/login',
  'accept-encoding' => 'gzip, deflate',
  'accept-language' => 'zh-CN,zh;q=0.9',
  'cookie' => 'PHPSESSID=f41f4de613374f418591ed615a2f08a5',
)
[ info ] [ PARAM ] array (
  '/server/Index/index' => '',
)
[ info ] [ SESSION ] INIT array (
  'id' => '',
  'var_session_id' => '',
  'prefix' => 'think',
  'type' => '',
  'auto_start' => true,
)
[ info ] [ RUN ] app\server\controller\Index->index[ /Applications/XAMPP/xamppfiles/htdocs/pension_project/application/server/controller/Index.php ]
[ info ] [ VIEW ] /Applications/XAMPP/xamppfiles/htdocs/pension_project/application/server/view/index/index.html [ array (
  0 => 'menu',
  1 => 'title',
) ]
[ info ] [ LOG ] INIT File
[ error ] [8]未定义数组索引: nodes[/Applications/XAMPP/xamppfiles/htdocs/pension_project/runtime/temp/5bdcace69d1ed0141766d91547e5085d.php:59]
[ error ] [8]未定义数组索引: nodes[/Applications/XAMPP/xamppfiles/htdocs/pension_project/runtime/temp/5bdcace69d1ed0141766d91547e5085d.php:59]
[ error ] [8]未定义数组索引: nodes[/Applications/XAMPP/xamppfiles/htdocs/pension_project/runtime/temp/5bdcace69d1ed0141766d91547e5085d.php:59]
---------------------------------------------------------------
[ 2019-04-04T15:31:54+08:00 ] 127.0.0.1 GET yunchi.cn/server/Index/main
[运行时间：0.017804s] [吞吐率：56.17req/s] [内存消耗：1,937.18kb] [文件加载：104]
[ info ] [ LANG ] /Applications/XAMPP/xamppfiles/htdocs/pension_project/thinkphp/lang/zh-cn.php
[ info ] [ ROUTE ] array (
  'type' => 'module',
  'module' => 
  array (
    0 => 'server',
    1 => 'Index',
    2 => 'main',
  ),
)
[ info ] [ HEADER ] array (
  'host' => 'yunchi.cn',
  'connection' => 'keep-alive',
  'upgrade-insecure-requests' => '1',
  'user-agent' => 'Mozilla/5.0 (Macintosh; Intel Mac OS X 10_13_6) AppleWebKit/537.36 (KHTML, like Gecko) Chrome/73.0.3683.86 Safari/537.36',
  'accept' => 'text/html,application/xhtml+xml,application/xml;q=0.9,image/webp,image/apng,*/*;q=0.8,application/signed-exchange;v=b3',
  'referer' => 'http://yunchi.cn/server/Index/index',
  'accept-encoding' => 'gzip, deflate',
  'accept-language' => 'zh-CN,zh;q=0.9',
  'cookie' => 'PHPSESSID=f41f4de613374f418591ed615a2f08a5',
)
[ info ] [ PARAM ] array (
  '/server/Index/main' => '',
)
[ info ] [ SESSION ] INIT array (
  'id' => '',
  'var_session_id' => '',
  'prefix' => 'think',
  'type' => '',
  'auto_start' => true,
)
[ info ] [ RUN ] app\server\controller\Index->main[ /Applications/XAMPP/xamppfiles/htdocs/pension_project/application/server/controller/Index.php ]
[ info ] [ VIEW ] /Applications/XAMPP/xamppfiles/htdocs/pension_project/application/server/view/index/main.html [ array (
) ]
[ info ] [ LOG ] INIT File
[ error ] [8]未定义变量: title[/Applications/XAMPP/xamppfiles/htdocs/pension_project/runtime/temp/cc2ae653de3e86cd9ed5bc94893bdfe2.php:7]
