---------------------------------------------------------------
[ 2019-01-30T08:38:37+08:00 ] 127.0.0.1 GET yunchi.cn/index/Index/index
[运行时间：0.037412s] [吞吐率：26.73req/s] [内存消耗：1,879.56kb] [文件加载：101]
[ info ] [ LANG ] /Applications/XAMPP/xamppfiles/htdocs/pension_project/thinkphp/lang/zh-cn.php
[ info ] [ ROUTE ] array (
  'type' => 'module',
  'module' => 
  array (
    0 => 'index',
    1 => 'Index',
    2 => 'index',
  ),
)
[ info ] [ HEADER ] array (
  'host' => 'yunchi.cn',
  'connection' => 'keep-alive',
  'upgrade-insecure-requests' => '1',
  'user-agent' => 'Mozilla/5.0 (Macintosh; Intel Mac OS X 10_13_6) AppleWebKit/537.36 (KHTML, like Gecko) Chrome/71.0.3578.98 Safari/537.36',
  'accept' => 'text/html,application/xhtml+xml,application/xml;q=0.9,image/webp,image/apng,*/*;q=0.8',
  'referer' => 'http://yunchi.cn/index/Login/login',
  'accept-encoding' => 'gzip, deflate',
  'accept-language' => 'zh-CN,zh;q=0.9',
)
[ info ] [ PARAM ] array (
  '/index/Index/index' => '',
)
[ info ] [ SESSION ] INIT array (
  'id' => '',
  'var_session_id' => '',
  'prefix' => 'think',
  'type' => '',
  'auto_start' => true,
)
[ info ] [ LOG ] INIT File
---------------------------------------------------------------
[ 2019-01-30T08:38:37+08:00 ] 127.0.0.1 GET yunchi.cn/index/Login/login
[运行时间：0.017658s] [吞吐率：56.63req/s] [内存消耗：1,888.15kb] [文件加载：100]
[ info ] [ LANG ] /Applications/XAMPP/xamppfiles/htdocs/pension_project/thinkphp/lang/zh-cn.php
[ info ] [ ROUTE ] array (
  'type' => 'module',
  'module' => 
  array (
    0 => 'index',
    1 => 'Login',
    2 => 'login',
  ),
)
[ info ] [ HEADER ] array (
  'host' => 'yunchi.cn',
  'connection' => 'keep-alive',
  'upgrade-insecure-requests' => '1',
  'user-agent' => 'Mozilla/5.0 (Macintosh; Intel Mac OS X 10_13_6) AppleWebKit/537.36 (KHTML, like Gecko) Chrome/71.0.3578.98 Safari/537.36',
  'accept' => 'text/html,application/xhtml+xml,application/xml;q=0.9,image/webp,image/apng,*/*;q=0.8',
  'referer' => 'http://yunchi.cn/index/Login/login',
  'accept-encoding' => 'gzip, deflate',
  'accept-language' => 'zh-CN,zh;q=0.9',
  'cookie' => 'PHPSESSID=3b0d74e4317500094569f7fb9faad11a',
)
[ info ] [ PARAM ] array (
  '/index/Login/login' => '',
)
[ info ] [ SESSION ] INIT array (
  'id' => '',
  'var_session_id' => '',
  'prefix' => 'think',
  'type' => '',
  'auto_start' => true,
)
[ info ] [ RUN ] app\index\controller\Login->login[ /Applications/XAMPP/xamppfiles/htdocs/pension_project/application/index/controller/Login.php ]
[ info ] [ VIEW ] /Applications/XAMPP/xamppfiles/htdocs/pension_project/application/index/view/login/login.html [ array (
  0 => 'title',
) ]
[ info ] [ LOG ] INIT File
---------------------------------------------------------------
[ 2019-01-30T08:38:37+08:00 ] 127.0.0.1 GET yunchi.cn/favicon.ico
[运行时间：0.017546s] [吞吐率：56.99req/s] [内存消耗：1,593.59kb] [文件加载：94]
[ info ] [ LANG ] /Applications/XAMPP/xamppfiles/htdocs/pension_project/thinkphp/lang/zh-cn.php
[ info ] [ ROUTE ] array (
  'type' => 'module',
  'module' => 
  array (
    0 => 'favicon.ico',
    1 => NULL,
    2 => NULL,
  ),
)
[ info ] [ HEADER ] array (
  'host' => 'yunchi.cn',
  'connection' => 'keep-alive',
  'user-agent' => 'Mozilla/5.0 (Macintosh; Intel Mac OS X 10_13_6) AppleWebKit/537.36 (KHTML, like Gecko) Chrome/71.0.3578.98 Safari/537.36',
  'accept' => 'image/webp,image/apng,image/*,*/*;q=0.8',
  'referer' => 'http://yunchi.cn/index/Login/login',
  'accept-encoding' => 'gzip, deflate',
  'accept-language' => 'zh-CN,zh;q=0.9',
  'cookie' => 'PHPSESSID=3b0d74e4317500094569f7fb9faad11a',
)
[ info ] [ PARAM ] array (
  '/favicon_ico' => '',
)
[ info ] [ LOG ] INIT File
---------------------------------------------------------------
[ 2019-01-30T09:27:33+08:00 ] 127.0.0.1 GET yunchi.cn/index/Login/login
[运行时间：0.040388s] [吞吐率：24.76req/s] [内存消耗：1,887.63kb] [文件加载：100]
[ info ] [ LANG ] /Applications/XAMPP/xamppfiles/htdocs/pension_project/thinkphp/lang/zh-cn.php
[ info ] [ ROUTE ] array (
  'type' => 'module',
  'module' => 
  array (
    0 => 'index',
    1 => 'Login',
    2 => 'login',
  ),
)
[ info ] [ HEADER ] array (
  'host' => 'yunchi.cn',
  'connection' => 'keep-alive',
  'cache-control' => 'max-age=0',
  'upgrade-insecure-requests' => '1',
  'user-agent' => 'Mozilla/5.0 (Macintosh; Intel Mac OS X 10_13_6) AppleWebKit/537.36 (KHTML, like Gecko) Chrome/72.0.3626.81 Safari/537.36',
  'accept' => 'text/html,application/xhtml+xml,application/xml;q=0.9,image/webp,image/apng,*/*;q=0.8',
  'accept-encoding' => 'gzip, deflate',
  'accept-language' => 'zh-CN,zh;q=0.9',
)
[ info ] [ PARAM ] array (
  '/index/Login/login' => '',
)
[ info ] [ SESSION ] INIT array (
  'id' => '',
  'var_session_id' => '',
  'prefix' => 'think',
  'type' => '',
  'auto_start' => true,
)
[ info ] [ RUN ] app\index\controller\Login->login[ /Applications/XAMPP/xamppfiles/htdocs/pension_project/application/index/controller/Login.php ]
[ info ] [ VIEW ] /Applications/XAMPP/xamppfiles/htdocs/pension_project/application/index/view/login/login.html [ array (
  0 => 'title',
) ]
[ info ] [ LOG ] INIT File
---------------------------------------------------------------
[ 2019-01-30T09:27:33+08:00 ] 127.0.0.1 GET yunchi.cn/favicon.ico
[运行时间：0.019270s] [吞吐率：51.89req/s] [内存消耗：1,594.63kb] [文件加载：94]
[ info ] [ LANG ] /Applications/XAMPP/xamppfiles/htdocs/pension_project/thinkphp/lang/zh-cn.php
[ info ] [ ROUTE ] array (
  'type' => 'module',
  'module' => 
  array (
    0 => 'favicon.ico',
    1 => NULL,
    2 => NULL,
  ),
)
[ info ] [ HEADER ] array (
  'host' => 'yunchi.cn',
  'connection' => 'keep-alive',
  'pragma' => 'no-cache',
  'cache-control' => 'no-cache',
  'user-agent' => 'Mozilla/5.0 (Macintosh; Intel Mac OS X 10_13_6) AppleWebKit/537.36 (KHTML, like Gecko) Chrome/72.0.3626.81 Safari/537.36',
  'accept' => 'image/webp,image/apng,image/*,*/*;q=0.8',
  'referer' => 'http://yunchi.cn/index/Login/login',
  'accept-encoding' => 'gzip, deflate',
  'accept-language' => 'zh-CN,zh;q=0.9',
  'cookie' => 'PHPSESSID=f00af520f51c27bfe75e55480856994f',
)
[ info ] [ PARAM ] array (
  '/favicon_ico' => '',
)
[ info ] [ LOG ] INIT File
---------------------------------------------------------------
[ 2019-01-30T09:27:43+08:00 ] 127.0.0.1 POST yunchi.cn/index/Login/checkLogin
[运行时间：0.064849s] [吞吐率：15.42req/s] [内存消耗：2,437.84kb] [文件加载：106]
[ info ] [ LANG ] /Applications/XAMPP/xamppfiles/htdocs/pension_project/thinkphp/lang/zh-cn.php
[ info ] [ ROUTE ] array (
  'type' => 'module',
  'module' => 
  array (
    0 => 'index',
    1 => 'Login',
    2 => 'checkLogin',
  ),
)
[ info ] [ HEADER ] array (
  'host' => 'yunchi.cn',
  'connection' => 'keep-alive',
  'content-length' => '33',
  'accept' => '*/*',
  'origin' => 'http://yunchi.cn',
  'x-requested-with' => 'XMLHttpRequest',
  'user-agent' => 'Mozilla/5.0 (Macintosh; Intel Mac OS X 10_13_6) AppleWebKit/537.36 (KHTML, like Gecko) Chrome/72.0.3626.81 Safari/537.36',
  'content-type' => 'application/x-www-form-urlencoded; charset=UTF-8',
  'referer' => 'http://yunchi.cn/index/Login/login',
  'accept-encoding' => 'gzip, deflate',
  'accept-language' => 'zh-CN,zh;q=0.9',
  'cookie' => 'PHPSESSID=f00af520f51c27bfe75e55480856994f',
)
[ info ] [ PARAM ] array (
  '/index/Login/checkLogin' => '',
  'name' => 'admin',
  'password' => '123456',
  'type' => '0',
)
[ info ] [ SESSION ] INIT array (
  'id' => '',
  'var_session_id' => '',
  'prefix' => 'think',
  'type' => '',
  'auto_start' => true,
)
[ info ] [ RUN ] app\index\controller\Login->checkLogin[ /Applications/XAMPP/xamppfiles/htdocs/pension_project/application/index/controller/Login.php ]
[ info ] [ DB ] INIT mysql
[ info ] [ LOG ] INIT File
[ sql ] [ DB ] CONNECT:[ UseTime:0.023910s ] mysql:host=101.89.115.24;port=3306;dbname=pension;charset=utf8
[ sql ] [ SQL ] SELECT `id`,`name`,`mobile`,`email`,`r_id`,`is_super`,`remarks`,`create_time` FROM yc_user WHERE `name`='admin' AND `password`='81bf0687697f0165bd5629fca568acb0' [ RunTime:0.014536s ]
---------------------------------------------------------------
[ 2019-01-30T09:27:43+08:00 ] 127.0.0.1 GET yunchi.cn/index/Index/index
[运行时间：0.082837s] [吞吐率：12.07req/s] [内存消耗：2,637.72kb] [文件加载：113]
[ info ] [ LANG ] /Applications/XAMPP/xamppfiles/htdocs/pension_project/thinkphp/lang/zh-cn.php
[ info ] [ ROUTE ] array (
  'type' => 'module',
  'module' => 
  array (
    0 => 'index',
    1 => 'Index',
    2 => 'index',
  ),
)
[ info ] [ HEADER ] array (
  'host' => 'yunchi.cn',
  'connection' => 'keep-alive',
  'upgrade-insecure-requests' => '1',
  'user-agent' => 'Mozilla/5.0 (Macintosh; Intel Mac OS X 10_13_6) AppleWebKit/537.36 (KHTML, like Gecko) Chrome/72.0.3626.81 Safari/537.36',
  'accept' => 'text/html,application/xhtml+xml,application/xml;q=0.9,image/webp,image/apng,*/*;q=0.8',
  'referer' => 'http://yunchi.cn/index/Login/login',
  'accept-encoding' => 'gzip, deflate',
  'accept-language' => 'zh-CN,zh;q=0.9',
  'cookie' => 'PHPSESSID=f00af520f51c27bfe75e55480856994f',
)
[ info ] [ PARAM ] array (
  '/index/Index/index' => '',
)
[ info ] [ SESSION ] INIT array (
  'id' => '',
  'var_session_id' => '',
  'prefix' => 'think',
  'type' => '',
  'auto_start' => true,
)
[ info ] [ RUN ] app\index\controller\Index->index[ /Applications/XAMPP/xamppfiles/htdocs/pension_project/application/index/controller/Index.php ]
[ info ] [ DB ] INIT mysql
[ info ] [ VIEW ] /Applications/XAMPP/xamppfiles/htdocs/pension_project/application/index/view/index/index.html [ array (
  0 => 'menu',
  1 => 'title',
) ]
[ info ] [ LOG ] INIT File
[ sql ] [ DB ] CONNECT:[ UseTime:0.023588s ] mysql:host=101.89.115.24;port=3306;dbname=pension;charset=utf8
[ sql ] [ SQL ] SELECT `name`,`remarks`,`m_id`,`r_status` FROM yc_role WHERE `id`=0 [ RunTime:0.016396s ]
[ sql ] [ SQL ] SELECT `id`,`name`,`url`,`icon`,`pid`,`level`,`m_status`,`weight`,`create_time` FROM yc_menu  WHERE  `m_status`=1 ORDER BY `weight` ASC,`id` ASC [ RunTime:0.015908s ]
[ error ] [8]未定义数组下标: 0[/Applications/XAMPP/xamppfiles/htdocs/pension_project/application/index/model/Role.php:49]
---------------------------------------------------------------
[ 2019-01-30T09:27:43+08:00 ] 127.0.0.1 GET yunchi.cn/index/Index/main
[运行时间：0.015997s] [吞吐率：62.51req/s] [内存消耗：1,917.80kb] [文件加载：104]
[ info ] [ LANG ] /Applications/XAMPP/xamppfiles/htdocs/pension_project/thinkphp/lang/zh-cn.php
[ info ] [ ROUTE ] array (
  'type' => 'module',
  'module' => 
  array (
    0 => 'index',
    1 => 'Index',
    2 => 'main',
  ),
)
[ info ] [ HEADER ] array (
  'host' => 'yunchi.cn',
  'connection' => 'keep-alive',
  'upgrade-insecure-requests' => '1',
  'user-agent' => 'Mozilla/5.0 (Macintosh; Intel Mac OS X 10_13_6) AppleWebKit/537.36 (KHTML, like Gecko) Chrome/72.0.3626.81 Safari/537.36',
  'accept' => 'text/html,application/xhtml+xml,application/xml;q=0.9,image/webp,image/apng,*/*;q=0.8',
  'referer' => 'http://yunchi.cn/index/Index/index',
  'accept-encoding' => 'gzip, deflate',
  'accept-language' => 'zh-CN,zh;q=0.9',
  'cookie' => 'PHPSESSID=f00af520f51c27bfe75e55480856994f',
)
[ info ] [ PARAM ] array (
  '/index/Index/main' => '',
)
[ info ] [ SESSION ] INIT array (
  'id' => '',
  'var_session_id' => '',
  'prefix' => 'think',
  'type' => '',
  'auto_start' => true,
)
[ info ] [ RUN ] app\index\controller\Index->main[ /Applications/XAMPP/xamppfiles/htdocs/pension_project/application/index/controller/Index.php ]
[ info ] [ VIEW ] /Applications/XAMPP/xamppfiles/htdocs/pension_project/application/index/view/index/main.html [ array (
) ]
[ info ] [ LOG ] INIT File
[ error ] [8]未定义变量: title[/Applications/XAMPP/xamppfiles/htdocs/pension_project/runtime/temp/b91db48711266ab571f6724bfca8e2eb.php:7]
---------------------------------------------------------------
[ 2019-01-30T09:32:02+08:00 ] 127.0.0.1 GET yunchi.cn/index/Index/index
[运行时间：0.099297s] [吞吐率：10.07req/s] [内存消耗：2,638.55kb] [文件加载：113]
[ info ] [ LANG ] /Applications/XAMPP/xamppfiles/htdocs/pension_project/thinkphp/lang/zh-cn.php
[ info ] [ ROUTE ] array (
  'type' => 'module',
  'module' => 
  array (
    0 => 'index',
    1 => 'Index',
    2 => 'index',
  ),
)
[ info ] [ HEADER ] array (
  'host' => 'yunchi.cn',
  'connection' => 'keep-alive',
  'cache-control' => 'max-age=0',
  'upgrade-insecure-requests' => '1',
  'user-agent' => 'Mozilla/5.0 (Macintosh; Intel Mac OS X 10_13_6) AppleWebKit/537.36 (KHTML, like Gecko) Chrome/72.0.3626.81 Safari/537.36',
  'accept' => 'text/html,application/xhtml+xml,application/xml;q=0.9,image/webp,image/apng,*/*;q=0.8',
  'referer' => 'http://yunchi.cn/index/Login/login',
  'accept-encoding' => 'gzip, deflate',
  'accept-language' => 'zh-CN,zh;q=0.9',
  'cookie' => 'PHPSESSID=f00af520f51c27bfe75e55480856994f',
)
[ info ] [ PARAM ] array (
  '/index/Index/index' => '',
)
[ info ] [ SESSION ] INIT array (
  'id' => '',
  'var_session_id' => '',
  'prefix' => 'think',
  'type' => '',
  'auto_start' => true,
)
[ info ] [ RUN ] app\index\controller\Index->index[ /Applications/XAMPP/xamppfiles/htdocs/pension_project/application/index/controller/Index.php ]
[ info ] [ DB ] INIT mysql
[ info ] [ VIEW ] /Applications/XAMPP/xamppfiles/htdocs/pension_project/application/index/view/index/index.html [ array (
  0 => 'menu',
  1 => 'title',
) ]
[ info ] [ LOG ] INIT File
[ sql ] [ DB ] CONNECT:[ UseTime:0.044668s ] mysql:host=101.89.115.24;port=3306;dbname=pension;charset=utf8
[ sql ] [ SQL ] SELECT `name`,`remarks`,`m_id`,`r_status` FROM yc_role WHERE `id`=0 [ RunTime:0.014392s ]
[ sql ] [ SQL ] SELECT `id`,`name`,`url`,`icon`,`pid`,`level`,`m_status`,`weight`,`create_time` FROM yc_menu  WHERE  `m_status`=1 ORDER BY `weight` ASC,`id` ASC [ RunTime:0.015323s ]
[ error ] [8]未定义数组下标: 0[/Applications/XAMPP/xamppfiles/htdocs/pension_project/application/index/model/Role.php:49]
---------------------------------------------------------------
[ 2019-01-30T09:32:02+08:00 ] 127.0.0.1 GET yunchi.cn/index/Index/main
[运行时间：0.018664s] [吞吐率：53.58req/s] [内存消耗：1,918.38kb] [文件加载：104]
[ info ] [ LANG ] /Applications/XAMPP/xamppfiles/htdocs/pension_project/thinkphp/lang/zh-cn.php
[ info ] [ ROUTE ] array (
  'type' => 'module',
  'module' => 
  array (
    0 => 'index',
    1 => 'Index',
    2 => 'main',
  ),
)
[ info ] [ HEADER ] array (
  'host' => 'yunchi.cn',
  'connection' => 'keep-alive',
  'upgrade-insecure-requests' => '1',
  'user-agent' => 'Mozilla/5.0 (Macintosh; Intel Mac OS X 10_13_6) AppleWebKit/537.36 (KHTML, like Gecko) Chrome/72.0.3626.81 Safari/537.36',
  'accept' => 'text/html,application/xhtml+xml,application/xml;q=0.9,image/webp,image/apng,*/*;q=0.8',
  'referer' => 'http://yunchi.cn/index/Index/index',
  'accept-encoding' => 'gzip, deflate',
  'accept-language' => 'zh-CN,zh;q=0.9',
  'cookie' => 'PHPSESSID=f00af520f51c27bfe75e55480856994f',
)
[ info ] [ PARAM ] array (
  '/index/Index/main' => '',
)
[ info ] [ SESSION ] INIT array (
  'id' => '',
  'var_session_id' => '',
  'prefix' => 'think',
  'type' => '',
  'auto_start' => true,
)
[ info ] [ RUN ] app\index\controller\Index->main[ /Applications/XAMPP/xamppfiles/htdocs/pension_project/application/index/controller/Index.php ]
[ info ] [ VIEW ] /Applications/XAMPP/xamppfiles/htdocs/pension_project/application/index/view/index/main.html [ array (
) ]
[ info ] [ LOG ] INIT File
[ error ] [8]未定义变量: title[/Applications/XAMPP/xamppfiles/htdocs/pension_project/runtime/temp/b91db48711266ab571f6724bfca8e2eb.php:7]
---------------------------------------------------------------
[ 2019-01-30T09:35:27+08:00 ] 127.0.0.1 GET yunchi.cn/index/Index/index
[运行时间：0.078446s] [吞吐率：12.75req/s] [内存消耗：2,637.97kb] [文件加载：113]
[ info ] [ LANG ] /Applications/XAMPP/xamppfiles/htdocs/pension_project/thinkphp/lang/zh-cn.php
[ info ] [ ROUTE ] array (
  'type' => 'module',
  'module' => 
  array (
    0 => 'index',
    1 => 'Index',
    2 => 'index',
  ),
)
[ info ] [ HEADER ] array (
  'host' => 'yunchi.cn',
  'connection' => 'keep-alive',
  'cache-control' => 'max-age=0',
  'upgrade-insecure-requests' => '1',
  'user-agent' => 'Mozilla/5.0 (Macintosh; Intel Mac OS X 10_13_6) AppleWebKit/537.36 (KHTML, like Gecko) Chrome/72.0.3626.81 Safari/537.36',
  'accept' => 'text/html,application/xhtml+xml,application/xml;q=0.9,image/webp,image/apng,*/*;q=0.8',
  'referer' => 'http://yunchi.cn/index/Login/login',
  'accept-encoding' => 'gzip, deflate',
  'accept-language' => 'zh-CN,zh;q=0.9',
  'cookie' => 'PHPSESSID=f00af520f51c27bfe75e55480856994f',
)
[ info ] [ PARAM ] array (
  '/index/Index/index' => '',
)
[ info ] [ SESSION ] INIT array (
  'id' => '',
  'var_session_id' => '',
  'prefix' => 'think',
  'type' => '',
  'auto_start' => true,
)
[ info ] [ RUN ] app\index\controller\Index->index[ /Applications/XAMPP/xamppfiles/htdocs/pension_project/application/index/controller/Index.php ]
[ info ] [ DB ] INIT mysql
[ info ] [ VIEW ] /Applications/XAMPP/xamppfiles/htdocs/pension_project/application/index/view/index/index.html [ array (
  0 => 'menu',
  1 => 'title',
) ]
[ info ] [ LOG ] INIT File
[ sql ] [ DB ] CONNECT:[ UseTime:0.024106s ] mysql:host=101.89.115.24;port=3306;dbname=pension;charset=utf8
[ sql ] [ SQL ] SELECT `name`,`remarks`,`m_id`,`r_status` FROM yc_role WHERE `id`=0 [ RunTime:0.015107s ]
[ sql ] [ SQL ] SELECT `id`,`name`,`url`,`icon`,`pid`,`level`,`m_status`,`weight`,`create_time` FROM yc_menu  WHERE  `m_status`=1 ORDER BY `weight` ASC,`id` ASC [ RunTime:0.014681s ]
[ error ] [8]未定义数组下标: 0[/Applications/XAMPP/xamppfiles/htdocs/pension_project/application/index/model/Role.php:49]
---------------------------------------------------------------
[ 2019-01-30T09:35:27+08:00 ] 127.0.0.1 GET yunchi.cn/index/Index/main
[运行时间：0.015756s] [吞吐率：63.47req/s] [内存消耗：1,917.80kb] [文件加载：104]
[ info ] [ LANG ] /Applications/XAMPP/xamppfiles/htdocs/pension_project/thinkphp/lang/zh-cn.php
[ info ] [ ROUTE ] array (
  'type' => 'module',
  'module' => 
  array (
    0 => 'index',
    1 => 'Index',
    2 => 'main',
  ),
)
[ info ] [ HEADER ] array (
  'host' => 'yunchi.cn',
  'connection' => 'keep-alive',
  'upgrade-insecure-requests' => '1',
  'user-agent' => 'Mozilla/5.0 (Macintosh; Intel Mac OS X 10_13_6) AppleWebKit/537.36 (KHTML, like Gecko) Chrome/72.0.3626.81 Safari/537.36',
  'accept' => 'text/html,application/xhtml+xml,application/xml;q=0.9,image/webp,image/apng,*/*;q=0.8',
  'referer' => 'http://yunchi.cn/index/Index/index',
  'accept-encoding' => 'gzip, deflate',
  'accept-language' => 'zh-CN,zh;q=0.9',
  'cookie' => 'PHPSESSID=f00af520f51c27bfe75e55480856994f',
)
[ info ] [ PARAM ] array (
  '/index/Index/main' => '',
)
[ info ] [ SESSION ] INIT array (
  'id' => '',
  'var_session_id' => '',
  'prefix' => 'think',
  'type' => '',
  'auto_start' => true,
)
[ info ] [ RUN ] app\index\controller\Index->main[ /Applications/XAMPP/xamppfiles/htdocs/pension_project/application/index/controller/Index.php ]
[ info ] [ VIEW ] /Applications/XAMPP/xamppfiles/htdocs/pension_project/application/index/view/index/main.html [ array (
) ]
[ info ] [ LOG ] INIT File
[ error ] [8]未定义变量: title[/Applications/XAMPP/xamppfiles/htdocs/pension_project/runtime/temp/b91db48711266ab571f6724bfca8e2eb.php:7]
---------------------------------------------------------------
[ 2019-01-30T11:40:03+08:00 ] 127.0.0.1 GET yunchi.cn/index/works/plan
[运行时间：0.101585s] [吞吐率：9.84req/s] [内存消耗：3,213.32kb] [文件加载：118]
[ info ] [ LANG ] /Applications/XAMPP/xamppfiles/htdocs/pension_project/thinkphp/lang/zh-cn.php
[ info ] [ ROUTE ] array (
  'type' => 'module',
  'module' => 
  array (
    0 => 'index',
    1 => 'works',
    2 => 'plan',
  ),
)
[ info ] [ HEADER ] array (
  'host' => 'yunchi.cn',
  'connection' => 'keep-alive',
  'upgrade-insecure-requests' => '1',
  'user-agent' => 'Mozilla/5.0 (Macintosh; Intel Mac OS X 10_13_6) AppleWebKit/537.36 (KHTML, like Gecko) Chrome/72.0.3626.81 Safari/537.36',
  'accept' => 'text/html,application/xhtml+xml,application/xml;q=0.9,image/webp,image/apng,*/*;q=0.8',
  'referer' => 'http://yunchi.cn/index/Index/index',
  'accept-encoding' => 'gzip, deflate',
  'accept-language' => 'zh-CN,zh;q=0.9',
  'cookie' => 'PHPSESSID=f00af520f51c27bfe75e55480856994f',
)
[ info ] [ PARAM ] array (
  '/index/works/plan' => '',
)
[ info ] [ SESSION ] INIT array (
  'id' => '',
  'var_session_id' => '',
  'prefix' => 'think',
  'type' => '',
  'auto_start' => true,
)
[ info ] [ RUN ] app\index\controller\Works->plan[ /Applications/XAMPP/xamppfiles/htdocs/pension_project/application/index/controller/Works.php ]
[ info ] [ DB ] INIT mysql
[ info ] [ VIEW ] /Applications/XAMPP/xamppfiles/htdocs/pension_project/application/index/view/works/plan.html [ array (
  0 => 'work',
) ]
[ info ] [ LOG ] INIT File
[ sql ] [ DB ] CONNECT:[ UseTime:0.024088s ] mysql:host=101.89.115.24;port=3306;dbname=pension;charset=utf8
[ sql ] [ SQL ] SHOW COLUMNS FROM `yc_work_plan` [ RunTime:0.014168s ]
[ sql ] [ SQL ] SELECT COUNT(*) AS tp_count FROM ( SELECT count(*) FROM `yc_work_plan` `p` INNER JOIN `yc_work` `w` ON `p`.`id`=`w`.`pid` GROUP BY `p`.`id` ) `_group_count_` LIMIT 1 [ RunTime:0.015070s ]
[ sql ] [ SQL ] SELECT p.*,count(w.id) as num FROM `yc_work_plan` `p` INNER JOIN `yc_work` `w` ON `p`.`id`=`w`.`pid` GROUP BY `p`.`id` ORDER BY `id` DESC LIMIT 0,30 [ RunTime:0.014324s ]
[ error ] [8]未定义变量: title[/Applications/XAMPP/xamppfiles/htdocs/pension_project/runtime/temp/a73c2cd1d90293e722f907806faf8c33.php:7]
---------------------------------------------------------------
[ 2019-01-30T11:40:05+08:00 ] 127.0.0.1 GET yunchi.cn/index/works/work
[运行时间：0.112280s] [吞吐率：8.91req/s] [内存消耗：3,361.31kb] [文件加载：118]
[ info ] [ LANG ] /Applications/XAMPP/xamppfiles/htdocs/pension_project/thinkphp/lang/zh-cn.php
[ info ] [ ROUTE ] array (
  'type' => 'module',
  'module' => 
  array (
    0 => 'index',
    1 => 'works',
    2 => 'work',
  ),
)
[ info ] [ HEADER ] array (
  'host' => 'yunchi.cn',
  'connection' => 'keep-alive',
  'upgrade-insecure-requests' => '1',
  'user-agent' => 'Mozilla/5.0 (Macintosh; Intel Mac OS X 10_13_6) AppleWebKit/537.36 (KHTML, like Gecko) Chrome/72.0.3626.81 Safari/537.36',
  'accept' => 'text/html,application/xhtml+xml,application/xml;q=0.9,image/webp,image/apng,*/*;q=0.8',
  'referer' => 'http://yunchi.cn/index/Index/index',
  'accept-encoding' => 'gzip, deflate',
  'accept-language' => 'zh-CN,zh;q=0.9',
  'cookie' => 'PHPSESSID=f00af520f51c27bfe75e55480856994f',
)
[ info ] [ PARAM ] array (
  '/index/works/work' => '',
)
[ info ] [ SESSION ] INIT array (
  'id' => '',
  'var_session_id' => '',
  'prefix' => 'think',
  'type' => '',
  'auto_start' => true,
)
[ info ] [ RUN ] app\index\controller\Works->work[ /Applications/XAMPP/xamppfiles/htdocs/pension_project/application/index/controller/Works.php ]
[ info ] [ DB ] INIT mysql
[ info ] [ VIEW ] /Applications/XAMPP/xamppfiles/htdocs/pension_project/application/index/view/works/work.html [ array (
  0 => 'work',
  1 => 'staff',
) ]
[ info ] [ LOG ] INIT File
[ sql ] [ DB ] CONNECT:[ UseTime:0.020312s ] mysql:host=101.89.115.24;port=3306;dbname=pension;charset=utf8
[ sql ] [ SQL ] SELECT `id`,`display_name` FROM yc_staff_user [ RunTime:0.013580s ]
[ sql ] [ SQL ] SHOW COLUMNS FROM `yc_work` [ RunTime:0.014278s ]
[ sql ] [ SQL ] SELECT COUNT(*) AS tp_count FROM `yc_work` `w` LEFT JOIN `yc_work_plan` `p` ON `w`.`pid`=`p`.`id` LEFT JOIN `yc_staff_user` `s` ON `w`.`sid`=`s`.`id` LEFT JOIN `yc_client` `u` ON `w`.`uid`=`u`.`id` WHERE  `p`.`state` = 1  AND `work_type` = 4 LIMIT 1 [ RunTime:0.014158s ]
[ sql ] [ SQL ] SELECT `w`.`id`,`w`.`create_time`,p.start_time as start,p.end_time as end,`w`.`state`,`s`.`work_number`,s.display_name as sname,u.name as uname,`w`.`type`,`w`.`end_time`,p.name as pname FROM `yc_work` `w` LEFT JOIN `yc_work_plan` `p` ON `w`.`pid`=`p`.`id` LEFT JOIN `yc_staff_user` `s` ON `w`.`sid`=`s`.`id` LEFT JOIN `yc_client` `u` ON `w`.`uid`=`u`.`id` WHERE  `p`.`state` = 1  AND `work_type` = 4 ORDER BY `id` DESC LIMIT 0,30 [ RunTime:0.014761s ]
[ error ] [8]未定义数组索引: status[/Applications/XAMPP/xamppfiles/htdocs/pension_project/application/index/model/Work.php:105]
[ error ] [8]未定义变量: title[/Applications/XAMPP/xamppfiles/htdocs/pension_project/runtime/temp/f88656736bf3e6ec213b2c2e563d2106.php:7]
---------------------------------------------------------------
[ 2019-01-30T11:40:07+08:00 ] 127.0.0.1 GET yunchi.cn/index/qualitys/quality
[运行时间：0.091926s] [吞吐率：10.88req/s] [内存消耗：3,206.70kb] [文件加载：117]
[ info ] [ LANG ] /Applications/XAMPP/xamppfiles/htdocs/pension_project/thinkphp/lang/zh-cn.php
[ info ] [ ROUTE ] array (
  'type' => 'module',
  'module' => 
  array (
    0 => 'index',
    1 => 'qualitys',
    2 => 'quality',
  ),
)
[ info ] [ HEADER ] array (
  'host' => 'yunchi.cn',
  'connection' => 'keep-alive',
  'upgrade-insecure-requests' => '1',
  'user-agent' => 'Mozilla/5.0 (Macintosh; Intel Mac OS X 10_13_6) AppleWebKit/537.36 (KHTML, like Gecko) Chrome/72.0.3626.81 Safari/537.36',
  'accept' => 'text/html,application/xhtml+xml,application/xml;q=0.9,image/webp,image/apng,*/*;q=0.8',
  'referer' => 'http://yunchi.cn/index/Index/index',
  'accept-encoding' => 'gzip, deflate',
  'accept-language' => 'zh-CN,zh;q=0.9',
  'cookie' => 'PHPSESSID=f00af520f51c27bfe75e55480856994f',
)
[ info ] [ PARAM ] array (
  '/index/qualitys/quality' => '',
)
[ info ] [ SESSION ] INIT array (
  'id' => '',
  'var_session_id' => '',
  'prefix' => 'think',
  'type' => '',
  'auto_start' => true,
)
[ info ] [ RUN ] app\index\controller\Qualitys->quality[ /Applications/XAMPP/xamppfiles/htdocs/pension_project/application/index/controller/Qualitys.php ]
[ info ] [ DB ] INIT mysql
[ info ] [ VIEW ] /Applications/XAMPP/xamppfiles/htdocs/pension_project/application/index/view/qualitys/quality.html [ array (
  0 => 'quality',
) ]
[ info ] [ LOG ] INIT File
[ sql ] [ DB ] CONNECT:[ UseTime:0.020837s ] mysql:host=101.89.115.24;port=3306;dbname=pension;charset=utf8
[ sql ] [ SQL ] SHOW COLUMNS FROM `yc_work` [ RunTime:0.012396s ]
[ sql ] [ SQL ] SELECT COUNT(*) AS tp_count FROM `yc_work` `w` LEFT JOIN `yc_work_plan` `p` ON `w`.`pid`=`p`.`id` LEFT JOIN `yc_staff_user` `s` ON `w`.`sid`=`s`.`id` LEFT JOIN `yc_client` `u` ON `w`.`uid`=`u`.`id` WHERE  `p`.`state` = 1  AND `w`.`state` = 3 LIMIT 1 [ RunTime:0.014992s ]
[ sql ] [ SQL ] SELECT `w`.`id`,`w`.`create_time`,s.display_name as sname,u.name as uname,`w`.`work_type`,`w`.`end_time` FROM `yc_work` `w` LEFT JOIN `yc_work_plan` `p` ON `w`.`pid`=`p`.`id` LEFT JOIN `yc_staff_user` `s` ON `w`.`sid`=`s`.`id` LEFT JOIN `yc_client` `u` ON `w`.`uid`=`u`.`id` WHERE  `p`.`state` = 1  AND `w`.`state` = 3 ORDER BY `id` DESC LIMIT 0,30 [ RunTime:0.013616s ]
[ error ] [8]未定义变量: title[/Applications/XAMPP/xamppfiles/htdocs/pension_project/runtime/temp/9c5de9a218927dc2bc690ea0aa254178.php:7]
---------------------------------------------------------------
[ 2019-01-30T11:40:08+08:00 ] 127.0.0.1 GET yunchi.cn/index/qualitys/passquality
[运行时间：0.090773s] [吞吐率：11.02req/s] [内存消耗：3,121.20kb] [文件加载：117]
[ info ] [ LANG ] /Applications/XAMPP/xamppfiles/htdocs/pension_project/thinkphp/lang/zh-cn.php
[ info ] [ ROUTE ] array (
  'type' => 'module',
  'module' => 
  array (
    0 => 'index',
    1 => 'qualitys',
    2 => 'passquality',
  ),
)
[ info ] [ HEADER ] array (
  'host' => 'yunchi.cn',
  'connection' => 'keep-alive',
  'upgrade-insecure-requests' => '1',
  'user-agent' => 'Mozilla/5.0 (Macintosh; Intel Mac OS X 10_13_6) AppleWebKit/537.36 (KHTML, like Gecko) Chrome/72.0.3626.81 Safari/537.36',
  'accept' => 'text/html,application/xhtml+xml,application/xml;q=0.9,image/webp,image/apng,*/*;q=0.8',
  'referer' => 'http://yunchi.cn/index/Index/index',
  'accept-encoding' => 'gzip, deflate',
  'accept-language' => 'zh-CN,zh;q=0.9',
  'cookie' => 'PHPSESSID=f00af520f51c27bfe75e55480856994f',
)
[ info ] [ PARAM ] array (
  '/index/qualitys/passquality' => '',
)
[ info ] [ SESSION ] INIT array (
  'id' => '',
  'var_session_id' => '',
  'prefix' => 'think',
  'type' => '',
  'auto_start' => true,
)
[ info ] [ RUN ] app\index\controller\Qualitys->passQuality[ /Applications/XAMPP/xamppfiles/htdocs/pension_project/application/index/controller/Qualitys.php ]
[ info ] [ DB ] INIT mysql
[ info ] [ VIEW ] /Applications/XAMPP/xamppfiles/htdocs/pension_project/application/index/view/qualitys/pass_quality.html [ array (
  0 => 'quality',
) ]
[ info ] [ LOG ] INIT File
[ sql ] [ DB ] CONNECT:[ UseTime:0.021459s ] mysql:host=101.89.115.24;port=3306;dbname=pension;charset=utf8
[ sql ] [ SQL ] SHOW COLUMNS FROM `yc_quality` [ RunTime:0.015047s ]
[ sql ] [ SQL ] SELECT COUNT(*) AS tp_count FROM `yc_quality` `q` LEFT JOIN `yc_staff_user` `s` ON `q`.`sid`=`s`.`id` LEFT JOIN `yc_client` `u` ON `q`.`uid`=`u`.`id` LEFT JOIN `yc_work` `w` ON `q`.`wid`=`w`.`id` WHERE  `q`.`state` = 1 LIMIT 1 [ RunTime:0.014292s ]
[ sql ] [ SQL ] SELECT `q`.`id`,`q`.`wid`,`q`.`create_time`,`w`.`end_time`,`u`.`name`,`w`.`work_type`,w.create_time as start,`s`.`display_name`,`q`.`score`,`q`.`level` FROM `yc_quality` `q` LEFT JOIN `yc_staff_user` `s` ON `q`.`sid`=`s`.`id` LEFT JOIN `yc_client` `u` ON `q`.`uid`=`u`.`id` LEFT JOIN `yc_work` `w` ON `q`.`wid`=`w`.`id` WHERE  `q`.`state` = 1 ORDER BY `q`.`id` DESC LIMIT 0,30 [ RunTime:0.012872s ]
[ error ] [8]未定义变量: title[/Applications/XAMPP/xamppfiles/htdocs/pension_project/runtime/temp/ea4272bcc4f569b54366ee2374f26613.php:7]
---------------------------------------------------------------
[ 2019-01-30T11:40:08+08:00 ] 127.0.0.1 GET yunchi.cn/index/qualitys/backquality
[运行时间：0.089165s] [吞吐率：11.22req/s] [内存消耗：3,121.30kb] [文件加载：117]
[ info ] [ LANG ] /Applications/XAMPP/xamppfiles/htdocs/pension_project/thinkphp/lang/zh-cn.php
[ info ] [ ROUTE ] array (
  'type' => 'module',
  'module' => 
  array (
    0 => 'index',
    1 => 'qualitys',
    2 => 'backquality',
  ),
)
[ info ] [ HEADER ] array (
  'host' => 'yunchi.cn',
  'connection' => 'keep-alive',
  'upgrade-insecure-requests' => '1',
  'user-agent' => 'Mozilla/5.0 (Macintosh; Intel Mac OS X 10_13_6) AppleWebKit/537.36 (KHTML, like Gecko) Chrome/72.0.3626.81 Safari/537.36',
  'accept' => 'text/html,application/xhtml+xml,application/xml;q=0.9,image/webp,image/apng,*/*;q=0.8',
  'referer' => 'http://yunchi.cn/index/Index/index',
  'accept-encoding' => 'gzip, deflate',
  'accept-language' => 'zh-CN,zh;q=0.9',
  'cookie' => 'PHPSESSID=f00af520f51c27bfe75e55480856994f',
)
[ info ] [ PARAM ] array (
  '/index/qualitys/backquality' => '',
)
[ info ] [ SESSION ] INIT array (
  'id' => '',
  'var_session_id' => '',
  'prefix' => 'think',
  'type' => '',
  'auto_start' => true,
)
[ info ] [ RUN ] app\index\controller\Qualitys->backQuality[ /Applications/XAMPP/xamppfiles/htdocs/pension_project/application/index/controller/Qualitys.php ]
[ info ] [ DB ] INIT mysql
[ info ] [ VIEW ] /Applications/XAMPP/xamppfiles/htdocs/pension_project/application/index/view/qualitys/back_quality.html [ array (
  0 => 'quality',
) ]
[ info ] [ LOG ] INIT File
[ sql ] [ DB ] CONNECT:[ UseTime:0.020155s ] mysql:host=101.89.115.24;port=3306;dbname=pension;charset=utf8
[ sql ] [ SQL ] SHOW COLUMNS FROM `yc_quality` [ RunTime:0.013872s ]
[ sql ] [ SQL ] SELECT COUNT(*) AS tp_count FROM `yc_quality` `q` LEFT JOIN `yc_staff_user` `s` ON `q`.`sid`=`s`.`id` LEFT JOIN `yc_client` `u` ON `q`.`uid`=`u`.`id` LEFT JOIN `yc_work` `w` ON `q`.`wid`=`w`.`id` WHERE  `q`.`state` = 2 LIMIT 1 [ RunTime:0.014409s ]
[ sql ] [ SQL ] SELECT `q`.`id`,`q`.`wid`,`q`.`create_time`,`w`.`end_time`,`u`.`name`,`w`.`work_type`,w.create_time as start,`s`.`display_name`,`q`.`score`,`q`.`level` FROM `yc_quality` `q` LEFT JOIN `yc_staff_user` `s` ON `q`.`sid`=`s`.`id` LEFT JOIN `yc_client` `u` ON `q`.`uid`=`u`.`id` LEFT JOIN `yc_work` `w` ON `q`.`wid`=`w`.`id` WHERE  `q`.`state` = 2 ORDER BY `q`.`id` DESC LIMIT 0,30 [ RunTime:0.014109s ]
[ error ] [8]未定义变量: title[/Applications/XAMPP/xamppfiles/htdocs/pension_project/runtime/temp/3d628986f06ef8d9d55b811388f2cda6.php:7]
---------------------------------------------------------------
[ 2019-01-30T11:40:11+08:00 ] 127.0.0.1 GET yunchi.cn/index/integration/destroy
[运行时间：0.112026s] [吞吐率：8.93req/s] [内存消耗：3,182.08kb] [文件加载：117]
[ info ] [ LANG ] /Applications/XAMPP/xamppfiles/htdocs/pension_project/thinkphp/lang/zh-cn.php
[ info ] [ ROUTE ] array (
  'type' => 'module',
  'module' => 
  array (
    0 => 'index',
    1 => 'integration',
    2 => 'destroy',
  ),
)
[ info ] [ HEADER ] array (
  'host' => 'yunchi.cn',
  'connection' => 'keep-alive',
  'upgrade-insecure-requests' => '1',
  'user-agent' => 'Mozilla/5.0 (Macintosh; Intel Mac OS X 10_13_6) AppleWebKit/537.36 (KHTML, like Gecko) Chrome/72.0.3626.81 Safari/537.36',
  'accept' => 'text/html,application/xhtml+xml,application/xml;q=0.9,image/webp,image/apng,*/*;q=0.8',
  'referer' => 'http://yunchi.cn/index/Index/index',
  'accept-encoding' => 'gzip, deflate',
  'accept-language' => 'zh-CN,zh;q=0.9',
  'cookie' => 'PHPSESSID=f00af520f51c27bfe75e55480856994f',
)
[ info ] [ PARAM ] array (
  '/index/integration/destroy' => '',
)
[ info ] [ SESSION ] INIT array (
  'id' => '',
  'var_session_id' => '',
  'prefix' => 'think',
  'type' => '',
  'auto_start' => true,
)
[ info ] [ RUN ] app\index\controller\Integration->destroy[ /Applications/XAMPP/xamppfiles/htdocs/pension_project/application/index/controller/Integration.php ]
[ info ] [ DB ] INIT mysql
[ info ] [ VIEW ] /Applications/XAMPP/xamppfiles/htdocs/pension_project/application/index/view/integration/destroy.html [ array (
  0 => 'client',
) ]
[ info ] [ LOG ] INIT File
[ sql ] [ DB ] CONNECT:[ UseTime:0.023584s ] mysql:host=101.89.115.24;port=3306;dbname=pension;charset=utf8
[ sql ] [ SQL ] SHOW COLUMNS FROM `yc_integral` [ RunTime:0.016224s ]
[ sql ] [ SQL ] SELECT COUNT(*) AS tp_count FROM `yc_integral` `i` INNER JOIN `yc_client` `u` ON `i`.`uid`=`u`.`id` WHERE  `state` = 2 LIMIT 1 [ RunTime:0.013581s ]
[ sql ] [ SQL ] SELECT `u`.`id`,`u`.`name`,`u`.`sex`,`u`.`age`,`i`.`score`,`i`.`type`,`i`.`create_time` FROM `yc_integral` `i` INNER JOIN `yc_client` `u` ON `i`.`uid`=`u`.`id` WHERE  `state` = 2 LIMIT 0,30 [ RunTime:0.029532s ]
[ error ] [8]未定义变量: title[/Applications/XAMPP/xamppfiles/htdocs/pension_project/runtime/temp/bb63d5771471373a526b8317b3ec7a16.php:7]
---------------------------------------------------------------
[ 2019-01-30T11:40:12+08:00 ] 127.0.0.1 GET yunchi.cn/index/integration/integral
[运行时间：0.143075s] [吞吐率：6.99req/s] [内存消耗：3,130.50kb] [文件加载：117]
[ info ] [ LANG ] /Applications/XAMPP/xamppfiles/htdocs/pension_project/thinkphp/lang/zh-cn.php
[ info ] [ ROUTE ] array (
  'type' => 'module',
  'module' => 
  array (
    0 => 'index',
    1 => 'integration',
    2 => 'integral',
  ),
)
[ info ] [ HEADER ] array (
  'host' => 'yunchi.cn',
  'connection' => 'keep-alive',
  'upgrade-insecure-requests' => '1',
  'user-agent' => 'Mozilla/5.0 (Macintosh; Intel Mac OS X 10_13_6) AppleWebKit/537.36 (KHTML, like Gecko) Chrome/72.0.3626.81 Safari/537.36',
  'accept' => 'text/html,application/xhtml+xml,application/xml;q=0.9,image/webp,image/apng,*/*;q=0.8',
  'referer' => 'http://yunchi.cn/index/Index/index',
  'accept-encoding' => 'gzip, deflate',
  'accept-language' => 'zh-CN,zh;q=0.9',
  'cookie' => 'PHPSESSID=f00af520f51c27bfe75e55480856994f',
)
[ info ] [ PARAM ] array (
  '/index/integration/integral' => '',
)
[ info ] [ SESSION ] INIT array (
  'id' => '',
  'var_session_id' => '',
  'prefix' => 'think',
  'type' => '',
  'auto_start' => true,
)
[ info ] [ RUN ] app\index\controller\Integration->integral[ /Applications/XAMPP/xamppfiles/htdocs/pension_project/application/index/controller/Integration.php ]
[ info ] [ DB ] INIT mysql
[ info ] [ VIEW ] /Applications/XAMPP/xamppfiles/htdocs/pension_project/application/index/view/integration/integral.html [ array (
  0 => 'client',
) ]
[ info ] [ LOG ] INIT File
[ sql ] [ DB ] CONNECT:[ UseTime:0.038941s ] mysql:host=101.89.115.24;port=3306;dbname=pension;charset=utf8
[ sql ] [ SQL ] SHOW COLUMNS FROM `yc_client` [ RunTime:0.026572s ]
[ sql ] [ SQL ] SELECT COUNT(*) AS tp_count FROM `yc_client` `u` LEFT JOIN `v_client_group` `g` ON `u`.`id`=`g`.`cid` LEFT JOIN `v_client_tag` `t` ON `u`.`id`=`t`.`cid` LIMIT 1 [ RunTime:0.024661s ]
[ sql ] [ SQL ] SELECT `u`.`id`,u.name as userName,`u`.`age`,`u`.`sex`,g.name as groupName,t.name as tagName,`u`.`integral` FROM `yc_client` `u` LEFT JOIN `v_client_group` `g` ON `u`.`id`=`g`.`cid` LEFT JOIN `v_client_tag` `t` ON `u`.`id`=`t`.`cid` ORDER BY `u`.`id` DESC LIMIT 0,30 [ RunTime:0.025822s ]
[ error ] [8]未定义变量: title[/Applications/XAMPP/xamppfiles/htdocs/pension_project/runtime/temp/e3b475ad0ac3658ed6840c10f3ec3698.php:7]
---------------------------------------------------------------
[ 2019-01-30T11:40:13+08:00 ] 127.0.0.1 GET yunchi.cn/index/integration/accumulate
[运行时间：0.109735s] [吞吐率：9.11req/s] [内存消耗：3,131.30kb] [文件加载：117]
[ info ] [ LANG ] /Applications/XAMPP/xamppfiles/htdocs/pension_project/thinkphp/lang/zh-cn.php
[ info ] [ ROUTE ] array (
  'type' => 'module',
  'module' => 
  array (
    0 => 'index',
    1 => 'integration',
    2 => 'accumulate',
  ),
)
[ info ] [ HEADER ] array (
  'host' => 'yunchi.cn',
  'connection' => 'keep-alive',
  'upgrade-insecure-requests' => '1',
  'user-agent' => 'Mozilla/5.0 (Macintosh; Intel Mac OS X 10_13_6) AppleWebKit/537.36 (KHTML, like Gecko) Chrome/72.0.3626.81 Safari/537.36',
  'accept' => 'text/html,application/xhtml+xml,application/xml;q=0.9,image/webp,image/apng,*/*;q=0.8',
  'referer' => 'http://yunchi.cn/index/Index/index',
  'accept-encoding' => 'gzip, deflate',
  'accept-language' => 'zh-CN,zh;q=0.9',
  'cookie' => 'PHPSESSID=f00af520f51c27bfe75e55480856994f',
)
[ info ] [ PARAM ] array (
  '/index/integration/accumulate' => '',
)
[ info ] [ SESSION ] INIT array (
  'id' => '',
  'var_session_id' => '',
  'prefix' => 'think',
  'type' => '',
  'auto_start' => true,
)
[ info ] [ RUN ] app\index\controller\Integration->accumulate[ /Applications/XAMPP/xamppfiles/htdocs/pension_project/application/index/controller/Integration.php ]
[ info ] [ DB ] INIT mysql
[ info ] [ VIEW ] /Applications/XAMPP/xamppfiles/htdocs/pension_project/application/index/view/integration/accumulate.html [ array (
  0 => 'client',
) ]
[ info ] [ LOG ] INIT File
[ sql ] [ DB ] CONNECT:[ UseTime:0.038935s ] mysql:host=101.89.115.24;port=3306;dbname=pension;charset=utf8
[ sql ] [ SQL ] SHOW COLUMNS FROM `yc_integral` [ RunTime:0.015441s ]
[ sql ] [ SQL ] SELECT COUNT(*) AS tp_count FROM `yc_integral` `i` INNER JOIN `yc_client` `u` ON `i`.`uid`=`u`.`id` WHERE  `state` = 1 LIMIT 1 [ RunTime:0.015487s ]
[ sql ] [ SQL ] SELECT `u`.`id`,`u`.`name`,`u`.`sex`,`u`.`age`,`i`.`score`,`i`.`type`,`i`.`create_time` FROM `yc_integral` `i` INNER JOIN `yc_client` `u` ON `i`.`uid`=`u`.`id` WHERE  `state` = 1 LIMIT 0,30 [ RunTime:0.013411s ]
[ error ] [8]未定义变量: title[/Applications/XAMPP/xamppfiles/htdocs/pension_project/runtime/temp/1f1c155239b0aeb0b4e0380ff9a26671.php:7]
---------------------------------------------------------------
[ 2019-01-30T15:25:47+08:00 ] 127.0.0.1 GET yunchi.cn/index/Index/index
[运行时间：0.095650s] [吞吐率：10.45req/s] [内存消耗：2,637.97kb] [文件加载：113]
[ info ] [ LANG ] /Applications/XAMPP/xamppfiles/htdocs/pension_project/thinkphp/lang/zh-cn.php
[ info ] [ ROUTE ] array (
  'type' => 'module',
  'module' => 
  array (
    0 => 'index',
    1 => 'Index',
    2 => 'index',
  ),
)
[ info ] [ HEADER ] array (
  'host' => 'yunchi.cn',
  'connection' => 'keep-alive',
  'cache-control' => 'max-age=0',
  'upgrade-insecure-requests' => '1',
  'user-agent' => 'Mozilla/5.0 (Macintosh; Intel Mac OS X 10_13_6) AppleWebKit/537.36 (KHTML, like Gecko) Chrome/72.0.3626.81 Safari/537.36',
  'accept' => 'text/html,application/xhtml+xml,application/xml;q=0.9,image/webp,image/apng,*/*;q=0.8',
  'referer' => 'http://yunchi.cn/index/Login/login',
  'accept-encoding' => 'gzip, deflate',
  'accept-language' => 'zh-CN,zh;q=0.9',
  'cookie' => 'PHPSESSID=f00af520f51c27bfe75e55480856994f',
)
[ info ] [ PARAM ] array (
  '/index/Index/index' => '',
)
[ info ] [ SESSION ] INIT array (
  'id' => '',
  'var_session_id' => '',
  'prefix' => 'think',
  'type' => '',
  'auto_start' => true,
)
[ info ] [ RUN ] app\index\controller\Index->index[ /Applications/XAMPP/xamppfiles/htdocs/pension_project/application/index/controller/Index.php ]
[ info ] [ DB ] INIT mysql
[ info ] [ VIEW ] /Applications/XAMPP/xamppfiles/htdocs/pension_project/application/index/view/index/index.html [ array (
  0 => 'menu',
  1 => 'title',
) ]
[ info ] [ LOG ] INIT File
[ sql ] [ DB ] CONNECT:[ UseTime:0.023451s ] mysql:host=101.89.115.24;port=3306;dbname=pension;charset=utf8
[ sql ] [ SQL ] SELECT `name`,`remarks`,`m_id`,`r_status` FROM yc_role WHERE `id`=0 [ RunTime:0.013408s ]
[ sql ] [ SQL ] SELECT `id`,`name`,`url`,`icon`,`pid`,`level`,`m_status`,`weight`,`create_time` FROM yc_menu  WHERE  `m_status`=1 ORDER BY `weight` ASC,`id` ASC [ RunTime:0.015375s ]
[ error ] [8]未定义数组下标: 0[/Applications/XAMPP/xamppfiles/htdocs/pension_project/application/index/model/Role.php:49]
---------------------------------------------------------------
[ 2019-01-30T15:25:47+08:00 ] 127.0.0.1 GET yunchi.cn/index/Index/main
[运行时间：0.016935s] [吞吐率：59.05req/s] [内存消耗：1,917.80kb] [文件加载：104]
[ info ] [ LANG ] /Applications/XAMPP/xamppfiles/htdocs/pension_project/thinkphp/lang/zh-cn.php
[ info ] [ ROUTE ] array (
  'type' => 'module',
  'module' => 
  array (
    0 => 'index',
    1 => 'Index',
    2 => 'main',
  ),
)
[ info ] [ HEADER ] array (
  'host' => 'yunchi.cn',
  'connection' => 'keep-alive',
  'upgrade-insecure-requests' => '1',
  'user-agent' => 'Mozilla/5.0 (Macintosh; Intel Mac OS X 10_13_6) AppleWebKit/537.36 (KHTML, like Gecko) Chrome/72.0.3626.81 Safari/537.36',
  'accept' => 'text/html,application/xhtml+xml,application/xml;q=0.9,image/webp,image/apng,*/*;q=0.8',
  'referer' => 'http://yunchi.cn/index/Index/index',
  'accept-encoding' => 'gzip, deflate',
  'accept-language' => 'zh-CN,zh;q=0.9',
  'cookie' => 'PHPSESSID=f00af520f51c27bfe75e55480856994f',
)
[ info ] [ PARAM ] array (
  '/index/Index/main' => '',
)
[ info ] [ SESSION ] INIT array (
  'id' => '',
  'var_session_id' => '',
  'prefix' => 'think',
  'type' => '',
  'auto_start' => true,
)
[ info ] [ RUN ] app\index\controller\Index->main[ /Applications/XAMPP/xamppfiles/htdocs/pension_project/application/index/controller/Index.php ]
[ info ] [ VIEW ] /Applications/XAMPP/xamppfiles/htdocs/pension_project/application/index/view/index/main.html [ array (
) ]
[ info ] [ LOG ] INIT File
[ error ] [8]未定义变量: title[/Applications/XAMPP/xamppfiles/htdocs/pension_project/runtime/temp/b91db48711266ab571f6724bfca8e2eb.php:7]
---------------------------------------------------------------
[ 2019-01-30T15:25:49+08:00 ] 127.0.0.1 GET yunchi.cn/index/works/order
[运行时间：0.129037s] [吞吐率：7.75req/s] [内存消耗：3,360.80kb] [文件加载：118]
[ info ] [ LANG ] /Applications/XAMPP/xamppfiles/htdocs/pension_project/thinkphp/lang/zh-cn.php
[ info ] [ ROUTE ] array (
  'type' => 'module',
  'module' => 
  array (
    0 => 'index',
    1 => 'works',
    2 => 'order',
  ),
)
[ info ] [ HEADER ] array (
  'host' => 'yunchi.cn',
  'connection' => 'keep-alive',
  'upgrade-insecure-requests' => '1',
  'user-agent' => 'Mozilla/5.0 (Macintosh; Intel Mac OS X 10_13_6) AppleWebKit/537.36 (KHTML, like Gecko) Chrome/72.0.3626.81 Safari/537.36',
  'accept' => 'text/html,application/xhtml+xml,application/xml;q=0.9,image/webp,image/apng,*/*;q=0.8',
  'referer' => 'http://yunchi.cn/index/Index/index',
  'accept-encoding' => 'gzip, deflate',
  'accept-language' => 'zh-CN,zh;q=0.9',
  'cookie' => 'PHPSESSID=f00af520f51c27bfe75e55480856994f',
)
[ info ] [ PARAM ] array (
  '/index/works/order' => '',
)
[ info ] [ SESSION ] INIT array (
  'id' => '',
  'var_session_id' => '',
  'prefix' => 'think',
  'type' => '',
  'auto_start' => true,
)
[ info ] [ RUN ] app\index\controller\Works->order[ /Applications/XAMPP/xamppfiles/htdocs/pension_project/application/index/controller/Works.php ]
[ info ] [ DB ] INIT mysql
[ info ] [ VIEW ] /Applications/XAMPP/xamppfiles/htdocs/pension_project/application/index/view/works/order.html [ array (
  0 => 'data',
  1 => 'staff',
  2 => 'info',
) ]
[ info ] [ LOG ] INIT File
[ sql ] [ DB ] CONNECT:[ UseTime:0.021151s ] mysql:host=101.89.115.24;port=3306;dbname=pension;charset=utf8
[ sql ] [ SQL ] SHOW COLUMNS FROM `yc_work` [ RunTime:0.013856s ]
[ sql ] [ SQL ] SELECT count(id) as number,state FROM `yc_work` WHERE  `create_time` BETWEEN 1548777600 AND 1548863999  AND `state` IN (1,2,3,4) GROUP BY `state` [ RunTime:0.014226s ]
[ sql ] [ SQL ] SELECT COUNT(*) AS tp_count FROM `yc_work` WHERE  `create_time` BETWEEN 1548777600 AND 1548863999 LIMIT 1 [ RunTime:0.013934s ]
[ sql ] [ SQL ] SELECT * FROM `yc_work` WHERE  `create_time` BETWEEN 1548777600 AND 1548863999 ORDER BY `id` DESC LIMIT 0,30 [ RunTime:0.013812s ]
[ sql ] [ SQL ] SELECT `id`,`display_name` FROM yc_staff_user [ RunTime:0.013131s ]
[ error ] [8]未定义数组索引: name[/Applications/XAMPP/xamppfiles/htdocs/pension_project/application/index/model/Work.php:534]
[ error ] [8]未定义变量: query[/Applications/XAMPP/xamppfiles/htdocs/pension_project/application/index/model/Work.php:573]
[ error ] [8]未定义变量: group[/Applications/XAMPP/xamppfiles/htdocs/pension_project/application/index/model/Work.php:587]
[ error ] [8]未定义变量: title[/Applications/XAMPP/xamppfiles/htdocs/pension_project/runtime/temp/bb6f9166bbc21340f79880963cb11c8c.php:7]
[ error ] [8]未定义变量: param[/Applications/XAMPP/xamppfiles/htdocs/pension_project/runtime/temp/bb6f9166bbc21340f79880963cb11c8c.php:147]
---------------------------------------------------------------
[ 2019-01-30T15:59:28+08:00 ] 127.0.0.1 GET yunchi.cn/index/works/order
[运行时间：0.130493s] [吞吐率：7.66req/s] [内存消耗：3,360.21kb] [文件加载：118]
[ info ] [ LANG ] /Applications/XAMPP/xamppfiles/htdocs/pension_project/thinkphp/lang/zh-cn.php
[ info ] [ ROUTE ] array (
  'type' => 'module',
  'module' => 
  array (
    0 => 'index',
    1 => 'works',
    2 => 'order',
  ),
)
[ info ] [ HEADER ] array (
  'host' => 'yunchi.cn',
  'connection' => 'keep-alive',
  'upgrade-insecure-requests' => '1',
  'user-agent' => 'Mozilla/5.0 (Macintosh; Intel Mac OS X 10_13_6) AppleWebKit/537.36 (KHTML, like Gecko) Chrome/72.0.3626.81 Safari/537.36',
  'accept' => 'text/html,application/xhtml+xml,application/xml;q=0.9,image/webp,image/apng,*/*;q=0.8',
  'referer' => 'http://yunchi.cn/index/Index/index',
  'accept-encoding' => 'gzip, deflate',
  'accept-language' => 'zh-CN,zh;q=0.9',
  'cookie' => 'PHPSESSID=f00af520f51c27bfe75e55480856994f',
)
[ info ] [ PARAM ] array (
  '/index/works/order' => '',
)
[ info ] [ SESSION ] INIT array (
  'id' => '',
  'var_session_id' => '',
  'prefix' => 'think',
  'type' => '',
  'auto_start' => true,
)
[ info ] [ RUN ] app\index\controller\Works->order[ /Applications/XAMPP/xamppfiles/htdocs/pension_project/application/index/controller/Works.php ]
[ info ] [ DB ] INIT mysql
[ info ] [ VIEW ] /Applications/XAMPP/xamppfiles/htdocs/pension_project/application/index/view/works/order.html [ array (
  0 => 'data',
  1 => 'staff',
  2 => 'info',
) ]
[ info ] [ LOG ] INIT File
[ sql ] [ DB ] CONNECT:[ UseTime:0.020805s ] mysql:host=101.89.115.24;port=3306;dbname=pension;charset=utf8
[ sql ] [ SQL ] SHOW COLUMNS FROM `yc_work` [ RunTime:0.015268s ]
[ sql ] [ SQL ] SELECT count(id) as number,state FROM `yc_work` WHERE  `create_time` BETWEEN 1548777600 AND 1548863999  AND `state` IN (1,2,3,4) GROUP BY `state` [ RunTime:0.013921s ]
[ sql ] [ SQL ] SELECT COUNT(*) AS tp_count FROM `yc_work` WHERE  `create_time` BETWEEN 1548777600 AND 1548863999 LIMIT 1 [ RunTime:0.015045s ]
[ sql ] [ SQL ] SELECT * FROM `yc_work` WHERE  `create_time` BETWEEN 1548777600 AND 1548863999 ORDER BY `id` DESC LIMIT 0,30 [ RunTime:0.014096s ]
[ sql ] [ SQL ] SELECT `id`,`display_name` FROM yc_staff_user [ RunTime:0.016018s ]
[ error ] [8]未定义数组索引: name[/Applications/XAMPP/xamppfiles/htdocs/pension_project/application/index/model/Work.php:534]
[ error ] [8]未定义变量: query[/Applications/XAMPP/xamppfiles/htdocs/pension_project/application/index/model/Work.php:573]
[ error ] [8]未定义变量: group[/Applications/XAMPP/xamppfiles/htdocs/pension_project/application/index/model/Work.php:587]
[ error ] [8]未定义变量: title[/Applications/XAMPP/xamppfiles/htdocs/pension_project/runtime/temp/bb6f9166bbc21340f79880963cb11c8c.php:7]
[ error ] [8]未定义变量: param[/Applications/XAMPP/xamppfiles/htdocs/pension_project/runtime/temp/bb6f9166bbc21340f79880963cb11c8c.php:147]
---------------------------------------------------------------
[ 2019-01-30T16:32:59+08:00 ] 127.0.0.1 GET yunchi.cn/index/Index/index
[运行时间：0.086676s] [吞吐率：11.54req/s] [内存消耗：2,637.97kb] [文件加载：113]
[ info ] [ LANG ] /Applications/XAMPP/xamppfiles/htdocs/pension_project/thinkphp/lang/zh-cn.php
[ info ] [ ROUTE ] array (
  'type' => 'module',
  'module' => 
  array (
    0 => 'index',
    1 => 'Index',
    2 => 'index',
  ),
)
[ info ] [ HEADER ] array (
  'host' => 'yunchi.cn',
  'connection' => 'keep-alive',
  'cache-control' => 'max-age=0',
  'upgrade-insecure-requests' => '1',
  'user-agent' => 'Mozilla/5.0 (Macintosh; Intel Mac OS X 10_13_6) AppleWebKit/537.36 (KHTML, like Gecko) Chrome/72.0.3626.81 Safari/537.36',
  'accept' => 'text/html,application/xhtml+xml,application/xml;q=0.9,image/webp,image/apng,*/*;q=0.8',
  'referer' => 'http://yunchi.cn/index/Login/login',
  'accept-encoding' => 'gzip, deflate',
  'accept-language' => 'zh-CN,zh;q=0.9',
  'cookie' => 'PHPSESSID=f00af520f51c27bfe75e55480856994f',
)
[ info ] [ PARAM ] array (
  '/index/Index/index' => '',
)
[ info ] [ SESSION ] INIT array (
  'id' => '',
  'var_session_id' => '',
  'prefix' => 'think',
  'type' => '',
  'auto_start' => true,
)
[ info ] [ RUN ] app\index\controller\Index->index[ /Applications/XAMPP/xamppfiles/htdocs/pension_project/application/index/controller/Index.php ]
[ info ] [ DB ] INIT mysql
[ info ] [ VIEW ] /Applications/XAMPP/xamppfiles/htdocs/pension_project/application/index/view/index/index.html [ array (
  0 => 'menu',
  1 => 'title',
) ]
[ info ] [ LOG ] INIT File
[ sql ] [ DB ] CONNECT:[ UseTime:0.023979s ] mysql:host=101.89.115.24;port=3306;dbname=pension;charset=utf8
[ sql ] [ SQL ] SELECT `name`,`remarks`,`m_id`,`r_status` FROM yc_role WHERE `id`=0 [ RunTime:0.015024s ]
[ sql ] [ SQL ] SELECT `id`,`name`,`url`,`icon`,`pid`,`level`,`m_status`,`weight`,`create_time` FROM yc_menu  WHERE  `m_status`=1 ORDER BY `weight` ASC,`id` ASC [ RunTime:0.023066s ]
[ error ] [8]未定义数组下标: 0[/Applications/XAMPP/xamppfiles/htdocs/pension_project/application/index/model/Role.php:49]
---------------------------------------------------------------
[ 2019-01-30T16:32:59+08:00 ] 127.0.0.1 GET yunchi.cn/index/Index/main
[运行时间：0.015697s] [吞吐率：63.71req/s] [内存消耗：1,917.80kb] [文件加载：104]
[ info ] [ LANG ] /Applications/XAMPP/xamppfiles/htdocs/pension_project/thinkphp/lang/zh-cn.php
[ info ] [ ROUTE ] array (
  'type' => 'module',
  'module' => 
  array (
    0 => 'index',
    1 => 'Index',
    2 => 'main',
  ),
)
[ info ] [ HEADER ] array (
  'host' => 'yunchi.cn',
  'connection' => 'keep-alive',
  'upgrade-insecure-requests' => '1',
  'user-agent' => 'Mozilla/5.0 (Macintosh; Intel Mac OS X 10_13_6) AppleWebKit/537.36 (KHTML, like Gecko) Chrome/72.0.3626.81 Safari/537.36',
  'accept' => 'text/html,application/xhtml+xml,application/xml;q=0.9,image/webp,image/apng,*/*;q=0.8',
  'referer' => 'http://yunchi.cn/index/Index/index',
  'accept-encoding' => 'gzip, deflate',
  'accept-language' => 'zh-CN,zh;q=0.9',
  'cookie' => 'PHPSESSID=f00af520f51c27bfe75e55480856994f',
)
[ info ] [ PARAM ] array (
  '/index/Index/main' => '',
)
[ info ] [ SESSION ] INIT array (
  'id' => '',
  'var_session_id' => '',
  'prefix' => 'think',
  'type' => '',
  'auto_start' => true,
)
[ info ] [ RUN ] app\index\controller\Index->main[ /Applications/XAMPP/xamppfiles/htdocs/pension_project/application/index/controller/Index.php ]
[ info ] [ VIEW ] /Applications/XAMPP/xamppfiles/htdocs/pension_project/application/index/view/index/main.html [ array (
) ]
[ info ] [ LOG ] INIT File
[ error ] [8]未定义变量: title[/Applications/XAMPP/xamppfiles/htdocs/pension_project/runtime/temp/b91db48711266ab571f6724bfca8e2eb.php:7]
