---------------------------------------------------------------
[ 2019-02-14T08:46:39+08:00 ] 127.0.0.1 GET yunchi.cn/index/Index/index
[运行时间：0.036674s] [吞吐率：27.27req/s] [内存消耗：1,895.92kb] [文件加载：101]
[ info ] [ LANG ] /Applications/XAMPP/xamppfiles/htdocs/pension_project/thinkphp/lang/zh-cn.php
[ info ] [ ROUTE ] array (
  'type' => 'module',
  'module' => 
  array (
    0 => 'index',
    1 => 'Index',
    2 => 'index',
  ),
)
[ info ] [ HEADER ] array (
  'host' => 'yunchi.cn',
  'connection' => 'keep-alive',
  'cache-control' => 'max-age=0',
  'upgrade-insecure-requests' => '1',
  'user-agent' => 'Mozilla/5.0 (Macintosh; Intel Mac OS X 10_13_6) AppleWebKit/537.36 (KHTML, like Gecko) Chrome/72.0.3626.109 Safari/537.36',
  'accept' => 'text/html,application/xhtml+xml,application/xml;q=0.9,image/webp,image/apng,*/*;q=0.8',
  'accept-encoding' => 'gzip, deflate',
  'accept-language' => 'zh-CN,zh;q=0.9',
)
[ info ] [ PARAM ] array (
  '/index/Index/index' => '',
)
[ info ] [ SESSION ] INIT array (
  'id' => '',
  'var_session_id' => '',
  'prefix' => 'think',
  'type' => '',
  'auto_start' => true,
)
[ info ] [ LOG ] INIT File
---------------------------------------------------------------
[ 2019-02-14T08:46:39+08:00 ] 127.0.0.1 GET yunchi.cn/index/Login/login
[运行时间：0.015644s] [吞吐率：63.92req/s] [内存消耗：1,904.76kb] [文件加载：100]
[ info ] [ LANG ] /Applications/XAMPP/xamppfiles/htdocs/pension_project/thinkphp/lang/zh-cn.php
[ info ] [ ROUTE ] array (
  'type' => 'module',
  'module' => 
  array (
    0 => 'index',
    1 => 'Login',
    2 => 'login',
  ),
)
[ info ] [ HEADER ] array (
  'host' => 'yunchi.cn',
  'connection' => 'keep-alive',
  'cache-control' => 'max-age=0',
  'upgrade-insecure-requests' => '1',
  'user-agent' => 'Mozilla/5.0 (Macintosh; Intel Mac OS X 10_13_6) AppleWebKit/537.36 (KHTML, like Gecko) Chrome/72.0.3626.109 Safari/537.36',
  'accept' => 'text/html,application/xhtml+xml,application/xml;q=0.9,image/webp,image/apng,*/*;q=0.8',
  'accept-encoding' => 'gzip, deflate',
  'accept-language' => 'zh-CN,zh;q=0.9',
  'cookie' => 'PHPSESSID=1e96d0914dcc5718ad09726748185f5d',
)
[ info ] [ PARAM ] array (
  '/index/Login/login' => '',
)
[ info ] [ SESSION ] INIT array (
  'id' => '',
  'var_session_id' => '',
  'prefix' => 'think',
  'type' => '',
  'auto_start' => true,
)
[ info ] [ RUN ] app\index\controller\Login->login[ /Applications/XAMPP/xamppfiles/htdocs/pension_project/application/index/controller/Login.php ]
[ info ] [ VIEW ] /Applications/XAMPP/xamppfiles/htdocs/pension_project/application/index/view/login/login.html [ array (
  0 => 'title',
) ]
[ info ] [ LOG ] INIT File
---------------------------------------------------------------
[ 2019-02-14T08:46:39+08:00 ] 127.0.0.1 GET yunchi.cn/favicon.ico
[运行时间：0.016840s] [吞吐率：59.38req/s] [内存消耗：1,610.24kb] [文件加载：94]
[ info ] [ LANG ] /Applications/XAMPP/xamppfiles/htdocs/pension_project/thinkphp/lang/zh-cn.php
[ info ] [ ROUTE ] array (
  'type' => 'module',
  'module' => 
  array (
    0 => 'favicon.ico',
    1 => NULL,
    2 => NULL,
  ),
)
[ info ] [ HEADER ] array (
  'host' => 'yunchi.cn',
  'connection' => 'keep-alive',
  'user-agent' => 'Mozilla/5.0 (Macintosh; Intel Mac OS X 10_13_6) AppleWebKit/537.36 (KHTML, like Gecko) Chrome/72.0.3626.109 Safari/537.36',
  'accept' => 'image/webp,image/apng,image/*,*/*;q=0.8',
  'referer' => 'http://yunchi.cn/index/Login/login',
  'accept-encoding' => 'gzip, deflate',
  'accept-language' => 'zh-CN,zh;q=0.9',
  'cookie' => 'PHPSESSID=1e96d0914dcc5718ad09726748185f5d',
)
[ info ] [ PARAM ] array (
  '/favicon_ico' => '',
)
[ info ] [ LOG ] INIT File
---------------------------------------------------------------
[ 2019-02-14T08:46:46+08:00 ] 127.0.0.1 POST yunchi.cn/index/Login/checkLogin
[运行时间：0.073085s] [吞吐率：13.68req/s] [内存消耗：2,454.49kb] [文件加载：106]
[ info ] [ LANG ] /Applications/XAMPP/xamppfiles/htdocs/pension_project/thinkphp/lang/zh-cn.php
[ info ] [ ROUTE ] array (
  'type' => 'module',
  'module' => 
  array (
    0 => 'index',
    1 => 'Login',
    2 => 'checkLogin',
  ),
)
[ info ] [ HEADER ] array (
  'host' => 'yunchi.cn',
  'connection' => 'keep-alive',
  'content-length' => '33',
  'accept' => '*/*',
  'origin' => 'http://yunchi.cn',
  'x-requested-with' => 'XMLHttpRequest',
  'user-agent' => 'Mozilla/5.0 (Macintosh; Intel Mac OS X 10_13_6) AppleWebKit/537.36 (KHTML, like Gecko) Chrome/72.0.3626.109 Safari/537.36',
  'content-type' => 'application/x-www-form-urlencoded; charset=UTF-8',
  'referer' => 'http://yunchi.cn/index/Login/login',
  'accept-encoding' => 'gzip, deflate',
  'accept-language' => 'zh-CN,zh;q=0.9',
  'cookie' => 'PHPSESSID=1e96d0914dcc5718ad09726748185f5d',
)
[ info ] [ PARAM ] array (
  '/index/Login/checkLogin' => '',
  'name' => 'admin',
  'password' => '123456',
  'type' => '0',
)
[ info ] [ SESSION ] INIT array (
  'id' => '',
  'var_session_id' => '',
  'prefix' => 'think',
  'type' => '',
  'auto_start' => true,
)
[ info ] [ RUN ] app\index\controller\Login->checkLogin[ /Applications/XAMPP/xamppfiles/htdocs/pension_project/application/index/controller/Login.php ]
[ info ] [ DB ] INIT mysql
[ info ] [ LOG ] INIT File
[ sql ] [ DB ] CONNECT:[ UseTime:0.029464s ] mysql:host=101.89.115.24;port=3306;dbname=pension;charset=utf8
[ sql ] [ SQL ] SELECT `id`,`name`,`mobile`,`email`,`r_id`,`is_super`,`remarks`,`create_time` FROM yc_user WHERE `name`='admin' AND `password`='81bf0687697f0165bd5629fca568acb0' [ RunTime:0.017395s ]
---------------------------------------------------------------
[ 2019-02-14T08:46:46+08:00 ] 127.0.0.1 GET yunchi.cn/index/Index/index
[运行时间：0.091085s] [吞吐率：10.98req/s] [内存消耗：2,656.44kb] [文件加载：113]
[ info ] [ LANG ] /Applications/XAMPP/xamppfiles/htdocs/pension_project/thinkphp/lang/zh-cn.php
[ info ] [ ROUTE ] array (
  'type' => 'module',
  'module' => 
  array (
    0 => 'index',
    1 => 'Index',
    2 => 'index',
  ),
)
[ info ] [ HEADER ] array (
  'host' => 'yunchi.cn',
  'connection' => 'keep-alive',
  'upgrade-insecure-requests' => '1',
  'user-agent' => 'Mozilla/5.0 (Macintosh; Intel Mac OS X 10_13_6) AppleWebKit/537.36 (KHTML, like Gecko) Chrome/72.0.3626.109 Safari/537.36',
  'accept' => 'text/html,application/xhtml+xml,application/xml;q=0.9,image/webp,image/apng,*/*;q=0.8',
  'referer' => 'http://yunchi.cn/index/Login/login',
  'accept-encoding' => 'gzip, deflate',
  'accept-language' => 'zh-CN,zh;q=0.9',
  'cookie' => 'PHPSESSID=1e96d0914dcc5718ad09726748185f5d',
)
[ info ] [ PARAM ] array (
  '/index/Index/index' => '',
)
[ info ] [ SESSION ] INIT array (
  'id' => '',
  'var_session_id' => '',
  'prefix' => 'think',
  'type' => '',
  'auto_start' => true,
)
[ info ] [ RUN ] app\index\controller\Index->index[ /Applications/XAMPP/xamppfiles/htdocs/pension_project/application/index/controller/Index.php ]
[ info ] [ DB ] INIT mysql
[ info ] [ VIEW ] /Applications/XAMPP/xamppfiles/htdocs/pension_project/application/index/view/index/index.html [ array (
  0 => 'menu',
  1 => 'title',
) ]
[ info ] [ LOG ] INIT File
[ sql ] [ DB ] CONNECT:[ UseTime:0.032149s ] mysql:host=101.89.115.24;port=3306;dbname=pension;charset=utf8
[ sql ] [ SQL ] SELECT `name`,`remarks`,`m_id`,`r_status` FROM yc_role WHERE `id`=0 [ RunTime:0.015092s ]
[ sql ] [ SQL ] SELECT `id`,`name`,`url`,`icon`,`pid`,`level`,`m_status`,`weight`,`create_time` FROM yc_menu  WHERE  `m_status`=1 ORDER BY `weight` ASC,`id` ASC [ RunTime:0.017645s ]
[ error ] [8]未定义数组下标: 0[/Applications/XAMPP/xamppfiles/htdocs/pension_project/application/index/model/Role.php:49]
---------------------------------------------------------------
[ 2019-02-14T08:46:46+08:00 ] 127.0.0.1 GET yunchi.cn/index/Index/main
[运行时间：0.017214s] [吞吐率：58.09req/s] [内存消耗：1,934.45kb] [文件加载：104]
[ info ] [ LANG ] /Applications/XAMPP/xamppfiles/htdocs/pension_project/thinkphp/lang/zh-cn.php
[ info ] [ ROUTE ] array (
  'type' => 'module',
  'module' => 
  array (
    0 => 'index',
    1 => 'Index',
    2 => 'main',
  ),
)
[ info ] [ HEADER ] array (
  'host' => 'yunchi.cn',
  'connection' => 'keep-alive',
  'upgrade-insecure-requests' => '1',
  'user-agent' => 'Mozilla/5.0 (Macintosh; Intel Mac OS X 10_13_6) AppleWebKit/537.36 (KHTML, like Gecko) Chrome/72.0.3626.109 Safari/537.36',
  'accept' => 'text/html,application/xhtml+xml,application/xml;q=0.9,image/webp,image/apng,*/*;q=0.8',
  'referer' => 'http://yunchi.cn/index/Index/index',
  'accept-encoding' => 'gzip, deflate',
  'accept-language' => 'zh-CN,zh;q=0.9',
  'cookie' => 'PHPSESSID=1e96d0914dcc5718ad09726748185f5d',
)
[ info ] [ PARAM ] array (
  '/index/Index/main' => '',
)
[ info ] [ SESSION ] INIT array (
  'id' => '',
  'var_session_id' => '',
  'prefix' => 'think',
  'type' => '',
  'auto_start' => true,
)
[ info ] [ RUN ] app\index\controller\Index->main[ /Applications/XAMPP/xamppfiles/htdocs/pension_project/application/index/controller/Index.php ]
[ info ] [ VIEW ] /Applications/XAMPP/xamppfiles/htdocs/pension_project/application/index/view/index/main.html [ array (
) ]
[ info ] [ LOG ] INIT File
[ error ] [8]未定义变量: title[/Applications/XAMPP/xamppfiles/htdocs/pension_project/runtime/temp/b91db48711266ab571f6724bfca8e2eb.php:7]
---------------------------------------------------------------
[ 2019-02-14T08:46:49+08:00 ] 127.0.0.1 GET yunchi.cn/index/works/order
[运行时间：0.137723s] [吞吐率：7.26req/s] [内存消耗：3,379.94kb] [文件加载：118]
[ info ] [ LANG ] /Applications/XAMPP/xamppfiles/htdocs/pension_project/thinkphp/lang/zh-cn.php
[ info ] [ ROUTE ] array (
  'type' => 'module',
  'module' => 
  array (
    0 => 'index',
    1 => 'works',
    2 => 'order',
  ),
)
[ info ] [ HEADER ] array (
  'host' => 'yunchi.cn',
  'connection' => 'keep-alive',
  'upgrade-insecure-requests' => '1',
  'user-agent' => 'Mozilla/5.0 (Macintosh; Intel Mac OS X 10_13_6) AppleWebKit/537.36 (KHTML, like Gecko) Chrome/72.0.3626.109 Safari/537.36',
  'accept' => 'text/html,application/xhtml+xml,application/xml;q=0.9,image/webp,image/apng,*/*;q=0.8',
  'referer' => 'http://yunchi.cn/index/Index/index',
  'accept-encoding' => 'gzip, deflate',
  'accept-language' => 'zh-CN,zh;q=0.9',
  'cookie' => 'PHPSESSID=1e96d0914dcc5718ad09726748185f5d',
)
[ info ] [ PARAM ] array (
  '/index/works/order' => '',
)
[ info ] [ SESSION ] INIT array (
  'id' => '',
  'var_session_id' => '',
  'prefix' => 'think',
  'type' => '',
  'auto_start' => true,
)
[ info ] [ RUN ] app\index\controller\Works->order[ /Applications/XAMPP/xamppfiles/htdocs/pension_project/application/index/controller/Works.php ]
[ info ] [ DB ] INIT mysql
[ info ] [ VIEW ] /Applications/XAMPP/xamppfiles/htdocs/pension_project/application/index/view/works/order.html [ array (
  0 => 'data',
  1 => 'staff',
  2 => 'info',
) ]
[ info ] [ LOG ] INIT File
[ sql ] [ DB ] CONNECT:[ UseTime:0.021697s ] mysql:host=101.89.115.24;port=3306;dbname=pension;charset=utf8
[ sql ] [ SQL ] SHOW COLUMNS FROM `yc_work` [ RunTime:0.014048s ]
[ sql ] [ SQL ] SELECT count(id) as number,state FROM `yc_work` WHERE  `create_time` BETWEEN 1550073600 AND 1550159999  AND `state` IN (1,2,3,4) GROUP BY `state` [ RunTime:0.014620s ]
[ sql ] [ SQL ] SELECT COUNT(*) AS tp_count FROM `yc_work` WHERE  `create_time` BETWEEN 1550073600 AND 1550159999 LIMIT 1 [ RunTime:0.013228s ]
[ sql ] [ SQL ] SELECT * FROM `yc_work` WHERE  `create_time` BETWEEN 1550073600 AND 1550159999 ORDER BY `id` DESC LIMIT 0,30 [ RunTime:0.017370s ]
[ sql ] [ SQL ] SELECT `id`,`display_name` FROM yc_staff_user [ RunTime:0.015925s ]
[ error ] [8]未定义数组索引: name[/Applications/XAMPP/xamppfiles/htdocs/pension_project/application/index/model/Work.php:564]
[ error ] [8]未定义变量: query[/Applications/XAMPP/xamppfiles/htdocs/pension_project/application/index/model/Work.php:603]
[ error ] [8]未定义变量: group[/Applications/XAMPP/xamppfiles/htdocs/pension_project/application/index/model/Work.php:617]
[ error ] [8]未定义变量: title[/Applications/XAMPP/xamppfiles/htdocs/pension_project/runtime/temp/bb6f9166bbc21340f79880963cb11c8c.php:7]
[ error ] [8]未定义变量: param[/Applications/XAMPP/xamppfiles/htdocs/pension_project/runtime/temp/bb6f9166bbc21340f79880963cb11c8c.php:147]
---------------------------------------------------------------
[ 2019-02-14T08:46:54+08:00 ] 127.0.0.1 GET yunchi.cn/index/works/plan
[运行时间：0.108415s] [吞吐率：9.22req/s] [内存消耗：3,229.45kb] [文件加载：118]
[ info ] [ LANG ] /Applications/XAMPP/xamppfiles/htdocs/pension_project/thinkphp/lang/zh-cn.php
[ info ] [ ROUTE ] array (
  'type' => 'module',
  'module' => 
  array (
    0 => 'index',
    1 => 'works',
    2 => 'plan',
  ),
)
[ info ] [ HEADER ] array (
  'host' => 'yunchi.cn',
  'connection' => 'keep-alive',
  'upgrade-insecure-requests' => '1',
  'user-agent' => 'Mozilla/5.0 (Macintosh; Intel Mac OS X 10_13_6) AppleWebKit/537.36 (KHTML, like Gecko) Chrome/72.0.3626.109 Safari/537.36',
  'accept' => 'text/html,application/xhtml+xml,application/xml;q=0.9,image/webp,image/apng,*/*;q=0.8',
  'referer' => 'http://yunchi.cn/index/Index/index',
  'accept-encoding' => 'gzip, deflate',
  'accept-language' => 'zh-CN,zh;q=0.9',
  'cookie' => 'PHPSESSID=1e96d0914dcc5718ad09726748185f5d',
)
[ info ] [ PARAM ] array (
  '/index/works/plan' => '',
)
[ info ] [ SESSION ] INIT array (
  'id' => '',
  'var_session_id' => '',
  'prefix' => 'think',
  'type' => '',
  'auto_start' => true,
)
[ info ] [ RUN ] app\index\controller\Works->plan[ /Applications/XAMPP/xamppfiles/htdocs/pension_project/application/index/controller/Works.php ]
[ info ] [ DB ] INIT mysql
[ info ] [ VIEW ] /Applications/XAMPP/xamppfiles/htdocs/pension_project/application/index/view/works/plan.html [ array (
  0 => 'work',
) ]
[ info ] [ LOG ] INIT File
[ sql ] [ DB ] CONNECT:[ UseTime:0.030310s ] mysql:host=101.89.115.24;port=3306;dbname=pension;charset=utf8
[ sql ] [ SQL ] SHOW COLUMNS FROM `yc_work_plan` [ RunTime:0.016190s ]
[ sql ] [ SQL ] SELECT COUNT(*) AS tp_count FROM ( SELECT count(*) FROM `yc_work_plan` `p` INNER JOIN `yc_work` `w` ON `p`.`id`=`w`.`pid` GROUP BY `p`.`id` ) `_group_count_` LIMIT 1 [ RunTime:0.015337s ]
[ sql ] [ SQL ] SELECT p.*,count(w.id) as num FROM `yc_work_plan` `p` INNER JOIN `yc_work` `w` ON `p`.`id`=`w`.`pid` GROUP BY `p`.`id` ORDER BY `id` DESC LIMIT 0,30 [ RunTime:0.015888s ]
[ error ] [8]未定义变量: title[/Applications/XAMPP/xamppfiles/htdocs/pension_project/runtime/temp/a73c2cd1d90293e722f907806faf8c33.php:7]
---------------------------------------------------------------
[ 2019-02-14T08:46:54+08:00 ] 127.0.0.1 GET yunchi.cn/index/works/work
[运行时间：0.133908s] [吞吐率：7.47req/s] [内存消耗：3,373.59kb] [文件加载：118]
[ info ] [ LANG ] /Applications/XAMPP/xamppfiles/htdocs/pension_project/thinkphp/lang/zh-cn.php
[ info ] [ ROUTE ] array (
  'type' => 'module',
  'module' => 
  array (
    0 => 'index',
    1 => 'works',
    2 => 'work',
  ),
)
[ info ] [ HEADER ] array (
  'host' => 'yunchi.cn',
  'connection' => 'keep-alive',
  'upgrade-insecure-requests' => '1',
  'user-agent' => 'Mozilla/5.0 (Macintosh; Intel Mac OS X 10_13_6) AppleWebKit/537.36 (KHTML, like Gecko) Chrome/72.0.3626.109 Safari/537.36',
  'accept' => 'text/html,application/xhtml+xml,application/xml;q=0.9,image/webp,image/apng,*/*;q=0.8',
  'referer' => 'http://yunchi.cn/index/Index/index',
  'accept-encoding' => 'gzip, deflate',
  'accept-language' => 'zh-CN,zh;q=0.9',
  'cookie' => 'PHPSESSID=1e96d0914dcc5718ad09726748185f5d',
)
[ info ] [ PARAM ] array (
  '/index/works/work' => '',
)
[ info ] [ SESSION ] INIT array (
  'id' => '',
  'var_session_id' => '',
  'prefix' => 'think',
  'type' => '',
  'auto_start' => true,
)
[ info ] [ RUN ] app\index\controller\Works->work[ /Applications/XAMPP/xamppfiles/htdocs/pension_project/application/index/controller/Works.php ]
[ info ] [ DB ] INIT mysql
[ info ] [ VIEW ] /Applications/XAMPP/xamppfiles/htdocs/pension_project/application/index/view/works/work.html [ array (
  0 => 'work',
  1 => 'count',
  2 => 'staff',
) ]
[ info ] [ LOG ] INIT File
[ sql ] [ DB ] CONNECT:[ UseTime:0.023901s ] mysql:host=101.89.115.24;port=3306;dbname=pension;charset=utf8
[ sql ] [ SQL ] SELECT `id`,`display_name` FROM yc_staff_user [ RunTime:0.014754s ]
[ sql ] [ SQL ] SHOW COLUMNS FROM `yc_work` [ RunTime:0.016869s ]
[ sql ] [ SQL ] SELECT COUNT(*) AS tp_count FROM `yc_work` `w` LEFT JOIN `yc_work_plan` `p` ON `w`.`pid`=`p`.`id` LEFT JOIN `yc_staff_user` `s` ON `w`.`sid`=`s`.`id` LEFT JOIN `yc_client` `u` ON `w`.`uid`=`u`.`id` WHERE  `p`.`state` = 1  AND `work_type` = 4 LIMIT 1 [ RunTime:0.016797s ]
[ sql ] [ SQL ] SELECT `w`.`id`,`w`.`create_time`,p.start_time as start,p.end_time as end,`w`.`state`,`s`.`work_number`,s.display_name as sname,u.name as uname,`w`.`type`,`w`.`end_time`,p.name as pname FROM `yc_work` `w` LEFT JOIN `yc_work_plan` `p` ON `w`.`pid`=`p`.`id` LEFT JOIN `yc_staff_user` `s` ON `w`.`sid`=`s`.`id` LEFT JOIN `yc_client` `u` ON `w`.`uid`=`u`.`id` WHERE  `p`.`state` = 1  AND `work_type` = 4 ORDER BY `id` DESC LIMIT 0,30 [ RunTime:0.014615s ]
[ sql ] [ SQL ] SELECT 
            sum(case when type=0 then 1 else 0 end) as zero, 
            sum(case when type=1 then 1 else 0 end) as one, 
            sum(case when type=2 then 1 else 0 end) as two, 
            sum(case when type=3 then 1 else 0 end) as three,
            sum(case when type=4 then 1 else 0 end) as four
             FROM `yc_work` [ RunTime:0.015353s ]
[ error ] [8]未定义数组索引: status[/Applications/XAMPP/xamppfiles/htdocs/pension_project/application/index/model/Work.php:105]
[ error ] [8]未定义变量: title[/Applications/XAMPP/xamppfiles/htdocs/pension_project/runtime/temp/f88656736bf3e6ec213b2c2e563d2106.php:7]
---------------------------------------------------------------
[ 2019-02-14T13:47:11+08:00 ] 127.0.0.1 GET yunchi.cn/index/Index/index
[运行时间：0.083067s] [吞吐率：12.04req/s] [内存消耗：2,657.27kb] [文件加载：113]
[ info ] [ LANG ] /Applications/XAMPP/xamppfiles/htdocs/pension_project/thinkphp/lang/zh-cn.php
[ info ] [ ROUTE ] array (
  'type' => 'module',
  'module' => 
  array (
    0 => 'index',
    1 => 'Index',
    2 => 'index',
  ),
)
[ info ] [ HEADER ] array (
  'host' => 'yunchi.cn',
  'connection' => 'keep-alive',
  'cache-control' => 'max-age=0',
  'upgrade-insecure-requests' => '1',
  'user-agent' => 'Mozilla/5.0 (Macintosh; Intel Mac OS X 10_13_6) AppleWebKit/537.36 (KHTML, like Gecko) Chrome/72.0.3626.109 Safari/537.36',
  'accept' => 'text/html,application/xhtml+xml,application/xml;q=0.9,image/webp,image/apng,*/*;q=0.8',
  'referer' => 'http://yunchi.cn/index/Login/login',
  'accept-encoding' => 'gzip, deflate',
  'accept-language' => 'zh-CN,zh;q=0.9',
  'cookie' => 'PHPSESSID=1e96d0914dcc5718ad09726748185f5d',
)
[ info ] [ PARAM ] array (
  '/index/Index/index' => '',
)
[ info ] [ SESSION ] INIT array (
  'id' => '',
  'var_session_id' => '',
  'prefix' => 'think',
  'type' => '',
  'auto_start' => true,
)
[ info ] [ RUN ] app\index\controller\Index->index[ /Applications/XAMPP/xamppfiles/htdocs/pension_project/application/index/controller/Index.php ]
[ info ] [ DB ] INIT mysql
[ info ] [ VIEW ] /Applications/XAMPP/xamppfiles/htdocs/pension_project/application/index/view/index/index.html [ array (
  0 => 'menu',
  1 => 'title',
) ]
[ info ] [ LOG ] INIT File
[ sql ] [ DB ] CONNECT:[ UseTime:0.027271s ] mysql:host=101.89.115.24;port=3306;dbname=pension;charset=utf8
[ sql ] [ SQL ] SELECT `name`,`remarks`,`m_id`,`r_status` FROM yc_role WHERE `id`=0 [ RunTime:0.014808s ]
[ sql ] [ SQL ] SELECT `id`,`name`,`url`,`icon`,`pid`,`level`,`m_status`,`weight`,`create_time` FROM yc_menu  WHERE  `m_status`=1 ORDER BY `weight` ASC,`id` ASC [ RunTime:0.015368s ]
[ error ] [8]未定义数组下标: 0[/Applications/XAMPP/xamppfiles/htdocs/pension_project/application/index/model/Role.php:49]
---------------------------------------------------------------
[ 2019-02-14T13:47:11+08:00 ] 127.0.0.1 GET yunchi.cn/index/Index/main
[运行时间：0.016864s] [吞吐率：59.30req/s] [内存消耗：1,934.45kb] [文件加载：104]
[ info ] [ LANG ] /Applications/XAMPP/xamppfiles/htdocs/pension_project/thinkphp/lang/zh-cn.php
[ info ] [ ROUTE ] array (
  'type' => 'module',
  'module' => 
  array (
    0 => 'index',
    1 => 'Index',
    2 => 'main',
  ),
)
[ info ] [ HEADER ] array (
  'host' => 'yunchi.cn',
  'connection' => 'keep-alive',
  'upgrade-insecure-requests' => '1',
  'user-agent' => 'Mozilla/5.0 (Macintosh; Intel Mac OS X 10_13_6) AppleWebKit/537.36 (KHTML, like Gecko) Chrome/72.0.3626.109 Safari/537.36',
  'accept' => 'text/html,application/xhtml+xml,application/xml;q=0.9,image/webp,image/apng,*/*;q=0.8',
  'referer' => 'http://yunchi.cn/index/Index/index',
  'accept-encoding' => 'gzip, deflate',
  'accept-language' => 'zh-CN,zh;q=0.9',
  'cookie' => 'PHPSESSID=1e96d0914dcc5718ad09726748185f5d',
)
[ info ] [ PARAM ] array (
  '/index/Index/main' => '',
)
[ info ] [ SESSION ] INIT array (
  'id' => '',
  'var_session_id' => '',
  'prefix' => 'think',
  'type' => '',
  'auto_start' => true,
)
[ info ] [ RUN ] app\index\controller\Index->main[ /Applications/XAMPP/xamppfiles/htdocs/pension_project/application/index/controller/Index.php ]
[ info ] [ VIEW ] /Applications/XAMPP/xamppfiles/htdocs/pension_project/application/index/view/index/main.html [ array (
) ]
[ info ] [ LOG ] INIT File
[ error ] [8]未定义变量: title[/Applications/XAMPP/xamppfiles/htdocs/pension_project/runtime/temp/b91db48711266ab571f6724bfca8e2eb.php:7]
---------------------------------------------------------------
[ 2019-02-14T13:47:20+08:00 ] 127.0.0.1 GET yunchi.cn/index/Index/index
[运行时间：0.077657s] [吞吐率：12.88req/s] [内存消耗：2,657.63kb] [文件加载：113]
[ info ] [ LANG ] /Applications/XAMPP/xamppfiles/htdocs/pension_project/thinkphp/lang/zh-cn.php
[ info ] [ ROUTE ] array (
  'type' => 'module',
  'module' => 
  array (
    0 => 'index',
    1 => 'Index',
    2 => 'index',
  ),
)
[ info ] [ HEADER ] array (
  'host' => 'yunchi.cn',
  'connection' => 'keep-alive',
  'pragma' => 'no-cache',
  'cache-control' => 'no-cache',
  'upgrade-insecure-requests' => '1',
  'user-agent' => 'Mozilla/5.0 (Macintosh; Intel Mac OS X 10_13_6) AppleWebKit/537.36 (KHTML, like Gecko) Chrome/72.0.3626.109 Safari/537.36',
  'accept' => 'text/html,application/xhtml+xml,application/xml;q=0.9,image/webp,image/apng,*/*;q=0.8',
  'referer' => 'http://yunchi.cn/index/Login/login',
  'accept-encoding' => 'gzip, deflate',
  'accept-language' => 'zh-CN,zh;q=0.9',
  'cookie' => 'PHPSESSID=1e96d0914dcc5718ad09726748185f5d',
)
[ info ] [ PARAM ] array (
  '/index/Index/index' => '',
)
[ info ] [ SESSION ] INIT array (
  'id' => '',
  'var_session_id' => '',
  'prefix' => 'think',
  'type' => '',
  'auto_start' => true,
)
[ info ] [ RUN ] app\index\controller\Index->index[ /Applications/XAMPP/xamppfiles/htdocs/pension_project/application/index/controller/Index.php ]
[ info ] [ DB ] INIT mysql
[ info ] [ VIEW ] /Applications/XAMPP/xamppfiles/htdocs/pension_project/application/index/view/index/index.html [ array (
  0 => 'menu',
  1 => 'title',
) ]
[ info ] [ LOG ] INIT File
[ sql ] [ DB ] CONNECT:[ UseTime:0.022287s ] mysql:host=101.89.115.24;port=3306;dbname=pension;charset=utf8
[ sql ] [ SQL ] SELECT `name`,`remarks`,`m_id`,`r_status` FROM yc_role WHERE `id`=0 [ RunTime:0.013360s ]
[ sql ] [ SQL ] SELECT `id`,`name`,`url`,`icon`,`pid`,`level`,`m_status`,`weight`,`create_time` FROM yc_menu  WHERE  `m_status`=1 ORDER BY `weight` ASC,`id` ASC [ RunTime:0.016545s ]
[ error ] [8]未定义数组下标: 0[/Applications/XAMPP/xamppfiles/htdocs/pension_project/application/index/model/Role.php:49]
---------------------------------------------------------------
[ 2019-02-14T13:47:20+08:00 ] 127.0.0.1 GET yunchi.cn/index/Index/main
[运行时间：0.025722s] [吞吐率：38.88req/s] [内存消耗：1,935.64kb] [文件加载：104]
[ info ] [ LANG ] /Applications/XAMPP/xamppfiles/htdocs/pension_project/thinkphp/lang/zh-cn.php
[ info ] [ ROUTE ] array (
  'type' => 'module',
  'module' => 
  array (
    0 => 'index',
    1 => 'Index',
    2 => 'main',
  ),
)
[ info ] [ HEADER ] array (
  'host' => 'yunchi.cn',
  'connection' => 'keep-alive',
  'pragma' => 'no-cache',
  'cache-control' => 'no-cache',
  'upgrade-insecure-requests' => '1',
  'user-agent' => 'Mozilla/5.0 (Macintosh; Intel Mac OS X 10_13_6) AppleWebKit/537.36 (KHTML, like Gecko) Chrome/72.0.3626.109 Safari/537.36',
  'accept' => 'text/html,application/xhtml+xml,application/xml;q=0.9,image/webp,image/apng,*/*;q=0.8',
  'referer' => 'http://yunchi.cn/index/Index/index',
  'accept-encoding' => 'gzip, deflate',
  'accept-language' => 'zh-CN,zh;q=0.9',
  'cookie' => 'PHPSESSID=1e96d0914dcc5718ad09726748185f5d',
)
[ info ] [ PARAM ] array (
  '/index/Index/main' => '',
)
[ info ] [ SESSION ] INIT array (
  'id' => '',
  'var_session_id' => '',
  'prefix' => 'think',
  'type' => '',
  'auto_start' => true,
)
[ info ] [ RUN ] app\index\controller\Index->main[ /Applications/XAMPP/xamppfiles/htdocs/pension_project/application/index/controller/Index.php ]
[ info ] [ VIEW ] /Applications/XAMPP/xamppfiles/htdocs/pension_project/application/index/view/index/main.html [ array (
) ]
[ info ] [ LOG ] INIT File
[ error ] [8]未定义变量: title[/Applications/XAMPP/xamppfiles/htdocs/pension_project/runtime/temp/b91db48711266ab571f6724bfca8e2eb.php:7]
---------------------------------------------------------------
[ 2019-02-14T13:47:20+08:00 ] 127.0.0.1 GET yunchi.cn/favicon.ico
[运行时间：0.014881s] [吞吐率：67.20req/s] [内存消耗：1,610.70kb] [文件加载：94]
[ info ] [ LANG ] /Applications/XAMPP/xamppfiles/htdocs/pension_project/thinkphp/lang/zh-cn.php
[ info ] [ ROUTE ] array (
  'type' => 'module',
  'module' => 
  array (
    0 => 'favicon.ico',
    1 => NULL,
    2 => NULL,
  ),
)
[ info ] [ HEADER ] array (
  'host' => 'yunchi.cn',
  'connection' => 'keep-alive',
  'pragma' => 'no-cache',
  'cache-control' => 'no-cache',
  'user-agent' => 'Mozilla/5.0 (Macintosh; Intel Mac OS X 10_13_6) AppleWebKit/537.36 (KHTML, like Gecko) Chrome/72.0.3626.109 Safari/537.36',
  'accept' => 'image/webp,image/apng,image/*,*/*;q=0.8',
  'referer' => 'http://yunchi.cn/index/Index/index',
  'accept-encoding' => 'gzip, deflate',
  'accept-language' => 'zh-CN,zh;q=0.9',
  'cookie' => 'PHPSESSID=1e96d0914dcc5718ad09726748185f5d',
)
[ info ] [ PARAM ] array (
  '/favicon_ico' => '',
)
[ info ] [ LOG ] INIT File
---------------------------------------------------------------
[ 2019-02-14T13:47:23+08:00 ] 127.0.0.1 GET yunchi.cn/index/works/plan
[运行时间：0.097140s] [吞吐率：10.29req/s] [内存消耗：3,229.45kb] [文件加载：118]
[ info ] [ LANG ] /Applications/XAMPP/xamppfiles/htdocs/pension_project/thinkphp/lang/zh-cn.php
[ info ] [ ROUTE ] array (
  'type' => 'module',
  'module' => 
  array (
    0 => 'index',
    1 => 'works',
    2 => 'plan',
  ),
)
[ info ] [ HEADER ] array (
  'host' => 'yunchi.cn',
  'connection' => 'keep-alive',
  'upgrade-insecure-requests' => '1',
  'user-agent' => 'Mozilla/5.0 (Macintosh; Intel Mac OS X 10_13_6) AppleWebKit/537.36 (KHTML, like Gecko) Chrome/72.0.3626.109 Safari/537.36',
  'accept' => 'text/html,application/xhtml+xml,application/xml;q=0.9,image/webp,image/apng,*/*;q=0.8',
  'referer' => 'http://yunchi.cn/index/Index/index',
  'accept-encoding' => 'gzip, deflate',
  'accept-language' => 'zh-CN,zh;q=0.9',
  'cookie' => 'PHPSESSID=1e96d0914dcc5718ad09726748185f5d',
)
[ info ] [ PARAM ] array (
  '/index/works/plan' => '',
)
[ info ] [ SESSION ] INIT array (
  'id' => '',
  'var_session_id' => '',
  'prefix' => 'think',
  'type' => '',
  'auto_start' => true,
)
[ info ] [ RUN ] app\index\controller\Works->plan[ /Applications/XAMPP/xamppfiles/htdocs/pension_project/application/index/controller/Works.php ]
[ info ] [ DB ] INIT mysql
[ info ] [ VIEW ] /Applications/XAMPP/xamppfiles/htdocs/pension_project/application/index/view/works/plan.html [ array (
  0 => 'work',
) ]
[ info ] [ LOG ] INIT File
[ sql ] [ DB ] CONNECT:[ UseTime:0.022720s ] mysql:host=101.89.115.24;port=3306;dbname=pension;charset=utf8
[ sql ] [ SQL ] SHOW COLUMNS FROM `yc_work_plan` [ RunTime:0.016961s ]
[ sql ] [ SQL ] SELECT COUNT(*) AS tp_count FROM ( SELECT count(*) FROM `yc_work_plan` `p` INNER JOIN `yc_work` `w` ON `p`.`id`=`w`.`pid` GROUP BY `p`.`id` ) `_group_count_` LIMIT 1 [ RunTime:0.013712s ]
[ sql ] [ SQL ] SELECT p.*,count(w.id) as num FROM `yc_work_plan` `p` INNER JOIN `yc_work` `w` ON `p`.`id`=`w`.`pid` GROUP BY `p`.`id` ORDER BY `id` DESC LIMIT 0,30 [ RunTime:0.015091s ]
[ error ] [8]未定义变量: title[/Applications/XAMPP/xamppfiles/htdocs/pension_project/runtime/temp/a73c2cd1d90293e722f907806faf8c33.php:7]
---------------------------------------------------------------
[ 2019-02-14T13:47:24+08:00 ] 127.0.0.1 GET yunchi.cn/index/works/work
[运行时间：0.138693s] [吞吐率：7.21req/s] [内存消耗：3,565.91kb] [文件加载：120]
[ info ] [ LANG ] /Applications/XAMPP/xamppfiles/htdocs/pension_project/thinkphp/lang/zh-cn.php
[ info ] [ ROUTE ] array (
  'type' => 'module',
  'module' => 
  array (
    0 => 'index',
    1 => 'works',
    2 => 'work',
  ),
)
[ info ] [ HEADER ] array (
  'host' => 'yunchi.cn',
  'connection' => 'keep-alive',
  'upgrade-insecure-requests' => '1',
  'user-agent' => 'Mozilla/5.0 (Macintosh; Intel Mac OS X 10_13_6) AppleWebKit/537.36 (KHTML, like Gecko) Chrome/72.0.3626.109 Safari/537.36',
  'accept' => 'text/html,application/xhtml+xml,application/xml;q=0.9,image/webp,image/apng,*/*;q=0.8',
  'referer' => 'http://yunchi.cn/index/Index/index',
  'accept-encoding' => 'gzip, deflate',
  'accept-language' => 'zh-CN,zh;q=0.9',
  'cookie' => 'PHPSESSID=1e96d0914dcc5718ad09726748185f5d',
)
[ info ] [ PARAM ] array (
  '/index/works/work' => '',
)
[ info ] [ SESSION ] INIT array (
  'id' => '',
  'var_session_id' => '',
  'prefix' => 'think',
  'type' => '',
  'auto_start' => true,
)
[ info ] [ RUN ] app\index\controller\Works->work[ /Applications/XAMPP/xamppfiles/htdocs/pension_project/application/index/controller/Works.php ]
[ info ] [ DB ] INIT mysql
[ info ] [ VIEW ] /Applications/XAMPP/xamppfiles/htdocs/pension_project/application/index/view/works/work.html [ array (
  0 => 'work',
  1 => 'count',
  2 => 'staff',
) ]
[ info ] [ LOG ] INIT File
[ sql ] [ DB ] CONNECT:[ UseTime:0.023602s ] mysql:host=101.89.115.24;port=3306;dbname=pension;charset=utf8
[ sql ] [ SQL ] SELECT `id`,`display_name` FROM yc_staff_user [ RunTime:0.015944s ]
[ sql ] [ SQL ] SHOW COLUMNS FROM `yc_work` [ RunTime:0.017367s ]
[ sql ] [ SQL ] SELECT COUNT(*) AS tp_count FROM `yc_work` `w` LEFT JOIN `yc_work_plan` `p` ON `w`.`pid`=`p`.`id` LEFT JOIN `yc_staff_user` `s` ON `w`.`sid`=`s`.`id` LEFT JOIN `yc_client` `u` ON `w`.`uid`=`u`.`id` WHERE  `p`.`state` = 1  AND `work_type` = 4 LIMIT 1 [ RunTime:0.014916s ]
[ sql ] [ SQL ] SELECT `w`.`id`,`w`.`create_time`,p.start_time as start,p.end_time as end,`w`.`state`,`s`.`work_number`,s.display_name as sname,u.name as uname,`w`.`type`,`w`.`end_time`,p.name as pname FROM `yc_work` `w` LEFT JOIN `yc_work_plan` `p` ON `w`.`pid`=`p`.`id` LEFT JOIN `yc_staff_user` `s` ON `w`.`sid`=`s`.`id` LEFT JOIN `yc_client` `u` ON `w`.`uid`=`u`.`id` WHERE  `p`.`state` = 1  AND `work_type` = 4 ORDER BY `id` DESC LIMIT 0,30 [ RunTime:0.015988s ]
[ sql ] [ SQL ] SELECT 
            sum(case when type=0 then 1 else 0 end) as zero, 
            sum(case when type=1 then 1 else 0 end) as one, 
            sum(case when type=2 then 1 else 0 end) as two, 
            sum(case when type=3 then 1 else 0 end) as three,
            sum(case when type=4 then 1 else 0 end) as four
             FROM `yc_work` [ RunTime:0.014075s ]
[ error ] [8]未定义数组索引: status[/Applications/XAMPP/xamppfiles/htdocs/pension_project/application/index/model/Work.php:105]
[ error ] [8]未定义变量: title[/Applications/XAMPP/xamppfiles/htdocs/pension_project/runtime/temp/f88656736bf3e6ec213b2c2e563d2106.php:7]
---------------------------------------------------------------
[ 2019-02-14T13:47:34+08:00 ] 127.0.0.1 GET yunchi.cn/index/works/work
[运行时间：0.124538s] [吞吐率：8.03req/s] [内存消耗：3,374.68kb] [文件加载：118]
[ info ] [ LANG ] /Applications/XAMPP/xamppfiles/htdocs/pension_project/thinkphp/lang/zh-cn.php
[ info ] [ ROUTE ] array (
  'type' => 'module',
  'module' => 
  array (
    0 => 'index',
    1 => 'works',
    2 => 'work',
  ),
)
[ info ] [ HEADER ] array (
  'host' => 'yunchi.cn',
  'connection' => 'keep-alive',
  'cache-control' => 'max-age=0',
  'upgrade-insecure-requests' => '1',
  'user-agent' => 'Mozilla/5.0 (Macintosh; Intel Mac OS X 10_13_6) AppleWebKit/537.36 (KHTML, like Gecko) Chrome/72.0.3626.109 Safari/537.36',
  'accept' => 'text/html,application/xhtml+xml,application/xml;q=0.9,image/webp,image/apng,*/*;q=0.8',
  'referer' => 'http://yunchi.cn/index/Index/index',
  'accept-encoding' => 'gzip, deflate',
  'accept-language' => 'zh-CN,zh;q=0.9',
  'cookie' => 'PHPSESSID=1e96d0914dcc5718ad09726748185f5d',
)
[ info ] [ PARAM ] array (
  '/index/works/work' => '',
)
[ info ] [ SESSION ] INIT array (
  'id' => '',
  'var_session_id' => '',
  'prefix' => 'think',
  'type' => '',
  'auto_start' => true,
)
[ info ] [ RUN ] app\index\controller\Works->work[ /Applications/XAMPP/xamppfiles/htdocs/pension_project/application/index/controller/Works.php ]
[ info ] [ DB ] INIT mysql
[ info ] [ VIEW ] /Applications/XAMPP/xamppfiles/htdocs/pension_project/application/index/view/works/work.html [ array (
  0 => 'work',
  1 => 'count',
  2 => 'staff',
) ]
[ info ] [ LOG ] INIT File
[ sql ] [ DB ] CONNECT:[ UseTime:0.022682s ] mysql:host=101.89.115.24;port=3306;dbname=pension;charset=utf8
[ sql ] [ SQL ] SELECT `id`,`display_name` FROM yc_staff_user [ RunTime:0.013190s ]
[ sql ] [ SQL ] SHOW COLUMNS FROM `yc_work` [ RunTime:0.015385s ]
[ sql ] [ SQL ] SELECT COUNT(*) AS tp_count FROM `yc_work` `w` LEFT JOIN `yc_work_plan` `p` ON `w`.`pid`=`p`.`id` LEFT JOIN `yc_staff_user` `s` ON `w`.`sid`=`s`.`id` LEFT JOIN `yc_client` `u` ON `w`.`uid`=`u`.`id` WHERE  `p`.`state` = 1  AND `work_type` = 4 LIMIT 1 [ RunTime:0.013174s ]
[ sql ] [ SQL ] SELECT `w`.`id`,`w`.`create_time`,p.start_time as start,p.end_time as end,`w`.`state`,`s`.`work_number`,s.display_name as sname,u.name as uname,`w`.`type`,`w`.`end_time`,p.name as pname FROM `yc_work` `w` LEFT JOIN `yc_work_plan` `p` ON `w`.`pid`=`p`.`id` LEFT JOIN `yc_staff_user` `s` ON `w`.`sid`=`s`.`id` LEFT JOIN `yc_client` `u` ON `w`.`uid`=`u`.`id` WHERE  `p`.`state` = 1  AND `work_type` = 4 ORDER BY `id` DESC LIMIT 0,30 [ RunTime:0.014005s ]
[ sql ] [ SQL ] SELECT 
            sum(case when type=0 then 1 else 0 end) as zero, 
            sum(case when type=1 then 1 else 0 end) as one, 
            sum(case when type=2 then 1 else 0 end) as two, 
            sum(case when type=3 then 1 else 0 end) as three,
            sum(case when type=4 then 1 else 0 end) as four
             FROM `yc_work` [ RunTime:0.013245s ]
[ error ] [8]未定义数组索引: status[/Applications/XAMPP/xamppfiles/htdocs/pension_project/application/index/model/Work.php:105]
[ error ] [8]未定义变量: title[/Applications/XAMPP/xamppfiles/htdocs/pension_project/runtime/temp/f88656736bf3e6ec213b2c2e563d2106.php:7]
---------------------------------------------------------------
[ 2019-02-14T16:35:49+08:00 ] 127.0.0.1 GET yunchi.cn/index/Works/work?start=&end=&type=3&name=&status=0
[运行时间：0.130788s] [吞吐率：7.65req/s] [内存消耗：3,475.91kb] [文件加载：120]
[ info ] [ LANG ] /Applications/XAMPP/xamppfiles/htdocs/pension_project/thinkphp/lang/zh-cn.php
[ info ] [ ROUTE ] array (
  'type' => 'module',
  'module' => 
  array (
    0 => 'index',
    1 => 'Works',
    2 => 'work',
  ),
)
[ info ] [ HEADER ] array (
  'host' => 'yunchi.cn',
  'connection' => 'keep-alive',
  'upgrade-insecure-requests' => '1',
  'user-agent' => 'Mozilla/5.0 (Macintosh; Intel Mac OS X 10_13_6) AppleWebKit/537.36 (KHTML, like Gecko) Chrome/72.0.3626.109 Safari/537.36',
  'accept' => 'text/html,application/xhtml+xml,application/xml;q=0.9,image/webp,image/apng,*/*;q=0.8',
  'referer' => 'http://yunchi.cn/index/works/work',
  'accept-encoding' => 'gzip, deflate',
  'accept-language' => 'zh-CN,zh;q=0.9',
  'cookie' => 'PHPSESSID=1e96d0914dcc5718ad09726748185f5d',
)
[ info ] [ PARAM ] array (
  '/index/Works/work' => '',
  'start' => '',
  'end' => '',
  'type' => '3',
  'name' => '',
  'status' => '0',
)
[ info ] [ SESSION ] INIT array (
  'id' => '',
  'var_session_id' => '',
  'prefix' => 'think',
  'type' => '',
  'auto_start' => true,
)
[ info ] [ RUN ] app\index\controller\Works->work[ /Applications/XAMPP/xamppfiles/htdocs/pension_project/application/index/controller/Works.php ]
[ info ] [ DB ] INIT mysql
[ info ] [ VIEW ] /Applications/XAMPP/xamppfiles/htdocs/pension_project/application/index/view/works/work.html [ array (
  0 => 'work',
  1 => 'count',
  2 => 'staff',
) ]
[ info ] [ LOG ] INIT File
[ sql ] [ DB ] CONNECT:[ UseTime:0.020917s ] mysql:host=101.89.115.24;port=3306;dbname=pension;charset=utf8
[ sql ] [ SQL ] SELECT `id`,`display_name` FROM yc_staff_user [ RunTime:0.014478s ]
[ sql ] [ SQL ] SHOW COLUMNS FROM `yc_work` [ RunTime:0.013630s ]
[ sql ] [ SQL ] SELECT COUNT(*) AS tp_count FROM `yc_work` `w` LEFT JOIN `yc_work_plan` `p` ON `w`.`pid`=`p`.`id` LEFT JOIN `yc_staff_user` `s` ON `w`.`sid`=`s`.`id` LEFT JOIN `yc_client` `u` ON `w`.`uid`=`u`.`id` WHERE  `w`.`type` = '3'  AND `p`.`state` = 1  AND `work_type` = 4 LIMIT 1 [ RunTime:0.013915s ]
[ sql ] [ SQL ] SELECT `w`.`id`,`w`.`create_time`,p.start_time as start,p.end_time as end,`w`.`state`,`s`.`work_number`,s.display_name as sname,u.name as uname,`w`.`type`,`w`.`end_time`,p.name as pname FROM `yc_work` `w` LEFT JOIN `yc_work_plan` `p` ON `w`.`pid`=`p`.`id` LEFT JOIN `yc_staff_user` `s` ON `w`.`sid`=`s`.`id` LEFT JOIN `yc_client` `u` ON `w`.`uid`=`u`.`id` WHERE  `w`.`type` = '3'  AND `p`.`state` = 1  AND `work_type` = 4 ORDER BY `id` DESC LIMIT 0,30 [ RunTime:0.014132s ]
[ sql ] [ SQL ] SELECT 
            sum(case when type=0 then 1 else 0 end) as zero, 
            sum(case when type=1 then 1 else 0 end) as one, 
            sum(case when type=2 then 1 else 0 end) as two, 
            sum(case when type=3 then 1 else 0 end) as three,
            sum(case when type=4 then 1 else 0 end) as four
             FROM `yc_work` [ RunTime:0.016071s ]
[ error ] [8]未定义变量: title[/Applications/XAMPP/xamppfiles/htdocs/pension_project/runtime/temp/f88656736bf3e6ec213b2c2e563d2106.php:7]
---------------------------------------------------------------
[ 2019-02-14T16:35:56+08:00 ] 127.0.0.1 GET yunchi.cn/index/works/work
[运行时间：0.122565s] [吞吐率：8.16req/s] [内存消耗：3,372.76kb] [文件加载：118]
[ info ] [ LANG ] /Applications/XAMPP/xamppfiles/htdocs/pension_project/thinkphp/lang/zh-cn.php
[ info ] [ ROUTE ] array (
  'type' => 'module',
  'module' => 
  array (
    0 => 'index',
    1 => 'works',
    2 => 'work',
  ),
)
[ info ] [ HEADER ] array (
  'host' => 'yunchi.cn',
  'connection' => 'keep-alive',
  'upgrade-insecure-requests' => '1',
  'user-agent' => 'Mozilla/5.0 (Macintosh; Intel Mac OS X 10_13_6) AppleWebKit/537.36 (KHTML, like Gecko) Chrome/72.0.3626.109 Safari/537.36',
  'accept' => 'text/html,application/xhtml+xml,application/xml;q=0.9,image/webp,image/apng,*/*;q=0.8',
  'referer' => 'http://yunchi.cn/index/Index/index',
  'accept-encoding' => 'gzip, deflate',
  'accept-language' => 'zh-CN,zh;q=0.9',
  'cookie' => 'PHPSESSID=1e96d0914dcc5718ad09726748185f5d',
)
[ info ] [ PARAM ] array (
  '/index/works/work' => '',
)
[ info ] [ SESSION ] INIT array (
  'id' => '',
  'var_session_id' => '',
  'prefix' => 'think',
  'type' => '',
  'auto_start' => true,
)
[ info ] [ RUN ] app\index\controller\Works->work[ /Applications/XAMPP/xamppfiles/htdocs/pension_project/application/index/controller/Works.php ]
[ info ] [ DB ] INIT mysql
[ info ] [ VIEW ] /Applications/XAMPP/xamppfiles/htdocs/pension_project/application/index/view/works/work.html [ array (
  0 => 'work',
  1 => 'count',
  2 => 'staff',
) ]
[ info ] [ LOG ] INIT File
[ sql ] [ DB ] CONNECT:[ UseTime:0.020964s ] mysql:host=101.89.115.24;port=3306;dbname=pension;charset=utf8
[ sql ] [ SQL ] SELECT `id`,`display_name` FROM yc_staff_user [ RunTime:0.014123s ]
[ sql ] [ SQL ] SHOW COLUMNS FROM `yc_work` [ RunTime:0.013628s ]
[ sql ] [ SQL ] SELECT COUNT(*) AS tp_count FROM `yc_work` `w` LEFT JOIN `yc_work_plan` `p` ON `w`.`pid`=`p`.`id` LEFT JOIN `yc_staff_user` `s` ON `w`.`sid`=`s`.`id` LEFT JOIN `yc_client` `u` ON `w`.`uid`=`u`.`id` WHERE  `p`.`state` = 1  AND `work_type` = 4 LIMIT 1 [ RunTime:0.013178s ]
[ sql ] [ SQL ] SELECT `w`.`id`,`w`.`create_time`,p.start_time as start,p.end_time as end,`w`.`state`,`s`.`work_number`,s.display_name as sname,u.name as uname,`w`.`type`,`w`.`end_time`,p.name as pname FROM `yc_work` `w` LEFT JOIN `yc_work_plan` `p` ON `w`.`pid`=`p`.`id` LEFT JOIN `yc_staff_user` `s` ON `w`.`sid`=`s`.`id` LEFT JOIN `yc_client` `u` ON `w`.`uid`=`u`.`id` WHERE  `p`.`state` = 1  AND `work_type` = 4 ORDER BY `id` DESC LIMIT 0,30 [ RunTime:0.013820s ]
[ sql ] [ SQL ] SELECT 
            sum(case when type=0 then 1 else 0 end) as zero, 
            sum(case when type=1 then 1 else 0 end) as one, 
            sum(case when type=2 then 1 else 0 end) as two, 
            sum(case when type=3 then 1 else 0 end) as three,
            sum(case when type=4 then 1 else 0 end) as four
             FROM `yc_work` [ RunTime:0.014906s ]
[ error ] [8]未定义数组索引: status[/Applications/XAMPP/xamppfiles/htdocs/pension_project/application/index/model/Work.php:105]
[ error ] [8]未定义变量: title[/Applications/XAMPP/xamppfiles/htdocs/pension_project/runtime/temp/f88656736bf3e6ec213b2c2e563d2106.php:7]
---------------------------------------------------------------
[ 2019-02-14T16:37:28+08:00 ] 127.0.0.1 GET yunchi.cn/index/works/work
[运行时间：0.134524s] [吞吐率：7.43req/s] [内存消耗：3,561.80kb] [文件加载：120]
[ info ] [ LANG ] /Applications/XAMPP/xamppfiles/htdocs/pension_project/thinkphp/lang/zh-cn.php
[ info ] [ ROUTE ] array (
  'type' => 'module',
  'module' => 
  array (
    0 => 'index',
    1 => 'works',
    2 => 'work',
  ),
)
[ info ] [ HEADER ] array (
  'host' => 'yunchi.cn',
  'connection' => 'keep-alive',
  'upgrade-insecure-requests' => '1',
  'user-agent' => 'Mozilla/5.0 (Macintosh; Intel Mac OS X 10_13_6) AppleWebKit/537.36 (KHTML, like Gecko) Chrome/72.0.3626.109 Safari/537.36',
  'accept' => 'text/html,application/xhtml+xml,application/xml;q=0.9,image/webp,image/apng,*/*;q=0.8',
  'referer' => 'http://yunchi.cn/index/Index/index',
  'accept-encoding' => 'gzip, deflate',
  'accept-language' => 'zh-CN,zh;q=0.9',
  'cookie' => 'PHPSESSID=1e96d0914dcc5718ad09726748185f5d',
)
[ info ] [ PARAM ] array (
  '/index/works/work' => '',
)
[ info ] [ SESSION ] INIT array (
  'id' => '',
  'var_session_id' => '',
  'prefix' => 'think',
  'type' => '',
  'auto_start' => true,
)
[ info ] [ RUN ] app\index\controller\Works->work[ /Applications/XAMPP/xamppfiles/htdocs/pension_project/application/index/controller/Works.php ]
[ info ] [ DB ] INIT mysql
[ info ] [ VIEW ] /Applications/XAMPP/xamppfiles/htdocs/pension_project/application/index/view/works/work.html [ array (
  0 => 'work',
  1 => 'count',
  2 => 'staff',
) ]
[ info ] [ LOG ] INIT File
[ sql ] [ DB ] CONNECT:[ UseTime:0.025506s ] mysql:host=101.89.115.24;port=3306;dbname=pension;charset=utf8
[ sql ] [ SQL ] SELECT `id`,`display_name` FROM yc_staff_user [ RunTime:0.013238s ]
[ sql ] [ SQL ] SHOW COLUMNS FROM `yc_work` [ RunTime:0.015445s ]
[ sql ] [ SQL ] SELECT COUNT(*) AS tp_count FROM `yc_work` `w` LEFT JOIN `yc_work_plan` `p` ON `w`.`pid`=`p`.`id` LEFT JOIN `yc_staff_user` `s` ON `w`.`sid`=`s`.`id` LEFT JOIN `yc_client` `u` ON `w`.`uid`=`u`.`id` WHERE  `p`.`state` = 1  AND `work_type` = 4 LIMIT 1 [ RunTime:0.014067s ]
[ sql ] [ SQL ] SELECT `w`.`id`,`w`.`create_time`,p.start_time as start,p.end_time as end,`w`.`state`,`s`.`work_number`,s.display_name as sname,u.name as uname,`w`.`type`,`w`.`end_time`,p.name as pname FROM `yc_work` `w` LEFT JOIN `yc_work_plan` `p` ON `w`.`pid`=`p`.`id` LEFT JOIN `yc_staff_user` `s` ON `w`.`sid`=`s`.`id` LEFT JOIN `yc_client` `u` ON `w`.`uid`=`u`.`id` WHERE  `p`.`state` = 1  AND `work_type` = 4 ORDER BY `id` DESC LIMIT 0,30 [ RunTime:0.016365s ]
[ sql ] [ SQL ] SELECT 
            sum(case when type=0 then 1 else 0 end) as zero, 
            sum(case when type=1 then 1 else 0 end) as one, 
            sum(case when type=2 then 1 else 0 end) as two, 
            sum(case when type=3 then 1 else 0 end) as three,
            sum(case when type=4 then 1 else 0 end) as four
            ,count(id) as count FROM `yc_work` [ RunTime:0.014091s ]
[ error ] [8]未定义数组索引: status[/Applications/XAMPP/xamppfiles/htdocs/pension_project/application/index/model/Work.php:105]
[ error ] [8]未定义变量: title[/Applications/XAMPP/xamppfiles/htdocs/pension_project/runtime/temp/f88656736bf3e6ec213b2c2e563d2106.php:7]
---------------------------------------------------------------
[ 2019-02-14T16:37:33+08:00 ] 127.0.0.1 GET yunchi.cn/index/Works/work?start=&end=&type=3&name=&status=0
[运行时间：0.125033s] [吞吐率：8.00req/s] [内存消耗：3,316.15kb] [文件加载：118]
[ info ] [ LANG ] /Applications/XAMPP/xamppfiles/htdocs/pension_project/thinkphp/lang/zh-cn.php
[ info ] [ ROUTE ] array (
  'type' => 'module',
  'module' => 
  array (
    0 => 'index',
    1 => 'Works',
    2 => 'work',
  ),
)
[ info ] [ HEADER ] array (
  'host' => 'yunchi.cn',
  'connection' => 'keep-alive',
  'upgrade-insecure-requests' => '1',
  'user-agent' => 'Mozilla/5.0 (Macintosh; Intel Mac OS X 10_13_6) AppleWebKit/537.36 (KHTML, like Gecko) Chrome/72.0.3626.109 Safari/537.36',
  'accept' => 'text/html,application/xhtml+xml,application/xml;q=0.9,image/webp,image/apng,*/*;q=0.8',
  'referer' => 'http://yunchi.cn/index/works/work',
  'accept-encoding' => 'gzip, deflate',
  'accept-language' => 'zh-CN,zh;q=0.9',
  'cookie' => 'PHPSESSID=1e96d0914dcc5718ad09726748185f5d',
)
[ info ] [ PARAM ] array (
  '/index/Works/work' => '',
  'start' => '',
  'end' => '',
  'type' => '3',
  'name' => '',
  'status' => '0',
)
[ info ] [ SESSION ] INIT array (
  'id' => '',
  'var_session_id' => '',
  'prefix' => 'think',
  'type' => '',
  'auto_start' => true,
)
[ info ] [ RUN ] app\index\controller\Works->work[ /Applications/XAMPP/xamppfiles/htdocs/pension_project/application/index/controller/Works.php ]
[ info ] [ DB ] INIT mysql
[ info ] [ VIEW ] /Applications/XAMPP/xamppfiles/htdocs/pension_project/application/index/view/works/work.html [ array (
  0 => 'work',
  1 => 'count',
  2 => 'staff',
) ]
[ info ] [ LOG ] INIT File
[ sql ] [ DB ] CONNECT:[ UseTime:0.026454s ] mysql:host=101.89.115.24;port=3306;dbname=pension;charset=utf8
[ sql ] [ SQL ] SELECT `id`,`display_name` FROM yc_staff_user [ RunTime:0.013497s ]
[ sql ] [ SQL ] SHOW COLUMNS FROM `yc_work` [ RunTime:0.016465s ]
[ sql ] [ SQL ] SELECT COUNT(*) AS tp_count FROM `yc_work` `w` LEFT JOIN `yc_work_plan` `p` ON `w`.`pid`=`p`.`id` LEFT JOIN `yc_staff_user` `s` ON `w`.`sid`=`s`.`id` LEFT JOIN `yc_client` `u` ON `w`.`uid`=`u`.`id` WHERE  `w`.`type` = '3'  AND `p`.`state` = 1  AND `work_type` = 4 LIMIT 1 [ RunTime:0.015126s ]
[ sql ] [ SQL ] SELECT `w`.`id`,`w`.`create_time`,p.start_time as start,p.end_time as end,`w`.`state`,`s`.`work_number`,s.display_name as sname,u.name as uname,`w`.`type`,`w`.`end_time`,p.name as pname FROM `yc_work` `w` LEFT JOIN `yc_work_plan` `p` ON `w`.`pid`=`p`.`id` LEFT JOIN `yc_staff_user` `s` ON `w`.`sid`=`s`.`id` LEFT JOIN `yc_client` `u` ON `w`.`uid`=`u`.`id` WHERE  `w`.`type` = '3'  AND `p`.`state` = 1  AND `work_type` = 4 ORDER BY `id` DESC LIMIT 0,30 [ RunTime:0.015676s ]
[ sql ] [ SQL ] SELECT 
            sum(case when type=0 then 1 else 0 end) as zero, 
            sum(case when type=1 then 1 else 0 end) as one, 
            sum(case when type=2 then 1 else 0 end) as two, 
            sum(case when type=3 then 1 else 0 end) as three,
            sum(case when type=4 then 1 else 0 end) as four
            ,count(id) as count FROM `yc_work` [ RunTime:0.012372s ]
[ error ] [8]未定义变量: title[/Applications/XAMPP/xamppfiles/htdocs/pension_project/runtime/temp/f88656736bf3e6ec213b2c2e563d2106.php:7]
---------------------------------------------------------------
[ 2019-02-14T16:37:35+08:00 ] 127.0.0.1 GET yunchi.cn/index/works/work
[运行时间：0.117228s] [吞吐率：8.53req/s] [内存消耗：3,373.06kb] [文件加载：118]
[ info ] [ LANG ] /Applications/XAMPP/xamppfiles/htdocs/pension_project/thinkphp/lang/zh-cn.php
[ info ] [ ROUTE ] array (
  'type' => 'module',
  'module' => 
  array (
    0 => 'index',
    1 => 'works',
    2 => 'work',
  ),
)
[ info ] [ HEADER ] array (
  'host' => 'yunchi.cn',
  'connection' => 'keep-alive',
  'upgrade-insecure-requests' => '1',
  'user-agent' => 'Mozilla/5.0 (Macintosh; Intel Mac OS X 10_13_6) AppleWebKit/537.36 (KHTML, like Gecko) Chrome/72.0.3626.109 Safari/537.36',
  'accept' => 'text/html,application/xhtml+xml,application/xml;q=0.9,image/webp,image/apng,*/*;q=0.8',
  'referer' => 'http://yunchi.cn/index/Index/index',
  'accept-encoding' => 'gzip, deflate',
  'accept-language' => 'zh-CN,zh;q=0.9',
  'cookie' => 'PHPSESSID=1e96d0914dcc5718ad09726748185f5d',
)
[ info ] [ PARAM ] array (
  '/index/works/work' => '',
)
[ info ] [ SESSION ] INIT array (
  'id' => '',
  'var_session_id' => '',
  'prefix' => 'think',
  'type' => '',
  'auto_start' => true,
)
[ info ] [ RUN ] app\index\controller\Works->work[ /Applications/XAMPP/xamppfiles/htdocs/pension_project/application/index/controller/Works.php ]
[ info ] [ DB ] INIT mysql
[ info ] [ VIEW ] /Applications/XAMPP/xamppfiles/htdocs/pension_project/application/index/view/works/work.html [ array (
  0 => 'work',
  1 => 'count',
  2 => 'staff',
) ]
[ info ] [ LOG ] INIT File
[ sql ] [ DB ] CONNECT:[ UseTime:0.019363s ] mysql:host=101.89.115.24;port=3306;dbname=pension;charset=utf8
[ sql ] [ SQL ] SELECT `id`,`display_name` FROM yc_staff_user [ RunTime:0.014207s ]
[ sql ] [ SQL ] SHOW COLUMNS FROM `yc_work` [ RunTime:0.013589s ]
[ sql ] [ SQL ] SELECT COUNT(*) AS tp_count FROM `yc_work` `w` LEFT JOIN `yc_work_plan` `p` ON `w`.`pid`=`p`.`id` LEFT JOIN `yc_staff_user` `s` ON `w`.`sid`=`s`.`id` LEFT JOIN `yc_client` `u` ON `w`.`uid`=`u`.`id` WHERE  `p`.`state` = 1  AND `work_type` = 4 LIMIT 1 [ RunTime:0.015112s ]
[ sql ] [ SQL ] SELECT `w`.`id`,`w`.`create_time`,p.start_time as start,p.end_time as end,`w`.`state`,`s`.`work_number`,s.display_name as sname,u.name as uname,`w`.`type`,`w`.`end_time`,p.name as pname FROM `yc_work` `w` LEFT JOIN `yc_work_plan` `p` ON `w`.`pid`=`p`.`id` LEFT JOIN `yc_staff_user` `s` ON `w`.`sid`=`s`.`id` LEFT JOIN `yc_client` `u` ON `w`.`uid`=`u`.`id` WHERE  `p`.`state` = 1  AND `work_type` = 4 ORDER BY `id` DESC LIMIT 0,30 [ RunTime:0.014755s ]
[ sql ] [ SQL ] SELECT 
            sum(case when type=0 then 1 else 0 end) as zero, 
            sum(case when type=1 then 1 else 0 end) as one, 
            sum(case when type=2 then 1 else 0 end) as two, 
            sum(case when type=3 then 1 else 0 end) as three,
            sum(case when type=4 then 1 else 0 end) as four
            ,count(id) as count FROM `yc_work` [ RunTime:0.013707s ]
[ error ] [8]未定义数组索引: status[/Applications/XAMPP/xamppfiles/htdocs/pension_project/application/index/model/Work.php:105]
[ error ] [8]未定义变量: title[/Applications/XAMPP/xamppfiles/htdocs/pension_project/runtime/temp/f88656736bf3e6ec213b2c2e563d2106.php:7]
