---------------------------------------------------------------
[ 2019-02-26T08:41:21+08:00 ] 127.0.0.1 GET yunchi.cn/index/Index/index
[运行时间：0.044988s] [吞吐率：22.23req/s] [内存消耗：1,898.32kb] [文件加载：101]
[ info ] [ LANG ] /Applications/XAMPP/xamppfiles/htdocs/pension_project/thinkphp/lang/zh-cn.php
[ info ] [ ROUTE ] array (
  'type' => 'module',
  'module' => 
  array (
    0 => 'index',
    1 => 'Index',
    2 => 'index',
  ),
)
[ info ] [ HEADER ] array (
  'host' => 'yunchi.cn',
  'connection' => 'keep-alive',
  'cache-control' => 'max-age=0',
  'upgrade-insecure-requests' => '1',
  'user-agent' => 'Mozilla/5.0 (Macintosh; Intel Mac OS X 10_13_6) AppleWebKit/537.36 (KHTML, like Gecko) Chrome/72.0.3626.109 Safari/537.36',
  'accept' => 'text/html,application/xhtml+xml,application/xml;q=0.9,image/webp,image/apng,*/*;q=0.8',
  'accept-encoding' => 'gzip, deflate',
  'accept-language' => 'zh-CN,zh;q=0.9',
)
[ info ] [ PARAM ] array (
  '/index/Index/index' => '',
)
[ info ] [ SESSION ] INIT array (
  'id' => '',
  'var_session_id' => '',
  'prefix' => 'think',
  'type' => '',
  'auto_start' => true,
)
[ info ] [ LOG ] INIT File
---------------------------------------------------------------
[ 2019-02-26T08:41:21+08:00 ] 127.0.0.1 GET yunchi.cn/index/Login/login
[运行时间：0.018366s] [吞吐率：54.45req/s] [内存消耗：1,905.60kb] [文件加载：100]
[ info ] [ LANG ] /Applications/XAMPP/xamppfiles/htdocs/pension_project/thinkphp/lang/zh-cn.php
[ info ] [ ROUTE ] array (
  'type' => 'module',
  'module' => 
  array (
    0 => 'index',
    1 => 'Login',
    2 => 'login',
  ),
)
[ info ] [ HEADER ] array (
  'host' => 'yunchi.cn',
  'connection' => 'keep-alive',
  'cache-control' => 'max-age=0',
  'upgrade-insecure-requests' => '1',
  'user-agent' => 'Mozilla/5.0 (Macintosh; Intel Mac OS X 10_13_6) AppleWebKit/537.36 (KHTML, like Gecko) Chrome/72.0.3626.109 Safari/537.36',
  'accept' => 'text/html,application/xhtml+xml,application/xml;q=0.9,image/webp,image/apng,*/*;q=0.8',
  'accept-encoding' => 'gzip, deflate',
  'accept-language' => 'zh-CN,zh;q=0.9',
  'cookie' => 'PHPSESSID=4aafcc617f275e13cc9c40e685443c13',
)
[ info ] [ PARAM ] array (
  '/index/Login/login' => '',
)
[ info ] [ SESSION ] INIT array (
  'id' => '',
  'var_session_id' => '',
  'prefix' => 'think',
  'type' => '',
  'auto_start' => true,
)
[ info ] [ RUN ] app\index\controller\Login->login[ /Applications/XAMPP/xamppfiles/htdocs/pension_project/application/index/controller/Login.php ]
[ info ] [ VIEW ] /Applications/XAMPP/xamppfiles/htdocs/pension_project/application/index/view/login/login.html [ array (
  0 => 'title',
) ]
[ info ] [ LOG ] INIT File
---------------------------------------------------------------
[ 2019-02-26T08:41:22+08:00 ] 127.0.0.1 GET yunchi.cn/favicon.ico
[运行时间：0.017516s] [吞吐率：57.09req/s] [内存消耗：1,611.02kb] [文件加载：94]
[ info ] [ LANG ] /Applications/XAMPP/xamppfiles/htdocs/pension_project/thinkphp/lang/zh-cn.php
[ info ] [ ROUTE ] array (
  'type' => 'module',
  'module' => 
  array (
    0 => 'favicon.ico',
    1 => NULL,
    2 => NULL,
  ),
)
[ info ] [ HEADER ] array (
  'host' => 'yunchi.cn',
  'connection' => 'keep-alive',
  'user-agent' => 'Mozilla/5.0 (Macintosh; Intel Mac OS X 10_13_6) AppleWebKit/537.36 (KHTML, like Gecko) Chrome/72.0.3626.109 Safari/537.36',
  'accept' => 'image/webp,image/apng,image/*,*/*;q=0.8',
  'referer' => 'http://yunchi.cn/index/Login/login',
  'accept-encoding' => 'gzip, deflate',
  'accept-language' => 'zh-CN,zh;q=0.9',
  'cookie' => 'PHPSESSID=4aafcc617f275e13cc9c40e685443c13',
)
[ info ] [ PARAM ] array (
  '/favicon_ico' => '',
)
[ info ] [ LOG ] INIT File
---------------------------------------------------------------
[ 2019-02-26T08:57:51+08:00 ] 127.0.0.1 POST yunchi.cn/index/Login/checkLogin
[运行时间：0.070331s] [吞吐率：14.22req/s] [内存消耗：2,453.57kb] [文件加载：106]
[ info ] [ LANG ] /Applications/XAMPP/xamppfiles/htdocs/pension_project/thinkphp/lang/zh-cn.php
[ info ] [ ROUTE ] array (
  'type' => 'module',
  'module' => 
  array (
    0 => 'index',
    1 => 'Login',
    2 => 'checkLogin',
  ),
)
[ info ] [ HEADER ] array (
  'host' => 'yunchi.cn',
  'connection' => 'keep-alive',
  'content-length' => '35',
  'accept' => '*/*',
  'origin' => 'http://yunchi.cn',
  'x-requested-with' => 'XMLHttpRequest',
  'user-agent' => 'Mozilla/5.0 (Macintosh; Intel Mac OS X 10_13_6) AppleWebKit/537.36 (KHTML, like Gecko) Chrome/72.0.3626.109 Safari/537.36',
  'content-type' => 'application/x-www-form-urlencoded; charset=UTF-8',
  'referer' => 'http://yunchi.cn/index/Login/login',
  'accept-encoding' => 'gzip, deflate',
  'accept-language' => 'zh-CN,zh;q=0.9',
  'cookie' => 'PHPSESSID=4aafcc617f275e13cc9c40e685443c13',
)
[ info ] [ PARAM ] array (
  '/index/Login/checkLogin' => '',
  'name' => 'admin',
  'password' => 'admin123',
  'type' => '0',
)
[ info ] [ SESSION ] INIT array (
  'id' => '',
  'var_session_id' => '',
  'prefix' => 'think',
  'type' => '',
  'auto_start' => true,
)
[ info ] [ RUN ] app\index\controller\Login->checkLogin[ /Applications/XAMPP/xamppfiles/htdocs/pension_project/application/index/controller/Login.php ]
[ info ] [ DB ] INIT mysql
[ info ] [ LOG ] INIT File
[ sql ] [ DB ] CONNECT:[ UseTime:0.026962s ] mysql:host=101.89.115.24;port=3306;dbname=pension;charset=utf8
[ sql ] [ SQL ] SELECT `id`,`name`,`mobile`,`email`,`r_id`,`is_super`,`remarks`,`create_time` FROM yc_user WHERE `name`='admin' AND `password`='e976e30a5f714877a89a481fec868099' [ RunTime:0.016879s ]
---------------------------------------------------------------
[ 2019-02-26T08:57:55+08:00 ] 127.0.0.1 POST yunchi.cn/index/Login/checkLogin
[运行时间：0.104683s] [吞吐率：9.55req/s] [内存消耗：2,454.69kb] [文件加载：106]
[ info ] [ LANG ] /Applications/XAMPP/xamppfiles/htdocs/pension_project/thinkphp/lang/zh-cn.php
[ info ] [ ROUTE ] array (
  'type' => 'module',
  'module' => 
  array (
    0 => 'index',
    1 => 'Login',
    2 => 'checkLogin',
  ),
)
[ info ] [ HEADER ] array (
  'host' => 'yunchi.cn',
  'connection' => 'keep-alive',
  'content-length' => '33',
  'accept' => '*/*',
  'origin' => 'http://yunchi.cn',
  'x-requested-with' => 'XMLHttpRequest',
  'user-agent' => 'Mozilla/5.0 (Macintosh; Intel Mac OS X 10_13_6) AppleWebKit/537.36 (KHTML, like Gecko) Chrome/72.0.3626.109 Safari/537.36',
  'content-type' => 'application/x-www-form-urlencoded; charset=UTF-8',
  'referer' => 'http://yunchi.cn/index/Login/login',
  'accept-encoding' => 'gzip, deflate',
  'accept-language' => 'zh-CN,zh;q=0.9',
  'cookie' => 'PHPSESSID=4aafcc617f275e13cc9c40e685443c13',
)
[ info ] [ PARAM ] array (
  '/index/Login/checkLogin' => '',
  'name' => 'admin',
  'password' => '123456',
  'type' => '0',
)
[ info ] [ SESSION ] INIT array (
  'id' => '',
  'var_session_id' => '',
  'prefix' => 'think',
  'type' => '',
  'auto_start' => true,
)
[ info ] [ RUN ] app\index\controller\Login->checkLogin[ /Applications/XAMPP/xamppfiles/htdocs/pension_project/application/index/controller/Login.php ]
[ info ] [ DB ] INIT mysql
[ info ] [ LOG ] INIT File
[ sql ] [ DB ] CONNECT:[ UseTime:0.058473s ] mysql:host=101.89.115.24;port=3306;dbname=pension;charset=utf8
[ sql ] [ SQL ] SELECT `id`,`name`,`mobile`,`email`,`r_id`,`is_super`,`remarks`,`create_time` FROM yc_user WHERE `name`='admin' AND `password`='81bf0687697f0165bd5629fca568acb0' [ RunTime:0.027440s ]
---------------------------------------------------------------
[ 2019-02-26T08:57:55+08:00 ] 127.0.0.1 GET yunchi.cn/index/Index/index
[运行时间：0.125868s] [吞吐率：7.94req/s] [内存消耗：2,668.97kb] [文件加载：113]
[ info ] [ LANG ] /Applications/XAMPP/xamppfiles/htdocs/pension_project/thinkphp/lang/zh-cn.php
[ info ] [ ROUTE ] array (
  'type' => 'module',
  'module' => 
  array (
    0 => 'index',
    1 => 'Index',
    2 => 'index',
  ),
)
[ info ] [ HEADER ] array (
  'host' => 'yunchi.cn',
  'connection' => 'keep-alive',
  'upgrade-insecure-requests' => '1',
  'user-agent' => 'Mozilla/5.0 (Macintosh; Intel Mac OS X 10_13_6) AppleWebKit/537.36 (KHTML, like Gecko) Chrome/72.0.3626.109 Safari/537.36',
  'accept' => 'text/html,application/xhtml+xml,application/xml;q=0.9,image/webp,image/apng,*/*;q=0.8',
  'referer' => 'http://yunchi.cn/index/Login/login',
  'accept-encoding' => 'gzip, deflate',
  'accept-language' => 'zh-CN,zh;q=0.9',
  'cookie' => 'PHPSESSID=4aafcc617f275e13cc9c40e685443c13',
)
[ info ] [ PARAM ] array (
  '/index/Index/index' => '',
)
[ info ] [ SESSION ] INIT array (
  'id' => '',
  'var_session_id' => '',
  'prefix' => 'think',
  'type' => '',
  'auto_start' => true,
)
[ info ] [ RUN ] app\index\controller\Index->index[ /Applications/XAMPP/xamppfiles/htdocs/pension_project/application/index/controller/Index.php ]
[ info ] [ DB ] INIT mysql
[ info ] [ VIEW ] /Applications/XAMPP/xamppfiles/htdocs/pension_project/application/index/view/index/index.html [ array (
  0 => 'menu',
  1 => 'title',
) ]
[ info ] [ LOG ] INIT File
[ sql ] [ DB ] CONNECT:[ UseTime:0.050786s ] mysql:host=101.89.115.24;port=3306;dbname=pension;charset=utf8
[ sql ] [ SQL ] SELECT `name`,`remarks`,`m_id`,`r_status` FROM yc_role WHERE `id`=0 [ RunTime:0.033151s ]
[ sql ] [ SQL ] SELECT `id`,`name`,`url`,`icon`,`pid`,`level`,`m_status`,`weight`,`create_time` FROM yc_menu  WHERE  `m_status`=1 ORDER BY `weight` ASC,`id` ASC [ RunTime:0.016643s ]
[ error ] [8]未定义数组下标: 0[/Applications/XAMPP/xamppfiles/htdocs/pension_project/application/index/model/Role.php:49]
---------------------------------------------------------------
[ 2019-02-26T08:57:55+08:00 ] 127.0.0.1 GET yunchi.cn/index/Index/main
[运行时间：0.020210s] [吞吐率：49.48req/s] [内存消耗：1,937.30kb] [文件加载：104]
[ info ] [ LANG ] /Applications/XAMPP/xamppfiles/htdocs/pension_project/thinkphp/lang/zh-cn.php
[ info ] [ ROUTE ] array (
  'type' => 'module',
  'module' => 
  array (
    0 => 'index',
    1 => 'Index',
    2 => 'main',
  ),
)
[ info ] [ HEADER ] array (
  'host' => 'yunchi.cn',
  'connection' => 'keep-alive',
  'upgrade-insecure-requests' => '1',
  'user-agent' => 'Mozilla/5.0 (Macintosh; Intel Mac OS X 10_13_6) AppleWebKit/537.36 (KHTML, like Gecko) Chrome/72.0.3626.109 Safari/537.36',
  'accept' => 'text/html,application/xhtml+xml,application/xml;q=0.9,image/webp,image/apng,*/*;q=0.8',
  'referer' => 'http://yunchi.cn/index/Index/index',
  'accept-encoding' => 'gzip, deflate',
  'accept-language' => 'zh-CN,zh;q=0.9',
  'cookie' => 'PHPSESSID=4aafcc617f275e13cc9c40e685443c13',
)
[ info ] [ PARAM ] array (
  '/index/Index/main' => '',
)
[ info ] [ SESSION ] INIT array (
  'id' => '',
  'var_session_id' => '',
  'prefix' => 'think',
  'type' => '',
  'auto_start' => true,
)
[ info ] [ RUN ] app\index\controller\Index->main[ /Applications/XAMPP/xamppfiles/htdocs/pension_project/application/index/controller/Index.php ]
[ info ] [ VIEW ] /Applications/XAMPP/xamppfiles/htdocs/pension_project/application/index/view/index/main.html [ array (
) ]
[ info ] [ LOG ] INIT File
[ error ] [8]未定义变量: title[/Applications/XAMPP/xamppfiles/htdocs/pension_project/runtime/temp/b91db48711266ab571f6724bfca8e2eb.php:7]
---------------------------------------------------------------
[ 2019-02-26T08:57:55+08:00 ] 127.0.0.1 POST yunchi.cn/index/Works/mess.html
[运行时间：0.235643s] [吞吐率：4.24req/s] [内存消耗：3,132.00kb] [文件加载：110]
[ info ] [ LANG ] /Applications/XAMPP/xamppfiles/htdocs/pension_project/thinkphp/lang/zh-cn.php
[ info ] [ ROUTE ] array (
  'type' => 'module',
  'module' => 
  array (
    0 => 'index',
    1 => 'Works',
    2 => 'mess',
  ),
)
[ info ] [ HEADER ] array (
  'host' => 'yunchi.cn',
  'connection' => 'keep-alive',
  'content-length' => '0',
  'accept' => '*/*',
  'origin' => 'http://yunchi.cn',
  'x-requested-with' => 'XMLHttpRequest',
  'user-agent' => 'Mozilla/5.0 (Macintosh; Intel Mac OS X 10_13_6) AppleWebKit/537.36 (KHTML, like Gecko) Chrome/72.0.3626.109 Safari/537.36',
  'referer' => 'http://yunchi.cn/index/Index/index',
  'accept-encoding' => 'gzip, deflate',
  'accept-language' => 'zh-CN,zh;q=0.9',
  'cookie' => 'PHPSESSID=4aafcc617f275e13cc9c40e685443c13',
)
[ info ] [ PARAM ] array (
  '/index/Works/mess_html' => '',
)
[ info ] [ SESSION ] INIT array (
  'id' => '',
  'var_session_id' => '',
  'prefix' => 'think',
  'type' => '',
  'auto_start' => true,
)
[ info ] [ RUN ] app\index\controller\Works->mess[ /Applications/XAMPP/xamppfiles/htdocs/pension_project/application/index/controller/Works.php ]
[ info ] [ DB ] INIT mysql
[ info ] [ LOG ] INIT File
[ sql ] [ DB ] CONNECT:[ UseTime:0.073044s ] mysql:host=101.89.115.24;port=3306;dbname=pension;charset=utf8
[ sql ] [ SQL ] SHOW COLUMNS FROM `yc_work` [ RunTime:0.037777s ]
[ sql ] [ SQL ] SELECT group_concat(id) as id,work_type FROM `yc_work` WHERE  `is_read` = 1  AND `work_type` IN (1,2,3) GROUP BY `work_type` [ RunTime:0.091282s ]
---------------------------------------------------------------
[ 2019-02-26T08:57:56+08:00 ] 127.0.0.1 GET yunchi.cn/index/Index/index
[运行时间：0.076084s] [吞吐率：13.14req/s] [内存消耗：2,669.22kb] [文件加载：113]
[ info ] [ LANG ] /Applications/XAMPP/xamppfiles/htdocs/pension_project/thinkphp/lang/zh-cn.php
[ info ] [ ROUTE ] array (
  'type' => 'module',
  'module' => 
  array (
    0 => 'index',
    1 => 'Index',
    2 => 'index',
  ),
)
[ info ] [ HEADER ] array (
  'host' => 'yunchi.cn',
  'connection' => 'keep-alive',
  'cache-control' => 'max-age=0',
  'upgrade-insecure-requests' => '1',
  'user-agent' => 'Mozilla/5.0 (Macintosh; Intel Mac OS X 10_13_6) AppleWebKit/537.36 (KHTML, like Gecko) Chrome/72.0.3626.109 Safari/537.36',
  'accept' => 'text/html,application/xhtml+xml,application/xml;q=0.9,image/webp,image/apng,*/*;q=0.8',
  'referer' => 'http://yunchi.cn/index/Login/login',
  'accept-encoding' => 'gzip, deflate',
  'accept-language' => 'zh-CN,zh;q=0.9',
  'cookie' => 'PHPSESSID=4aafcc617f275e13cc9c40e685443c13',
)
[ info ] [ PARAM ] array (
  '/index/Index/index' => '',
)
[ info ] [ SESSION ] INIT array (
  'id' => '',
  'var_session_id' => '',
  'prefix' => 'think',
  'type' => '',
  'auto_start' => true,
)
[ info ] [ RUN ] app\index\controller\Index->index[ /Applications/XAMPP/xamppfiles/htdocs/pension_project/application/index/controller/Index.php ]
[ info ] [ DB ] INIT mysql
[ info ] [ VIEW ] /Applications/XAMPP/xamppfiles/htdocs/pension_project/application/index/view/index/index.html [ array (
  0 => 'menu',
  1 => 'title',
) ]
[ info ] [ LOG ] INIT File
[ sql ] [ DB ] CONNECT:[ UseTime:0.023259s ] mysql:host=101.89.115.24;port=3306;dbname=pension;charset=utf8
[ sql ] [ SQL ] SELECT `name`,`remarks`,`m_id`,`r_status` FROM yc_role WHERE `id`=0 [ RunTime:0.014635s ]
[ sql ] [ SQL ] SELECT `id`,`name`,`url`,`icon`,`pid`,`level`,`m_status`,`weight`,`create_time` FROM yc_menu  WHERE  `m_status`=1 ORDER BY `weight` ASC,`id` ASC [ RunTime:0.015703s ]
[ error ] [8]未定义数组下标: 0[/Applications/XAMPP/xamppfiles/htdocs/pension_project/application/index/model/Role.php:49]
---------------------------------------------------------------
[ 2019-02-26T08:57:56+08:00 ] 127.0.0.1 GET yunchi.cn/index/Index/main
[运行时间：0.015954s] [吞吐率：62.68req/s] [内存消耗：1,936.72kb] [文件加载：104]
[ info ] [ LANG ] /Applications/XAMPP/xamppfiles/htdocs/pension_project/thinkphp/lang/zh-cn.php
[ info ] [ ROUTE ] array (
  'type' => 'module',
  'module' => 
  array (
    0 => 'index',
    1 => 'Index',
    2 => 'main',
  ),
)
[ info ] [ HEADER ] array (
  'host' => 'yunchi.cn',
  'connection' => 'keep-alive',
  'upgrade-insecure-requests' => '1',
  'user-agent' => 'Mozilla/5.0 (Macintosh; Intel Mac OS X 10_13_6) AppleWebKit/537.36 (KHTML, like Gecko) Chrome/72.0.3626.109 Safari/537.36',
  'accept' => 'text/html,application/xhtml+xml,application/xml;q=0.9,image/webp,image/apng,*/*;q=0.8',
  'referer' => 'http://yunchi.cn/index/Index/index',
  'accept-encoding' => 'gzip, deflate',
  'accept-language' => 'zh-CN,zh;q=0.9',
  'cookie' => 'PHPSESSID=4aafcc617f275e13cc9c40e685443c13',
)
[ info ] [ PARAM ] array (
  '/index/Index/main' => '',
)
[ info ] [ SESSION ] INIT array (
  'id' => '',
  'var_session_id' => '',
  'prefix' => 'think',
  'type' => '',
  'auto_start' => true,
)
[ info ] [ RUN ] app\index\controller\Index->main[ /Applications/XAMPP/xamppfiles/htdocs/pension_project/application/index/controller/Index.php ]
[ info ] [ VIEW ] /Applications/XAMPP/xamppfiles/htdocs/pension_project/application/index/view/index/main.html [ array (
) ]
[ info ] [ LOG ] INIT File
[ error ] [8]未定义变量: title[/Applications/XAMPP/xamppfiles/htdocs/pension_project/runtime/temp/b91db48711266ab571f6724bfca8e2eb.php:7]
---------------------------------------------------------------
[ 2019-02-26T08:57:56+08:00 ] 127.0.0.1 POST yunchi.cn/index/Works/mess.html
[运行时间：0.070221s] [吞吐率：14.24req/s] [内存消耗：3,131.41kb] [文件加载：110]
[ info ] [ LANG ] /Applications/XAMPP/xamppfiles/htdocs/pension_project/thinkphp/lang/zh-cn.php
[ info ] [ ROUTE ] array (
  'type' => 'module',
  'module' => 
  array (
    0 => 'index',
    1 => 'Works',
    2 => 'mess',
  ),
)
[ info ] [ HEADER ] array (
  'host' => 'yunchi.cn',
  'connection' => 'keep-alive',
  'content-length' => '0',
  'accept' => '*/*',
  'origin' => 'http://yunchi.cn',
  'x-requested-with' => 'XMLHttpRequest',
  'user-agent' => 'Mozilla/5.0 (Macintosh; Intel Mac OS X 10_13_6) AppleWebKit/537.36 (KHTML, like Gecko) Chrome/72.0.3626.109 Safari/537.36',
  'referer' => 'http://yunchi.cn/index/Index/index',
  'accept-encoding' => 'gzip, deflate',
  'accept-language' => 'zh-CN,zh;q=0.9',
  'cookie' => 'PHPSESSID=4aafcc617f275e13cc9c40e685443c13',
)
[ info ] [ PARAM ] array (
  '/index/Works/mess_html' => '',
)
[ info ] [ SESSION ] INIT array (
  'id' => '',
  'var_session_id' => '',
  'prefix' => 'think',
  'type' => '',
  'auto_start' => true,
)
[ info ] [ RUN ] app\index\controller\Works->mess[ /Applications/XAMPP/xamppfiles/htdocs/pension_project/application/index/controller/Works.php ]
[ info ] [ DB ] INIT mysql
[ info ] [ LOG ] INIT File
[ sql ] [ DB ] CONNECT:[ UseTime:0.018014s ] mysql:host=101.89.115.24;port=3306;dbname=pension;charset=utf8
[ sql ] [ SQL ] SHOW COLUMNS FROM `yc_work` [ RunTime:0.015535s ]
[ sql ] [ SQL ] SELECT group_concat(id) as id,work_type FROM `yc_work` WHERE  `is_read` = 1  AND `work_type` IN (1,2,3) GROUP BY `work_type` [ RunTime:0.011423s ]
---------------------------------------------------------------
[ 2019-02-26T14:15:40+08:00 ] 127.0.0.1 GET yunchi.cn/index/Warning/index?type=sos
[运行时间：0.145768s] [吞吐率：6.86req/s] [内存消耗：3,392.56kb] [文件加载：119]
[ info ] [ LANG ] /Applications/XAMPP/xamppfiles/htdocs/pension_project/thinkphp/lang/zh-cn.php
[ info ] [ ROUTE ] array (
  'type' => 'module',
  'module' => 
  array (
    0 => 'index',
    1 => 'Warning',
    2 => 'index',
  ),
)
[ info ] [ HEADER ] array (
  'host' => 'yunchi.cn',
  'connection' => 'keep-alive',
  'upgrade-insecure-requests' => '1',
  'user-agent' => 'Mozilla/5.0 (Macintosh; Intel Mac OS X 10_13_6) AppleWebKit/537.36 (KHTML, like Gecko) Chrome/72.0.3626.109 Safari/537.36',
  'accept' => 'text/html,application/xhtml+xml,application/xml;q=0.9,image/webp,image/apng,*/*;q=0.8',
  'referer' => 'http://yunchi.cn/index/Index/index',
  'accept-encoding' => 'gzip, deflate',
  'accept-language' => 'zh-CN,zh;q=0.9',
  'cookie' => 'PHPSESSID=4aafcc617f275e13cc9c40e685443c13',
)
[ info ] [ PARAM ] array (
  '/index/Warning/index' => '',
  'type' => 'sos',
)
[ info ] [ SESSION ] INIT array (
  'id' => '',
  'var_session_id' => '',
  'prefix' => 'think',
  'type' => '',
  'auto_start' => true,
)
[ info ] [ RUN ] app\index\controller\Warning->index[ /Applications/XAMPP/xamppfiles/htdocs/pension_project/application/index/controller/Warning.php ]
[ info ] [ DB ] INIT mysql
[ info ] [ VIEW ] /Applications/XAMPP/xamppfiles/htdocs/pension_project/application/index/view/warning/index.html [ array (
  0 => 'data',
) ]
[ info ] [ LOG ] INIT File
[ sql ] [ DB ] CONNECT:[ UseTime:0.029992s ] mysql:host=101.89.115.24;port=3306;dbname=pension;charset=utf8
[ sql ] [ SQL ] SHOW COLUMNS FROM `yc_work` [ RunTime:0.017599s ]
[ sql ] [ SQL ] SELECT COUNT(*) AS tp_count FROM `yc_work` WHERE  `work_type` = 1 LIMIT 1 [ RunTime:0.018060s ]
[ sql ] [ SQL ] SELECT `id`,`create_time`,`lng`,`lat`,`address`,`uid`,`work_type`,`heart` FROM `yc_work` WHERE  `work_type` = 1 ORDER BY `create_time` DESC LIMIT 0,30 [ RunTime:0.013893s ]
[ sql ] [ SQL ] SHOW COLUMNS FROM `yc_client` [ RunTime:0.015750s ]
[ sql ] [ SQL ] SELECT `name` FROM `yc_client` WHERE  `id` = 2 LIMIT 1 [ RunTime:0.015916s ]
[ error ] [8]未定义变量: title[/Applications/XAMPP/xamppfiles/htdocs/pension_project/runtime/temp/748273e1871297eab23d24bcfb880dbe.php:7]
[ error ] [8]未定义变量: param[/Applications/XAMPP/xamppfiles/htdocs/pension_project/runtime/temp/748273e1871297eab23d24bcfb880dbe.php:48]
[ error ] [8]未定义变量: param[/Applications/XAMPP/xamppfiles/htdocs/pension_project/runtime/temp/748273e1871297eab23d24bcfb880dbe.php:54]
[ error ] [8]未定义变量: param[/Applications/XAMPP/xamppfiles/htdocs/pension_project/runtime/temp/748273e1871297eab23d24bcfb880dbe.php:60]
[ error ] [2]Use of undefined constant heart - assumed 'heart' (this will throw an Error in a future version of PHP)[/Applications/XAMPP/xamppfiles/htdocs/pension_project/runtime/temp/748273e1871297eab23d24bcfb880dbe.php:83]
---------------------------------------------------------------
[ 2019-02-26T14:15:40+08:00 ] 127.0.0.1 GET yunchi.cn/index/Warning/index?type=heart
[运行时间：0.129928s] [吞吐率：7.70req/s] [内存消耗：3,238.65kb] [文件加载：117]
[ info ] [ LANG ] /Applications/XAMPP/xamppfiles/htdocs/pension_project/thinkphp/lang/zh-cn.php
[ info ] [ ROUTE ] array (
  'type' => 'module',
  'module' => 
  array (
    0 => 'index',
    1 => 'Warning',
    2 => 'index',
  ),
)
[ info ] [ HEADER ] array (
  'host' => 'yunchi.cn',
  'connection' => 'keep-alive',
  'upgrade-insecure-requests' => '1',
  'user-agent' => 'Mozilla/5.0 (Macintosh; Intel Mac OS X 10_13_6) AppleWebKit/537.36 (KHTML, like Gecko) Chrome/72.0.3626.109 Safari/537.36',
  'accept' => 'text/html,application/xhtml+xml,application/xml;q=0.9,image/webp,image/apng,*/*;q=0.8',
  'referer' => 'http://yunchi.cn/index/Index/index',
  'accept-encoding' => 'gzip, deflate',
  'accept-language' => 'zh-CN,zh;q=0.9',
  'cookie' => 'PHPSESSID=4aafcc617f275e13cc9c40e685443c13',
)
[ info ] [ PARAM ] array (
  '/index/Warning/index' => '',
  'type' => 'heart',
)
[ info ] [ SESSION ] INIT array (
  'id' => '',
  'var_session_id' => '',
  'prefix' => 'think',
  'type' => '',
  'auto_start' => true,
)
[ info ] [ RUN ] app\index\controller\Warning->index[ /Applications/XAMPP/xamppfiles/htdocs/pension_project/application/index/controller/Warning.php ]
[ info ] [ DB ] INIT mysql
[ info ] [ VIEW ] /Applications/XAMPP/xamppfiles/htdocs/pension_project/application/index/view/warning/index.html [ array (
  0 => 'data',
) ]
[ info ] [ LOG ] INIT File
[ sql ] [ DB ] CONNECT:[ UseTime:0.020954s ] mysql:host=101.89.115.24;port=3306;dbname=pension;charset=utf8
[ sql ] [ SQL ] SHOW COLUMNS FROM `yc_work` [ RunTime:0.020946s ]
[ sql ] [ SQL ] SELECT COUNT(*) AS tp_count FROM `yc_work` WHERE  `work_type` = 3 LIMIT 1 [ RunTime:0.013239s ]
[ sql ] [ SQL ] SELECT `id`,`create_time`,`lng`,`lat`,`address`,`uid`,`work_type`,`heart` FROM `yc_work` WHERE  `work_type` = 3 ORDER BY `create_time` DESC LIMIT 0,30 [ RunTime:0.015545s ]
[ sql ] [ SQL ] SHOW COLUMNS FROM `yc_client` [ RunTime:0.016151s ]
[ sql ] [ SQL ] SELECT `name` FROM `yc_client` WHERE  `id` = 2 LIMIT 1 [ RunTime:0.015570s ]
[ error ] [8]未定义变量: title[/Applications/XAMPP/xamppfiles/htdocs/pension_project/runtime/temp/748273e1871297eab23d24bcfb880dbe.php:7]
[ error ] [8]未定义变量: param[/Applications/XAMPP/xamppfiles/htdocs/pension_project/runtime/temp/748273e1871297eab23d24bcfb880dbe.php:48]
[ error ] [8]未定义变量: param[/Applications/XAMPP/xamppfiles/htdocs/pension_project/runtime/temp/748273e1871297eab23d24bcfb880dbe.php:54]
[ error ] [8]未定义变量: param[/Applications/XAMPP/xamppfiles/htdocs/pension_project/runtime/temp/748273e1871297eab23d24bcfb880dbe.php:60]
[ error ] [2]Use of undefined constant heart - assumed 'heart' (this will throw an Error in a future version of PHP)[/Applications/XAMPP/xamppfiles/htdocs/pension_project/runtime/temp/748273e1871297eab23d24bcfb880dbe.php:83]
---------------------------------------------------------------
[ 2019-02-26T14:15:41+08:00 ] 127.0.0.1 GET yunchi.cn/index/Warning/index?type=fence
[运行时间：0.687321s] [吞吐率：1.45req/s] [内存消耗：3,294.20kb] [文件加载：117]
[ info ] [ LANG ] /Applications/XAMPP/xamppfiles/htdocs/pension_project/thinkphp/lang/zh-cn.php
[ info ] [ ROUTE ] array (
  'type' => 'module',
  'module' => 
  array (
    0 => 'index',
    1 => 'Warning',
    2 => 'index',
  ),
)
[ info ] [ HEADER ] array (
  'host' => 'yunchi.cn',
  'connection' => 'keep-alive',
  'upgrade-insecure-requests' => '1',
  'user-agent' => 'Mozilla/5.0 (Macintosh; Intel Mac OS X 10_13_6) AppleWebKit/537.36 (KHTML, like Gecko) Chrome/72.0.3626.109 Safari/537.36',
  'accept' => 'text/html,application/xhtml+xml,application/xml;q=0.9,image/webp,image/apng,*/*;q=0.8',
  'referer' => 'http://yunchi.cn/index/Index/index',
  'accept-encoding' => 'gzip, deflate',
  'accept-language' => 'zh-CN,zh;q=0.9',
  'cookie' => 'PHPSESSID=4aafcc617f275e13cc9c40e685443c13',
)
[ info ] [ PARAM ] array (
  '/index/Warning/index' => '',
  'type' => 'fence',
)
[ info ] [ SESSION ] INIT array (
  'id' => '',
  'var_session_id' => '',
  'prefix' => 'think',
  'type' => '',
  'auto_start' => true,
)
[ info ] [ RUN ] app\index\controller\Warning->index[ /Applications/XAMPP/xamppfiles/htdocs/pension_project/application/index/controller/Warning.php ]
[ info ] [ DB ] INIT mysql
[ info ] [ VIEW ] /Applications/XAMPP/xamppfiles/htdocs/pension_project/application/index/view/warning/index.html [ array (
  0 => 'data',
) ]
[ info ] [ LOG ] INIT File
[ sql ] [ DB ] CONNECT:[ UseTime:0.019136s ] mysql:host=101.89.115.24;port=3306;dbname=pension;charset=utf8
[ sql ] [ SQL ] SHOW COLUMNS FROM `yc_work` [ RunTime:0.017245s ]
[ sql ] [ SQL ] SELECT COUNT(*) AS tp_count FROM `yc_work` WHERE  `work_type` = 2 LIMIT 1 [ RunTime:0.012713s ]
[ sql ] [ SQL ] SELECT `id`,`create_time`,`lng`,`lat`,`address`,`uid`,`work_type`,`heart` FROM `yc_work` WHERE  `work_type` = 2 ORDER BY `create_time` DESC LIMIT 0,30 [ RunTime:0.014574s ]
[ sql ] [ SQL ] SHOW COLUMNS FROM `yc_client` [ RunTime:0.015108s ]
[ sql ] [ SQL ] SELECT `name` FROM `yc_client` WHERE  `id` = 2 LIMIT 1 [ RunTime:0.051290s ]
[ sql ] [ SQL ] SELECT `name` FROM `yc_client` WHERE  `id` = 2 LIMIT 1 [ RunTime:0.043430s ]
[ sql ] [ SQL ] SELECT `name` FROM `yc_client` WHERE  `id` = 2 LIMIT 1 [ RunTime:0.012821s ]
[ sql ] [ SQL ] SELECT `name` FROM `yc_client` WHERE  `id` = 2 LIMIT 1 [ RunTime:0.012832s ]
[ sql ] [ SQL ] SELECT `name` FROM `yc_client` WHERE  `id` = 2 LIMIT 1 [ RunTime:0.012770s ]
[ sql ] [ SQL ] SELECT `name` FROM `yc_client` WHERE  `id` = 2 LIMIT 1 [ RunTime:0.013283s ]
[ sql ] [ SQL ] SELECT `name` FROM `yc_client` WHERE  `id` = 2 LIMIT 1 [ RunTime:0.012310s ]
[ sql ] [ SQL ] SELECT `name` FROM `yc_client` WHERE  `id` = 2 LIMIT 1 [ RunTime:0.013381s ]
[ sql ] [ SQL ] SELECT `name` FROM `yc_client` WHERE  `id` = 2 LIMIT 1 [ RunTime:0.014216s ]
[ sql ] [ SQL ] SELECT `name` FROM `yc_client` WHERE  `id` = 2 LIMIT 1 [ RunTime:0.021630s ]
[ sql ] [ SQL ] SELECT `name` FROM `yc_client` WHERE  `id` = 2 LIMIT 1 [ RunTime:0.011438s ]
[ sql ] [ SQL ] SELECT `name` FROM `yc_client` WHERE  `id` = 2 LIMIT 1 [ RunTime:0.013286s ]
[ sql ] [ SQL ] SELECT `name` FROM `yc_client` WHERE  `id` = 2 LIMIT 1 [ RunTime:0.013069s ]
[ sql ] [ SQL ] SELECT `name` FROM `yc_client` WHERE  `id` = 2 LIMIT 1 [ RunTime:0.013267s ]
[ sql ] [ SQL ] SELECT `name` FROM `yc_client` WHERE  `id` = 2 LIMIT 1 [ RunTime:0.014326s ]
[ sql ] [ SQL ] SELECT `name` FROM `yc_client` WHERE  `id` = 2 LIMIT 1 [ RunTime:0.012855s ]
[ sql ] [ SQL ] SELECT `name` FROM `yc_client` WHERE  `id` = 2 LIMIT 1 [ RunTime:0.014146s ]
[ sql ] [ SQL ] SELECT `name` FROM `yc_client` WHERE  `id` = 2 LIMIT 1 [ RunTime:0.014251s ]
[ sql ] [ SQL ] SELECT `name` FROM `yc_client` WHERE  `id` = 2 LIMIT 1 [ RunTime:0.019419s ]
[ sql ] [ SQL ] SELECT `name` FROM `yc_client` WHERE  `id` = 2 LIMIT 1 [ RunTime:0.020007s ]
[ sql ] [ SQL ] SELECT `name` FROM `yc_client` WHERE  `id` = 2 LIMIT 1 [ RunTime:0.030987s ]
[ sql ] [ SQL ] SELECT `name` FROM `yc_client` WHERE  `id` = 2 LIMIT 1 [ RunTime:0.030878s ]
[ sql ] [ SQL ] SELECT `name` FROM `yc_client` WHERE  `id` = 2 LIMIT 1 [ RunTime:0.039065s ]
[ sql ] [ SQL ] SELECT `name` FROM `yc_client` WHERE  `id` = 2 LIMIT 1 [ RunTime:0.033828s ]
[ sql ] [ SQL ] SELECT `name` FROM `yc_client` WHERE  `id` = 2 LIMIT 1 [ RunTime:0.017859s ]
[ sql ] [ SQL ] SELECT `name` FROM `yc_client` WHERE  `id` = 2 LIMIT 1 [ RunTime:0.013837s ]
[ sql ] [ SQL ] SELECT `name` FROM `yc_client` WHERE  `id` = 2 LIMIT 1 [ RunTime:0.015619s ]
[ sql ] [ SQL ] SELECT `name` FROM `yc_client` WHERE  `id` = 2 LIMIT 1 [ RunTime:0.011570s ]
[ sql ] [ SQL ] SELECT `name` FROM `yc_client` WHERE  `id` = 2 LIMIT 1 [ RunTime:0.014630s ]
[ sql ] [ SQL ] SELECT `name` FROM `yc_client` WHERE  `id` = 2 LIMIT 1 [ RunTime:0.012031s ]
[ error ] [8]未定义变量: title[/Applications/XAMPP/xamppfiles/htdocs/pension_project/runtime/temp/748273e1871297eab23d24bcfb880dbe.php:7]
[ error ] [8]未定义变量: param[/Applications/XAMPP/xamppfiles/htdocs/pension_project/runtime/temp/748273e1871297eab23d24bcfb880dbe.php:48]
[ error ] [8]未定义变量: param[/Applications/XAMPP/xamppfiles/htdocs/pension_project/runtime/temp/748273e1871297eab23d24bcfb880dbe.php:54]
[ error ] [8]未定义变量: param[/Applications/XAMPP/xamppfiles/htdocs/pension_project/runtime/temp/748273e1871297eab23d24bcfb880dbe.php:60]
[ error ] [2]Use of undefined constant heart - assumed 'heart' (this will throw an Error in a future version of PHP)[/Applications/XAMPP/xamppfiles/htdocs/pension_project/runtime/temp/748273e1871297eab23d24bcfb880dbe.php:83]
---------------------------------------------------------------
[ 2019-02-26T14:15:43+08:00 ] 127.0.0.1 GET yunchi.cn/index/works/order
[运行时间：0.134054s] [吞吐率：7.46req/s] [内存消耗：3,513.97kb] [文件加载：119]
[ info ] [ LANG ] /Applications/XAMPP/xamppfiles/htdocs/pension_project/thinkphp/lang/zh-cn.php
[ info ] [ ROUTE ] array (
  'type' => 'module',
  'module' => 
  array (
    0 => 'index',
    1 => 'works',
    2 => 'order',
  ),
)
[ info ] [ HEADER ] array (
  'host' => 'yunchi.cn',
  'connection' => 'keep-alive',
  'upgrade-insecure-requests' => '1',
  'user-agent' => 'Mozilla/5.0 (Macintosh; Intel Mac OS X 10_13_6) AppleWebKit/537.36 (KHTML, like Gecko) Chrome/72.0.3626.109 Safari/537.36',
  'accept' => 'text/html,application/xhtml+xml,application/xml;q=0.9,image/webp,image/apng,*/*;q=0.8',
  'referer' => 'http://yunchi.cn/index/Index/index',
  'accept-encoding' => 'gzip, deflate',
  'accept-language' => 'zh-CN,zh;q=0.9',
  'cookie' => 'PHPSESSID=4aafcc617f275e13cc9c40e685443c13',
)
[ info ] [ PARAM ] array (
  '/index/works/order' => '',
)
[ info ] [ SESSION ] INIT array (
  'id' => '',
  'var_session_id' => '',
  'prefix' => 'think',
  'type' => '',
  'auto_start' => true,
)
[ info ] [ RUN ] app\index\controller\Works->order[ /Applications/XAMPP/xamppfiles/htdocs/pension_project/application/index/controller/Works.php ]
[ info ] [ DB ] INIT mysql
[ info ] [ VIEW ] /Applications/XAMPP/xamppfiles/htdocs/pension_project/application/index/view/works/order.html [ array (
  0 => 'order',
  1 => 'page',
  2 => 'item_value',
  3 => 'param',
  4 => 'work_state',
  5 => 'work_type',
  6 => 'work_result',
  7 => 'statistics',
  8 => 'title',
) ]
[ info ] [ LOG ] INIT File
[ sql ] [ DB ] CONNECT:[ UseTime:0.034279s ] mysql:host=101.89.115.24;port=3306;dbname=pension;charset=utf8
[ sql ] [ SQL ] SHOW COLUMNS FROM `yc_work` [ RunTime:0.022778s ]
[ sql ] [ SQL ] SELECT COUNT(*) AS tp_count FROM `yc_work` `w` LEFT JOIN `yc_client` `c` ON `w`.`uid`=`c`.`id` LEFT JOIN `yc_staff_user` `s` ON `w`.`sid`=`s`.`number` LIMIT 1 [ RunTime:0.017746s ]
[ sql ] [ SQL ] SELECT `w`.`id`,`w`.`sid`,`w`.`pid`,`w`.`uid`,`w`.`end_time`,`w`.`work_type`,`w`.`result`,`w`.`state`,`w`.`type`,`w`.`remark`,`w`.`content`,`w`.`create_time`,c.name as userName,`s`.`display_name` FROM `yc_work` `w` LEFT JOIN `yc_client` `c` ON `w`.`uid`=`c`.`id` LEFT JOIN `yc_staff_user` `s` ON `w`.`sid`=`s`.`number` ORDER BY `id` DESC LIMIT 0,20 [ RunTime:0.014288s ]
[ sql ] [ SQL ] SELECT 
            sum(case when w.state=1 then 1 else 0 end) as unallocated,
            sum(case when w.state=2 then 1 else 0 end) as noaccepted,
            sum(case when w.state=3 then 1 else 0 end) as accepted,
            sum(case when w.state=4 then 1 else 0 end) as completed,
            sum(case when w.state=5 then 1 else 0 end) as closed,
            sum(case when w.state=6 then 1 else 0 end) as returned,
            sum(case when w.state=7 then 1 else 0 end) as passed,
            sum(case when w.pid!=0 and p.state=1 then 1 else 0 end) as plan
             FROM `yc_work` `w` LEFT JOIN `yc_work_plan` `p` ON `w`.`pid`=`p`.`id` [ RunTime:0.013019s ]
[ error ] [8]未定义数组下标: 0[/Applications/XAMPP/xamppfiles/htdocs/pension_project/application/index/model/Work.php:588]
[ error ] [8]未定义数组下标: 0[/Applications/XAMPP/xamppfiles/htdocs/pension_project/application/index/model/Work.php:588]
[ error ] [8]未定义数组下标: 0[/Applications/XAMPP/xamppfiles/htdocs/pension_project/application/index/model/Work.php:588]
[ error ] [8]未定义数组下标: 0[/Applications/XAMPP/xamppfiles/htdocs/pension_project/application/index/model/Work.php:588]
[ error ] [8]未定义数组下标: 0[/Applications/XAMPP/xamppfiles/htdocs/pension_project/application/index/model/Work.php:588]
[ error ] [8]未定义数组下标: 0[/Applications/XAMPP/xamppfiles/htdocs/pension_project/application/index/model/Work.php:588]
[ error ] [8]未定义数组下标: 0[/Applications/XAMPP/xamppfiles/htdocs/pension_project/application/index/model/Work.php:588]
[ error ] [8]未定义数组下标: 0[/Applications/XAMPP/xamppfiles/htdocs/pension_project/application/index/model/Work.php:588]
[ error ] [8]未定义数组下标: 0[/Applications/XAMPP/xamppfiles/htdocs/pension_project/application/index/model/Work.php:588]
[ error ] [8]未定义数组下标: 0[/Applications/XAMPP/xamppfiles/htdocs/pension_project/application/index/model/Work.php:588]
[ error ] [8]未定义数组下标: 0[/Applications/XAMPP/xamppfiles/htdocs/pension_project/application/index/model/Work.php:588]
[ error ] [8]未定义数组下标: 0[/Applications/XAMPP/xamppfiles/htdocs/pension_project/application/index/model/Work.php:588]
[ error ] [8]未定义数组下标: 0[/Applications/XAMPP/xamppfiles/htdocs/pension_project/application/index/model/Work.php:588]
---------------------------------------------------------------
[ 2019-02-26T14:15:55+08:00 ] 127.0.0.1 GET yunchi.cn/index/works/plan
[ info ] [ LANG ] /Applications/XAMPP/xamppfiles/htdocs/pension_project/thinkphp/lang/zh-cn.php
[ info ] [ ROUTE ] array (
  'type' => 'module',
  'module' => 
  array (
    0 => 'index',
    1 => 'works',
    2 => 'plan',
  ),
)
[ info ] [ HEADER ] array (
  'host' => 'yunchi.cn',
  'connection' => 'keep-alive',
  'upgrade-insecure-requests' => '1',
  'user-agent' => 'Mozilla/5.0 (Macintosh; Intel Mac OS X 10_13_6) AppleWebKit/537.36 (KHTML, like Gecko) Chrome/72.0.3626.109 Safari/537.36',
  'accept' => 'text/html,application/xhtml+xml,application/xml;q=0.9,image/webp,image/apng,*/*;q=0.8',
  'referer' => 'http://yunchi.cn/index/Index/index',
  'accept-encoding' => 'gzip, deflate',
  'accept-language' => 'zh-CN,zh;q=0.9',
  'cookie' => 'PHPSESSID=4aafcc617f275e13cc9c40e685443c13',
)
[ info ] [ PARAM ] array (
  '/index/works/plan' => '',
)
[ info ] [ SESSION ] INIT array (
  'id' => '',
  'var_session_id' => '',
  'prefix' => 'think',
  'type' => '',
  'auto_start' => true,
)
[ info ] [ RUN ] app\index\controller\Works->plan[ /Applications/XAMPP/xamppfiles/htdocs/pension_project/application/index/controller/Works.php ]
[ info ] [ DB ] INIT mysql
[ sql ] [ DB ] CONNECT:[ UseTime:0.025346s ] mysql:host=101.89.115.24;port=3306;dbname=pension;charset=utf8
[ sql ] [ SQL ] SHOW COLUMNS FROM `yc_work_plan` [ RunTime:0.013909s ]
[ sql ] [ SQL ] SELECT COUNT(*) AS tp_count FROM `yc_work_plan` LIMIT 1 [ RunTime:0.014316s ]
[ error ] 获取计划工单列表异常：SQLSTATE[42S22]: Column not found: 1054 Unknown column 'quantity' in 'field list'
---------------------------------------------------------------
[ 2019-02-26T14:15:55+08:00 ] 127.0.0.1 GET yunchi.cn/index/works/plan
[运行时间：0.092111s] [吞吐率：10.86req/s] [内存消耗：3,219.13kb] [文件加载：119]
[ error ] [8]未定义数组索引: plan[/Applications/XAMPP/xamppfiles/htdocs/pension_project/application/index/controller/Works.php:59]
[ error ] [8]未定义数组索引: page[/Applications/XAMPP/xamppfiles/htdocs/pension_project/application/index/controller/Works.php:60]
[ error ] [8]未定义变量: title[/Applications/XAMPP/xamppfiles/htdocs/pension_project/runtime/temp/a73c2cd1d90293e722f907806faf8c33.php:7]
[ info ] [ VIEW ] /Applications/XAMPP/xamppfiles/htdocs/pension_project/application/index/view/works/plan.html [ array (
  0 => 'plan',
  1 => 'page',
) ]
---------------------------------------------------------------
[ 2019-02-26T14:15:56+08:00 ] 127.0.0.1 GET yunchi.cn/index/works/work
[运行时间：0.132697s] [吞吐率：7.54req/s] [内存消耗：3,411.01kb] [文件加载：118]
[ info ] [ LANG ] /Applications/XAMPP/xamppfiles/htdocs/pension_project/thinkphp/lang/zh-cn.php
[ info ] [ ROUTE ] array (
  'type' => 'module',
  'module' => 
  array (
    0 => 'index',
    1 => 'works',
    2 => 'work',
  ),
)
[ info ] [ HEADER ] array (
  'host' => 'yunchi.cn',
  'connection' => 'keep-alive',
  'upgrade-insecure-requests' => '1',
  'user-agent' => 'Mozilla/5.0 (Macintosh; Intel Mac OS X 10_13_6) AppleWebKit/537.36 (KHTML, like Gecko) Chrome/72.0.3626.109 Safari/537.36',
  'accept' => 'text/html,application/xhtml+xml,application/xml;q=0.9,image/webp,image/apng,*/*;q=0.8',
  'referer' => 'http://yunchi.cn/index/Index/index',
  'accept-encoding' => 'gzip, deflate',
  'accept-language' => 'zh-CN,zh;q=0.9',
  'cookie' => 'PHPSESSID=4aafcc617f275e13cc9c40e685443c13',
)
[ info ] [ PARAM ] array (
  '/index/works/work' => '',
)
[ info ] [ SESSION ] INIT array (
  'id' => '',
  'var_session_id' => '',
  'prefix' => 'think',
  'type' => '',
  'auto_start' => true,
)
[ info ] [ RUN ] app\index\controller\Works->work[ /Applications/XAMPP/xamppfiles/htdocs/pension_project/application/index/controller/Works.php ]
[ info ] [ DB ] INIT mysql
[ info ] [ VIEW ] /Applications/XAMPP/xamppfiles/htdocs/pension_project/application/index/view/works/work.html [ array (
  0 => 'work',
  1 => 'count',
  2 => 'staff',
) ]
[ info ] [ LOG ] INIT File
[ error ] [8]未定义数组索引: number[/Applications/XAMPP/xamppfiles/htdocs/pension_project/application/index/controller/Works.php:186]
[ error ] [8]未定义数组索引: status[/Applications/XAMPP/xamppfiles/htdocs/pension_project/application/index/model/Work.php:106]
[ error ] [8]未定义变量: title[/Applications/XAMPP/xamppfiles/htdocs/pension_project/runtime/temp/f88656736bf3e6ec213b2c2e563d2106.php:7]
[ sql ] [ DB ] CONNECT:[ UseTime:0.024281s ] mysql:host=101.89.115.24;port=3306;dbname=pension;charset=utf8
[ sql ] [ SQL ] SELECT `number`,`display_name` FROM yc_staff_user [ RunTime:0.015616s ]
[ sql ] [ SQL ] SHOW COLUMNS FROM `yc_work` [ RunTime:0.015140s ]
[ sql ] [ SQL ] SELECT COUNT(*) AS tp_count FROM `yc_work` `w` LEFT JOIN `yc_work_plan` `p` ON `w`.`pid`=`p`.`id` LEFT JOIN `yc_staff_user` `s` ON `w`.`sid`=`s`.`number` LEFT JOIN `yc_client` `u` ON `w`.`uid`=`u`.`id` WHERE  `p`.`state` = 1  AND `work_type` = 4 LIMIT 1 [ RunTime:0.015183s ]
[ sql ] [ SQL ] SELECT `w`.`id`,`w`.`create_time`,p.start_time as start,p.end_time as end,`w`.`state`,`s`.`work_number`,s.display_name as sname,u.name as uname,`w`.`type`,`w`.`end_time`,p.name as pname FROM `yc_work` `w` LEFT JOIN `yc_work_plan` `p` ON `w`.`pid`=`p`.`id` LEFT JOIN `yc_staff_user` `s` ON `w`.`sid`=`s`.`number` LEFT JOIN `yc_client` `u` ON `w`.`uid`=`u`.`id` WHERE  `p`.`state` = 1  AND `work_type` = 4 ORDER BY `id` DESC LIMIT 0,30 [ RunTime:0.016442s ]
[ sql ] [ SQL ] SELECT 
            sum(case when w.type=0 then 1 else 0 end) as zero,
            sum(case when w.type=1 then 1 else 0 end) as one,
            sum(case when w.type=2 then 1 else 0 end) as two,
            sum(case when w.type=3 then 1 else 0 end) as three,
            sum(case when w.type=4 then 1 else 0 end) as four
            ,count(w.id) as count FROM `yc_work` `w` LEFT JOIN `yc_work_plan` `p` ON `w`.`pid`=`p`.`id` WHERE  `w`.`work_type` = 4  AND `p`.`state` = 1 [ RunTime:0.015382s ]
---------------------------------------------------------------
[ 2019-02-26T14:15:58+08:00 ] 127.0.0.1 GET yunchi.cn/index/integration/integral
[运行时间：0.113167s] [吞吐率：8.84req/s] [内存消耗：3,186.15kb] [文件加载：117]
[ info ] [ LANG ] /Applications/XAMPP/xamppfiles/htdocs/pension_project/thinkphp/lang/zh-cn.php
[ info ] [ ROUTE ] array (
  'type' => 'module',
  'module' => 
  array (
    0 => 'index',
    1 => 'integration',
    2 => 'integral',
  ),
)
[ info ] [ HEADER ] array (
  'host' => 'yunchi.cn',
  'connection' => 'keep-alive',
  'upgrade-insecure-requests' => '1',
  'user-agent' => 'Mozilla/5.0 (Macintosh; Intel Mac OS X 10_13_6) AppleWebKit/537.36 (KHTML, like Gecko) Chrome/72.0.3626.109 Safari/537.36',
  'accept' => 'text/html,application/xhtml+xml,application/xml;q=0.9,image/webp,image/apng,*/*;q=0.8',
  'referer' => 'http://yunchi.cn/index/Index/index',
  'accept-encoding' => 'gzip, deflate',
  'accept-language' => 'zh-CN,zh;q=0.9',
  'cookie' => 'PHPSESSID=4aafcc617f275e13cc9c40e685443c13',
)
[ info ] [ PARAM ] array (
  '/index/integration/integral' => '',
)
[ info ] [ SESSION ] INIT array (
  'id' => '',
  'var_session_id' => '',
  'prefix' => 'think',
  'type' => '',
  'auto_start' => true,
)
[ info ] [ RUN ] app\index\controller\Integration->integral[ /Applications/XAMPP/xamppfiles/htdocs/pension_project/application/index/controller/Integration.php ]
[ info ] [ DB ] INIT mysql
[ info ] [ VIEW ] /Applications/XAMPP/xamppfiles/htdocs/pension_project/application/index/view/integration/integral.html [ array (
  0 => 'client',
  1 => 'clientIntegral',
  2 => 'sumIntegralRecords',
  3 => 'param',
  4 => 'title',
) ]
[ info ] [ LOG ] INIT File
[ sql ] [ DB ] CONNECT:[ UseTime:0.021633s ] mysql:host=101.89.115.24;port=3306;dbname=pension;charset=utf8
[ sql ] [ SQL ] SHOW COLUMNS FROM `yc_client` [ RunTime:0.012591s ]
[ sql ] [ SQL ] SELECT COUNT(*) AS tp_count FROM `yc_client` `u` LEFT JOIN `v_client_group` `g` ON `u`.`id`=`g`.`cid` LEFT JOIN `v_client_tag` `t` ON `u`.`id`=`t`.`cid` LIMIT 1 [ RunTime:0.011807s ]
[ sql ] [ SQL ] SELECT `u`.`id`,u.name as userName,`u`.`age`,`u`.`sex`,g.name as groupName,t.name as tagName,`u`.`integral` FROM `yc_client` `u` LEFT JOIN `v_client_group` `g` ON `u`.`id`=`g`.`cid` LEFT JOIN `v_client_tag` `t` ON `u`.`id`=`t`.`cid` ORDER BY `u`.`id` DESC LIMIT 0,20 [ RunTime:0.012843s ]
[ sql ] [ SQL ] SELECT SUM(`integral`) AS integral,MAX(`integral`) AS max,MIN(`integral`) AS `min`,COUNT(`id`) AS total FROM yc_client [ RunTime:0.011026s ]
[ sql ] [ SQL ] SELECT `type`,SUM(`score`) AS score,COUNT(`id`) AS total FROM yc_integral  GROUP BY `type` [ RunTime:0.013814s ]
[ error ] [8]未定义数组索引: start[/Applications/XAMPP/xamppfiles/htdocs/pension_project/runtime/temp/e3b475ad0ac3658ed6840c10f3ec3698.php:76]
[ error ] [8]未定义数组索引: end[/Applications/XAMPP/xamppfiles/htdocs/pension_project/runtime/temp/e3b475ad0ac3658ed6840c10f3ec3698.php:78]
---------------------------------------------------------------
[ 2019-02-26T14:15:59+08:00 ] 127.0.0.1 GET yunchi.cn/index/integration/destroy
[运行时间：0.093331s] [吞吐率：10.71req/s] [内存消耗：3,143.20kb] [文件加载：114]
[ info ] [ LANG ] /Applications/XAMPP/xamppfiles/htdocs/pension_project/thinkphp/lang/zh-cn.php
[ info ] [ ROUTE ] array (
  'type' => 'module',
  'module' => 
  array (
    0 => 'index',
    1 => 'integration',
    2 => 'destroy',
  ),
)
[ info ] [ HEADER ] array (
  'host' => 'yunchi.cn',
  'connection' => 'keep-alive',
  'upgrade-insecure-requests' => '1',
  'user-agent' => 'Mozilla/5.0 (Macintosh; Intel Mac OS X 10_13_6) AppleWebKit/537.36 (KHTML, like Gecko) Chrome/72.0.3626.109 Safari/537.36',
  'accept' => 'text/html,application/xhtml+xml,application/xml;q=0.9,image/webp,image/apng,*/*;q=0.8',
  'referer' => 'http://yunchi.cn/index/Index/index',
  'accept-encoding' => 'gzip, deflate',
  'accept-language' => 'zh-CN,zh;q=0.9',
  'cookie' => 'PHPSESSID=4aafcc617f275e13cc9c40e685443c13',
)
[ info ] [ PARAM ] array (
  '/index/integration/destroy' => '',
)
[ info ] [ SESSION ] INIT array (
  'id' => '',
  'var_session_id' => '',
  'prefix' => 'think',
  'type' => '',
  'auto_start' => true,
)
[ info ] [ RUN ] app\index\controller\Integration->destroy[ /Applications/XAMPP/xamppfiles/htdocs/pension_project/application/index/controller/Integration.php ]
[ info ] [ DB ] INIT mysql
[ info ] [ VIEW ] /Applications/XAMPP/xamppfiles/htdocs/pension_project/application/index/view/integration/destroy.html [ array (
  0 => 'client',
  1 => 'param',
  2 => 'title',
) ]
[ info ] [ LOG ] INIT File
[ sql ] [ DB ] CONNECT:[ UseTime:0.024011s ] mysql:host=101.89.115.24;port=3306;dbname=pension;charset=utf8
[ sql ] [ SQL ] SHOW COLUMNS FROM `yc_integral` [ RunTime:0.014994s ]
[ sql ] [ SQL ] SELECT COUNT(*) AS tp_count FROM `yc_integral` `i` LEFT JOIN `yc_client` `u` ON `i`.`uid`=`u`.`id` WHERE  `i`.`type` = 2 LIMIT 1 [ RunTime:0.015498s ]
[ sql ] [ SQL ] SELECT `u`.`id`,`u`.`name`,`u`.`sex`,`u`.`age`,`i`.`score`,`i`.`remarks`,`i`.`create_time`,`i`.`type` FROM `yc_integral` `i` LEFT JOIN `yc_client` `u` ON `i`.`uid`=`u`.`id` WHERE  `i`.`type` = 2 ORDER BY `i`.`id` DESC LIMIT 0,20 [ RunTime:0.013618s ]
---------------------------------------------------------------
[ 2019-02-26T14:16:00+08:00 ] 127.0.0.1 GET yunchi.cn/index/integration/accumulate
[运行时间：0.091162s] [吞吐率：10.97req/s] [内存消耗：3,146.15kb] [文件加载：114]
[ info ] [ LANG ] /Applications/XAMPP/xamppfiles/htdocs/pension_project/thinkphp/lang/zh-cn.php
[ info ] [ ROUTE ] array (
  'type' => 'module',
  'module' => 
  array (
    0 => 'index',
    1 => 'integration',
    2 => 'accumulate',
  ),
)
[ info ] [ HEADER ] array (
  'host' => 'yunchi.cn',
  'connection' => 'keep-alive',
  'upgrade-insecure-requests' => '1',
  'user-agent' => 'Mozilla/5.0 (Macintosh; Intel Mac OS X 10_13_6) AppleWebKit/537.36 (KHTML, like Gecko) Chrome/72.0.3626.109 Safari/537.36',
  'accept' => 'text/html,application/xhtml+xml,application/xml;q=0.9,image/webp,image/apng,*/*;q=0.8',
  'referer' => 'http://yunchi.cn/index/Index/index',
  'accept-encoding' => 'gzip, deflate',
  'accept-language' => 'zh-CN,zh;q=0.9',
  'cookie' => 'PHPSESSID=4aafcc617f275e13cc9c40e685443c13',
)
[ info ] [ PARAM ] array (
  '/index/integration/accumulate' => '',
)
[ info ] [ SESSION ] INIT array (
  'id' => '',
  'var_session_id' => '',
  'prefix' => 'think',
  'type' => '',
  'auto_start' => true,
)
[ info ] [ RUN ] app\index\controller\Integration->accumulate[ /Applications/XAMPP/xamppfiles/htdocs/pension_project/application/index/controller/Integration.php ]
[ info ] [ DB ] INIT mysql
[ info ] [ VIEW ] /Applications/XAMPP/xamppfiles/htdocs/pension_project/application/index/view/integration/accumulate.html [ array (
  0 => 'client',
  1 => 'param',
  2 => 'title',
) ]
[ info ] [ LOG ] INIT File
[ sql ] [ DB ] CONNECT:[ UseTime:0.023006s ] mysql:host=101.89.115.24;port=3306;dbname=pension;charset=utf8
[ sql ] [ SQL ] SHOW COLUMNS FROM `yc_integral` [ RunTime:0.015029s ]
[ sql ] [ SQL ] SELECT COUNT(*) AS tp_count FROM `yc_integral` `i` LEFT JOIN `yc_client` `u` ON `i`.`uid`=`u`.`id` WHERE  `i`.`type` = 1 LIMIT 1 [ RunTime:0.014450s ]
[ sql ] [ SQL ] SELECT `u`.`id`,`u`.`name`,`u`.`sex`,`u`.`age`,`i`.`score`,`i`.`remarks`,`i`.`create_time`,`i`.`type` FROM `yc_integral` `i` LEFT JOIN `yc_client` `u` ON `i`.`uid`=`u`.`id` WHERE  `i`.`type` = 1 ORDER BY `i`.`id` DESC LIMIT 0,20 [ RunTime:0.014405s ]
---------------------------------------------------------------
[ 2019-02-26T14:16:02+08:00 ] 127.0.0.1 GET yunchi.cn/index/qualitys/passquality
[运行时间：0.099193s] [吞吐率：10.08req/s] [内存消耗：3,148.28kb] [文件加载：117]
[ info ] [ LANG ] /Applications/XAMPP/xamppfiles/htdocs/pension_project/thinkphp/lang/zh-cn.php
[ info ] [ ROUTE ] array (
  'type' => 'module',
  'module' => 
  array (
    0 => 'index',
    1 => 'qualitys',
    2 => 'passquality',
  ),
)
[ info ] [ HEADER ] array (
  'host' => 'yunchi.cn',
  'connection' => 'keep-alive',
  'upgrade-insecure-requests' => '1',
  'user-agent' => 'Mozilla/5.0 (Macintosh; Intel Mac OS X 10_13_6) AppleWebKit/537.36 (KHTML, like Gecko) Chrome/72.0.3626.109 Safari/537.36',
  'accept' => 'text/html,application/xhtml+xml,application/xml;q=0.9,image/webp,image/apng,*/*;q=0.8',
  'referer' => 'http://yunchi.cn/index/Index/index',
  'accept-encoding' => 'gzip, deflate',
  'accept-language' => 'zh-CN,zh;q=0.9',
  'cookie' => 'PHPSESSID=4aafcc617f275e13cc9c40e685443c13',
)
[ info ] [ PARAM ] array (
  '/index/qualitys/passquality' => '',
)
[ info ] [ SESSION ] INIT array (
  'id' => '',
  'var_session_id' => '',
  'prefix' => 'think',
  'type' => '',
  'auto_start' => true,
)
[ info ] [ RUN ] app\index\controller\Qualitys->passQuality[ /Applications/XAMPP/xamppfiles/htdocs/pension_project/application/index/controller/Qualitys.php ]
[ info ] [ DB ] INIT mysql
[ info ] [ VIEW ] /Applications/XAMPP/xamppfiles/htdocs/pension_project/application/index/view/qualitys/pass_quality.html [ array (
  0 => 'quality',
) ]
[ info ] [ LOG ] INIT File
[ sql ] [ DB ] CONNECT:[ UseTime:0.022323s ] mysql:host=101.89.115.24;port=3306;dbname=pension;charset=utf8
[ sql ] [ SQL ] SHOW COLUMNS FROM `yc_quality` [ RunTime:0.017272s ]
[ sql ] [ SQL ] SELECT COUNT(*) AS tp_count FROM `yc_quality` `q` LEFT JOIN `yc_staff_user` `s` ON `q`.`sid`=`s`.`number` LEFT JOIN `yc_client` `u` ON `q`.`uid`=`u`.`id` LEFT JOIN `yc_work` `w` ON `q`.`wid`=`w`.`id` WHERE  `q`.`state` = 1 LIMIT 1 [ RunTime:0.014693s ]
[ sql ] [ SQL ] SELECT `q`.`id`,`q`.`wid`,`q`.`create_time`,`w`.`end_time`,`u`.`name`,`w`.`work_type`,w.create_time as start,`s`.`number`,`s`.`display_name`,`q`.`score`,`q`.`level` FROM `yc_quality` `q` LEFT JOIN `yc_staff_user` `s` ON `q`.`sid`=`s`.`number` LEFT JOIN `yc_client` `u` ON `q`.`uid`=`u`.`id` LEFT JOIN `yc_work` `w` ON `q`.`wid`=`w`.`id` WHERE  `q`.`state` = 1 ORDER BY `q`.`id` DESC LIMIT 0,30 [ RunTime:0.017134s ]
[ error ] [8]未定义变量: title[/Applications/XAMPP/xamppfiles/htdocs/pension_project/runtime/temp/ea4272bcc4f569b54366ee2374f26613.php:7]
---------------------------------------------------------------
[ 2019-02-26T14:16:03+08:00 ] 127.0.0.1 GET yunchi.cn/index/qualitys/backquality
[运行时间：0.086149s] [吞吐率：11.61req/s] [内存消耗：3,143.26kb] [文件加载：117]
[ info ] [ LANG ] /Applications/XAMPP/xamppfiles/htdocs/pension_project/thinkphp/lang/zh-cn.php
[ info ] [ ROUTE ] array (
  'type' => 'module',
  'module' => 
  array (
    0 => 'index',
    1 => 'qualitys',
    2 => 'backquality',
  ),
)
[ info ] [ HEADER ] array (
  'host' => 'yunchi.cn',
  'connection' => 'keep-alive',
  'upgrade-insecure-requests' => '1',
  'user-agent' => 'Mozilla/5.0 (Macintosh; Intel Mac OS X 10_13_6) AppleWebKit/537.36 (KHTML, like Gecko) Chrome/72.0.3626.109 Safari/537.36',
  'accept' => 'text/html,application/xhtml+xml,application/xml;q=0.9,image/webp,image/apng,*/*;q=0.8',
  'referer' => 'http://yunchi.cn/index/Index/index',
  'accept-encoding' => 'gzip, deflate',
  'accept-language' => 'zh-CN,zh;q=0.9',
  'cookie' => 'PHPSESSID=4aafcc617f275e13cc9c40e685443c13',
)
[ info ] [ PARAM ] array (
  '/index/qualitys/backquality' => '',
)
[ info ] [ SESSION ] INIT array (
  'id' => '',
  'var_session_id' => '',
  'prefix' => 'think',
  'type' => '',
  'auto_start' => true,
)
[ info ] [ RUN ] app\index\controller\Qualitys->backQuality[ /Applications/XAMPP/xamppfiles/htdocs/pension_project/application/index/controller/Qualitys.php ]
[ info ] [ DB ] INIT mysql
[ info ] [ VIEW ] /Applications/XAMPP/xamppfiles/htdocs/pension_project/application/index/view/qualitys/back_quality.html [ array (
  0 => 'quality',
) ]
[ info ] [ LOG ] INIT File
[ sql ] [ DB ] CONNECT:[ UseTime:0.020409s ] mysql:host=101.89.115.24;port=3306;dbname=pension;charset=utf8
[ sql ] [ SQL ] SHOW COLUMNS FROM `yc_quality` [ RunTime:0.014246s ]
[ sql ] [ SQL ] SELECT COUNT(*) AS tp_count FROM `yc_quality` `q` LEFT JOIN `yc_staff_user` `s` ON `q`.`sid`=`s`.`number` LEFT JOIN `yc_client` `u` ON `q`.`uid`=`u`.`id` LEFT JOIN `yc_work` `w` ON `q`.`wid`=`w`.`id` WHERE  `q`.`state` = 2 LIMIT 1 [ RunTime:0.011926s ]
[ sql ] [ SQL ] SELECT `q`.`id`,`q`.`wid`,`q`.`create_time`,`w`.`end_time`,`u`.`name`,`w`.`work_type`,w.create_time as start,`s`.`number`,`s`.`display_name`,`q`.`score`,`q`.`level` FROM `yc_quality` `q` LEFT JOIN `yc_staff_user` `s` ON `q`.`sid`=`s`.`number` LEFT JOIN `yc_client` `u` ON `q`.`uid`=`u`.`id` LEFT JOIN `yc_work` `w` ON `q`.`wid`=`w`.`id` WHERE  `q`.`state` = 2 ORDER BY `q`.`id` DESC LIMIT 0,30 [ RunTime:0.013774s ]
[ error ] [8]未定义变量: title[/Applications/XAMPP/xamppfiles/htdocs/pension_project/runtime/temp/3d628986f06ef8d9d55b811388f2cda6.php:7]
---------------------------------------------------------------
[ 2019-02-26T14:16:04+08:00 ] 127.0.0.1 GET yunchi.cn/index/qualitys/quality
[运行时间：0.091100s] [吞吐率：10.98req/s] [内存消耗：3,233.87kb] [文件加载：117]
[ info ] [ LANG ] /Applications/XAMPP/xamppfiles/htdocs/pension_project/thinkphp/lang/zh-cn.php
[ info ] [ ROUTE ] array (
  'type' => 'module',
  'module' => 
  array (
    0 => 'index',
    1 => 'qualitys',
    2 => 'quality',
  ),
)
[ info ] [ HEADER ] array (
  'host' => 'yunchi.cn',
  'connection' => 'keep-alive',
  'upgrade-insecure-requests' => '1',
  'user-agent' => 'Mozilla/5.0 (Macintosh; Intel Mac OS X 10_13_6) AppleWebKit/537.36 (KHTML, like Gecko) Chrome/72.0.3626.109 Safari/537.36',
  'accept' => 'text/html,application/xhtml+xml,application/xml;q=0.9,image/webp,image/apng,*/*;q=0.8',
  'referer' => 'http://yunchi.cn/index/Index/index',
  'accept-encoding' => 'gzip, deflate',
  'accept-language' => 'zh-CN,zh;q=0.9',
  'cookie' => 'PHPSESSID=4aafcc617f275e13cc9c40e685443c13',
)
[ info ] [ PARAM ] array (
  '/index/qualitys/quality' => '',
)
[ info ] [ SESSION ] INIT array (
  'id' => '',
  'var_session_id' => '',
  'prefix' => 'think',
  'type' => '',
  'auto_start' => true,
)
[ info ] [ RUN ] app\index\controller\Qualitys->quality[ /Applications/XAMPP/xamppfiles/htdocs/pension_project/application/index/controller/Qualitys.php ]
[ info ] [ DB ] INIT mysql
[ info ] [ VIEW ] /Applications/XAMPP/xamppfiles/htdocs/pension_project/application/index/view/qualitys/quality.html [ array (
  0 => 'quality',
) ]
[ info ] [ LOG ] INIT File
[ sql ] [ DB ] CONNECT:[ UseTime:0.021385s ] mysql:host=101.89.115.24;port=3306;dbname=pension;charset=utf8
[ sql ] [ SQL ] SHOW COLUMNS FROM `yc_work` [ RunTime:0.014605s ]
[ sql ] [ SQL ] SELECT COUNT(*) AS tp_count FROM `yc_work` `w` LEFT JOIN `yc_work_plan` `p` ON `w`.`pid`=`p`.`id` LEFT JOIN `yc_staff_user` `s` ON `w`.`sid`=`s`.`number` LEFT JOIN `yc_client` `u` ON `w`.`uid`=`u`.`id` WHERE  `w`.`state` = 3 LIMIT 1 [ RunTime:0.013118s ]
[ sql ] [ SQL ] SELECT `w`.`id`,`w`.`create_time`,s.display_name as sname,u.name as uname,`w`.`work_type`,`w`.`end_time` FROM `yc_work` `w` LEFT JOIN `yc_work_plan` `p` ON `w`.`pid`=`p`.`id` LEFT JOIN `yc_staff_user` `s` ON `w`.`sid`=`s`.`number` LEFT JOIN `yc_client` `u` ON `w`.`uid`=`u`.`id` WHERE  `w`.`state` = 3 ORDER BY `id` DESC LIMIT 0,30 [ RunTime:0.015074s ]
[ error ] [8]未定义变量: title[/Applications/XAMPP/xamppfiles/htdocs/pension_project/runtime/temp/9c5de9a218927dc2bc690ea0aa254178.php:7]
---------------------------------------------------------------
[ 2019-02-26T14:16:06+08:00 ] 127.0.0.1 GET yunchi.cn/index/Index/index
[运行时间：0.079048s] [吞吐率：12.65req/s] [内存消耗：2,845.35kb] [文件加载：115]
[ info ] [ LANG ] /Applications/XAMPP/xamppfiles/htdocs/pension_project/thinkphp/lang/zh-cn.php
[ info ] [ ROUTE ] array (
  'type' => 'module',
  'module' => 
  array (
    0 => 'index',
    1 => 'Index',
    2 => 'index',
  ),
)
[ info ] [ HEADER ] array (
  'host' => 'yunchi.cn',
  'connection' => 'keep-alive',
  'cache-control' => 'max-age=0',
  'upgrade-insecure-requests' => '1',
  'user-agent' => 'Mozilla/5.0 (Macintosh; Intel Mac OS X 10_13_6) AppleWebKit/537.36 (KHTML, like Gecko) Chrome/72.0.3626.109 Safari/537.36',
  'accept' => 'text/html,application/xhtml+xml,application/xml;q=0.9,image/webp,image/apng,*/*;q=0.8',
  'referer' => 'http://yunchi.cn/index/Login/login',
  'accept-encoding' => 'gzip, deflate',
  'accept-language' => 'zh-CN,zh;q=0.9',
  'cookie' => 'PHPSESSID=4aafcc617f275e13cc9c40e685443c13',
)
[ info ] [ PARAM ] array (
  '/index/Index/index' => '',
)
[ info ] [ SESSION ] INIT array (
  'id' => '',
  'var_session_id' => '',
  'prefix' => 'think',
  'type' => '',
  'auto_start' => true,
)
[ info ] [ RUN ] app\index\controller\Index->index[ /Applications/XAMPP/xamppfiles/htdocs/pension_project/application/index/controller/Index.php ]
[ info ] [ DB ] INIT mysql
[ info ] [ VIEW ] /Applications/XAMPP/xamppfiles/htdocs/pension_project/application/index/view/index/index.html [ array (
  0 => 'menu',
  1 => 'title',
) ]
[ info ] [ LOG ] INIT File
[ sql ] [ DB ] CONNECT:[ UseTime:0.022723s ] mysql:host=101.89.115.24;port=3306;dbname=pension;charset=utf8
[ sql ] [ SQL ] SELECT `name`,`remarks`,`m_id`,`r_status` FROM yc_role WHERE `id`=0 [ RunTime:0.014555s ]
[ sql ] [ SQL ] SELECT `id`,`name`,`url`,`icon`,`pid`,`level`,`m_status`,`weight`,`create_time` FROM yc_menu  WHERE  `m_status`=1 ORDER BY `weight` ASC,`id` ASC [ RunTime:0.016665s ]
[ error ] [8]未定义数组下标: 0[/Applications/XAMPP/xamppfiles/htdocs/pension_project/application/index/model/Role.php:49]
---------------------------------------------------------------
[ 2019-02-26T14:16:07+08:00 ] 127.0.0.1 GET yunchi.cn/index/Index/main
[运行时间：0.150244s] [吞吐率：6.66req/s] [内存消耗：3,474.83kb] [文件加载：121]
[ info ] [ LANG ] /Applications/XAMPP/xamppfiles/htdocs/pension_project/thinkphp/lang/zh-cn.php
[ info ] [ ROUTE ] array (
  'type' => 'module',
  'module' => 
  array (
    0 => 'index',
    1 => 'Index',
    2 => 'main',
  ),
)
[ info ] [ HEADER ] array (
  'host' => 'yunchi.cn',
  'connection' => 'keep-alive',
  'upgrade-insecure-requests' => '1',
  'user-agent' => 'Mozilla/5.0 (Macintosh; Intel Mac OS X 10_13_6) AppleWebKit/537.36 (KHTML, like Gecko) Chrome/72.0.3626.109 Safari/537.36',
  'accept' => 'text/html,application/xhtml+xml,application/xml;q=0.9,image/webp,image/apng,*/*;q=0.8',
  'referer' => 'http://yunchi.cn/index/Index/index',
  'accept-encoding' => 'gzip, deflate',
  'accept-language' => 'zh-CN,zh;q=0.9',
  'cookie' => 'PHPSESSID=4aafcc617f275e13cc9c40e685443c13',
)
[ info ] [ PARAM ] array (
  '/index/Index/main' => '',
)
[ info ] [ SESSION ] INIT array (
  'id' => '',
  'var_session_id' => '',
  'prefix' => 'think',
  'type' => '',
  'auto_start' => true,
)
[ info ] [ RUN ] app\index\controller\Index->main[ /Applications/XAMPP/xamppfiles/htdocs/pension_project/application/index/controller/Index.php ]
[ info ] [ DB ] INIT mysql
[ info ] [ VIEW ] /Applications/XAMPP/xamppfiles/htdocs/pension_project/application/index/view/index/main.html [ array (
  0 => 'gency',
  1 => 'integarl',
) ]
[ info ] [ LOG ] INIT File
[ sql ] [ DB ] CONNECT:[ UseTime:0.021407s ] mysql:host=101.89.115.24;port=3306;dbname=pension;charset=utf8
[ sql ] [ SQL ] SHOW COLUMNS FROM `yc_work` [ RunTime:0.014169s ]
[ sql ] [ SQL ] SELECT COUNT(*) AS tp_count FROM `yc_work` `w` LEFT JOIN `yc_client` `c` ON `w`.`uid`=`c`.`id` LEFT JOIN `yc_staff_user` `s` ON `w`.`sid`=`s`.`number` WHERE  `work_type` IN (1,2,3) LIMIT 1 [ RunTime:0.013070s ]
[ sql ] [ SQL ] SELECT `w`.`id`,`w`.`sid`,`w`.`pid`,`w`.`uid`,`w`.`end_time`,`w`.`work_type`,`w`.`result`,`w`.`state`,`w`.`type`,`w`.`remark`,`w`.`content`,`w`.`create_time`,c.name as userName,`s`.`display_name` FROM `yc_work` `w` LEFT JOIN `yc_client` `c` ON `w`.`uid`=`c`.`id` LEFT JOIN `yc_staff_user` `s` ON `w`.`sid`=`s`.`number` WHERE  `work_type` IN (1,2,3) ORDER BY `id` DESC LIMIT 0,5 [ RunTime:0.015383s ]
[ sql ] [ SQL ] SHOW COLUMNS FROM `yc_integral` [ RunTime:0.014227s ]
[ sql ] [ SQL ] SELECT sum(score) as score,type FROM `yc_integral` GROUP BY `type` [ RunTime:0.012944s ]
[ sql ] [ SQL ] SHOW COLUMNS FROM `yc_client` [ RunTime:0.013725s ]
[ sql ] [ SQL ] SELECT max(integral) as max,min(integral) as min,count(id) as id FROM `yc_client` [ RunTime:0.014022s ]
[ error ] [8]未定义数组下标: 0[/Applications/XAMPP/xamppfiles/htdocs/pension_project/application/index/model/Work.php:588]
[ error ] [8]未定义数组下标: 0[/Applications/XAMPP/xamppfiles/htdocs/pension_project/application/index/model/Work.php:588]
[ error ] [8]未定义数组下标: 0[/Applications/XAMPP/xamppfiles/htdocs/pension_project/application/index/model/Work.php:588]
[ error ] [8]未定义数组索引: cancel[/Applications/XAMPP/xamppfiles/htdocs/pension_project/application/index/model/Main.php:170]
[ error ] [8]未定义变量: title[/Applications/XAMPP/xamppfiles/htdocs/pension_project/runtime/temp/b91db48711266ab571f6724bfca8e2eb.php:7]
---------------------------------------------------------------
[ 2019-02-26T14:16:07+08:00 ] 127.0.0.1 POST yunchi.cn/index/Works/mess.html
[运行时间：0.168103s] [吞吐率：5.95req/s] [内存消耗：3,151.52kb] [文件加载：110]
[ info ] [ LANG ] /Applications/XAMPP/xamppfiles/htdocs/pension_project/thinkphp/lang/zh-cn.php
[ info ] [ ROUTE ] array (
  'type' => 'module',
  'module' => 
  array (
    0 => 'index',
    1 => 'Works',
    2 => 'mess',
  ),
)
[ info ] [ HEADER ] array (
  'host' => 'yunchi.cn',
  'connection' => 'keep-alive',
  'content-length' => '0',
  'accept' => '*/*',
  'origin' => 'http://yunchi.cn',
  'x-requested-with' => 'XMLHttpRequest',
  'user-agent' => 'Mozilla/5.0 (Macintosh; Intel Mac OS X 10_13_6) AppleWebKit/537.36 (KHTML, like Gecko) Chrome/72.0.3626.109 Safari/537.36',
  'referer' => 'http://yunchi.cn/index/Index/index',
  'accept-encoding' => 'gzip, deflate',
  'accept-language' => 'zh-CN,zh;q=0.9',
  'cookie' => 'PHPSESSID=4aafcc617f275e13cc9c40e685443c13',
)
[ info ] [ PARAM ] array (
  '/index/Works/mess_html' => '',
)
[ info ] [ SESSION ] INIT array (
  'id' => '',
  'var_session_id' => '',
  'prefix' => 'think',
  'type' => '',
  'auto_start' => true,
)
[ info ] [ RUN ] app\index\controller\Works->mess[ /Applications/XAMPP/xamppfiles/htdocs/pension_project/application/index/controller/Works.php ]
[ info ] [ DB ] INIT mysql
[ info ] [ LOG ] INIT File
[ sql ] [ DB ] CONNECT:[ UseTime:0.019745s ] mysql:host=101.89.115.24;port=3306;dbname=pension;charset=utf8
[ sql ] [ SQL ] SHOW COLUMNS FROM `yc_work` [ RunTime:0.014058s ]
[ sql ] [ SQL ] SELECT group_concat(id) as id,work_type FROM `yc_work` WHERE  `is_read` = 1  AND `work_type` IN (1,2,3) GROUP BY `work_type` [ RunTime:0.015174s ]
---------------------------------------------------------------
[ 2019-02-26T14:16:07+08:00 ] 127.0.0.1 GET yunchi.cn/index/Index/aa
[运行时间：0.171373s] [吞吐率：5.84req/s] [内存消耗：3,204.30kb] [文件加载：115]
[ info ] [ LANG ] /Applications/XAMPP/xamppfiles/htdocs/pension_project/thinkphp/lang/zh-cn.php
[ info ] [ ROUTE ] array (
  'type' => 'module',
  'module' => 
  array (
    0 => 'index',
    1 => 'Index',
    2 => 'aa',
  ),
)
[ info ] [ HEADER ] array (
  'host' => 'yunchi.cn',
  'connection' => 'keep-alive',
  'accept' => '*/*',
  'x-requested-with' => 'XMLHttpRequest',
  'user-agent' => 'Mozilla/5.0 (Macintosh; Intel Mac OS X 10_13_6) AppleWebKit/537.36 (KHTML, like Gecko) Chrome/72.0.3626.109 Safari/537.36',
  'referer' => 'http://yunchi.cn/index/Index/main',
  'accept-encoding' => 'gzip, deflate',
  'accept-language' => 'zh-CN,zh;q=0.9',
  'cookie' => 'PHPSESSID=4aafcc617f275e13cc9c40e685443c13',
)
[ info ] [ PARAM ] array (
  '/index/Index/aa' => '',
)
[ info ] [ SESSION ] INIT array (
  'id' => '',
  'var_session_id' => '',
  'prefix' => 'think',
  'type' => '',
  'auto_start' => true,
)
[ info ] [ RUN ] app\index\controller\Index->aa[ /Applications/XAMPP/xamppfiles/htdocs/pension_project/application/index/controller/Index.php ]
[ info ] [ DB ] INIT mysql
[ info ] [ LOG ] INIT File
[ sql ] [ DB ] CONNECT:[ UseTime:0.022908s ] mysql:host=101.89.115.24;port=3306;dbname=pension;charset=utf8
[ sql ] [ SQL ] SHOW COLUMNS FROM `yc_work` [ RunTime:0.016396s ]
[ sql ] [ SQL ] SELECT count(id) as number,state FROM `yc_work` WHERE  `state` IN (0,1,2,3,4) GROUP BY `state` [ RunTime:0.014813s ]
[ sql ] [ SQL ] SELECT from_unixtime(create_time,'%Y-%m-%d') as name,count(id) as value FROM `yc_work` WHERE  `create_time` BETWEEN 1550592000 AND 1551196799 GROUP BY `name` [ RunTime:0.015974s ]
[ sql ] [ SQL ] SHOW COLUMNS FROM `yc_client` [ RunTime:0.014383s ]
[ sql ] [ SQL ] SELECT count(id) as number,sex FROM `yc_client` GROUP BY `sex` [ RunTime:0.015612s ]
[ sql ] [ SQL ] select name,count('id') as value from (select case when age<=59 then '60岁以下' when age>=60 and age<=69 then '60到69岁之间' when age>=70 and age<=79 then '70到79之间' when age>=80 and age<=89 then '80到89之间' when age>=90 then '90岁以上' end as name from yc_client )a group by name [ RunTime:0.015069s ]
[ sql ] [ SQL ] SHOW COLUMNS FROM `yc_client_group` [ RunTime:0.015346s ]
[ sql ] [ SQL ] SELECT a.name,count(b.cid) as value FROM yc_client_group a LEFT JOIN `yc_client_group_map` `b` ON `a`.`id`=`b`.`gid` GROUP BY `a`.`id` [ RunTime:0.014710s ]
[ error ] [8]未定义变量: new_data[/Applications/XAMPP/xamppfiles/htdocs/pension_project/application/index/model/Main.php:116]
---------------------------------------------------------------
[ 2019-02-26T15:09:46+08:00 ] 127.0.0.1 GET yunchi.cn/index/Index/main
[运行时间：0.153260s] [吞吐率：6.52req/s] [内存消耗：3,312.20kb] [文件加载：119]
[ info ] [ LANG ] /Applications/XAMPP/xamppfiles/htdocs/pension_project/thinkphp/lang/zh-cn.php
[ info ] [ ROUTE ] array (
  'type' => 'module',
  'module' => 
  array (
    0 => 'index',
    1 => 'Index',
    2 => 'main',
  ),
)
[ info ] [ HEADER ] array (
  'host' => 'yunchi.cn',
  'connection' => 'keep-alive',
  'upgrade-insecure-requests' => '1',
  'user-agent' => 'Mozilla/5.0 (Macintosh; Intel Mac OS X 10_13_6) AppleWebKit/537.36 (KHTML, like Gecko) Chrome/72.0.3626.109 Safari/537.36',
  'accept' => 'text/html,application/xhtml+xml,application/xml;q=0.9,image/webp,image/apng,*/*;q=0.8',
  'referer' => 'http://yunchi.cn/index/Index/index',
  'accept-encoding' => 'gzip, deflate',
  'accept-language' => 'zh-CN,zh;q=0.9',
  'cookie' => 'PHPSESSID=4aafcc617f275e13cc9c40e685443c13',
)
[ info ] [ PARAM ] array (
  '/index/Index/main' => '',
)
[ info ] [ SESSION ] INIT array (
  'id' => '',
  'var_session_id' => '',
  'prefix' => 'think',
  'type' => '',
  'auto_start' => true,
)
[ info ] [ RUN ] app\index\controller\Index->main[ /Applications/XAMPP/xamppfiles/htdocs/pension_project/application/index/controller/Index.php ]
[ info ] [ DB ] INIT mysql
[ info ] [ VIEW ] /Applications/XAMPP/xamppfiles/htdocs/pension_project/application/index/view/index/main.html [ array (
  0 => 'gency',
  1 => 'integarl',
) ]
[ info ] [ LOG ] INIT File
[ sql ] [ DB ] CONNECT:[ UseTime:0.026378s ] mysql:host=101.89.115.24;port=3306;dbname=pension;charset=utf8
[ sql ] [ SQL ] SHOW COLUMNS FROM `yc_work` [ RunTime:0.016139s ]
[ sql ] [ SQL ] SELECT COUNT(*) AS tp_count FROM `yc_work` `w` LEFT JOIN `yc_client` `c` ON `w`.`uid`=`c`.`id` LEFT JOIN `yc_staff_user` `s` ON `w`.`sid`=`s`.`number` WHERE  `work_type` IN (1,2,3) LIMIT 1 [ RunTime:0.012247s ]
[ sql ] [ SQL ] SELECT `w`.`id`,`w`.`sid`,`w`.`pid`,`w`.`uid`,`w`.`end_time`,`w`.`work_type`,`w`.`result`,`w`.`state`,`w`.`type`,`w`.`remark`,`w`.`content`,`w`.`create_time`,c.name as userName,`s`.`display_name` FROM `yc_work` `w` LEFT JOIN `yc_client` `c` ON `w`.`uid`=`c`.`id` LEFT JOIN `yc_staff_user` `s` ON `w`.`sid`=`s`.`number` WHERE  `work_type` IN (1,2,3) ORDER BY `id` DESC LIMIT 0,5 [ RunTime:0.014190s ]
[ sql ] [ SQL ] SHOW COLUMNS FROM `yc_integral` [ RunTime:0.014509s ]
[ sql ] [ SQL ] SELECT sum(score) as score,type FROM `yc_integral` GROUP BY `type` [ RunTime:0.014275s ]
[ sql ] [ SQL ] SHOW COLUMNS FROM `yc_client` [ RunTime:0.014018s ]
[ sql ] [ SQL ] SELECT max(integral) as max,min(integral) as min,count(id) as id FROM `yc_client` [ RunTime:0.012626s ]
[ error ] [8]未定义数组下标: 0[/Applications/XAMPP/xamppfiles/htdocs/pension_project/application/index/model/Work.php:588]
[ error ] [8]未定义数组下标: 0[/Applications/XAMPP/xamppfiles/htdocs/pension_project/application/index/model/Work.php:588]
[ error ] [8]未定义数组下标: 0[/Applications/XAMPP/xamppfiles/htdocs/pension_project/application/index/model/Work.php:588]
[ error ] [8]未定义数组索引: cancel[/Applications/XAMPP/xamppfiles/htdocs/pension_project/application/index/model/Main.php:170]
[ error ] [8]未定义变量: title[/Applications/XAMPP/xamppfiles/htdocs/pension_project/runtime/temp/b91db48711266ab571f6724bfca8e2eb.php:7]
---------------------------------------------------------------
[ 2019-02-26T15:09:46+08:00 ] 127.0.0.1 GET yunchi.cn/index/Index/aa
[运行时间：0.171274s] [吞吐率：5.84req/s] [内存消耗：3,204.30kb] [文件加载：115]
[ info ] [ LANG ] /Applications/XAMPP/xamppfiles/htdocs/pension_project/thinkphp/lang/zh-cn.php
[ info ] [ ROUTE ] array (
  'type' => 'module',
  'module' => 
  array (
    0 => 'index',
    1 => 'Index',
    2 => 'aa',
  ),
)
[ info ] [ HEADER ] array (
  'host' => 'yunchi.cn',
  'connection' => 'keep-alive',
  'accept' => '*/*',
  'x-requested-with' => 'XMLHttpRequest',
  'user-agent' => 'Mozilla/5.0 (Macintosh; Intel Mac OS X 10_13_6) AppleWebKit/537.36 (KHTML, like Gecko) Chrome/72.0.3626.109 Safari/537.36',
  'referer' => 'http://yunchi.cn/index/Index/main',
  'accept-encoding' => 'gzip, deflate',
  'accept-language' => 'zh-CN,zh;q=0.9',
  'cookie' => 'PHPSESSID=4aafcc617f275e13cc9c40e685443c13',
)
[ info ] [ PARAM ] array (
  '/index/Index/aa' => '',
)
[ info ] [ SESSION ] INIT array (
  'id' => '',
  'var_session_id' => '',
  'prefix' => 'think',
  'type' => '',
  'auto_start' => true,
)
[ info ] [ RUN ] app\index\controller\Index->aa[ /Applications/XAMPP/xamppfiles/htdocs/pension_project/application/index/controller/Index.php ]
[ info ] [ DB ] INIT mysql
[ info ] [ LOG ] INIT File
[ sql ] [ DB ] CONNECT:[ UseTime:0.022847s ] mysql:host=101.89.115.24;port=3306;dbname=pension;charset=utf8
[ sql ] [ SQL ] SHOW COLUMNS FROM `yc_work` [ RunTime:0.015709s ]
[ sql ] [ SQL ] SELECT count(id) as number,state FROM `yc_work` WHERE  `state` IN (0,1,2,3,4) GROUP BY `state` [ RunTime:0.013566s ]
[ sql ] [ SQL ] SELECT from_unixtime(create_time,'%Y-%m-%d') as name,count(id) as value FROM `yc_work` WHERE  `create_time` BETWEEN 1550592000 AND 1551196799 GROUP BY `name` [ RunTime:0.016204s ]
[ sql ] [ SQL ] SHOW COLUMNS FROM `yc_client` [ RunTime:0.016218s ]
[ sql ] [ SQL ] SELECT count(id) as number,sex FROM `yc_client` GROUP BY `sex` [ RunTime:0.014721s ]
[ sql ] [ SQL ] select name,count('id') as value from (select case when age<=59 then '60岁以下' when age>=60 and age<=69 then '60到69岁之间' when age>=70 and age<=79 then '70到79之间' when age>=80 and age<=89 then '80到89之间' when age>=90 then '90岁以上' end as name from yc_client )a group by name [ RunTime:0.015184s ]
[ sql ] [ SQL ] SHOW COLUMNS FROM `yc_client_group` [ RunTime:0.014119s ]
[ sql ] [ SQL ] SELECT a.name,count(b.cid) as value FROM yc_client_group a LEFT JOIN `yc_client_group_map` `b` ON `a`.`id`=`b`.`gid` GROUP BY `a`.`id` [ RunTime:0.014133s ]
[ error ] [8]未定义变量: new_data[/Applications/XAMPP/xamppfiles/htdocs/pension_project/application/index/model/Main.php:116]
---------------------------------------------------------------
[ 2019-02-26T15:09:48+08:00 ] 127.0.0.1 GET yunchi.cn/index/Index/index
[运行时间：0.071836s] [吞吐率：13.92req/s] [内存消耗：2,676.67kb] [文件加载：113]
[ info ] [ LANG ] /Applications/XAMPP/xamppfiles/htdocs/pension_project/thinkphp/lang/zh-cn.php
[ info ] [ ROUTE ] array (
  'type' => 'module',
  'module' => 
  array (
    0 => 'index',
    1 => 'Index',
    2 => 'index',
  ),
)
[ info ] [ HEADER ] array (
  'host' => 'yunchi.cn',
  'connection' => 'keep-alive',
  'upgrade-insecure-requests' => '1',
  'user-agent' => 'Mozilla/5.0 (Macintosh; Intel Mac OS X 10_13_6) AppleWebKit/537.36 (KHTML, like Gecko) Chrome/72.0.3626.109 Safari/537.36',
  'accept' => 'text/html,application/xhtml+xml,application/xml;q=0.9,image/webp,image/apng,*/*;q=0.8',
  'referer' => 'http://yunchi.cn/index/Login/login',
  'accept-encoding' => 'gzip, deflate',
  'accept-language' => 'zh-CN,zh;q=0.9',
  'cookie' => 'PHPSESSID=4aafcc617f275e13cc9c40e685443c13',
)
[ info ] [ PARAM ] array (
  '/index/Index/index' => '',
)
[ info ] [ SESSION ] INIT array (
  'id' => '',
  'var_session_id' => '',
  'prefix' => 'think',
  'type' => '',
  'auto_start' => true,
)
[ info ] [ RUN ] app\index\controller\Index->index[ /Applications/XAMPP/xamppfiles/htdocs/pension_project/application/index/controller/Index.php ]
[ info ] [ DB ] INIT mysql
[ info ] [ VIEW ] /Applications/XAMPP/xamppfiles/htdocs/pension_project/application/index/view/index/index.html [ array (
  0 => 'menu',
  1 => 'title',
) ]
[ info ] [ LOG ] INIT File
[ sql ] [ DB ] CONNECT:[ UseTime:0.022057s ] mysql:host=101.89.115.24;port=3306;dbname=pension;charset=utf8
[ sql ] [ SQL ] SELECT `name`,`remarks`,`m_id`,`r_status` FROM yc_role WHERE `id`=0 [ RunTime:0.013240s ]
[ sql ] [ SQL ] SELECT `id`,`name`,`url`,`icon`,`pid`,`level`,`m_status`,`weight`,`create_time` FROM yc_menu  WHERE  `m_status`=1 ORDER BY `weight` ASC,`id` ASC [ RunTime:0.014521s ]
[ error ] [8]未定义数组下标: 0[/Applications/XAMPP/xamppfiles/htdocs/pension_project/application/index/model/Role.php:49]
---------------------------------------------------------------
[ 2019-02-26T15:09:48+08:00 ] 127.0.0.1 GET yunchi.cn/index/Index/main
[运行时间：0.164100s] [吞吐率：6.09req/s] [内存消耗：3,312.20kb] [文件加载：119]
[ info ] [ LANG ] /Applications/XAMPP/xamppfiles/htdocs/pension_project/thinkphp/lang/zh-cn.php
[ info ] [ ROUTE ] array (
  'type' => 'module',
  'module' => 
  array (
    0 => 'index',
    1 => 'Index',
    2 => 'main',
  ),
)
[ info ] [ HEADER ] array (
  'host' => 'yunchi.cn',
  'connection' => 'keep-alive',
  'upgrade-insecure-requests' => '1',
  'user-agent' => 'Mozilla/5.0 (Macintosh; Intel Mac OS X 10_13_6) AppleWebKit/537.36 (KHTML, like Gecko) Chrome/72.0.3626.109 Safari/537.36',
  'accept' => 'text/html,application/xhtml+xml,application/xml;q=0.9,image/webp,image/apng,*/*;q=0.8',
  'referer' => 'http://yunchi.cn/index/Index/index',
  'accept-encoding' => 'gzip, deflate',
  'accept-language' => 'zh-CN,zh;q=0.9',
  'cookie' => 'PHPSESSID=4aafcc617f275e13cc9c40e685443c13',
)
[ info ] [ PARAM ] array (
  '/index/Index/main' => '',
)
[ info ] [ SESSION ] INIT array (
  'id' => '',
  'var_session_id' => '',
  'prefix' => 'think',
  'type' => '',
  'auto_start' => true,
)
[ info ] [ RUN ] app\index\controller\Index->main[ /Applications/XAMPP/xamppfiles/htdocs/pension_project/application/index/controller/Index.php ]
[ info ] [ DB ] INIT mysql
[ info ] [ VIEW ] /Applications/XAMPP/xamppfiles/htdocs/pension_project/application/index/view/index/main.html [ array (
  0 => 'gency',
  1 => 'integarl',
) ]
[ info ] [ LOG ] INIT File
[ sql ] [ DB ] CONNECT:[ UseTime:0.022538s ] mysql:host=101.89.115.24;port=3306;dbname=pension;charset=utf8
[ sql ] [ SQL ] SHOW COLUMNS FROM `yc_work` [ RunTime:0.017323s ]
[ sql ] [ SQL ] SELECT COUNT(*) AS tp_count FROM `yc_work` `w` LEFT JOIN `yc_client` `c` ON `w`.`uid`=`c`.`id` LEFT JOIN `yc_staff_user` `s` ON `w`.`sid`=`s`.`number` WHERE  `work_type` IN (1,2,3) LIMIT 1 [ RunTime:0.015585s ]
[ sql ] [ SQL ] SELECT `w`.`id`,`w`.`sid`,`w`.`pid`,`w`.`uid`,`w`.`end_time`,`w`.`work_type`,`w`.`result`,`w`.`state`,`w`.`type`,`w`.`remark`,`w`.`content`,`w`.`create_time`,c.name as userName,`s`.`display_name` FROM `yc_work` `w` LEFT JOIN `yc_client` `c` ON `w`.`uid`=`c`.`id` LEFT JOIN `yc_staff_user` `s` ON `w`.`sid`=`s`.`number` WHERE  `work_type` IN (1,2,3) ORDER BY `id` DESC LIMIT 0,5 [ RunTime:0.018135s ]
[ sql ] [ SQL ] SHOW COLUMNS FROM `yc_integral` [ RunTime:0.016922s ]
[ sql ] [ SQL ] SELECT sum(score) as score,type FROM `yc_integral` GROUP BY `type` [ RunTime:0.017200s ]
[ sql ] [ SQL ] SHOW COLUMNS FROM `yc_client` [ RunTime:0.014005s ]
[ sql ] [ SQL ] SELECT max(integral) as max,min(integral) as min,count(id) as id FROM `yc_client` [ RunTime:0.014808s ]
[ error ] [8]未定义数组下标: 0[/Applications/XAMPP/xamppfiles/htdocs/pension_project/application/index/model/Work.php:588]
[ error ] [8]未定义数组下标: 0[/Applications/XAMPP/xamppfiles/htdocs/pension_project/application/index/model/Work.php:588]
[ error ] [8]未定义数组下标: 0[/Applications/XAMPP/xamppfiles/htdocs/pension_project/application/index/model/Work.php:588]
[ error ] [8]未定义数组索引: cancel[/Applications/XAMPP/xamppfiles/htdocs/pension_project/application/index/model/Main.php:170]
[ error ] [8]未定义变量: title[/Applications/XAMPP/xamppfiles/htdocs/pension_project/runtime/temp/b91db48711266ab571f6724bfca8e2eb.php:7]
---------------------------------------------------------------
[ 2019-02-26T15:09:48+08:00 ] 127.0.0.1 POST yunchi.cn/index/Works/mess.html
[运行时间：0.131532s] [吞吐率：7.60req/s] [内存消耗：3,151.52kb] [文件加载：110]
[ info ] [ LANG ] /Applications/XAMPP/xamppfiles/htdocs/pension_project/thinkphp/lang/zh-cn.php
[ info ] [ ROUTE ] array (
  'type' => 'module',
  'module' => 
  array (
    0 => 'index',
    1 => 'Works',
    2 => 'mess',
  ),
)
[ info ] [ HEADER ] array (
  'host' => 'yunchi.cn',
  'connection' => 'keep-alive',
  'content-length' => '0',
  'accept' => '*/*',
  'origin' => 'http://yunchi.cn',
  'x-requested-with' => 'XMLHttpRequest',
  'user-agent' => 'Mozilla/5.0 (Macintosh; Intel Mac OS X 10_13_6) AppleWebKit/537.36 (KHTML, like Gecko) Chrome/72.0.3626.109 Safari/537.36',
  'referer' => 'http://yunchi.cn/index/Index/index',
  'accept-encoding' => 'gzip, deflate',
  'accept-language' => 'zh-CN,zh;q=0.9',
  'cookie' => 'PHPSESSID=4aafcc617f275e13cc9c40e685443c13',
)
[ info ] [ PARAM ] array (
  '/index/Works/mess_html' => '',
)
[ info ] [ SESSION ] INIT array (
  'id' => '',
  'var_session_id' => '',
  'prefix' => 'think',
  'type' => '',
  'auto_start' => true,
)
[ info ] [ RUN ] app\index\controller\Works->mess[ /Applications/XAMPP/xamppfiles/htdocs/pension_project/application/index/controller/Works.php ]
[ info ] [ DB ] INIT mysql
[ info ] [ LOG ] INIT File
[ sql ] [ DB ] CONNECT:[ UseTime:0.020706s ] mysql:host=101.89.115.24;port=3306;dbname=pension;charset=utf8
[ sql ] [ SQL ] SHOW COLUMNS FROM `yc_work` [ RunTime:0.014574s ]
[ sql ] [ SQL ] SELECT group_concat(id) as id,work_type FROM `yc_work` WHERE  `is_read` = 1  AND `work_type` IN (1,2,3) GROUP BY `work_type` [ RunTime:0.013571s ]
---------------------------------------------------------------
[ 2019-02-26T15:09:48+08:00 ] 127.0.0.1 GET yunchi.cn/index/Index/aa
[运行时间：0.175481s] [吞吐率：5.70req/s] [内存消耗：3,204.30kb] [文件加载：115]
[ info ] [ LANG ] /Applications/XAMPP/xamppfiles/htdocs/pension_project/thinkphp/lang/zh-cn.php
[ info ] [ ROUTE ] array (
  'type' => 'module',
  'module' => 
  array (
    0 => 'index',
    1 => 'Index',
    2 => 'aa',
  ),
)
[ info ] [ HEADER ] array (
  'host' => 'yunchi.cn',
  'connection' => 'keep-alive',
  'accept' => '*/*',
  'x-requested-with' => 'XMLHttpRequest',
  'user-agent' => 'Mozilla/5.0 (Macintosh; Intel Mac OS X 10_13_6) AppleWebKit/537.36 (KHTML, like Gecko) Chrome/72.0.3626.109 Safari/537.36',
  'referer' => 'http://yunchi.cn/index/Index/main',
  'accept-encoding' => 'gzip, deflate',
  'accept-language' => 'zh-CN,zh;q=0.9',
  'cookie' => 'PHPSESSID=4aafcc617f275e13cc9c40e685443c13',
)
[ info ] [ PARAM ] array (
  '/index/Index/aa' => '',
)
[ info ] [ SESSION ] INIT array (
  'id' => '',
  'var_session_id' => '',
  'prefix' => 'think',
  'type' => '',
  'auto_start' => true,
)
[ info ] [ RUN ] app\index\controller\Index->aa[ /Applications/XAMPP/xamppfiles/htdocs/pension_project/application/index/controller/Index.php ]
[ info ] [ DB ] INIT mysql
[ info ] [ LOG ] INIT File
[ sql ] [ DB ] CONNECT:[ UseTime:0.022359s ] mysql:host=101.89.115.24;port=3306;dbname=pension;charset=utf8
[ sql ] [ SQL ] SHOW COLUMNS FROM `yc_work` [ RunTime:0.016500s ]
[ sql ] [ SQL ] SELECT count(id) as number,state FROM `yc_work` WHERE  `state` IN (0,1,2,3,4) GROUP BY `state` [ RunTime:0.014051s ]
[ sql ] [ SQL ] SELECT from_unixtime(create_time,'%Y-%m-%d') as name,count(id) as value FROM `yc_work` WHERE  `create_time` BETWEEN 1550592000 AND 1551196799 GROUP BY `name` [ RunTime:0.014982s ]
[ sql ] [ SQL ] SHOW COLUMNS FROM `yc_client` [ RunTime:0.015199s ]
[ sql ] [ SQL ] SELECT count(id) as number,sex FROM `yc_client` GROUP BY `sex` [ RunTime:0.014508s ]
[ sql ] [ SQL ] select name,count('id') as value from (select case when age<=59 then '60岁以下' when age>=60 and age<=69 then '60到69岁之间' when age>=70 and age<=79 then '70到79之间' when age>=80 and age<=89 then '80到89之间' when age>=90 then '90岁以上' end as name from yc_client )a group by name [ RunTime:0.014900s ]
[ sql ] [ SQL ] SHOW COLUMNS FROM `yc_client_group` [ RunTime:0.017821s ]
[ sql ] [ SQL ] SELECT a.name,count(b.cid) as value FROM yc_client_group a LEFT JOIN `yc_client_group_map` `b` ON `a`.`id`=`b`.`gid` GROUP BY `a`.`id` [ RunTime:0.015785s ]
[ error ] [8]未定义变量: new_data[/Applications/XAMPP/xamppfiles/htdocs/pension_project/application/index/model/Main.php:116]
---------------------------------------------------------------
[ 2019-02-26T15:09:49+08:00 ] 127.0.0.1 GET yunchi.cn/index/Index/bigscreen
[运行时间：0.077604s] [吞吐率：12.89req/s] [内存消耗：3,208.67kb] [文件加载：113]
[ info ] [ LANG ] /Applications/XAMPP/xamppfiles/htdocs/pension_project/thinkphp/lang/zh-cn.php
[ info ] [ ROUTE ] array (
  'type' => 'module',
  'module' => 
  array (
    0 => 'index',
    1 => 'Index',
    2 => 'bigscreen',
  ),
)
[ info ] [ HEADER ] array (
  'host' => 'yunchi.cn',
  'connection' => 'keep-alive',
  'upgrade-insecure-requests' => '1',
  'user-agent' => 'Mozilla/5.0 (Macintosh; Intel Mac OS X 10_13_6) AppleWebKit/537.36 (KHTML, like Gecko) Chrome/72.0.3626.109 Safari/537.36',
  'accept' => 'text/html,application/xhtml+xml,application/xml;q=0.9,image/webp,image/apng,*/*;q=0.8',
  'referer' => 'http://yunchi.cn/index/Index/index',
  'accept-encoding' => 'gzip, deflate',
  'accept-language' => 'zh-CN,zh;q=0.9',
  'cookie' => 'PHPSESSID=4aafcc617f275e13cc9c40e685443c13',
)
[ info ] [ PARAM ] array (
  '/index/Index/bigscreen' => '',
)
[ info ] [ SESSION ] INIT array (
  'id' => '',
  'var_session_id' => '',
  'prefix' => 'think',
  'type' => '',
  'auto_start' => true,
)
[ info ] [ RUN ] app\index\controller\Index->bigscreen[ /Applications/XAMPP/xamppfiles/htdocs/pension_project/application/index/controller/Index.php ]
[ info ] [ DB ] INIT mysql
[ info ] [ VIEW ] /Applications/XAMPP/xamppfiles/htdocs/pension_project/application/index/view/index/bigscreen.html [ array (
  0 => 'watches',
) ]
[ info ] [ LOG ] INIT File
[ sql ] [ DB ] CONNECT:[ UseTime:0.022619s ] mysql:host=101.89.115.24;port=3306;dbname=pension;charset=utf8
[ sql ] [ SQL ] SHOW COLUMNS FROM `yc_device` [ RunTime:0.015019s ]
[ sql ] [ SQL ] SELECT count(id) as number,group_concat(is_binding) as count FROM `yc_device` [ RunTime:0.014980s ]
---------------------------------------------------------------
[ 2019-02-26T15:09:49+08:00 ] 127.0.0.1 GET yunchi.cn/index/Index/leftmonitorsdata
[运行时间：0.169477s] [吞吐率：5.90req/s] [内存消耗：3,205.55kb] [文件加载：115]
[ info ] [ LANG ] /Applications/XAMPP/xamppfiles/htdocs/pension_project/thinkphp/lang/zh-cn.php
[ info ] [ ROUTE ] array (
  'type' => 'module',
  'module' => 
  array (
    0 => 'index',
    1 => 'Index',
    2 => 'leftmonitorsdata',
  ),
)
[ info ] [ HEADER ] array (
  'host' => 'yunchi.cn',
  'connection' => 'keep-alive',
  'accept' => '*/*',
  'x-requested-with' => 'XMLHttpRequest',
  'user-agent' => 'Mozilla/5.0 (Macintosh; Intel Mac OS X 10_13_6) AppleWebKit/537.36 (KHTML, like Gecko) Chrome/72.0.3626.109 Safari/537.36',
  'referer' => 'http://yunchi.cn/index/Index/bigscreen',
  'accept-encoding' => 'gzip, deflate',
  'accept-language' => 'zh-CN,zh;q=0.9',
  'cookie' => 'PHPSESSID=4aafcc617f275e13cc9c40e685443c13',
)
[ info ] [ PARAM ] array (
  '/index/Index/leftmonitorsdata' => '',
)
[ info ] [ SESSION ] INIT array (
  'id' => '',
  'var_session_id' => '',
  'prefix' => 'think',
  'type' => '',
  'auto_start' => true,
)
[ info ] [ RUN ] app\index\controller\Index->leftmonitorsdata[ /Applications/XAMPP/xamppfiles/htdocs/pension_project/application/index/controller/Index.php ]
[ info ] [ DB ] INIT mysql
[ info ] [ LOG ] INIT File
[ sql ] [ DB ] CONNECT:[ UseTime:0.022269s ] mysql:host=101.89.115.24;port=3306;dbname=pension;charset=utf8
[ sql ] [ SQL ] SHOW COLUMNS FROM `yc_work` [ RunTime:0.014308s ]
[ sql ] [ SQL ] SELECT count(id) as number,work_type FROM `yc_work` GROUP BY `work_type` [ RunTime:0.014714s ]
[ sql ] [ SQL ] SELECT count(id) as number,state FROM `yc_work` WHERE  `state` IN (0,1,2,3,4) GROUP BY `state` [ RunTime:0.015575s ]
[ sql ] [ SQL ] SHOW COLUMNS FROM `yc_client` [ RunTime:0.015739s ]
[ sql ] [ SQL ] SELECT count(id) as number,sex FROM `yc_client` GROUP BY `sex` [ RunTime:0.015169s ]
[ sql ] [ SQL ] select name,count('id') as value from (select case when age<=59 then '60岁以下' when age>=60 and age<=69 then '60到69岁之间' when age>=70 and age<=79 then '70到79之间' when age>=80 and age<=89 then '80到89之间' when age>=90 then '90岁以上' end as name from yc_client )a group by name [ RunTime:0.014815s ]
[ sql ] [ SQL ] SHOW COLUMNS FROM `yc_client_group` [ RunTime:0.014473s ]
[ sql ] [ SQL ] SELECT a.name,count(b.cid) as value FROM yc_client_group a LEFT JOIN `yc_client_group_map` `b` ON `a`.`id`=`b`.`gid` GROUP BY `a`.`id` [ RunTime:0.013627s ]
[ error ] [8]未定义变量: number[/Applications/XAMPP/xamppfiles/htdocs/pension_project/application/index/model/Main.php:193]
