---------------------------------------------------------------
[ 2019-05-13T09:05:53+08:00 ] 127.0.0.1 GET yunchi.cn/server/Index/index
[运行时间：0.043054s] [吞吐率：23.23req/s] [内存消耗：1,904.66kb] [文件加载：101]
[ info ] [ LANG ] /Applications/XAMPP/xamppfiles/htdocs/pension_project/thinkphp/lang/zh-cn.php
[ info ] [ ROUTE ] array (
  'type' => 'module',
  'module' => 
  array (
    0 => 'server',
    1 => 'Index',
    2 => 'index',
  ),
)
[ info ] [ HEADER ] array (
  'host' => 'yunchi.cn',
  'connection' => 'keep-alive',
  'upgrade-insecure-requests' => '1',
  'user-agent' => 'Mozilla/5.0 (Macintosh; Intel Mac OS X 10_13_6) AppleWebKit/537.36 (KHTML, like Gecko) Chrome/74.0.3729.131 Safari/537.36',
  'accept' => 'text/html,application/xhtml+xml,application/xml;q=0.9,image/webp,image/apng,*/*;q=0.8,application/signed-exchange;v=b3',
  'referer' => 'http://yunchi.cn/server/Login/login',
  'accept-encoding' => 'gzip, deflate',
  'accept-language' => 'zh-CN,zh;q=0.9',
)
[ info ] [ PARAM ] array (
  '/server/Index/index' => '',
)
[ info ] [ SESSION ] INIT array (
  'id' => '',
  'var_session_id' => '',
  'prefix' => 'think',
  'type' => '',
  'auto_start' => true,
)
[ info ] [ LOG ] INIT File
---------------------------------------------------------------
[ 2019-05-13T09:05:53+08:00 ] 127.0.0.1 GET yunchi.cn/server/Login/login
[运行时间：0.028301s] [吞吐率：35.33req/s] [内存消耗：1,905.55kb] [文件加载：100]
[ info ] [ LANG ] /Applications/XAMPP/xamppfiles/htdocs/pension_project/thinkphp/lang/zh-cn.php
[ info ] [ ROUTE ] array (
  'type' => 'module',
  'module' => 
  array (
    0 => 'server',
    1 => 'Login',
    2 => 'login',
  ),
)
[ info ] [ HEADER ] array (
  'host' => 'yunchi.cn',
  'connection' => 'keep-alive',
  'upgrade-insecure-requests' => '1',
  'user-agent' => 'Mozilla/5.0 (Macintosh; Intel Mac OS X 10_13_6) AppleWebKit/537.36 (KHTML, like Gecko) Chrome/74.0.3729.131 Safari/537.36',
  'accept' => 'text/html,application/xhtml+xml,application/xml;q=0.9,image/webp,image/apng,*/*;q=0.8,application/signed-exchange;v=b3',
  'referer' => 'http://yunchi.cn/server/Login/login',
  'accept-encoding' => 'gzip, deflate',
  'accept-language' => 'zh-CN,zh;q=0.9',
  'cookie' => 'PHPSESSID=075c8337e327999bbc7403ff43b4d1de',
)
[ info ] [ PARAM ] array (
  '/server/Login/login' => '',
)
[ info ] [ RUN ] app\server\controller\Login->login[ /Applications/XAMPP/xamppfiles/htdocs/pension_project/application/server/controller/Login.php ]
[ info ] [ VIEW ] /Applications/XAMPP/xamppfiles/htdocs/pension_project/application/server/view/login/login.html [ array (
  0 => 'title',
) ]
[ info ] [ LOG ] INIT File
---------------------------------------------------------------
[ 2019-05-13T09:05:54+08:00 ] 127.0.0.1 GET yunchi.cn/favicon.ico
[运行时间：0.018735s] [吞吐率：53.38req/s] [内存消耗：1,619.73kb] [文件加载：94]
[ info ] [ LANG ] /Applications/XAMPP/xamppfiles/htdocs/pension_project/thinkphp/lang/zh-cn.php
[ info ] [ ROUTE ] array (
  'type' => 'module',
  'module' => 
  array (
    0 => 'favicon.ico',
    1 => NULL,
    2 => NULL,
  ),
)
[ info ] [ HEADER ] array (
  'host' => 'yunchi.cn',
  'connection' => 'keep-alive',
  'user-agent' => 'Mozilla/5.0 (Macintosh; Intel Mac OS X 10_13_6) AppleWebKit/537.36 (KHTML, like Gecko) Chrome/74.0.3729.131 Safari/537.36',
  'accept' => 'image/webp,image/apng,image/*,*/*;q=0.8',
  'referer' => 'http://yunchi.cn/server/Login/login',
  'accept-encoding' => 'gzip, deflate',
  'accept-language' => 'zh-CN,zh;q=0.9',
  'cookie' => 'PHPSESSID=075c8337e327999bbc7403ff43b4d1de',
)
[ info ] [ PARAM ] array (
  '/favicon_ico' => '',
)
[ info ] [ LOG ] INIT File
---------------------------------------------------------------
[ 2019-05-13T09:05:54+08:00 ] 127.0.0.1 GET yunchi.cn/index/Index/index
[运行时间：0.025356s] [吞吐率：39.44req/s] [内存消耗：1,916.89kb] [文件加载：101]
[ info ] [ LANG ] /Applications/XAMPP/xamppfiles/htdocs/pension_project/thinkphp/lang/zh-cn.php
[ info ] [ ROUTE ] array (
  'type' => 'module',
  'module' => 
  array (
    0 => 'index',
    1 => 'Index',
    2 => 'index',
  ),
)
[ info ] [ HEADER ] array (
  'host' => 'yunchi.cn',
  'connection' => 'keep-alive',
  'upgrade-insecure-requests' => '1',
  'user-agent' => 'Mozilla/5.0 (Macintosh; Intel Mac OS X 10_13_6) AppleWebKit/537.36 (KHTML, like Gecko) Chrome/74.0.3729.131 Safari/537.36',
  'accept' => 'text/html,application/xhtml+xml,application/xml;q=0.9,image/webp,image/apng,*/*;q=0.8,application/signed-exchange;v=b3',
  'referer' => 'http://yunchi.cn/index/Login/login',
  'accept-encoding' => 'gzip, deflate',
  'accept-language' => 'zh-CN,zh;q=0.9',
  'cookie' => 'PHPSESSID=075c8337e327999bbc7403ff43b4d1de',
)
[ info ] [ PARAM ] array (
  '/index/Index/index' => '',
)
[ info ] [ SESSION ] INIT array (
  'id' => '',
  'var_session_id' => '',
  'prefix' => 'think',
  'type' => '',
  'auto_start' => true,
)
[ info ] [ LOG ] INIT File
---------------------------------------------------------------
[ 2019-05-13T09:05:54+08:00 ] 127.0.0.1 GET yunchi.cn/index/Login/login
[运行时间：0.026594s] [吞吐率：37.60req/s] [内存消耗：1,914.51kb] [文件加载：100]
[ info ] [ LANG ] /Applications/XAMPP/xamppfiles/htdocs/pension_project/thinkphp/lang/zh-cn.php
[ info ] [ ROUTE ] array (
  'type' => 'module',
  'module' => 
  array (
    0 => 'index',
    1 => 'Login',
    2 => 'login',
  ),
)
[ info ] [ HEADER ] array (
  'host' => 'yunchi.cn',
  'connection' => 'keep-alive',
  'upgrade-insecure-requests' => '1',
  'user-agent' => 'Mozilla/5.0 (Macintosh; Intel Mac OS X 10_13_6) AppleWebKit/537.36 (KHTML, like Gecko) Chrome/74.0.3729.131 Safari/537.36',
  'accept' => 'text/html,application/xhtml+xml,application/xml;q=0.9,image/webp,image/apng,*/*;q=0.8,application/signed-exchange;v=b3',
  'referer' => 'http://yunchi.cn/index/Login/login',
  'accept-encoding' => 'gzip, deflate',
  'accept-language' => 'zh-CN,zh;q=0.9',
  'cookie' => 'PHPSESSID=075c8337e327999bbc7403ff43b4d1de',
)
[ info ] [ PARAM ] array (
  '/index/Login/login' => '',
)
[ info ] [ SESSION ] INIT array (
  'id' => '',
  'var_session_id' => '',
  'prefix' => 'think',
  'type' => '',
  'auto_start' => true,
)
[ info ] [ RUN ] app\index\controller\Login->login[ /Applications/XAMPP/xamppfiles/htdocs/pension_project/application/index/controller/Login.php ]
[ info ] [ VIEW ] /Applications/XAMPP/xamppfiles/htdocs/pension_project/application/index/view/login/login.html [ array (
  0 => 'title',
) ]
[ info ] [ LOG ] INIT File
---------------------------------------------------------------
[ 2019-05-13T09:14:48+08:00 ] 127.0.0.1 GET yunchi.cn/index/Login/login
[运行时间：0.018588s] [吞吐率：53.80req/s] [内存消耗：1,914.48kb] [文件加载：100]
[ info ] [ LANG ] /Applications/XAMPP/xamppfiles/htdocs/pension_project/thinkphp/lang/zh-cn.php
[ info ] [ ROUTE ] array (
  'type' => 'module',
  'module' => 
  array (
    0 => 'index',
    1 => 'Login',
    2 => 'login',
  ),
)
[ info ] [ HEADER ] array (
  'host' => 'yunchi.cn',
  'connection' => 'keep-alive',
  'upgrade-insecure-requests' => '1',
  'user-agent' => 'Mozilla/5.0 (Macintosh; Intel Mac OS X 10_13_6) AppleWebKit/537.36 (KHTML, like Gecko) Chrome/74.0.3729.131 Safari/537.36',
  'accept' => 'text/html,application/xhtml+xml,application/xml;q=0.9,image/webp,image/apng,*/*;q=0.8,application/signed-exchange;v=b3',
  'accept-encoding' => 'gzip, deflate',
  'accept-language' => 'zh-CN,zh;q=0.9',
  'cookie' => 'PHPSESSID=075c8337e327999bbc7403ff43b4d1de',
)
[ info ] [ PARAM ] array (
  '/index/Login/login' => '',
)
[ info ] [ SESSION ] INIT array (
  'id' => '',
  'var_session_id' => '',
  'prefix' => 'think',
  'type' => '',
  'auto_start' => true,
)
[ info ] [ RUN ] app\index\controller\Login->login[ /Applications/XAMPP/xamppfiles/htdocs/pension_project/application/index/controller/Login.php ]
[ info ] [ VIEW ] /Applications/XAMPP/xamppfiles/htdocs/pension_project/application/index/view/login/login.html [ array (
  0 => 'title',
) ]
[ info ] [ LOG ] INIT File
---------------------------------------------------------------
[ 2019-05-13T09:14:49+08:00 ] 127.0.0.1 POST yunchi.cn/index/Login/checkLogin
[运行时间：0.066559s] [吞吐率：15.02req/s] [内存消耗：2,463.84kb] [文件加载：106]
[ info ] [ LANG ] /Applications/XAMPP/xamppfiles/htdocs/pension_project/thinkphp/lang/zh-cn.php
[ info ] [ ROUTE ] array (
  'type' => 'module',
  'module' => 
  array (
    0 => 'index',
    1 => 'Login',
    2 => 'checkLogin',
  ),
)
[ info ] [ HEADER ] array (
  'host' => 'yunchi.cn',
  'connection' => 'keep-alive',
  'content-length' => '45',
  'accept' => '*/*',
  'origin' => 'http://yunchi.cn',
  'x-requested-with' => 'XMLHttpRequest',
  'user-agent' => 'Mozilla/5.0 (Macintosh; Intel Mac OS X 10_13_6) AppleWebKit/537.36 (KHTML, like Gecko) Chrome/74.0.3729.131 Safari/537.36',
  'content-type' => 'application/x-www-form-urlencoded; charset=UTF-8',
  'referer' => 'http://yunchi.cn/index/Login/login',
  'accept-encoding' => 'gzip, deflate',
  'accept-language' => 'zh-CN,zh;q=0.9',
  'cookie' => 'PHPSESSID=075c8337e327999bbc7403ff43b4d1de',
)
[ info ] [ PARAM ] array (
  '/index/Login/checkLogin' => '',
  'name' => 'admin',
  'password' => 'admin_yunchiyl2019',
  'type' => '0',
)
[ info ] [ SESSION ] INIT array (
  'id' => '',
  'var_session_id' => '',
  'prefix' => 'think',
  'type' => '',
  'auto_start' => true,
)
[ info ] [ RUN ] app\index\controller\Login->checkLogin[ /Applications/XAMPP/xamppfiles/htdocs/pension_project/application/index/controller/Login.php ]
[ info ] [ DB ] INIT mysql
[ info ] [ LOG ] INIT File
[ sql ] [ DB ] CONNECT:[ UseTime:0.025478s ] mysql:host=101.89.115.24;port=3306;dbname=pension;charset=utf8
[ sql ] [ SQL ] SELECT `id`,`name`,`mobile`,`email`,`r_id`,`is_super`,`remarks`,`create_time` FROM yc_user WHERE `name`='admin' AND `password`='e6ea20cc6b11f75ea0b4880e0d0028e4' [ RunTime:0.016264s ]
---------------------------------------------------------------
[ 2019-05-13T09:14:50+08:00 ] 127.0.0.1 GET yunchi.cn/index/Index/index
[运行时间：0.073962s] [吞吐率：13.52req/s] [内存消耗：2,631.16kb] [文件加载：109]
[ info ] [ LANG ] /Applications/XAMPP/xamppfiles/htdocs/pension_project/thinkphp/lang/zh-cn.php
[ info ] [ ROUTE ] array (
  'type' => 'module',
  'module' => 
  array (
    0 => 'index',
    1 => 'Index',
    2 => 'index',
  ),
)
[ info ] [ HEADER ] array (
  'host' => 'yunchi.cn',
  'connection' => 'keep-alive',
  'upgrade-insecure-requests' => '1',
  'user-agent' => 'Mozilla/5.0 (Macintosh; Intel Mac OS X 10_13_6) AppleWebKit/537.36 (KHTML, like Gecko) Chrome/74.0.3729.131 Safari/537.36',
  'accept' => 'text/html,application/xhtml+xml,application/xml;q=0.9,image/webp,image/apng,*/*;q=0.8,application/signed-exchange;v=b3',
  'referer' => 'http://yunchi.cn/index/Login/login',
  'accept-encoding' => 'gzip, deflate',
  'accept-language' => 'zh-CN,zh;q=0.9',
  'cookie' => 'PHPSESSID=075c8337e327999bbc7403ff43b4d1de',
)
[ info ] [ PARAM ] array (
  '/index/Index/index' => '',
)
[ info ] [ SESSION ] INIT array (
  'id' => '',
  'var_session_id' => '',
  'prefix' => 'think',
  'type' => '',
  'auto_start' => true,
)
[ info ] [ RUN ] app\index\controller\Index->index[ /Applications/XAMPP/xamppfiles/htdocs/pension_project/application/index/controller/Index.php ]
[ info ] [ DB ] INIT mysql
[ info ] [ VIEW ] /Applications/XAMPP/xamppfiles/htdocs/pension_project/application/index/view/index/index.html [ array (
  0 => 'menu',
  1 => 'user_info',
  2 => 'title',
) ]
[ info ] [ LOG ] INIT File
[ sql ] [ DB ] CONNECT:[ UseTime:0.031952s ] mysql:host=101.89.115.24;port=3306;dbname=pension;charset=utf8
[ sql ] [ SQL ] SELECT `id`,`name`,`url`,`icon`,`pid`,`level`,`m_status`,`weight`,`create_time` FROM yc_menu  WHERE  `m_status`=1 ORDER BY `weight` ASC,`id` ASC [ RunTime:0.019753s ]
---------------------------------------------------------------
[ 2019-05-13T09:14:50+08:00 ] 127.0.0.1 GET yunchi.cn/index/Index/main
[运行时间：0.263020s] [吞吐率：3.80req/s] [内存消耗：4,408.35kb] [文件加载：120]
[ info ] [ LANG ] /Applications/XAMPP/xamppfiles/htdocs/pension_project/thinkphp/lang/zh-cn.php
[ info ] [ ROUTE ] array (
  'type' => 'module',
  'module' => 
  array (
    0 => 'index',
    1 => 'Index',
    2 => 'main',
  ),
)
[ info ] [ HEADER ] array (
  'host' => 'yunchi.cn',
  'connection' => 'keep-alive',
  'upgrade-insecure-requests' => '1',
  'user-agent' => 'Mozilla/5.0 (Macintosh; Intel Mac OS X 10_13_6) AppleWebKit/537.36 (KHTML, like Gecko) Chrome/74.0.3729.131 Safari/537.36',
  'accept' => 'text/html,application/xhtml+xml,application/xml;q=0.9,image/webp,image/apng,*/*;q=0.8,application/signed-exchange;v=b3',
  'referer' => 'http://yunchi.cn/index/Index/index',
  'accept-encoding' => 'gzip, deflate',
  'accept-language' => 'zh-CN,zh;q=0.9',
  'cookie' => 'PHPSESSID=075c8337e327999bbc7403ff43b4d1de',
)
[ info ] [ PARAM ] array (
  '/index/Index/main' => '',
)
[ info ] [ SESSION ] INIT array (
  'id' => '',
  'var_session_id' => '',
  'prefix' => 'think',
  'type' => '',
  'auto_start' => true,
)
[ info ] [ RUN ] app\index\controller\Index->main[ /Applications/XAMPP/xamppfiles/htdocs/pension_project/application/index/controller/Index.php ]
[ info ] [ DB ] INIT mysql
[ info ] [ VIEW ] /Applications/XAMPP/xamppfiles/htdocs/pension_project/application/index/view/index/main.html [ array (
  0 => 'gency',
  1 => 'clientIntegral',
  2 => 'sumIntegralRecords',
  3 => 'birthday',
) ]
[ info ] [ LOG ] INIT File
[ sql ] [ DB ] CONNECT:[ UseTime:0.026979s ] mysql:host=101.89.115.24;port=3306;dbname=pension;charset=utf8
[ sql ] [ SQL ] SHOW COLUMNS FROM `yc_work` [ RunTime:0.018453s ]
[ sql ] [ SQL ] SELECT COUNT(*) AS tp_count FROM `yc_work` `w` LEFT JOIN `yc_client` `c` ON `w`.`client_id`=`c`.`id` LEFT JOIN `yc_staff_user` `s` ON `w`.`staff_number`=`s`.`number` WHERE  `type` IN (1,2,3) LIMIT 1 [ RunTime:0.019869s ]
[ sql ] [ SQL ] SELECT w.id,w.title,w.staff_number,w.plan_id,w.client_id,w.type,w.state,w.create_time,(case when w.plan_id!=0 then (select name from yc_work_plan where id=w.plan_id) else 0 end) as plan_title,(case when w.state=5 then (select concat_ws(";",call_result,create_time) from yc_work_log where w_id=w.id order by id desc limit 1) else 0 end) as work_log,c.name as userName,s.display_name FROM `yc_work` `w` LEFT JOIN `yc_client` `c` ON `w`.`client_id`=`c`.`id` LEFT JOIN `yc_staff_user` `s` ON `w`.`staff_number`=`s`.`number` WHERE  `type` IN (1,2,3) ORDER BY `w`.`id` DESC LIMIT 0,5 [ RunTime:0.019234s ]
[ sql ] [ SQL ] SELECT SUM(`integral`) AS integral,MAX(`integral`) AS max,MIN(`integral`) AS `min`,COUNT(`id`) AS total FROM yc_client [ RunTime:0.019922s ]
[ sql ] [ SQL ] SELECT `type`,SUM(`score`) AS score,COUNT(`id`) AS total FROM yc_integral  GROUP BY `type` [ RunTime:0.022128s ]
[ sql ] [ SQL ] SHOW COLUMNS FROM `yc_client` [ RunTime:0.019149s ]
[ sql ] [ SQL ] SELECT `birthday`,`id`,`name`,`head`,`age` FROM `yc_client` [ RunTime:0.070745s ]
[ error ] [8]未定义变量: arr[/Applications/XAMPP/xamppfiles/htdocs/pension_project/application/index/model/Main.php:198]
[ error ] [8]未定义变量: title[/Applications/XAMPP/xamppfiles/htdocs/pension_project/runtime/temp/b91db48711266ab571f6724bfca8e2eb.php:7]
---------------------------------------------------------------
[ 2019-05-13T09:14:50+08:00 ] 127.0.0.1 POST yunchi.cn/index/Work/mess.html
[运行时间：0.226227s] [吞吐率：4.42req/s] [内存消耗：3,251.93kb] [文件加载：111]
[ info ] [ LANG ] /Applications/XAMPP/xamppfiles/htdocs/pension_project/thinkphp/lang/zh-cn.php
[ info ] [ ROUTE ] array (
  'type' => 'module',
  'module' => 
  array (
    0 => 'index',
    1 => 'Work',
    2 => 'mess',
  ),
)
[ info ] [ HEADER ] array (
  'host' => 'yunchi.cn',
  'connection' => 'keep-alive',
  'content-length' => '0',
  'accept' => '*/*',
  'origin' => 'http://yunchi.cn',
  'x-requested-with' => 'XMLHttpRequest',
  'user-agent' => 'Mozilla/5.0 (Macintosh; Intel Mac OS X 10_13_6) AppleWebKit/537.36 (KHTML, like Gecko) Chrome/74.0.3729.131 Safari/537.36',
  'referer' => 'http://yunchi.cn/index/Index/index',
  'accept-encoding' => 'gzip, deflate',
  'accept-language' => 'zh-CN,zh;q=0.9',
  'cookie' => 'PHPSESSID=075c8337e327999bbc7403ff43b4d1de',
)
[ info ] [ PARAM ] array (
  '/index/Work/mess_html' => '',
)
[ info ] [ SESSION ] INIT array (
  'id' => '',
  'var_session_id' => '',
  'prefix' => 'think',
  'type' => '',
  'auto_start' => true,
)
[ info ] [ RUN ] app\index\controller\Work->mess[ /Applications/XAMPP/xamppfiles/htdocs/pension_project/application/index/controller/Work.php ]
[ info ] [ DB ] INIT mysql
[ info ] [ LOG ] INIT File
[ sql ] [ DB ] CONNECT:[ UseTime:0.032728s ] mysql:host=101.89.115.24;port=3306;dbname=pension;charset=utf8
[ sql ] [ SQL ] SHOW COLUMNS FROM `yc_work` [ RunTime:0.021403s ]
[ sql ] [ SQL ] SELECT group_concat(id) as id,type FROM `yc_work` WHERE  `is_read` = 1  AND `type` IN (1,2,3,7,8,9,0) GROUP BY `type` [ RunTime:0.019673s ]
---------------------------------------------------------------
[ 2019-05-13T09:14:50+08:00 ] 127.0.0.1 GET yunchi.cn/index/Index/main_echarts
[运行时间：0.225060s] [吞吐率：4.44req/s] [内存消耗：3,218.72kb] [文件加载：112]
[ info ] [ LANG ] /Applications/XAMPP/xamppfiles/htdocs/pension_project/thinkphp/lang/zh-cn.php
[ info ] [ ROUTE ] array (
  'type' => 'module',
  'module' => 
  array (
    0 => 'index',
    1 => 'Index',
    2 => 'main_echarts',
  ),
)
[ info ] [ HEADER ] array (
  'host' => 'yunchi.cn',
  'connection' => 'keep-alive',
  'accept' => '*/*',
  'x-requested-with' => 'XMLHttpRequest',
  'user-agent' => 'Mozilla/5.0 (Macintosh; Intel Mac OS X 10_13_6) AppleWebKit/537.36 (KHTML, like Gecko) Chrome/74.0.3729.131 Safari/537.36',
  'referer' => 'http://yunchi.cn/index/Index/main',
  'accept-encoding' => 'gzip, deflate',
  'accept-language' => 'zh-CN,zh;q=0.9',
  'cookie' => 'PHPSESSID=075c8337e327999bbc7403ff43b4d1de',
)
[ info ] [ PARAM ] array (
  '/index/Index/main_echarts' => '',
)
[ info ] [ SESSION ] INIT array (
  'id' => '',
  'var_session_id' => '',
  'prefix' => 'think',
  'type' => '',
  'auto_start' => true,
)
[ info ] [ RUN ] app\index\controller\Index->main_echarts[ /Applications/XAMPP/xamppfiles/htdocs/pension_project/application/index/controller/Index.php ]
[ info ] [ DB ] INIT mysql
[ info ] [ LOG ] INIT File
[ sql ] [ DB ] CONNECT:[ UseTime:0.031011s ] mysql:host=101.89.115.24;port=3306;dbname=pension;charset=utf8
[ sql ] [ SQL ] SHOW COLUMNS FROM `yc_work` [ RunTime:0.021726s ]
[ sql ] [ SQL ] SELECT count(id) as number,state FROM `yc_work` WHERE  `state` IN (1,2,3,4,5) GROUP BY `state` [ RunTime:0.019274s ]
[ sql ] [ SQL ] SELECT from_unixtime(create_time,'%Y-%m-%d') as name,count(id) as value FROM `yc_work` WHERE  `create_time` BETWEEN 1557158400 AND 1557763199 GROUP BY `name` [ RunTime:0.016770s ]
[ sql ] [ SQL ] SHOW COLUMNS FROM `yc_client` [ RunTime:0.017100s ]
[ sql ] [ SQL ] SELECT count(id) as number,sex FROM `yc_client` GROUP BY `sex` [ RunTime:0.020669s ]
[ sql ] [ SQL ] select name,count('id') as value from (select case when age<=59 then '60岁以下' when age>=60 and age<=69 then '60到69岁之间' when age>=70 and age<=79 then '70到79之间' when age>=80 and age<=89 then '80到89之间' when age>=90 then '90岁以上' end as name from yc_client )a group by name [ RunTime:0.023326s ]
[ sql ] [ SQL ] SHOW COLUMNS FROM `yc_client_group` [ RunTime:0.021144s ]
[ sql ] [ SQL ] SELECT a.name,count(b.cid) as value FROM yc_client_group a LEFT JOIN `yc_client_group_map` `b` ON `a`.`id`=`b`.`gid` GROUP BY `a`.`id` [ RunTime:0.024719s ]
---------------------------------------------------------------
[ 2019-05-13T11:35:18+08:00 ] 127.0.0.1 POST yunchi.cn/index/Login/checkLogin
[运行时间：0.018052s] [吞吐率：55.40req/s] [内存消耗：1,909.81kb] [文件加载：100]
[ info ] [ LANG ] /Applications/XAMPP/xamppfiles/htdocs/pension_project/thinkphp/lang/zh-cn.php
[ info ] [ ROUTE ] array (
  'type' => 'module',
  'module' => 
  array (
    0 => 'index',
    1 => 'Login',
    2 => 'checkLogin',
  ),
)
[ info ] [ HEADER ] array (
  'host' => 'yunchi.cn',
  'connection' => 'keep-alive',
  'content-length' => '45',
  'accept' => '*/*',
  'origin' => 'http://yunchi.cn',
  'x-requested-with' => 'XMLHttpRequest',
  'user-agent' => 'Mozilla/5.0 (Macintosh; Intel Mac OS X 10_13_6) AppleWebKit/537.36 (KHTML, like Gecko) Chrome/74.0.3729.131 Safari/537.36',
  'content-type' => 'application/x-www-form-urlencoded; charset=UTF-8',
  'referer' => 'http://yunchi.cn/index/Login/login',
  'accept-encoding' => 'gzip, deflate',
  'accept-language' => 'zh-CN,zh;q=0.9',
  'cookie' => 'PHPSESSID=075c8337e327999bbc7403ff43b4d1de',
)
[ info ] [ PARAM ] array (
  '/index/Login/checkLogin' => '',
  'name' => 'admin',
  'password' => 'admin_yunchiyl2019',
  'type' => '0',
)
[ info ] [ SESSION ] INIT array (
  'id' => '',
  'var_session_id' => '',
  'prefix' => 'think',
  'type' => '',
  'auto_start' => true,
)
[ info ] [ LOG ] INIT File
---------------------------------------------------------------
[ 2019-05-13T11:35:18+08:00 ] 127.0.0.1 GET yunchi.cn/index/Index/index
[运行时间：0.059255s] [吞吐率：16.88req/s] [内存消耗：2,630.54kb] [文件加载：109]
[ info ] [ LANG ] /Applications/XAMPP/xamppfiles/htdocs/pension_project/thinkphp/lang/zh-cn.php
[ info ] [ ROUTE ] array (
  'type' => 'module',
  'module' => 
  array (
    0 => 'index',
    1 => 'Index',
    2 => 'index',
  ),
)
[ info ] [ HEADER ] array (
  'host' => 'yunchi.cn',
  'connection' => 'keep-alive',
  'accept' => '*/*',
  'x-requested-with' => 'XMLHttpRequest',
  'user-agent' => 'Mozilla/5.0 (Macintosh; Intel Mac OS X 10_13_6) AppleWebKit/537.36 (KHTML, like Gecko) Chrome/74.0.3729.131 Safari/537.36',
  'referer' => 'http://yunchi.cn/index/Login/login',
  'accept-encoding' => 'gzip, deflate',
  'accept-language' => 'zh-CN,zh;q=0.9',
  'cookie' => 'PHPSESSID=075c8337e327999bbc7403ff43b4d1de',
)
[ info ] [ PARAM ] array (
  '/index/Index/index' => '',
)
[ info ] [ SESSION ] INIT array (
  'id' => '',
  'var_session_id' => '',
  'prefix' => 'think',
  'type' => '',
  'auto_start' => true,
)
[ info ] [ RUN ] app\index\controller\Index->index[ /Applications/XAMPP/xamppfiles/htdocs/pension_project/application/index/controller/Index.php ]
[ info ] [ DB ] INIT mysql
[ info ] [ VIEW ] /Applications/XAMPP/xamppfiles/htdocs/pension_project/application/index/view/index/index.html [ array (
  0 => 'menu',
  1 => 'user_info',
  2 => 'title',
) ]
[ info ] [ LOG ] INIT File
[ sql ] [ DB ] CONNECT:[ UseTime:0.023322s ] mysql:host=101.89.115.24;port=3306;dbname=pension;charset=utf8
[ sql ] [ SQL ] SELECT `id`,`name`,`url`,`icon`,`pid`,`level`,`m_status`,`weight`,`create_time` FROM yc_menu  WHERE  `m_status`=1 ORDER BY `weight` ASC,`id` ASC [ RunTime:0.015008s ]
---------------------------------------------------------------
[ 2019-05-13T11:35:20+08:00 ] 127.0.0.1 GET yunchi.cn/index/Login/login
[运行时间：0.015132s] [吞吐率：66.09req/s] [内存消耗：1,909.79kb] [文件加载：100]
[ info ] [ LANG ] /Applications/XAMPP/xamppfiles/htdocs/pension_project/thinkphp/lang/zh-cn.php
[ info ] [ ROUTE ] array (
  'type' => 'module',
  'module' => 
  array (
    0 => 'index',
    1 => 'Login',
    2 => 'login',
  ),
)
[ info ] [ HEADER ] array (
  'host' => 'yunchi.cn',
  'connection' => 'keep-alive',
  'cache-control' => 'max-age=0',
  'upgrade-insecure-requests' => '1',
  'user-agent' => 'Mozilla/5.0 (Macintosh; Intel Mac OS X 10_13_6) AppleWebKit/537.36 (KHTML, like Gecko) Chrome/74.0.3729.131 Safari/537.36',
  'accept' => 'text/html,application/xhtml+xml,application/xml;q=0.9,image/webp,image/apng,*/*;q=0.8,application/signed-exchange;v=b3',
  'referer' => 'http://yunchi.cn/index/Login/login',
  'accept-encoding' => 'gzip, deflate',
  'accept-language' => 'zh-CN,zh;q=0.9',
  'cookie' => 'PHPSESSID=075c8337e327999bbc7403ff43b4d1de',
)
[ info ] [ PARAM ] array (
  '/index/Login/login' => '',
)
[ info ] [ SESSION ] INIT array (
  'id' => '',
  'var_session_id' => '',
  'prefix' => 'think',
  'type' => '',
  'auto_start' => true,
)
[ info ] [ LOG ] INIT File
---------------------------------------------------------------
[ 2019-05-13T11:35:20+08:00 ] 127.0.0.1 GET yunchi.cn/index/Index/index
[运行时间：0.060070s] [吞吐率：16.65req/s] [内存消耗：2,631.66kb] [文件加载：109]
[ info ] [ LANG ] /Applications/XAMPP/xamppfiles/htdocs/pension_project/thinkphp/lang/zh-cn.php
[ info ] [ ROUTE ] array (
  'type' => 'module',
  'module' => 
  array (
    0 => 'index',
    1 => 'Index',
    2 => 'index',
  ),
)
[ info ] [ HEADER ] array (
  'host' => 'yunchi.cn',
  'connection' => 'keep-alive',
  'cache-control' => 'max-age=0',
  'upgrade-insecure-requests' => '1',
  'user-agent' => 'Mozilla/5.0 (Macintosh; Intel Mac OS X 10_13_6) AppleWebKit/537.36 (KHTML, like Gecko) Chrome/74.0.3729.131 Safari/537.36',
  'accept' => 'text/html,application/xhtml+xml,application/xml;q=0.9,image/webp,image/apng,*/*;q=0.8,application/signed-exchange;v=b3',
  'referer' => 'http://yunchi.cn/index/Login/login',
  'accept-encoding' => 'gzip, deflate',
  'accept-language' => 'zh-CN,zh;q=0.9',
  'cookie' => 'PHPSESSID=075c8337e327999bbc7403ff43b4d1de',
)
[ info ] [ PARAM ] array (
  '/index/Index/index' => '',
)
[ info ] [ SESSION ] INIT array (
  'id' => '',
  'var_session_id' => '',
  'prefix' => 'think',
  'type' => '',
  'auto_start' => true,
)
[ info ] [ RUN ] app\index\controller\Index->index[ /Applications/XAMPP/xamppfiles/htdocs/pension_project/application/index/controller/Index.php ]
[ info ] [ DB ] INIT mysql
[ info ] [ VIEW ] /Applications/XAMPP/xamppfiles/htdocs/pension_project/application/index/view/index/index.html [ array (
  0 => 'menu',
  1 => 'user_info',
  2 => 'title',
) ]
[ info ] [ LOG ] INIT File
[ sql ] [ DB ] CONNECT:[ UseTime:0.024682s ] mysql:host=101.89.115.24;port=3306;dbname=pension;charset=utf8
[ sql ] [ SQL ] SELECT `id`,`name`,`url`,`icon`,`pid`,`level`,`m_status`,`weight`,`create_time` FROM yc_menu  WHERE  `m_status`=1 ORDER BY `weight` ASC,`id` ASC [ RunTime:0.014400s ]
---------------------------------------------------------------
[ 2019-05-13T11:35:21+08:00 ] 127.0.0.1 GET yunchi.cn/index/Index/main
[运行时间：0.263957s] [吞吐率：3.79req/s] [内存消耗：4,407.77kb] [文件加载：120]
[ info ] [ LANG ] /Applications/XAMPP/xamppfiles/htdocs/pension_project/thinkphp/lang/zh-cn.php
[ info ] [ ROUTE ] array (
  'type' => 'module',
  'module' => 
  array (
    0 => 'index',
    1 => 'Index',
    2 => 'main',
  ),
)
[ info ] [ HEADER ] array (
  'host' => 'yunchi.cn',
  'connection' => 'keep-alive',
  'upgrade-insecure-requests' => '1',
  'user-agent' => 'Mozilla/5.0 (Macintosh; Intel Mac OS X 10_13_6) AppleWebKit/537.36 (KHTML, like Gecko) Chrome/74.0.3729.131 Safari/537.36',
  'accept' => 'text/html,application/xhtml+xml,application/xml;q=0.9,image/webp,image/apng,*/*;q=0.8,application/signed-exchange;v=b3',
  'referer' => 'http://yunchi.cn/index/Index/index',
  'accept-encoding' => 'gzip, deflate',
  'accept-language' => 'zh-CN,zh;q=0.9',
  'cookie' => 'PHPSESSID=075c8337e327999bbc7403ff43b4d1de',
)
[ info ] [ PARAM ] array (
  '/index/Index/main' => '',
)
[ info ] [ SESSION ] INIT array (
  'id' => '',
  'var_session_id' => '',
  'prefix' => 'think',
  'type' => '',
  'auto_start' => true,
)
[ info ] [ RUN ] app\index\controller\Index->main[ /Applications/XAMPP/xamppfiles/htdocs/pension_project/application/index/controller/Index.php ]
[ info ] [ DB ] INIT mysql
[ info ] [ VIEW ] /Applications/XAMPP/xamppfiles/htdocs/pension_project/application/index/view/index/main.html [ array (
  0 => 'gency',
  1 => 'clientIntegral',
  2 => 'sumIntegralRecords',
  3 => 'birthday',
) ]
[ info ] [ LOG ] INIT File
[ sql ] [ DB ] CONNECT:[ UseTime:0.037074s ] mysql:host=101.89.115.24;port=3306;dbname=pension;charset=utf8
[ sql ] [ SQL ] SHOW COLUMNS FROM `yc_work` [ RunTime:0.022635s ]
[ sql ] [ SQL ] SELECT COUNT(*) AS tp_count FROM `yc_work` `w` LEFT JOIN `yc_client` `c` ON `w`.`client_id`=`c`.`id` LEFT JOIN `yc_staff_user` `s` ON `w`.`staff_number`=`s`.`number` WHERE  `type` IN (1,2,3) LIMIT 1 [ RunTime:0.022651s ]
[ sql ] [ SQL ] SELECT w.id,w.title,w.staff_number,w.plan_id,w.client_id,w.type,w.state,w.create_time,(case when w.plan_id!=0 then (select name from yc_work_plan where id=w.plan_id) else 0 end) as plan_title,(case when w.state=5 then (select concat_ws(";",call_result,create_time) from yc_work_log where w_id=w.id order by id desc limit 1) else 0 end) as work_log,c.name as userName,s.display_name FROM `yc_work` `w` LEFT JOIN `yc_client` `c` ON `w`.`client_id`=`c`.`id` LEFT JOIN `yc_staff_user` `s` ON `w`.`staff_number`=`s`.`number` WHERE  `type` IN (1,2,3) ORDER BY `w`.`id` DESC LIMIT 0,5 [ RunTime:0.018484s ]
[ sql ] [ SQL ] SELECT SUM(`integral`) AS integral,MAX(`integral`) AS max,MIN(`integral`) AS `min`,COUNT(`id`) AS total FROM yc_client [ RunTime:0.022413s ]
[ sql ] [ SQL ] SELECT `type`,SUM(`score`) AS score,COUNT(`id`) AS total FROM yc_integral  GROUP BY `type` [ RunTime:0.017217s ]
[ sql ] [ SQL ] SHOW COLUMNS FROM `yc_client` [ RunTime:0.017201s ]
[ sql ] [ SQL ] SELECT `birthday`,`id`,`name`,`head`,`age` FROM `yc_client` [ RunTime:0.068105s ]
[ error ] [8]未定义变量: arr[/Applications/XAMPP/xamppfiles/htdocs/pension_project/application/index/model/Main.php:198]
[ error ] [8]未定义变量: title[/Applications/XAMPP/xamppfiles/htdocs/pension_project/runtime/temp/b91db48711266ab571f6724bfca8e2eb.php:7]
---------------------------------------------------------------
[ 2019-05-13T11:35:21+08:00 ] 127.0.0.1 POST yunchi.cn/index/Work/mess.html
[运行时间：0.226030s] [吞吐率：4.42req/s] [内存消耗：3,252.52kb] [文件加载：111]
[ info ] [ LANG ] /Applications/XAMPP/xamppfiles/htdocs/pension_project/thinkphp/lang/zh-cn.php
[ info ] [ ROUTE ] array (
  'type' => 'module',
  'module' => 
  array (
    0 => 'index',
    1 => 'Work',
    2 => 'mess',
  ),
)
[ info ] [ HEADER ] array (
  'host' => 'yunchi.cn',
  'connection' => 'keep-alive',
  'content-length' => '0',
  'accept' => '*/*',
  'origin' => 'http://yunchi.cn',
  'x-requested-with' => 'XMLHttpRequest',
  'user-agent' => 'Mozilla/5.0 (Macintosh; Intel Mac OS X 10_13_6) AppleWebKit/537.36 (KHTML, like Gecko) Chrome/74.0.3729.131 Safari/537.36',
  'referer' => 'http://yunchi.cn/index/Index/index',
  'accept-encoding' => 'gzip, deflate',
  'accept-language' => 'zh-CN,zh;q=0.9',
  'cookie' => 'PHPSESSID=075c8337e327999bbc7403ff43b4d1de',
)
[ info ] [ PARAM ] array (
  '/index/Work/mess_html' => '',
)
[ info ] [ SESSION ] INIT array (
  'id' => '',
  'var_session_id' => '',
  'prefix' => 'think',
  'type' => '',
  'auto_start' => true,
)
[ info ] [ RUN ] app\index\controller\Work->mess[ /Applications/XAMPP/xamppfiles/htdocs/pension_project/application/index/controller/Work.php ]
[ info ] [ DB ] INIT mysql
[ info ] [ LOG ] INIT File
[ sql ] [ DB ] CONNECT:[ UseTime:0.024978s ] mysql:host=101.89.115.24;port=3306;dbname=pension;charset=utf8
[ sql ] [ SQL ] SHOW COLUMNS FROM `yc_work` [ RunTime:0.017097s ]
[ sql ] [ SQL ] SELECT group_concat(id) as id,type FROM `yc_work` WHERE  `is_read` = 1  AND `type` IN (1,2,3,7,8,9,0) GROUP BY `type` [ RunTime:0.016296s ]
---------------------------------------------------------------
[ 2019-05-13T11:35:21+08:00 ] 127.0.0.1 GET yunchi.cn/index/Index/main_echarts
[运行时间：0.236425s] [吞吐率：4.23req/s] [内存消耗：3,218.72kb] [文件加载：112]
[ info ] [ LANG ] /Applications/XAMPP/xamppfiles/htdocs/pension_project/thinkphp/lang/zh-cn.php
[ info ] [ ROUTE ] array (
  'type' => 'module',
  'module' => 
  array (
    0 => 'index',
    1 => 'Index',
    2 => 'main_echarts',
  ),
)
[ info ] [ HEADER ] array (
  'host' => 'yunchi.cn',
  'connection' => 'keep-alive',
  'accept' => '*/*',
  'x-requested-with' => 'XMLHttpRequest',
  'user-agent' => 'Mozilla/5.0 (Macintosh; Intel Mac OS X 10_13_6) AppleWebKit/537.36 (KHTML, like Gecko) Chrome/74.0.3729.131 Safari/537.36',
  'referer' => 'http://yunchi.cn/index/Index/main',
  'accept-encoding' => 'gzip, deflate',
  'accept-language' => 'zh-CN,zh;q=0.9',
  'cookie' => 'PHPSESSID=075c8337e327999bbc7403ff43b4d1de',
)
[ info ] [ PARAM ] array (
  '/index/Index/main_echarts' => '',
)
[ info ] [ SESSION ] INIT array (
  'id' => '',
  'var_session_id' => '',
  'prefix' => 'think',
  'type' => '',
  'auto_start' => true,
)
[ info ] [ RUN ] app\index\controller\Index->main_echarts[ /Applications/XAMPP/xamppfiles/htdocs/pension_project/application/index/controller/Index.php ]
[ info ] [ DB ] INIT mysql
[ info ] [ LOG ] INIT File
[ sql ] [ DB ] CONNECT:[ UseTime:0.026636s ] mysql:host=101.89.115.24;port=3306;dbname=pension;charset=utf8
[ sql ] [ SQL ] SHOW COLUMNS FROM `yc_work` [ RunTime:0.017342s ]
[ sql ] [ SQL ] SELECT count(id) as number,state FROM `yc_work` WHERE  `state` IN (1,2,3,4,5) GROUP BY `state` [ RunTime:0.029822s ]
[ sql ] [ SQL ] SELECT from_unixtime(create_time,'%Y-%m-%d') as name,count(id) as value FROM `yc_work` WHERE  `create_time` BETWEEN 1557158400 AND 1557763199 GROUP BY `name` [ RunTime:0.029814s ]
[ sql ] [ SQL ] SHOW COLUMNS FROM `yc_client` [ RunTime:0.028961s ]
[ sql ] [ SQL ] SELECT count(id) as number,sex FROM `yc_client` GROUP BY `sex` [ RunTime:0.018796s ]
[ sql ] [ SQL ] select name,count('id') as value from (select case when age<=59 then '60岁以下' when age>=60 and age<=69 then '60到69岁之间' when age>=70 and age<=79 then '70到79之间' when age>=80 and age<=89 then '80到89之间' when age>=90 then '90岁以上' end as name from yc_client )a group by name [ RunTime:0.027107s ]
[ sql ] [ SQL ] SHOW COLUMNS FROM `yc_client_group` [ RunTime:0.014863s ]
[ sql ] [ SQL ] SELECT a.name,count(b.cid) as value FROM yc_client_group a LEFT JOIN `yc_client_group_map` `b` ON `a`.`id`=`b`.`gid` GROUP BY `a`.`id` [ RunTime:0.016764s ]
---------------------------------------------------------------
[ 2019-05-13T13:08:32+08:00 ] 127.0.0.1 GET yunchi.cn/index/Index/main
[运行时间：0.449849s] [吞吐率：2.22req/s] [内存消耗：4,408.35kb] [文件加载：120]
[ info ] [ LANG ] /Applications/XAMPP/xamppfiles/htdocs/pension_project/thinkphp/lang/zh-cn.php
[ info ] [ ROUTE ] array (
  'type' => 'module',
  'module' => 
  array (
    0 => 'index',
    1 => 'Index',
    2 => 'main',
  ),
)
[ info ] [ HEADER ] array (
  'host' => 'yunchi.cn',
  'connection' => 'keep-alive',
  'upgrade-insecure-requests' => '1',
  'user-agent' => 'Mozilla/5.0 (Macintosh; Intel Mac OS X 10_13_6) AppleWebKit/537.36 (KHTML, like Gecko) Chrome/74.0.3729.131 Safari/537.36',
  'accept' => 'text/html,application/xhtml+xml,application/xml;q=0.9,image/webp,image/apng,*/*;q=0.8,application/signed-exchange;v=b3',
  'referer' => 'http://yunchi.cn/index/Index/index',
  'accept-encoding' => 'gzip, deflate',
  'accept-language' => 'zh-CN,zh;q=0.9',
  'cookie' => 'PHPSESSID=075c8337e327999bbc7403ff43b4d1de',
)
[ info ] [ PARAM ] array (
  '/index/Index/main' => '',
)
[ info ] [ SESSION ] INIT array (
  'id' => '',
  'var_session_id' => '',
  'prefix' => 'think',
  'type' => '',
  'auto_start' => true,
)
[ info ] [ RUN ] app\index\controller\Index->main[ /Applications/XAMPP/xamppfiles/htdocs/pension_project/application/index/controller/Index.php ]
[ info ] [ DB ] INIT mysql
[ info ] [ VIEW ] /Applications/XAMPP/xamppfiles/htdocs/pension_project/application/index/view/index/main.html [ array (
  0 => 'gency',
  1 => 'clientIntegral',
  2 => 'sumIntegralRecords',
  3 => 'birthday',
) ]
[ info ] [ LOG ] INIT File
[ sql ] [ DB ] CONNECT:[ UseTime:0.059831s ] mysql:host=101.89.115.24;port=3306;dbname=pension;charset=utf8
[ sql ] [ SQL ] SHOW COLUMNS FROM `yc_work` [ RunTime:0.047807s ]
[ sql ] [ SQL ] SELECT COUNT(*) AS tp_count FROM `yc_work` `w` LEFT JOIN `yc_client` `c` ON `w`.`client_id`=`c`.`id` LEFT JOIN `yc_staff_user` `s` ON `w`.`staff_number`=`s`.`number` WHERE  `type` IN (1,2,3) LIMIT 1 [ RunTime:0.047750s ]
[ sql ] [ SQL ] SELECT w.id,w.title,w.staff_number,w.plan_id,w.client_id,w.type,w.state,w.create_time,(case when w.plan_id!=0 then (select name from yc_work_plan where id=w.plan_id) else 0 end) as plan_title,(case when w.state=5 then (select concat_ws(";",call_result,create_time) from yc_work_log where w_id=w.id order by id desc limit 1) else 0 end) as work_log,c.name as userName,s.display_name FROM `yc_work` `w` LEFT JOIN `yc_client` `c` ON `w`.`client_id`=`c`.`id` LEFT JOIN `yc_staff_user` `s` ON `w`.`staff_number`=`s`.`number` WHERE  `type` IN (1,2,3) ORDER BY `w`.`id` DESC LIMIT 0,5 [ RunTime:0.055714s ]
[ sql ] [ SQL ] SELECT SUM(`integral`) AS integral,MAX(`integral`) AS max,MIN(`integral`) AS `min`,COUNT(`id`) AS total FROM yc_client [ RunTime:0.041800s ]
[ sql ] [ SQL ] SELECT `type`,SUM(`score`) AS score,COUNT(`id`) AS total FROM yc_integral  GROUP BY `type` [ RunTime:0.034906s ]
[ sql ] [ SQL ] SHOW COLUMNS FROM `yc_client` [ RunTime:0.035095s ]
[ sql ] [ SQL ] SELECT `birthday`,`id`,`name`,`head`,`age` FROM `yc_client` [ RunTime:0.083034s ]
[ error ] [8]未定义变量: arr[/Applications/XAMPP/xamppfiles/htdocs/pension_project/application/index/model/Main.php:198]
[ error ] [8]未定义变量: title[/Applications/XAMPP/xamppfiles/htdocs/pension_project/runtime/temp/b91db48711266ab571f6724bfca8e2eb.php:7]
---------------------------------------------------------------
[ 2019-05-13T13:08:32+08:00 ] 127.0.0.1 GET yunchi.cn/index/Index/main_echarts
[运行时间：0.325499s] [吞吐率：3.07req/s] [内存消耗：3,218.72kb] [文件加载：112]
[ info ] [ LANG ] /Applications/XAMPP/xamppfiles/htdocs/pension_project/thinkphp/lang/zh-cn.php
[ info ] [ ROUTE ] array (
  'type' => 'module',
  'module' => 
  array (
    0 => 'index',
    1 => 'Index',
    2 => 'main_echarts',
  ),
)
[ info ] [ HEADER ] array (
  'host' => 'yunchi.cn',
  'connection' => 'keep-alive',
  'accept' => '*/*',
  'x-requested-with' => 'XMLHttpRequest',
  'user-agent' => 'Mozilla/5.0 (Macintosh; Intel Mac OS X 10_13_6) AppleWebKit/537.36 (KHTML, like Gecko) Chrome/74.0.3729.131 Safari/537.36',
  'referer' => 'http://yunchi.cn/index/Index/main',
  'accept-encoding' => 'gzip, deflate',
  'accept-language' => 'zh-CN,zh;q=0.9',
  'cookie' => 'PHPSESSID=075c8337e327999bbc7403ff43b4d1de',
)
[ info ] [ PARAM ] array (
  '/index/Index/main_echarts' => '',
)
[ info ] [ SESSION ] INIT array (
  'id' => '',
  'var_session_id' => '',
  'prefix' => 'think',
  'type' => '',
  'auto_start' => true,
)
[ info ] [ RUN ] app\index\controller\Index->main_echarts[ /Applications/XAMPP/xamppfiles/htdocs/pension_project/application/index/controller/Index.php ]
[ info ] [ DB ] INIT mysql
[ info ] [ LOG ] INIT File
[ sql ] [ DB ] CONNECT:[ UseTime:0.054735s ] mysql:host=101.89.115.24;port=3306;dbname=pension;charset=utf8
[ sql ] [ SQL ] SHOW COLUMNS FROM `yc_work` [ RunTime:0.034134s ]
[ sql ] [ SQL ] SELECT count(id) as number,state FROM `yc_work` WHERE  `state` IN (1,2,3,4,5) GROUP BY `state` [ RunTime:0.045041s ]
[ sql ] [ SQL ] SELECT from_unixtime(create_time,'%Y-%m-%d') as name,count(id) as value FROM `yc_work` WHERE  `create_time` BETWEEN 1557158400 AND 1557763199 GROUP BY `name` [ RunTime:0.047252s ]
[ sql ] [ SQL ] SHOW COLUMNS FROM `yc_client` [ RunTime:0.039084s ]
[ sql ] [ SQL ] SELECT count(id) as number,sex FROM `yc_client` GROUP BY `sex` [ RunTime:0.021471s ]
[ sql ] [ SQL ] select name,count('id') as value from (select case when age<=59 then '60岁以下' when age>=60 and age<=69 then '60到69岁之间' when age>=70 and age<=79 then '70到79之间' when age>=80 and age<=89 then '80到89之间' when age>=90 then '90岁以上' end as name from yc_client )a group by name [ RunTime:0.024116s ]
[ sql ] [ SQL ] SHOW COLUMNS FROM `yc_client_group` [ RunTime:0.016058s ]
[ sql ] [ SQL ] SELECT a.name,count(b.cid) as value FROM yc_client_group a LEFT JOIN `yc_client_group_map` `b` ON `a`.`id`=`b`.`gid` GROUP BY `a`.`id` [ RunTime:0.015454s ]
---------------------------------------------------------------
[ 2019-05-13T13:08:43+08:00 ] 127.0.0.1 GET yunchi.cn/index/Index/index
[运行时间：0.064381s] [吞吐率：15.53req/s] [内存消耗：2,631.66kb] [文件加载：109]
[ info ] [ LANG ] /Applications/XAMPP/xamppfiles/htdocs/pension_project/thinkphp/lang/zh-cn.php
[ info ] [ ROUTE ] array (
  'type' => 'module',
  'module' => 
  array (
    0 => 'index',
    1 => 'Index',
    2 => 'index',
  ),
)
[ info ] [ HEADER ] array (
  'host' => 'yunchi.cn',
  'connection' => 'keep-alive',
  'cache-control' => 'max-age=0',
  'upgrade-insecure-requests' => '1',
  'user-agent' => 'Mozilla/5.0 (Macintosh; Intel Mac OS X 10_13_6) AppleWebKit/537.36 (KHTML, like Gecko) Chrome/74.0.3729.131 Safari/537.36',
  'accept' => 'text/html,application/xhtml+xml,application/xml;q=0.9,image/webp,image/apng,*/*;q=0.8,application/signed-exchange;v=b3',
  'referer' => 'http://yunchi.cn/index/Login/login',
  'accept-encoding' => 'gzip, deflate',
  'accept-language' => 'zh-CN,zh;q=0.9',
  'cookie' => 'PHPSESSID=075c8337e327999bbc7403ff43b4d1de',
)
[ info ] [ PARAM ] array (
  '/index/Index/index' => '',
)
[ info ] [ SESSION ] INIT array (
  'id' => '',
  'var_session_id' => '',
  'prefix' => 'think',
  'type' => '',
  'auto_start' => true,
)
[ info ] [ RUN ] app\index\controller\Index->index[ /Applications/XAMPP/xamppfiles/htdocs/pension_project/application/index/controller/Index.php ]
[ info ] [ DB ] INIT mysql
[ info ] [ VIEW ] /Applications/XAMPP/xamppfiles/htdocs/pension_project/application/index/view/index/index.html [ array (
  0 => 'menu',
  1 => 'user_info',
  2 => 'title',
) ]
[ info ] [ LOG ] INIT File
[ sql ] [ DB ] CONNECT:[ UseTime:0.023610s ] mysql:host=101.89.115.24;port=3306;dbname=pension;charset=utf8
[ sql ] [ SQL ] SELECT `id`,`name`,`url`,`icon`,`pid`,`level`,`m_status`,`weight`,`create_time` FROM yc_menu  WHERE  `m_status`=1 ORDER BY `weight` ASC,`id` ASC [ RunTime:0.019048s ]
---------------------------------------------------------------
[ 2019-05-13T13:08:43+08:00 ] 127.0.0.1 GET yunchi.cn/index/Index/main
[运行时间：0.224272s] [吞吐率：4.46req/s] [内存消耗：4,407.77kb] [文件加载：120]
[ info ] [ LANG ] /Applications/XAMPP/xamppfiles/htdocs/pension_project/thinkphp/lang/zh-cn.php
[ info ] [ ROUTE ] array (
  'type' => 'module',
  'module' => 
  array (
    0 => 'index',
    1 => 'Index',
    2 => 'main',
  ),
)
[ info ] [ HEADER ] array (
  'host' => 'yunchi.cn',
  'connection' => 'keep-alive',
  'upgrade-insecure-requests' => '1',
  'user-agent' => 'Mozilla/5.0 (Macintosh; Intel Mac OS X 10_13_6) AppleWebKit/537.36 (KHTML, like Gecko) Chrome/74.0.3729.131 Safari/537.36',
  'accept' => 'text/html,application/xhtml+xml,application/xml;q=0.9,image/webp,image/apng,*/*;q=0.8,application/signed-exchange;v=b3',
  'referer' => 'http://yunchi.cn/index/Index/index',
  'accept-encoding' => 'gzip, deflate',
  'accept-language' => 'zh-CN,zh;q=0.9',
  'cookie' => 'PHPSESSID=075c8337e327999bbc7403ff43b4d1de',
)
[ info ] [ PARAM ] array (
  '/index/Index/main' => '',
)
[ info ] [ SESSION ] INIT array (
  'id' => '',
  'var_session_id' => '',
  'prefix' => 'think',
  'type' => '',
  'auto_start' => true,
)
[ info ] [ RUN ] app\index\controller\Index->main[ /Applications/XAMPP/xamppfiles/htdocs/pension_project/application/index/controller/Index.php ]
[ info ] [ DB ] INIT mysql
[ info ] [ VIEW ] /Applications/XAMPP/xamppfiles/htdocs/pension_project/application/index/view/index/main.html [ array (
  0 => 'gency',
  1 => 'clientIntegral',
  2 => 'sumIntegralRecords',
  3 => 'birthday',
) ]
[ info ] [ LOG ] INIT File
[ sql ] [ DB ] CONNECT:[ UseTime:0.022336s ] mysql:host=101.89.115.24;port=3306;dbname=pension;charset=utf8
[ sql ] [ SQL ] SHOW COLUMNS FROM `yc_work` [ RunTime:0.017496s ]
[ sql ] [ SQL ] SELECT COUNT(*) AS tp_count FROM `yc_work` `w` LEFT JOIN `yc_client` `c` ON `w`.`client_id`=`c`.`id` LEFT JOIN `yc_staff_user` `s` ON `w`.`staff_number`=`s`.`number` WHERE  `type` IN (1,2,3) LIMIT 1 [ RunTime:0.016262s ]
[ sql ] [ SQL ] SELECT w.id,w.title,w.staff_number,w.plan_id,w.client_id,w.type,w.state,w.create_time,(case when w.plan_id!=0 then (select name from yc_work_plan where id=w.plan_id) else 0 end) as plan_title,(case when w.state=5 then (select concat_ws(";",call_result,create_time) from yc_work_log where w_id=w.id order by id desc limit 1) else 0 end) as work_log,c.name as userName,s.display_name FROM `yc_work` `w` LEFT JOIN `yc_client` `c` ON `w`.`client_id`=`c`.`id` LEFT JOIN `yc_staff_user` `s` ON `w`.`staff_number`=`s`.`number` WHERE  `type` IN (1,2,3) ORDER BY `w`.`id` DESC LIMIT 0,5 [ RunTime:0.016924s ]
[ sql ] [ SQL ] SELECT SUM(`integral`) AS integral,MAX(`integral`) AS max,MIN(`integral`) AS `min`,COUNT(`id`) AS total FROM yc_client [ RunTime:0.017035s ]
[ sql ] [ SQL ] SELECT `type`,SUM(`score`) AS score,COUNT(`id`) AS total FROM yc_integral  GROUP BY `type` [ RunTime:0.023243s ]
[ sql ] [ SQL ] SHOW COLUMNS FROM `yc_client` [ RunTime:0.016894s ]
[ sql ] [ SQL ] SELECT `birthday`,`id`,`name`,`head`,`age` FROM `yc_client` [ RunTime:0.055488s ]
[ error ] [8]未定义变量: arr[/Applications/XAMPP/xamppfiles/htdocs/pension_project/application/index/model/Main.php:198]
[ error ] [8]未定义变量: title[/Applications/XAMPP/xamppfiles/htdocs/pension_project/runtime/temp/b91db48711266ab571f6724bfca8e2eb.php:7]
---------------------------------------------------------------
[ 2019-05-13T13:08:43+08:00 ] 127.0.0.1 POST yunchi.cn/index/Work/mess.html
[运行时间：0.244010s] [吞吐率：4.10req/s] [内存消耗：3,251.93kb] [文件加载：111]
[ info ] [ LANG ] /Applications/XAMPP/xamppfiles/htdocs/pension_project/thinkphp/lang/zh-cn.php
[ info ] [ ROUTE ] array (
  'type' => 'module',
  'module' => 
  array (
    0 => 'index',
    1 => 'Work',
    2 => 'mess',
  ),
)
[ info ] [ HEADER ] array (
  'host' => 'yunchi.cn',
  'connection' => 'keep-alive',
  'content-length' => '0',
  'accept' => '*/*',
  'origin' => 'http://yunchi.cn',
  'x-requested-with' => 'XMLHttpRequest',
  'user-agent' => 'Mozilla/5.0 (Macintosh; Intel Mac OS X 10_13_6) AppleWebKit/537.36 (KHTML, like Gecko) Chrome/74.0.3729.131 Safari/537.36',
  'referer' => 'http://yunchi.cn/index/Index/index',
  'accept-encoding' => 'gzip, deflate',
  'accept-language' => 'zh-CN,zh;q=0.9',
  'cookie' => 'PHPSESSID=075c8337e327999bbc7403ff43b4d1de',
)
[ info ] [ PARAM ] array (
  '/index/Work/mess_html' => '',
)
[ info ] [ SESSION ] INIT array (
  'id' => '',
  'var_session_id' => '',
  'prefix' => 'think',
  'type' => '',
  'auto_start' => true,
)
[ info ] [ RUN ] app\index\controller\Work->mess[ /Applications/XAMPP/xamppfiles/htdocs/pension_project/application/index/controller/Work.php ]
[ info ] [ DB ] INIT mysql
[ info ] [ LOG ] INIT File
[ sql ] [ DB ] CONNECT:[ UseTime:0.022458s ] mysql:host=101.89.115.24;port=3306;dbname=pension;charset=utf8
[ sql ] [ SQL ] SHOW COLUMNS FROM `yc_work` [ RunTime:0.021062s ]
[ sql ] [ SQL ] SELECT group_concat(id) as id,type FROM `yc_work` WHERE  `is_read` = 1  AND `type` IN (1,2,3,7,8,9,0) GROUP BY `type` [ RunTime:0.020587s ]
---------------------------------------------------------------
[ 2019-05-13T13:08:44+08:00 ] 127.0.0.1 GET yunchi.cn/index/Index/main_echarts
[运行时间：0.188387s] [吞吐率：5.31req/s] [内存消耗：3,218.72kb] [文件加载：112]
[ info ] [ LANG ] /Applications/XAMPP/xamppfiles/htdocs/pension_project/thinkphp/lang/zh-cn.php
[ info ] [ ROUTE ] array (
  'type' => 'module',
  'module' => 
  array (
    0 => 'index',
    1 => 'Index',
    2 => 'main_echarts',
  ),
)
[ info ] [ HEADER ] array (
  'host' => 'yunchi.cn',
  'connection' => 'keep-alive',
  'accept' => '*/*',
  'x-requested-with' => 'XMLHttpRequest',
  'user-agent' => 'Mozilla/5.0 (Macintosh; Intel Mac OS X 10_13_6) AppleWebKit/537.36 (KHTML, like Gecko) Chrome/74.0.3729.131 Safari/537.36',
  'referer' => 'http://yunchi.cn/index/Index/main',
  'accept-encoding' => 'gzip, deflate',
  'accept-language' => 'zh-CN,zh;q=0.9',
  'cookie' => 'PHPSESSID=075c8337e327999bbc7403ff43b4d1de',
)
[ info ] [ PARAM ] array (
  '/index/Index/main_echarts' => '',
)
[ info ] [ SESSION ] INIT array (
  'id' => '',
  'var_session_id' => '',
  'prefix' => 'think',
  'type' => '',
  'auto_start' => true,
)
[ info ] [ RUN ] app\index\controller\Index->main_echarts[ /Applications/XAMPP/xamppfiles/htdocs/pension_project/application/index/controller/Index.php ]
[ info ] [ DB ] INIT mysql
[ info ] [ LOG ] INIT File
[ sql ] [ DB ] CONNECT:[ UseTime:0.021130s ] mysql:host=101.89.115.24;port=3306;dbname=pension;charset=utf8
[ sql ] [ SQL ] SHOW COLUMNS FROM `yc_work` [ RunTime:0.016454s ]
[ sql ] [ SQL ] SELECT count(id) as number,state FROM `yc_work` WHERE  `state` IN (1,2,3,4,5) GROUP BY `state` [ RunTime:0.018954s ]
[ sql ] [ SQL ] SELECT from_unixtime(create_time,'%Y-%m-%d') as name,count(id) as value FROM `yc_work` WHERE  `create_time` BETWEEN 1557158400 AND 1557763199 GROUP BY `name` [ RunTime:0.016761s ]
[ sql ] [ SQL ] SHOW COLUMNS FROM `yc_client` [ RunTime:0.016896s ]
[ sql ] [ SQL ] SELECT count(id) as number,sex FROM `yc_client` GROUP BY `sex` [ RunTime:0.020208s ]
[ sql ] [ SQL ] select name,count('id') as value from (select case when age<=59 then '60岁以下' when age>=60 and age<=69 then '60到69岁之间' when age>=70 and age<=79 then '70到79之间' when age>=80 and age<=89 then '80到89之间' when age>=90 then '90岁以上' end as name from yc_client )a group by name [ RunTime:0.021835s ]
[ sql ] [ SQL ] SHOW COLUMNS FROM `yc_client_group` [ RunTime:0.014130s ]
[ sql ] [ SQL ] SELECT a.name,count(b.cid) as value FROM yc_client_group a LEFT JOIN `yc_client_group_map` `b` ON `a`.`id`=`b`.`gid` GROUP BY `a`.`id` [ RunTime:0.014249s ]
