---------------------------------------------------------------
[ 2019-03-26T08:41:09+08:00 ] 127.0.0.1 GET yunchi.cn/favicon.ico
[运行时间：0.037332s] [吞吐率：26.79req/s] [内存消耗：1,615.47kb] [文件加载：94]
[ info ] [ LANG ] /Applications/XAMPP/xamppfiles/htdocs/pension_project/thinkphp/lang/zh-cn.php
[ info ] [ ROUTE ] array (
  'type' => 'module',
  'module' => 
  array (
    0 => 'favicon.ico',
    1 => NULL,
    2 => NULL,
  ),
)
[ info ] [ HEADER ] array (
  'host' => 'yunchi.cn',
  'connection' => 'keep-alive',
  'user-agent' => 'Mozilla/5.0 (Macintosh; Intel Mac OS X 10_13_6) AppleWebKit/537.36 (KHTML, like Gecko) Chrome/73.0.3683.86 Safari/537.36',
  'accept' => 'image/webp,image/apng,image/*,*/*;q=0.8',
  'referer' => 'http://yunchi.cn/server/Index/index',
  'accept-encoding' => 'gzip, deflate',
  'accept-language' => 'zh-CN,zh;q=0.9',
)
[ info ] [ PARAM ] array (
  '/favicon_ico' => '',
)
[ info ] [ LOG ] INIT File
---------------------------------------------------------------
[ 2019-03-26T08:41:39+08:00 ] 127.0.0.1 GET yunchi.cn/server/Index/index
[运行时间：0.021913s] [吞吐率：45.63req/s] [内存消耗：1,900.69kb] [文件加载：101]
[ info ] [ LANG ] /Applications/XAMPP/xamppfiles/htdocs/pension_project/thinkphp/lang/zh-cn.php
[ info ] [ ROUTE ] array (
  'type' => 'module',
  'module' => 
  array (
    0 => 'server',
    1 => 'Index',
    2 => 'index',
  ),
)
[ info ] [ HEADER ] array (
  'host' => 'yunchi.cn',
  'connection' => 'keep-alive',
  'cache-control' => 'max-age=0',
  'upgrade-insecure-requests' => '1',
  'user-agent' => 'Mozilla/5.0 (Macintosh; Intel Mac OS X 10_13_6) AppleWebKit/537.36 (KHTML, like Gecko) Chrome/73.0.3683.86 Safari/537.36',
  'accept' => 'text/html,application/xhtml+xml,application/xml;q=0.9,image/webp,image/apng,*/*;q=0.8,application/signed-exchange;v=b3',
  'accept-encoding' => 'gzip, deflate',
  'accept-language' => 'zh-CN,zh;q=0.9',
)
[ info ] [ PARAM ] array (
  '/server/Index/index' => '',
)
[ info ] [ SESSION ] INIT array (
  'id' => '',
  'var_session_id' => '',
  'prefix' => 'think',
  'type' => '',
  'auto_start' => true,
)
[ info ] [ LOG ] INIT File
---------------------------------------------------------------
[ 2019-03-26T08:41:39+08:00 ] 127.0.0.1 GET yunchi.cn/server/Login/login
[运行时间：0.021947s] [吞吐率：45.56req/s] [内存消耗：1,901.83kb] [文件加载：100]
[ info ] [ LANG ] /Applications/XAMPP/xamppfiles/htdocs/pension_project/thinkphp/lang/zh-cn.php
[ info ] [ ROUTE ] array (
  'type' => 'module',
  'module' => 
  array (
    0 => 'server',
    1 => 'Login',
    2 => 'login',
  ),
)
[ info ] [ HEADER ] array (
  'host' => 'yunchi.cn',
  'connection' => 'keep-alive',
  'cache-control' => 'max-age=0',
  'upgrade-insecure-requests' => '1',
  'user-agent' => 'Mozilla/5.0 (Macintosh; Intel Mac OS X 10_13_6) AppleWebKit/537.36 (KHTML, like Gecko) Chrome/73.0.3683.86 Safari/537.36',
  'accept' => 'text/html,application/xhtml+xml,application/xml;q=0.9,image/webp,image/apng,*/*;q=0.8,application/signed-exchange;v=b3',
  'accept-encoding' => 'gzip, deflate',
  'accept-language' => 'zh-CN,zh;q=0.9',
  'cookie' => 'PHPSESSID=9542ee32ed4c8e953a86474458b941e2',
)
[ info ] [ PARAM ] array (
  '/server/Login/login' => '',
)
[ info ] [ RUN ] app\server\controller\Login->login[ /Applications/XAMPP/xamppfiles/htdocs/pension_project/application/server/controller/Login.php ]
[ info ] [ VIEW ] /Applications/XAMPP/xamppfiles/htdocs/pension_project/application/server/view/login/login.html [ array (
  0 => 'title',
) ]
[ info ] [ LOG ] INIT File
---------------------------------------------------------------
[ 2019-03-26T08:43:11+08:00 ] 127.0.0.1 POST yunchi.cn/server/Login/checkLogin
[运行时间：0.103141s] [吞吐率：9.70req/s] [内存消耗：2,976.15kb] [文件加载：108]
[ info ] [ LANG ] /Applications/XAMPP/xamppfiles/htdocs/pension_project/thinkphp/lang/zh-cn.php
[ info ] [ ROUTE ] array (
  'type' => 'module',
  'module' => 
  array (
    0 => 'server',
    1 => 'Login',
    2 => 'checkLogin',
  ),
)
[ info ] [ HEADER ] array (
  'host' => 'yunchi.cn',
  'connection' => 'keep-alive',
  'content-length' => '27',
  'accept' => '*/*',
  'origin' => 'http://yunchi.cn',
  'x-requested-with' => 'XMLHttpRequest',
  'user-agent' => 'Mozilla/5.0 (Macintosh; Intel Mac OS X 10_13_6) AppleWebKit/537.36 (KHTML, like Gecko) Chrome/73.0.3683.86 Safari/537.36',
  'content-type' => 'application/x-www-form-urlencoded; charset=UTF-8',
  'referer' => 'http://yunchi.cn/server/Login/login',
  'accept-encoding' => 'gzip, deflate',
  'accept-language' => 'zh-CN,zh;q=0.9',
  'cookie' => 'PHPSESSID=9542ee32ed4c8e953a86474458b941e2',
)
[ info ] [ PARAM ] array (
  '/server/Login/checkLogin' => '',
  'name' => 'yunchi',
  'password' => 'LHF123',
)
[ info ] [ RUN ] app\server\controller\Login->checkLogin[ /Applications/XAMPP/xamppfiles/htdocs/pension_project/application/server/controller/Login.php ]
[ info ] [ DB ] INIT mysql
[ info ] [ LOG ] INIT File
[ sql ] [ DB ] CONNECT:[ UseTime:0.056531s ] mysql:host=101.89.115.24;port=3306;dbname=pension;charset=utf8
[ sql ] [ SQL ] SELECT `id`,`name`,`company`,`mobile` FROM yc_provider WHERE `name`='yunchi' AND `password`='a578941c95aa3eac7bc05f517f1c7796' [ RunTime:0.015063s ]
---------------------------------------------------------------
[ 2019-03-26T08:43:15+08:00 ] 127.0.0.1 POST yunchi.cn/server/Login/checkLogin
[运行时间：0.083229s] [吞吐率：12.02req/s] [内存消耗：2,978.05kb] [文件加载：108]
[ info ] [ LANG ] /Applications/XAMPP/xamppfiles/htdocs/pension_project/thinkphp/lang/zh-cn.php
[ info ] [ ROUTE ] array (
  'type' => 'module',
  'module' => 
  array (
    0 => 'server',
    1 => 'Login',
    2 => 'checkLogin',
  ),
)
[ info ] [ HEADER ] array (
  'host' => 'yunchi.cn',
  'connection' => 'keep-alive',
  'content-length' => '27',
  'accept' => '*/*',
  'origin' => 'http://yunchi.cn',
  'x-requested-with' => 'XMLHttpRequest',
  'user-agent' => 'Mozilla/5.0 (Macintosh; Intel Mac OS X 10_13_6) AppleWebKit/537.36 (KHTML, like Gecko) Chrome/73.0.3683.86 Safari/537.36',
  'content-type' => 'application/x-www-form-urlencoded; charset=UTF-8',
  'referer' => 'http://yunchi.cn/server/Login/login',
  'accept-encoding' => 'gzip, deflate',
  'accept-language' => 'zh-CN,zh;q=0.9',
  'cookie' => 'PHPSESSID=9542ee32ed4c8e953a86474458b941e2',
)
[ info ] [ PARAM ] array (
  '/server/Login/checkLogin' => '',
  'name' => 'yunchi',
  'password' => '123456',
)
[ info ] [ RUN ] app\server\controller\Login->checkLogin[ /Applications/XAMPP/xamppfiles/htdocs/pension_project/application/server/controller/Login.php ]
[ info ] [ DB ] INIT mysql
[ info ] [ SESSION ] INIT array (
  'id' => '',
  'var_session_id' => '',
  'prefix' => 'think',
  'type' => '',
  'auto_start' => true,
)
[ info ] [ LOG ] INIT File
[ sql ] [ DB ] CONNECT:[ UseTime:0.036030s ] mysql:host=101.89.115.24;port=3306;dbname=pension;charset=utf8
[ sql ] [ SQL ] SELECT `id`,`name`,`company`,`mobile` FROM yc_provider WHERE `name`='yunchi' AND `password`='81bf0687697f0165bd5629fca568acb0' [ RunTime:0.024942s ]
---------------------------------------------------------------
[ 2019-03-26T08:43:16+08:00 ] 127.0.0.1 GET yunchi.cn/server/Index/index
[运行时间：0.018251s] [吞吐率：54.79req/s] [内存消耗：2,286.23kb] [文件加载：107]
[ info ] [ LANG ] /Applications/XAMPP/xamppfiles/htdocs/pension_project/thinkphp/lang/zh-cn.php
[ info ] [ ROUTE ] array (
  'type' => 'module',
  'module' => 
  array (
    0 => 'server',
    1 => 'Index',
    2 => 'index',
  ),
)
[ info ] [ HEADER ] array (
  'host' => 'yunchi.cn',
  'connection' => 'keep-alive',
  'upgrade-insecure-requests' => '1',
  'user-agent' => 'Mozilla/5.0 (Macintosh; Intel Mac OS X 10_13_6) AppleWebKit/537.36 (KHTML, like Gecko) Chrome/73.0.3683.86 Safari/537.36',
  'accept' => 'text/html,application/xhtml+xml,application/xml;q=0.9,image/webp,image/apng,*/*;q=0.8,application/signed-exchange;v=b3',
  'referer' => 'http://yunchi.cn/server/Login/login',
  'accept-encoding' => 'gzip, deflate',
  'accept-language' => 'zh-CN,zh;q=0.9',
  'cookie' => 'PHPSESSID=9542ee32ed4c8e953a86474458b941e2',
)
[ info ] [ PARAM ] array (
  '/server/Index/index' => '',
)
[ info ] [ SESSION ] INIT array (
  'id' => '',
  'var_session_id' => '',
  'prefix' => 'think',
  'type' => '',
  'auto_start' => true,
)
[ info ] [ RUN ] app\server\controller\Index->index[ /Applications/XAMPP/xamppfiles/htdocs/pension_project/application/server/controller/Index.php ]
[ info ] [ VIEW ] /Applications/XAMPP/xamppfiles/htdocs/pension_project/application/server/view/index/index.html [ array (
  0 => 'menu',
  1 => 'title',
) ]
[ info ] [ LOG ] INIT File
[ error ] [8]未定义数组索引: nodes[/Applications/XAMPP/xamppfiles/htdocs/pension_project/runtime/temp/5bdcace69d1ed0141766d91547e5085d.php:59]
[ error ] [8]未定义数组索引: nodes[/Applications/XAMPP/xamppfiles/htdocs/pension_project/runtime/temp/5bdcace69d1ed0141766d91547e5085d.php:59]
[ error ] [8]未定义数组索引: nodes[/Applications/XAMPP/xamppfiles/htdocs/pension_project/runtime/temp/5bdcace69d1ed0141766d91547e5085d.php:59]
---------------------------------------------------------------
[ 2019-03-26T08:43:16+08:00 ] 127.0.0.1 GET yunchi.cn/server/Index/main
[运行时间：0.016266s] [吞吐率：61.48req/s] [内存消耗：1,937.18kb] [文件加载：104]
[ info ] [ LANG ] /Applications/XAMPP/xamppfiles/htdocs/pension_project/thinkphp/lang/zh-cn.php
[ info ] [ ROUTE ] array (
  'type' => 'module',
  'module' => 
  array (
    0 => 'server',
    1 => 'Index',
    2 => 'main',
  ),
)
[ info ] [ HEADER ] array (
  'host' => 'yunchi.cn',
  'connection' => 'keep-alive',
  'upgrade-insecure-requests' => '1',
  'user-agent' => 'Mozilla/5.0 (Macintosh; Intel Mac OS X 10_13_6) AppleWebKit/537.36 (KHTML, like Gecko) Chrome/73.0.3683.86 Safari/537.36',
  'accept' => 'text/html,application/xhtml+xml,application/xml;q=0.9,image/webp,image/apng,*/*;q=0.8,application/signed-exchange;v=b3',
  'referer' => 'http://yunchi.cn/server/Index/index',
  'accept-encoding' => 'gzip, deflate',
  'accept-language' => 'zh-CN,zh;q=0.9',
  'cookie' => 'PHPSESSID=9542ee32ed4c8e953a86474458b941e2',
)
[ info ] [ PARAM ] array (
  '/server/Index/main' => '',
)
[ info ] [ SESSION ] INIT array (
  'id' => '',
  'var_session_id' => '',
  'prefix' => 'think',
  'type' => '',
  'auto_start' => true,
)
[ info ] [ RUN ] app\server\controller\Index->main[ /Applications/XAMPP/xamppfiles/htdocs/pension_project/application/server/controller/Index.php ]
[ info ] [ VIEW ] /Applications/XAMPP/xamppfiles/htdocs/pension_project/application/server/view/index/main.html [ array (
) ]
[ info ] [ LOG ] INIT File
[ error ] [8]未定义变量: title[/Applications/XAMPP/xamppfiles/htdocs/pension_project/runtime/temp/cc2ae653de3e86cd9ed5bc94893bdfe2.php:7]
---------------------------------------------------------------
[ 2019-03-26T09:34:25+08:00 ] 127.0.0.1 GET yunchi.cn/server/Index/main
[运行时间：0.018530s] [吞吐率：53.97req/s] [内存消耗：1,937.18kb] [文件加载：104]
[ info ] [ LANG ] /Applications/XAMPP/xamppfiles/htdocs/pension_project/thinkphp/lang/zh-cn.php
[ info ] [ ROUTE ] array (
  'type' => 'module',
  'module' => 
  array (
    0 => 'server',
    1 => 'Index',
    2 => 'main',
  ),
)
[ info ] [ HEADER ] array (
  'host' => 'yunchi.cn',
  'connection' => 'keep-alive',
  'upgrade-insecure-requests' => '1',
  'user-agent' => 'Mozilla/5.0 (Macintosh; Intel Mac OS X 10_13_6) AppleWebKit/537.36 (KHTML, like Gecko) Chrome/73.0.3683.86 Safari/537.36',
  'accept' => 'text/html,application/xhtml+xml,application/xml;q=0.9,image/webp,image/apng,*/*;q=0.8,application/signed-exchange;v=b3',
  'referer' => 'http://yunchi.cn/server/Index/index',
  'accept-encoding' => 'gzip, deflate',
  'accept-language' => 'zh-CN,zh;q=0.9',
  'cookie' => 'PHPSESSID=9542ee32ed4c8e953a86474458b941e2',
)
[ info ] [ PARAM ] array (
  '/server/Index/main' => '',
)
[ info ] [ SESSION ] INIT array (
  'id' => '',
  'var_session_id' => '',
  'prefix' => 'think',
  'type' => '',
  'auto_start' => true,
)
[ info ] [ RUN ] app\server\controller\Index->main[ /Applications/XAMPP/xamppfiles/htdocs/pension_project/application/server/controller/Index.php ]
[ info ] [ VIEW ] /Applications/XAMPP/xamppfiles/htdocs/pension_project/application/server/view/index/main.html [ array (
) ]
[ info ] [ LOG ] INIT File
[ error ] [8]未定义变量: title[/Applications/XAMPP/xamppfiles/htdocs/pension_project/runtime/temp/cc2ae653de3e86cd9ed5bc94893bdfe2.php:7]
---------------------------------------------------------------
[ 2019-03-26T09:34:27+08:00 ] 127.0.0.1 GET yunchi.cn/server/work/index
[运行时间：0.153226s] [吞吐率：6.53req/s] [内存消耗：3,207.67kb] [文件加载：119]
[ info ] [ LANG ] /Applications/XAMPP/xamppfiles/htdocs/pension_project/thinkphp/lang/zh-cn.php
[ info ] [ ROUTE ] array (
  'type' => 'module',
  'module' => 
  array (
    0 => 'server',
    1 => 'work',
    2 => 'index',
  ),
)
[ info ] [ HEADER ] array (
  'host' => 'yunchi.cn',
  'connection' => 'keep-alive',
  'upgrade-insecure-requests' => '1',
  'user-agent' => 'Mozilla/5.0 (Macintosh; Intel Mac OS X 10_13_6) AppleWebKit/537.36 (KHTML, like Gecko) Chrome/73.0.3683.86 Safari/537.36',
  'accept' => 'text/html,application/xhtml+xml,application/xml;q=0.9,image/webp,image/apng,*/*;q=0.8,application/signed-exchange;v=b3',
  'referer' => 'http://yunchi.cn/server/Index/index',
  'accept-encoding' => 'gzip, deflate',
  'accept-language' => 'zh-CN,zh;q=0.9',
  'cookie' => 'PHPSESSID=9542ee32ed4c8e953a86474458b941e2',
)
[ info ] [ PARAM ] array (
  '/server/work/index' => '',
)
[ info ] [ SESSION ] INIT array (
  'id' => '',
  'var_session_id' => '',
  'prefix' => 'think',
  'type' => '',
  'auto_start' => true,
)
[ info ] [ RUN ] app\server\controller\Work->index[ /Applications/XAMPP/xamppfiles/htdocs/pension_project/application/server/controller/Work.php ]
[ info ] [ DB ] INIT mysql
[ info ] [ VIEW ] /Applications/XAMPP/xamppfiles/htdocs/pension_project/application/server/view/work/index.html [ array (
  0 => 'project',
  1 => 'work',
  2 => 'title',
) ]
[ info ] [ LOG ] INIT File
[ sql ] [ DB ] CONNECT:[ UseTime:0.026330s ] mysql:host=101.89.115.24;port=3306;dbname=pension;charset=utf8
[ sql ] [ SQL ] SELECT `id`,`name`,`pid` FROM yc_provider_project WHERE `pid`!= 0 [ RunTime:0.014887s ]
[ sql ] [ SQL ] SHOW COLUMNS FROM `yc_provider_work` [ RunTime:0.015467s ]
[ sql ] [ SQL ] SELECT COUNT(*) AS tp_count FROM `yc_provider_work` `w` LEFT JOIN `yc_client` `c` ON `w`.`client`=`c`.`id` LEFT JOIN `yc_provider_staff` `s` ON `w`.`sid`=`s`.`id` LIMIT 1 [ RunTime:0.022583s ]
[ sql ] [ SQL ] SELECT `w`.`id`,`w`.`site`,`w`.`status`,`w`.`money`,`w`.`client`,c.name as cname,s.name as sname,`w`.`sid`,`w`.`state`,`w`.`create_time`,`w`.`end_time` FROM `yc_provider_work` `w` LEFT JOIN `yc_client` `c` ON `w`.`client`=`c`.`id` LEFT JOIN `yc_provider_staff` `s` ON `w`.`sid`=`s`.`id` ORDER BY `w`.`id` DESC LIMIT 0,30 [ RunTime:0.019262s ]
[ sql ] [ SQL ] SELECT `id`,`name`,`pid` FROM yc_provider_project WHERE `pid`!= 0 [ RunTime:0.022430s ]
[ error ] [8]未定义变量: param[/Applications/XAMPP/xamppfiles/htdocs/pension_project/runtime/temp/ec65c1cfd65105cca92e7305a34f2c6c.php:40]
[ error ] [8]未定义变量: param[/Applications/XAMPP/xamppfiles/htdocs/pension_project/runtime/temp/ec65c1cfd65105cca92e7305a34f2c6c.php:47]
[ error ] [8]未定义变量: param[/Applications/XAMPP/xamppfiles/htdocs/pension_project/runtime/temp/ec65c1cfd65105cca92e7305a34f2c6c.php:53]
[ error ] [8]未定义变量: param[/Applications/XAMPP/xamppfiles/htdocs/pension_project/runtime/temp/ec65c1cfd65105cca92e7305a34f2c6c.php:60]
[ error ] [8]未定义变量: param[/Applications/XAMPP/xamppfiles/htdocs/pension_project/runtime/temp/ec65c1cfd65105cca92e7305a34f2c6c.php:66]
[ error ] [8]未定义变量: param[/Applications/XAMPP/xamppfiles/htdocs/pension_project/runtime/temp/ec65c1cfd65105cca92e7305a34f2c6c.php:70]
---------------------------------------------------------------
[ 2019-03-26T09:34:27+08:00 ] 127.0.0.1 GET yunchi.cn/server/Work/addWork.html
[运行时间：0.070994s] [吞吐率：14.09req/s] [内存消耗：3,138.79kb] [文件加载：112]
[ info ] [ LANG ] /Applications/XAMPP/xamppfiles/htdocs/pension_project/thinkphp/lang/zh-cn.php
[ info ] [ ROUTE ] array (
  'type' => 'module',
  'module' => 
  array (
    0 => 'server',
    1 => 'Work',
    2 => 'addWork',
  ),
)
[ info ] [ HEADER ] array (
  'host' => 'yunchi.cn',
  'connection' => 'keep-alive',
  'upgrade-insecure-requests' => '1',
  'user-agent' => 'Mozilla/5.0 (Macintosh; Intel Mac OS X 10_13_6) AppleWebKit/537.36 (KHTML, like Gecko) Chrome/73.0.3683.86 Safari/537.36',
  'accept' => 'text/html,application/xhtml+xml,application/xml;q=0.9,image/webp,image/apng,*/*;q=0.8,application/signed-exchange;v=b3',
  'referer' => 'http://yunchi.cn/server/work/index',
  'accept-encoding' => 'gzip, deflate',
  'accept-language' => 'zh-CN,zh;q=0.9',
  'cookie' => 'PHPSESSID=9542ee32ed4c8e953a86474458b941e2',
)
[ info ] [ PARAM ] array (
  '/server/Work/addWork_html' => '',
)
[ info ] [ SESSION ] INIT array (
  'id' => '',
  'var_session_id' => '',
  'prefix' => 'think',
  'type' => '',
  'auto_start' => true,
)
[ info ] [ RUN ] app\server\controller\Work->addWork[ /Applications/XAMPP/xamppfiles/htdocs/pension_project/application/server/controller/Work.php ]
[ info ] [ DB ] INIT mysql
[ info ] [ VIEW ] /Applications/XAMPP/xamppfiles/htdocs/pension_project/application/server/view/work/add_work.html [ array (
  0 => 'title',
  1 => 'project',
) ]
[ info ] [ LOG ] INIT File
[ sql ] [ DB ] CONNECT:[ UseTime:0.026083s ] mysql:host=101.89.115.24;port=3306;dbname=pension;charset=utf8
[ sql ] [ SQL ] SELECT `id`,`name`,`pid` FROM yc_provider_project WHERE `pid`!= 0 [ RunTime:0.017279s ]
---------------------------------------------------------------
[ 2019-03-26T09:34:30+08:00 ] 127.0.0.1 GET yunchi.cn/server/work/index
[运行时间：0.174917s] [吞吐率：5.72req/s] [内存消耗：3,207.67kb] [文件加载：119]
[ info ] [ LANG ] /Applications/XAMPP/xamppfiles/htdocs/pension_project/thinkphp/lang/zh-cn.php
[ info ] [ ROUTE ] array (
  'type' => 'module',
  'module' => 
  array (
    0 => 'server',
    1 => 'work',
    2 => 'index',
  ),
)
[ info ] [ HEADER ] array (
  'host' => 'yunchi.cn',
  'connection' => 'keep-alive',
  'upgrade-insecure-requests' => '1',
  'user-agent' => 'Mozilla/5.0 (Macintosh; Intel Mac OS X 10_13_6) AppleWebKit/537.36 (KHTML, like Gecko) Chrome/73.0.3683.86 Safari/537.36',
  'accept' => 'text/html,application/xhtml+xml,application/xml;q=0.9,image/webp,image/apng,*/*;q=0.8,application/signed-exchange;v=b3',
  'referer' => 'http://yunchi.cn/server/Index/index',
  'accept-encoding' => 'gzip, deflate',
  'accept-language' => 'zh-CN,zh;q=0.9',
  'cookie' => 'PHPSESSID=9542ee32ed4c8e953a86474458b941e2',
)
[ info ] [ PARAM ] array (
  '/server/work/index' => '',
)
[ info ] [ SESSION ] INIT array (
  'id' => '',
  'var_session_id' => '',
  'prefix' => 'think',
  'type' => '',
  'auto_start' => true,
)
[ info ] [ RUN ] app\server\controller\Work->index[ /Applications/XAMPP/xamppfiles/htdocs/pension_project/application/server/controller/Work.php ]
[ info ] [ DB ] INIT mysql
[ info ] [ VIEW ] /Applications/XAMPP/xamppfiles/htdocs/pension_project/application/server/view/work/index.html [ array (
  0 => 'project',
  1 => 'work',
  2 => 'title',
) ]
[ info ] [ LOG ] INIT File
[ sql ] [ DB ] CONNECT:[ UseTime:0.045651s ] mysql:host=101.89.115.24;port=3306;dbname=pension;charset=utf8
[ sql ] [ SQL ] SELECT `id`,`name`,`pid` FROM yc_provider_project WHERE `pid`!= 0 [ RunTime:0.024561s ]
[ sql ] [ SQL ] SHOW COLUMNS FROM `yc_provider_work` [ RunTime:0.015305s ]
[ sql ] [ SQL ] SELECT COUNT(*) AS tp_count FROM `yc_provider_work` `w` LEFT JOIN `yc_client` `c` ON `w`.`client`=`c`.`id` LEFT JOIN `yc_provider_staff` `s` ON `w`.`sid`=`s`.`id` LIMIT 1 [ RunTime:0.019379s ]
[ sql ] [ SQL ] SELECT `w`.`id`,`w`.`site`,`w`.`status`,`w`.`money`,`w`.`client`,c.name as cname,s.name as sname,`w`.`sid`,`w`.`state`,`w`.`create_time`,`w`.`end_time` FROM `yc_provider_work` `w` LEFT JOIN `yc_client` `c` ON `w`.`client`=`c`.`id` LEFT JOIN `yc_provider_staff` `s` ON `w`.`sid`=`s`.`id` ORDER BY `w`.`id` DESC LIMIT 0,30 [ RunTime:0.021553s ]
[ sql ] [ SQL ] SELECT `id`,`name`,`pid` FROM yc_provider_project WHERE `pid`!= 0 [ RunTime:0.021060s ]
[ error ] [8]未定义变量: param[/Applications/XAMPP/xamppfiles/htdocs/pension_project/runtime/temp/ec65c1cfd65105cca92e7305a34f2c6c.php:40]
[ error ] [8]未定义变量: param[/Applications/XAMPP/xamppfiles/htdocs/pension_project/runtime/temp/ec65c1cfd65105cca92e7305a34f2c6c.php:47]
[ error ] [8]未定义变量: param[/Applications/XAMPP/xamppfiles/htdocs/pension_project/runtime/temp/ec65c1cfd65105cca92e7305a34f2c6c.php:53]
[ error ] [8]未定义变量: param[/Applications/XAMPP/xamppfiles/htdocs/pension_project/runtime/temp/ec65c1cfd65105cca92e7305a34f2c6c.php:60]
[ error ] [8]未定义变量: param[/Applications/XAMPP/xamppfiles/htdocs/pension_project/runtime/temp/ec65c1cfd65105cca92e7305a34f2c6c.php:66]
[ error ] [8]未定义变量: param[/Applications/XAMPP/xamppfiles/htdocs/pension_project/runtime/temp/ec65c1cfd65105cca92e7305a34f2c6c.php:70]
---------------------------------------------------------------
[ 2019-03-26T09:35:08+08:00 ] 127.0.0.1 GET yunchi.cn/server/Work/addWork.html
[运行时间：0.070398s] [吞吐率：14.20req/s] [内存消耗：2,995.34kb] [文件加载：110]
[ info ] [ LANG ] /Applications/XAMPP/xamppfiles/htdocs/pension_project/thinkphp/lang/zh-cn.php
[ info ] [ ROUTE ] array (
  'type' => 'module',
  'module' => 
  array (
    0 => 'server',
    1 => 'Work',
    2 => 'addWork',
  ),
)
[ info ] [ HEADER ] array (
  'host' => 'yunchi.cn',
  'connection' => 'keep-alive',
  'upgrade-insecure-requests' => '1',
  'user-agent' => 'Mozilla/5.0 (Macintosh; Intel Mac OS X 10_13_6) AppleWebKit/537.36 (KHTML, like Gecko) Chrome/73.0.3683.86 Safari/537.36',
  'accept' => 'text/html,application/xhtml+xml,application/xml;q=0.9,image/webp,image/apng,*/*;q=0.8,application/signed-exchange;v=b3',
  'referer' => 'http://yunchi.cn/server/work/index',
  'accept-encoding' => 'gzip, deflate',
  'accept-language' => 'zh-CN,zh;q=0.9',
  'cookie' => 'PHPSESSID=9542ee32ed4c8e953a86474458b941e2',
)
[ info ] [ PARAM ] array (
  '/server/Work/addWork_html' => '',
)
[ info ] [ SESSION ] INIT array (
  'id' => '',
  'var_session_id' => '',
  'prefix' => 'think',
  'type' => '',
  'auto_start' => true,
)
[ info ] [ RUN ] app\server\controller\Work->addWork[ /Applications/XAMPP/xamppfiles/htdocs/pension_project/application/server/controller/Work.php ]
[ info ] [ DB ] INIT mysql
[ info ] [ VIEW ] /Applications/XAMPP/xamppfiles/htdocs/pension_project/application/server/view/work/add_work.html [ array (
  0 => 'title',
  1 => 'project',
) ]
[ info ] [ LOG ] INIT File
[ sql ] [ DB ] CONNECT:[ UseTime:0.022854s ] mysql:host=101.89.115.24;port=3306;dbname=pension;charset=utf8
[ sql ] [ SQL ] SELECT `id`,`name`,`pid` FROM yc_provider_project WHERE `pid`!= 0 [ RunTime:0.020521s ]
---------------------------------------------------------------
[ 2019-03-26T09:35:31+08:00 ] 127.0.0.1 GET yunchi.cn/server/work/index
[运行时间：0.159201s] [吞吐率：6.28req/s] [内存消耗：3,374.59kb] [文件加载：122]
[ info ] [ LANG ] /Applications/XAMPP/xamppfiles/htdocs/pension_project/thinkphp/lang/zh-cn.php
[ info ] [ ROUTE ] array (
  'type' => 'module',
  'module' => 
  array (
    0 => 'server',
    1 => 'work',
    2 => 'index',
  ),
)
[ info ] [ HEADER ] array (
  'host' => 'yunchi.cn',
  'connection' => 'keep-alive',
  'upgrade-insecure-requests' => '1',
  'user-agent' => 'Mozilla/5.0 (Macintosh; Intel Mac OS X 10_13_6) AppleWebKit/537.36 (KHTML, like Gecko) Chrome/73.0.3683.86 Safari/537.36',
  'accept' => 'text/html,application/xhtml+xml,application/xml;q=0.9,image/webp,image/apng,*/*;q=0.8,application/signed-exchange;v=b3',
  'referer' => 'http://yunchi.cn/server/Index/index',
  'accept-encoding' => 'gzip, deflate',
  'accept-language' => 'zh-CN,zh;q=0.9',
  'cookie' => 'PHPSESSID=9542ee32ed4c8e953a86474458b941e2',
)
[ info ] [ PARAM ] array (
  '/server/work/index' => '',
)
[ info ] [ SESSION ] INIT array (
  'id' => '',
  'var_session_id' => '',
  'prefix' => 'think',
  'type' => '',
  'auto_start' => true,
)
[ info ] [ RUN ] app\server\controller\Work->index[ /Applications/XAMPP/xamppfiles/htdocs/pension_project/application/server/controller/Work.php ]
[ info ] [ DB ] INIT mysql
[ info ] [ VIEW ] /Applications/XAMPP/xamppfiles/htdocs/pension_project/application/server/view/work/index.html [ array (
  0 => 'project',
  1 => 'work',
  2 => 'title',
) ]
[ info ] [ LOG ] INIT File
[ sql ] [ DB ] CONNECT:[ UseTime:0.026821s ] mysql:host=101.89.115.24;port=3306;dbname=pension;charset=utf8
[ sql ] [ SQL ] SELECT `id`,`name`,`pid` FROM yc_provider_project WHERE `pid`!= 0 [ RunTime:0.014152s ]
[ sql ] [ SQL ] SHOW COLUMNS FROM `yc_provider_work` [ RunTime:0.026266s ]
[ sql ] [ SQL ] SELECT COUNT(*) AS tp_count FROM `yc_provider_work` `w` LEFT JOIN `yc_client` `c` ON `w`.`client`=`c`.`id` LEFT JOIN `yc_provider_staff` `s` ON `w`.`sid`=`s`.`id` LIMIT 1 [ RunTime:0.017605s ]
[ sql ] [ SQL ] SELECT `w`.`id`,`w`.`site`,`w`.`status`,`w`.`money`,`w`.`client`,c.name as cname,s.name as sname,`w`.`sid`,`w`.`state`,`w`.`create_time`,`w`.`end_time` FROM `yc_provider_work` `w` LEFT JOIN `yc_client` `c` ON `w`.`client`=`c`.`id` LEFT JOIN `yc_provider_staff` `s` ON `w`.`sid`=`s`.`id` ORDER BY `w`.`id` DESC LIMIT 0,30 [ RunTime:0.018266s ]
[ sql ] [ SQL ] SELECT `id`,`name`,`pid` FROM yc_provider_project WHERE `pid`!= 0 [ RunTime:0.021346s ]
[ error ] [8]未定义变量: param[/Applications/XAMPP/xamppfiles/htdocs/pension_project/runtime/temp/ec65c1cfd65105cca92e7305a34f2c6c.php:40]
[ error ] [8]未定义变量: param[/Applications/XAMPP/xamppfiles/htdocs/pension_project/runtime/temp/ec65c1cfd65105cca92e7305a34f2c6c.php:47]
[ error ] [8]未定义变量: param[/Applications/XAMPP/xamppfiles/htdocs/pension_project/runtime/temp/ec65c1cfd65105cca92e7305a34f2c6c.php:53]
[ error ] [8]未定义变量: param[/Applications/XAMPP/xamppfiles/htdocs/pension_project/runtime/temp/ec65c1cfd65105cca92e7305a34f2c6c.php:60]
[ error ] [8]未定义变量: param[/Applications/XAMPP/xamppfiles/htdocs/pension_project/runtime/temp/ec65c1cfd65105cca92e7305a34f2c6c.php:66]
[ error ] [8]未定义变量: param[/Applications/XAMPP/xamppfiles/htdocs/pension_project/runtime/temp/ec65c1cfd65105cca92e7305a34f2c6c.php:70]
[ error ] [0]类的属性不存在:app\server\model\ProviderWork->title[/Applications/XAMPP/xamppfiles/htdocs/pension_project/thinkphp/library/think/Model.php:626]
---------------------------------------------------------------
[ 2019-03-26T09:35:48+08:00 ] 127.0.0.1 GET yunchi.cn/server/work/index
[运行时间：0.181601s] [吞吐率：5.51req/s] [内存消耗：3,208.57kb] [文件加载：119]
[ info ] [ LANG ] /Applications/XAMPP/xamppfiles/htdocs/pension_project/thinkphp/lang/zh-cn.php
[ info ] [ ROUTE ] array (
  'type' => 'module',
  'module' => 
  array (
    0 => 'server',
    1 => 'work',
    2 => 'index',
  ),
)
[ info ] [ HEADER ] array (
  'host' => 'yunchi.cn',
  'connection' => 'keep-alive',
  'upgrade-insecure-requests' => '1',
  'user-agent' => 'Mozilla/5.0 (Macintosh; Intel Mac OS X 10_13_6) AppleWebKit/537.36 (KHTML, like Gecko) Chrome/73.0.3683.86 Safari/537.36',
  'accept' => 'text/html,application/xhtml+xml,application/xml;q=0.9,image/webp,image/apng,*/*;q=0.8,application/signed-exchange;v=b3',
  'referer' => 'http://yunchi.cn/server/Index/index',
  'accept-encoding' => 'gzip, deflate',
  'accept-language' => 'zh-CN,zh;q=0.9',
  'cookie' => 'PHPSESSID=9542ee32ed4c8e953a86474458b941e2',
)
[ info ] [ PARAM ] array (
  '/server/work/index' => '',
)
[ info ] [ SESSION ] INIT array (
  'id' => '',
  'var_session_id' => '',
  'prefix' => 'think',
  'type' => '',
  'auto_start' => true,
)
[ info ] [ RUN ] app\server\controller\Work->index[ /Applications/XAMPP/xamppfiles/htdocs/pension_project/application/server/controller/Work.php ]
[ info ] [ DB ] INIT mysql
[ info ] [ VIEW ] /Applications/XAMPP/xamppfiles/htdocs/pension_project/application/server/view/work/index.html [ array (
  0 => 'project',
  1 => 'work',
  2 => 'title',
) ]
[ info ] [ LOG ] INIT File
[ sql ] [ DB ] CONNECT:[ UseTime:0.025392s ] mysql:host=101.89.115.24;port=3306;dbname=pension;charset=utf8
[ sql ] [ SQL ] SELECT `id`,`name`,`pid` FROM yc_provider_project WHERE `pid`!= 0 [ RunTime:0.026942s ]
[ sql ] [ SQL ] SHOW COLUMNS FROM `yc_provider_work` [ RunTime:0.029181s ]
[ sql ] [ SQL ] SELECT COUNT(*) AS tp_count FROM `yc_provider_work` `w` LEFT JOIN `yc_client` `c` ON `w`.`client`=`c`.`id` LEFT JOIN `yc_provider_staff` `s` ON `w`.`sid`=`s`.`id` LIMIT 1 [ RunTime:0.028079s ]
[ sql ] [ SQL ] SELECT `w`.`id`,`w`.`site`,`w`.`status`,`w`.`money`,`w`.`title`,`w`.`client`,c.name as cname,s.name as sname,`w`.`sid`,`w`.`state`,`w`.`create_time`,`w`.`end_time` FROM `yc_provider_work` `w` LEFT JOIN `yc_client` `c` ON `w`.`client`=`c`.`id` LEFT JOIN `yc_provider_staff` `s` ON `w`.`sid`=`s`.`id` ORDER BY `w`.`id` DESC LIMIT 0,30 [ RunTime:0.022252s ]
[ sql ] [ SQL ] SELECT `id`,`name`,`pid` FROM yc_provider_project WHERE `pid`!= 0 [ RunTime:0.016317s ]
[ error ] [8]未定义变量: param[/Applications/XAMPP/xamppfiles/htdocs/pension_project/runtime/temp/ec65c1cfd65105cca92e7305a34f2c6c.php:40]
[ error ] [8]未定义变量: param[/Applications/XAMPP/xamppfiles/htdocs/pension_project/runtime/temp/ec65c1cfd65105cca92e7305a34f2c6c.php:47]
[ error ] [8]未定义变量: param[/Applications/XAMPP/xamppfiles/htdocs/pension_project/runtime/temp/ec65c1cfd65105cca92e7305a34f2c6c.php:53]
[ error ] [8]未定义变量: param[/Applications/XAMPP/xamppfiles/htdocs/pension_project/runtime/temp/ec65c1cfd65105cca92e7305a34f2c6c.php:60]
[ error ] [8]未定义变量: param[/Applications/XAMPP/xamppfiles/htdocs/pension_project/runtime/temp/ec65c1cfd65105cca92e7305a34f2c6c.php:66]
[ error ] [8]未定义变量: param[/Applications/XAMPP/xamppfiles/htdocs/pension_project/runtime/temp/ec65c1cfd65105cca92e7305a34f2c6c.php:70]
---------------------------------------------------------------
[ 2019-03-26T09:35:56+08:00 ] 127.0.0.1 GET yunchi.cn/server/work/index
[运行时间：0.170521s] [吞吐率：5.86req/s] [内存消耗：3,207.98kb] [文件加载：119]
[ info ] [ LANG ] /Applications/XAMPP/xamppfiles/htdocs/pension_project/thinkphp/lang/zh-cn.php
[ info ] [ ROUTE ] array (
  'type' => 'module',
  'module' => 
  array (
    0 => 'server',
    1 => 'work',
    2 => 'index',
  ),
)
[ info ] [ HEADER ] array (
  'host' => 'yunchi.cn',
  'connection' => 'keep-alive',
  'upgrade-insecure-requests' => '1',
  'user-agent' => 'Mozilla/5.0 (Macintosh; Intel Mac OS X 10_13_6) AppleWebKit/537.36 (KHTML, like Gecko) Chrome/73.0.3683.86 Safari/537.36',
  'accept' => 'text/html,application/xhtml+xml,application/xml;q=0.9,image/webp,image/apng,*/*;q=0.8,application/signed-exchange;v=b3',
  'referer' => 'http://yunchi.cn/server/Index/index',
  'accept-encoding' => 'gzip, deflate',
  'accept-language' => 'zh-CN,zh;q=0.9',
  'cookie' => 'PHPSESSID=9542ee32ed4c8e953a86474458b941e2',
)
[ info ] [ PARAM ] array (
  '/server/work/index' => '',
)
[ info ] [ SESSION ] INIT array (
  'id' => '',
  'var_session_id' => '',
  'prefix' => 'think',
  'type' => '',
  'auto_start' => true,
)
[ info ] [ RUN ] app\server\controller\Work->index[ /Applications/XAMPP/xamppfiles/htdocs/pension_project/application/server/controller/Work.php ]
[ info ] [ DB ] INIT mysql
[ info ] [ VIEW ] /Applications/XAMPP/xamppfiles/htdocs/pension_project/application/server/view/work/index.html [ array (
  0 => 'project',
  1 => 'work',
  2 => 'title',
) ]
[ info ] [ LOG ] INIT File
[ sql ] [ DB ] CONNECT:[ UseTime:0.032051s ] mysql:host=101.89.115.24;port=3306;dbname=pension;charset=utf8
[ sql ] [ SQL ] SELECT `id`,`name`,`pid` FROM yc_provider_project WHERE `pid`!= 0 [ RunTime:0.017383s ]
[ sql ] [ SQL ] SHOW COLUMNS FROM `yc_provider_work` [ RunTime:0.017122s ]
[ sql ] [ SQL ] SELECT COUNT(*) AS tp_count FROM `yc_provider_work` `w` LEFT JOIN `yc_client` `c` ON `w`.`client`=`c`.`id` LEFT JOIN `yc_provider_staff` `s` ON `w`.`sid`=`s`.`id` LIMIT 1 [ RunTime:0.024396s ]
[ sql ] [ SQL ] SELECT `w`.`id`,`w`.`site`,`w`.`status`,`w`.`money`,`w`.`title`,`w`.`client`,c.name as cname,s.name as sname,`w`.`sid`,`w`.`state`,`w`.`create_time`,`w`.`end_time` FROM `yc_provider_work` `w` LEFT JOIN `yc_client` `c` ON `w`.`client`=`c`.`id` LEFT JOIN `yc_provider_staff` `s` ON `w`.`sid`=`s`.`id` ORDER BY `w`.`id` DESC LIMIT 0,30 [ RunTime:0.024001s ]
[ sql ] [ SQL ] SELECT `id`,`name`,`pid` FROM yc_provider_project WHERE `pid`!= 0 [ RunTime:0.024864s ]
[ error ] [8]未定义变量: param[/Applications/XAMPP/xamppfiles/htdocs/pension_project/runtime/temp/ec65c1cfd65105cca92e7305a34f2c6c.php:40]
[ error ] [8]未定义变量: param[/Applications/XAMPP/xamppfiles/htdocs/pension_project/runtime/temp/ec65c1cfd65105cca92e7305a34f2c6c.php:47]
[ error ] [8]未定义变量: param[/Applications/XAMPP/xamppfiles/htdocs/pension_project/runtime/temp/ec65c1cfd65105cca92e7305a34f2c6c.php:53]
[ error ] [8]未定义变量: param[/Applications/XAMPP/xamppfiles/htdocs/pension_project/runtime/temp/ec65c1cfd65105cca92e7305a34f2c6c.php:60]
[ error ] [8]未定义变量: param[/Applications/XAMPP/xamppfiles/htdocs/pension_project/runtime/temp/ec65c1cfd65105cca92e7305a34f2c6c.php:66]
[ error ] [8]未定义变量: param[/Applications/XAMPP/xamppfiles/htdocs/pension_project/runtime/temp/ec65c1cfd65105cca92e7305a34f2c6c.php:70]
---------------------------------------------------------------
[ 2019-03-26T15:13:20+08:00 ] 127.0.0.1 GET yunchi.cn/server/staff/index
[运行时间：0.193243s] [吞吐率：5.17req/s] [内存消耗：3,162.63kb] [文件加载：118]
[ info ] [ LANG ] /Applications/XAMPP/xamppfiles/htdocs/pension_project/thinkphp/lang/zh-cn.php
[ info ] [ ROUTE ] array (
  'type' => 'module',
  'module' => 
  array (
    0 => 'server',
    1 => 'staff',
    2 => 'index',
  ),
)
[ info ] [ HEADER ] array (
  'host' => 'yunchi.cn',
  'connection' => 'keep-alive',
  'upgrade-insecure-requests' => '1',
  'user-agent' => 'Mozilla/5.0 (Macintosh; Intel Mac OS X 10_13_6) AppleWebKit/537.36 (KHTML, like Gecko) Chrome/73.0.3683.86 Safari/537.36',
  'accept' => 'text/html,application/xhtml+xml,application/xml;q=0.9,image/webp,image/apng,*/*;q=0.8,application/signed-exchange;v=b3',
  'referer' => 'http://yunchi.cn/server/Index/index',
  'accept-encoding' => 'gzip, deflate',
  'accept-language' => 'zh-CN,zh;q=0.9',
  'cookie' => 'PHPSESSID=9542ee32ed4c8e953a86474458b941e2',
)
[ info ] [ PARAM ] array (
  '/server/staff/index' => '',
)
[ info ] [ SESSION ] INIT array (
  'id' => '',
  'var_session_id' => '',
  'prefix' => 'think',
  'type' => '',
  'auto_start' => true,
)
[ info ] [ RUN ] app\server\controller\Staff->index[ /Applications/XAMPP/xamppfiles/htdocs/pension_project/application/server/controller/Staff.php ]
[ info ] [ DB ] INIT mysql
[ info ] [ VIEW ] /Applications/XAMPP/xamppfiles/htdocs/pension_project/application/server/view/staff/index.html [ array (
  0 => 'title',
  1 => 'project',
  2 => 'staff',
) ]
[ info ] [ LOG ] INIT File
[ sql ] [ DB ] CONNECT:[ UseTime:0.032288s ] mysql:host=101.89.115.24;port=3306;dbname=pension;charset=utf8
[ sql ] [ SQL ] SELECT `id`,`name`,`pid` FROM yc_provider_project WHERE `pid`!= 0 [ RunTime:0.014624s ]
[ sql ] [ SQL ] SHOW COLUMNS FROM `yc_provider_staff` [ RunTime:0.025422s ]
[ sql ] [ SQL ] SELECT COUNT(*) AS tp_count FROM `yc_provider_staff` LIMIT 1 [ RunTime:0.040127s ]
[ sql ] [ SQL ] SELECT `id`,`name`,`mobile`,`pid`,`status`,`state`,`create_time` FROM `yc_provider_staff` ORDER BY `id` DESC LIMIT 0,30 [ RunTime:0.018906s ]
[ sql ] [ SQL ] SELECT `id`,`name`,`pid` FROM yc_provider_project WHERE `pid`!= 0 [ RunTime:0.024343s ]
[ error ] [8]未定义变量: param[/Applications/XAMPP/xamppfiles/htdocs/pension_project/runtime/temp/7174c6d53e5aef908f60e9d00988a31f.php:40]
[ error ] [8]未定义变量: param[/Applications/XAMPP/xamppfiles/htdocs/pension_project/runtime/temp/7174c6d53e5aef908f60e9d00988a31f.php:47]
[ error ] [8]未定义变量: param[/Applications/XAMPP/xamppfiles/htdocs/pension_project/runtime/temp/7174c6d53e5aef908f60e9d00988a31f.php:53]
[ error ] [8]未定义变量: param[/Applications/XAMPP/xamppfiles/htdocs/pension_project/runtime/temp/7174c6d53e5aef908f60e9d00988a31f.php:60]
[ error ] [8]未定义变量: param[/Applications/XAMPP/xamppfiles/htdocs/pension_project/runtime/temp/7174c6d53e5aef908f60e9d00988a31f.php:64]
---------------------------------------------------------------
[ 2019-03-26T15:13:22+08:00 ] 127.0.0.1 GET yunchi.cn/server/Work/addWork.html
[运行时间：0.096090s] [吞吐率：10.41req/s] [内存消耗：2,994.75kb] [文件加载：110]
[ info ] [ LANG ] /Applications/XAMPP/xamppfiles/htdocs/pension_project/thinkphp/lang/zh-cn.php
[ info ] [ ROUTE ] array (
  'type' => 'module',
  'module' => 
  array (
    0 => 'server',
    1 => 'Work',
    2 => 'addWork',
  ),
)
[ info ] [ HEADER ] array (
  'host' => 'yunchi.cn',
  'connection' => 'keep-alive',
  'upgrade-insecure-requests' => '1',
  'user-agent' => 'Mozilla/5.0 (Macintosh; Intel Mac OS X 10_13_6) AppleWebKit/537.36 (KHTML, like Gecko) Chrome/73.0.3683.86 Safari/537.36',
  'accept' => 'text/html,application/xhtml+xml,application/xml;q=0.9,image/webp,image/apng,*/*;q=0.8,application/signed-exchange;v=b3',
  'referer' => 'http://yunchi.cn/server/work/index',
  'accept-encoding' => 'gzip, deflate',
  'accept-language' => 'zh-CN,zh;q=0.9',
  'cookie' => 'PHPSESSID=9542ee32ed4c8e953a86474458b941e2',
)
[ info ] [ PARAM ] array (
  '/server/Work/addWork_html' => '',
)
[ info ] [ SESSION ] INIT array (
  'id' => '',
  'var_session_id' => '',
  'prefix' => 'think',
  'type' => '',
  'auto_start' => true,
)
[ info ] [ RUN ] app\server\controller\Work->addWork[ /Applications/XAMPP/xamppfiles/htdocs/pension_project/application/server/controller/Work.php ]
[ info ] [ DB ] INIT mysql
[ info ] [ VIEW ] /Applications/XAMPP/xamppfiles/htdocs/pension_project/application/server/view/work/add_work.html [ array (
  0 => 'title',
  1 => 'project',
) ]
[ info ] [ LOG ] INIT File
[ sql ] [ DB ] CONNECT:[ UseTime:0.043894s ] mysql:host=101.89.115.24;port=3306;dbname=pension;charset=utf8
[ sql ] [ SQL ] SELECT `id`,`name`,`pid` FROM yc_provider_project WHERE `pid`!= 0 [ RunTime:0.028392s ]
---------------------------------------------------------------
[ 2019-03-26T15:13:26+08:00 ] 127.0.0.1 GET yunchi.cn/server/work/index
[运行时间：0.177152s] [吞吐率：5.64req/s] [内存消耗：3,361.84kb] [文件加载：121]
[ info ] [ LANG ] /Applications/XAMPP/xamppfiles/htdocs/pension_project/thinkphp/lang/zh-cn.php
[ info ] [ ROUTE ] array (
  'type' => 'module',
  'module' => 
  array (
    0 => 'server',
    1 => 'work',
    2 => 'index',
  ),
)
[ info ] [ HEADER ] array (
  'host' => 'yunchi.cn',
  'connection' => 'keep-alive',
  'upgrade-insecure-requests' => '1',
  'user-agent' => 'Mozilla/5.0 (Macintosh; Intel Mac OS X 10_13_6) AppleWebKit/537.36 (KHTML, like Gecko) Chrome/73.0.3683.86 Safari/537.36',
  'accept' => 'text/html,application/xhtml+xml,application/xml;q=0.9,image/webp,image/apng,*/*;q=0.8,application/signed-exchange;v=b3',
  'referer' => 'http://yunchi.cn/server/work/index',
  'accept-encoding' => 'gzip, deflate',
  'accept-language' => 'zh-CN,zh;q=0.9',
  'cookie' => 'PHPSESSID=9542ee32ed4c8e953a86474458b941e2',
)
[ info ] [ PARAM ] array (
  '/server/work/index' => '',
)
[ info ] [ SESSION ] INIT array (
  'id' => '',
  'var_session_id' => '',
  'prefix' => 'think',
  'type' => '',
  'auto_start' => true,
)
[ info ] [ RUN ] app\server\controller\Work->index[ /Applications/XAMPP/xamppfiles/htdocs/pension_project/application/server/controller/Work.php ]
[ info ] [ DB ] INIT mysql
[ info ] [ VIEW ] /Applications/XAMPP/xamppfiles/htdocs/pension_project/application/server/view/work/index.html [ array (
  0 => 'project',
  1 => 'work',
  2 => 'title',
) ]
[ info ] [ LOG ] INIT File
[ sql ] [ DB ] CONNECT:[ UseTime:0.028006s ] mysql:host=101.89.115.24;port=3306;dbname=pension;charset=utf8
[ sql ] [ SQL ] SELECT `id`,`name`,`pid` FROM yc_provider_project WHERE `pid`!= 0 [ RunTime:0.019223s ]
[ sql ] [ SQL ] SHOW COLUMNS FROM `yc_provider_work` [ RunTime:0.025946s ]
[ sql ] [ SQL ] SELECT COUNT(*) AS tp_count FROM `yc_provider_work` `w` LEFT JOIN `yc_client` `c` ON `w`.`client`=`c`.`id` LEFT JOIN `yc_provider_staff` `s` ON `w`.`sid`=`s`.`id` LIMIT 1 [ RunTime:0.023588s ]
[ sql ] [ SQL ] SELECT `w`.`id`,`w`.`site`,`w`.`status`,`w`.`money`,`w`.`title`,`w`.`client`,c.name as cname,s.name as sname,`w`.`sid`,`w`.`state`,`w`.`create_time`,`w`.`end_time` FROM `yc_provider_work` `w` LEFT JOIN `yc_client` `c` ON `w`.`client`=`c`.`id` LEFT JOIN `yc_provider_staff` `s` ON `w`.`sid`=`s`.`id` ORDER BY `w`.`id` DESC LIMIT 0,30 [ RunTime:0.021275s ]
[ sql ] [ SQL ] SELECT `id`,`name`,`pid` FROM yc_provider_project WHERE `pid`!= 0 [ RunTime:0.025747s ]
[ error ] [8]未定义变量: param[/Applications/XAMPP/xamppfiles/htdocs/pension_project/runtime/temp/ec65c1cfd65105cca92e7305a34f2c6c.php:40]
[ error ] [8]未定义变量: param[/Applications/XAMPP/xamppfiles/htdocs/pension_project/runtime/temp/ec65c1cfd65105cca92e7305a34f2c6c.php:47]
[ error ] [8]未定义变量: param[/Applications/XAMPP/xamppfiles/htdocs/pension_project/runtime/temp/ec65c1cfd65105cca92e7305a34f2c6c.php:53]
[ error ] [8]未定义变量: param[/Applications/XAMPP/xamppfiles/htdocs/pension_project/runtime/temp/ec65c1cfd65105cca92e7305a34f2c6c.php:60]
[ error ] [8]未定义变量: param[/Applications/XAMPP/xamppfiles/htdocs/pension_project/runtime/temp/ec65c1cfd65105cca92e7305a34f2c6c.php:66]
[ error ] [8]未定义变量: param[/Applications/XAMPP/xamppfiles/htdocs/pension_project/runtime/temp/ec65c1cfd65105cca92e7305a34f2c6c.php:70]
---------------------------------------------------------------
[ 2019-03-26T15:13:31+08:00 ] 127.0.0.1 GET yunchi.cn/server/Work/addWork.html
[运行时间：0.079202s] [吞吐率：12.63req/s] [内存消耗：2,994.75kb] [文件加载：110]
[ info ] [ LANG ] /Applications/XAMPP/xamppfiles/htdocs/pension_project/thinkphp/lang/zh-cn.php
[ info ] [ ROUTE ] array (
  'type' => 'module',
  'module' => 
  array (
    0 => 'server',
    1 => 'Work',
    2 => 'addWork',
  ),
)
[ info ] [ HEADER ] array (
  'host' => 'yunchi.cn',
  'connection' => 'keep-alive',
  'upgrade-insecure-requests' => '1',
  'user-agent' => 'Mozilla/5.0 (Macintosh; Intel Mac OS X 10_13_6) AppleWebKit/537.36 (KHTML, like Gecko) Chrome/73.0.3683.86 Safari/537.36',
  'accept' => 'text/html,application/xhtml+xml,application/xml;q=0.9,image/webp,image/apng,*/*;q=0.8,application/signed-exchange;v=b3',
  'referer' => 'http://yunchi.cn/server/work/index',
  'accept-encoding' => 'gzip, deflate',
  'accept-language' => 'zh-CN,zh;q=0.9',
  'cookie' => 'PHPSESSID=9542ee32ed4c8e953a86474458b941e2',
)
[ info ] [ PARAM ] array (
  '/server/Work/addWork_html' => '',
)
[ info ] [ SESSION ] INIT array (
  'id' => '',
  'var_session_id' => '',
  'prefix' => 'think',
  'type' => '',
  'auto_start' => true,
)
[ info ] [ RUN ] app\server\controller\Work->addWork[ /Applications/XAMPP/xamppfiles/htdocs/pension_project/application/server/controller/Work.php ]
[ info ] [ DB ] INIT mysql
[ info ] [ VIEW ] /Applications/XAMPP/xamppfiles/htdocs/pension_project/application/server/view/work/add_work.html [ array (
  0 => 'title',
  1 => 'project',
) ]
[ info ] [ LOG ] INIT File
[ sql ] [ DB ] CONNECT:[ UseTime:0.037035s ] mysql:host=101.89.115.24;port=3306;dbname=pension;charset=utf8
[ sql ] [ SQL ] SELECT `id`,`name`,`pid` FROM yc_provider_project WHERE `pid`!= 0 [ RunTime:0.018373s ]
---------------------------------------------------------------
[ 2019-03-26T15:13:33+08:00 ] 127.0.0.1 GET yunchi.cn/server/work/index
[运行时间：0.266041s] [吞吐率：3.76req/s] [内存消耗：3,208.21kb] [文件加载：119]
[ info ] [ LANG ] /Applications/XAMPP/xamppfiles/htdocs/pension_project/thinkphp/lang/zh-cn.php
[ info ] [ ROUTE ] array (
  'type' => 'module',
  'module' => 
  array (
    0 => 'server',
    1 => 'work',
    2 => 'index',
  ),
)
[ info ] [ HEADER ] array (
  'host' => 'yunchi.cn',
  'connection' => 'keep-alive',
  'upgrade-insecure-requests' => '1',
  'user-agent' => 'Mozilla/5.0 (Macintosh; Intel Mac OS X 10_13_6) AppleWebKit/537.36 (KHTML, like Gecko) Chrome/73.0.3683.86 Safari/537.36',
  'accept' => 'text/html,application/xhtml+xml,application/xml;q=0.9,image/webp,image/apng,*/*;q=0.8,application/signed-exchange;v=b3',
  'referer' => 'http://yunchi.cn/server/Work/addWork.html',
  'accept-encoding' => 'gzip, deflate',
  'accept-language' => 'zh-CN,zh;q=0.9',
  'cookie' => 'PHPSESSID=9542ee32ed4c8e953a86474458b941e2',
)
[ info ] [ PARAM ] array (
  '/server/work/index' => '',
)
[ info ] [ SESSION ] INIT array (
  'id' => '',
  'var_session_id' => '',
  'prefix' => 'think',
  'type' => '',
  'auto_start' => true,
)
[ info ] [ RUN ] app\server\controller\Work->index[ /Applications/XAMPP/xamppfiles/htdocs/pension_project/application/server/controller/Work.php ]
[ info ] [ DB ] INIT mysql
[ info ] [ VIEW ] /Applications/XAMPP/xamppfiles/htdocs/pension_project/application/server/view/work/index.html [ array (
  0 => 'project',
  1 => 'work',
  2 => 'title',
) ]
[ info ] [ LOG ] INIT File
[ sql ] [ DB ] CONNECT:[ UseTime:0.036283s ] mysql:host=101.89.115.24;port=3306;dbname=pension;charset=utf8
[ sql ] [ SQL ] SELECT `id`,`name`,`pid` FROM yc_provider_project WHERE `pid`!= 0 [ RunTime:0.032174s ]
[ sql ] [ SQL ] SHOW COLUMNS FROM `yc_provider_work` [ RunTime:0.103323s ]
[ sql ] [ SQL ] SELECT COUNT(*) AS tp_count FROM `yc_provider_work` `w` LEFT JOIN `yc_client` `c` ON `w`.`client`=`c`.`id` LEFT JOIN `yc_provider_staff` `s` ON `w`.`sid`=`s`.`id` LIMIT 1 [ RunTime:0.028252s ]
[ sql ] [ SQL ] SELECT `w`.`id`,`w`.`site`,`w`.`status`,`w`.`money`,`w`.`title`,`w`.`client`,c.name as cname,s.name as sname,`w`.`sid`,`w`.`state`,`w`.`create_time`,`w`.`end_time` FROM `yc_provider_work` `w` LEFT JOIN `yc_client` `c` ON `w`.`client`=`c`.`id` LEFT JOIN `yc_provider_staff` `s` ON `w`.`sid`=`s`.`id` ORDER BY `w`.`id` DESC LIMIT 0,30 [ RunTime:0.020237s ]
[ sql ] [ SQL ] SELECT `id`,`name`,`pid` FROM yc_provider_project WHERE `pid`!= 0 [ RunTime:0.017711s ]
[ error ] [8]未定义变量: param[/Applications/XAMPP/xamppfiles/htdocs/pension_project/runtime/temp/ec65c1cfd65105cca92e7305a34f2c6c.php:40]
[ error ] [8]未定义变量: param[/Applications/XAMPP/xamppfiles/htdocs/pension_project/runtime/temp/ec65c1cfd65105cca92e7305a34f2c6c.php:47]
[ error ] [8]未定义变量: param[/Applications/XAMPP/xamppfiles/htdocs/pension_project/runtime/temp/ec65c1cfd65105cca92e7305a34f2c6c.php:53]
[ error ] [8]未定义变量: param[/Applications/XAMPP/xamppfiles/htdocs/pension_project/runtime/temp/ec65c1cfd65105cca92e7305a34f2c6c.php:60]
[ error ] [8]未定义变量: param[/Applications/XAMPP/xamppfiles/htdocs/pension_project/runtime/temp/ec65c1cfd65105cca92e7305a34f2c6c.php:66]
[ error ] [8]未定义变量: param[/Applications/XAMPP/xamppfiles/htdocs/pension_project/runtime/temp/ec65c1cfd65105cca92e7305a34f2c6c.php:70]
---------------------------------------------------------------
[ 2019-03-26T15:13:37+08:00 ] 127.0.0.1 GET yunchi.cn/server/Work/addWork.html
[运行时间：0.074751s] [吞吐率：13.38req/s] [内存消耗：2,994.75kb] [文件加载：110]
[ info ] [ LANG ] /Applications/XAMPP/xamppfiles/htdocs/pension_project/thinkphp/lang/zh-cn.php
[ info ] [ ROUTE ] array (
  'type' => 'module',
  'module' => 
  array (
    0 => 'server',
    1 => 'Work',
    2 => 'addWork',
  ),
)
[ info ] [ HEADER ] array (
  'host' => 'yunchi.cn',
  'connection' => 'keep-alive',
  'upgrade-insecure-requests' => '1',
  'user-agent' => 'Mozilla/5.0 (Macintosh; Intel Mac OS X 10_13_6) AppleWebKit/537.36 (KHTML, like Gecko) Chrome/73.0.3683.86 Safari/537.36',
  'accept' => 'text/html,application/xhtml+xml,application/xml;q=0.9,image/webp,image/apng,*/*;q=0.8,application/signed-exchange;v=b3',
  'referer' => 'http://yunchi.cn/server/work/index',
  'accept-encoding' => 'gzip, deflate',
  'accept-language' => 'zh-CN,zh;q=0.9',
  'cookie' => 'PHPSESSID=9542ee32ed4c8e953a86474458b941e2',
)
[ info ] [ PARAM ] array (
  '/server/Work/addWork_html' => '',
)
[ info ] [ SESSION ] INIT array (
  'id' => '',
  'var_session_id' => '',
  'prefix' => 'think',
  'type' => '',
  'auto_start' => true,
)
[ info ] [ RUN ] app\server\controller\Work->addWork[ /Applications/XAMPP/xamppfiles/htdocs/pension_project/application/server/controller/Work.php ]
[ info ] [ DB ] INIT mysql
[ info ] [ VIEW ] /Applications/XAMPP/xamppfiles/htdocs/pension_project/application/server/view/work/add_work.html [ array (
  0 => 'title',
  1 => 'project',
) ]
[ info ] [ LOG ] INIT File
[ sql ] [ DB ] CONNECT:[ UseTime:0.035119s ] mysql:host=101.89.115.24;port=3306;dbname=pension;charset=utf8
[ sql ] [ SQL ] SELECT `id`,`name`,`pid` FROM yc_provider_project WHERE `pid`!= 0 [ RunTime:0.017647s ]
---------------------------------------------------------------
[ 2019-03-26T15:13:39+08:00 ] 127.0.0.1 GET yunchi.cn/server/work/index
[运行时间：0.230683s] [吞吐率：4.33req/s] [内存消耗：3,208.21kb] [文件加载：119]
[ info ] [ LANG ] /Applications/XAMPP/xamppfiles/htdocs/pension_project/thinkphp/lang/zh-cn.php
[ info ] [ ROUTE ] array (
  'type' => 'module',
  'module' => 
  array (
    0 => 'server',
    1 => 'work',
    2 => 'index',
  ),
)
[ info ] [ HEADER ] array (
  'host' => 'yunchi.cn',
  'connection' => 'keep-alive',
  'upgrade-insecure-requests' => '1',
  'user-agent' => 'Mozilla/5.0 (Macintosh; Intel Mac OS X 10_13_6) AppleWebKit/537.36 (KHTML, like Gecko) Chrome/73.0.3683.86 Safari/537.36',
  'accept' => 'text/html,application/xhtml+xml,application/xml;q=0.9,image/webp,image/apng,*/*;q=0.8,application/signed-exchange;v=b3',
  'referer' => 'http://yunchi.cn/server/Work/addWork.html',
  'accept-encoding' => 'gzip, deflate',
  'accept-language' => 'zh-CN,zh;q=0.9',
  'cookie' => 'PHPSESSID=9542ee32ed4c8e953a86474458b941e2',
)
[ info ] [ PARAM ] array (
  '/server/work/index' => '',
)
[ info ] [ SESSION ] INIT array (
  'id' => '',
  'var_session_id' => '',
  'prefix' => 'think',
  'type' => '',
  'auto_start' => true,
)
[ info ] [ RUN ] app\server\controller\Work->index[ /Applications/XAMPP/xamppfiles/htdocs/pension_project/application/server/controller/Work.php ]
[ info ] [ DB ] INIT mysql
[ info ] [ VIEW ] /Applications/XAMPP/xamppfiles/htdocs/pension_project/application/server/view/work/index.html [ array (
  0 => 'project',
  1 => 'work',
  2 => 'title',
) ]
[ info ] [ LOG ] INIT File
[ sql ] [ DB ] CONNECT:[ UseTime:0.025477s ] mysql:host=101.89.115.24;port=3306;dbname=pension;charset=utf8
[ sql ] [ SQL ] SELECT `id`,`name`,`pid` FROM yc_provider_project WHERE `pid`!= 0 [ RunTime:0.016394s ]
[ sql ] [ SQL ] SHOW COLUMNS FROM `yc_provider_work` [ RunTime:0.068293s ]
[ sql ] [ SQL ] SELECT COUNT(*) AS tp_count FROM `yc_provider_work` `w` LEFT JOIN `yc_client` `c` ON `w`.`client`=`c`.`id` LEFT JOIN `yc_provider_staff` `s` ON `w`.`sid`=`s`.`id` LIMIT 1 [ RunTime:0.021414s ]
[ sql ] [ SQL ] SELECT `w`.`id`,`w`.`site`,`w`.`status`,`w`.`money`,`w`.`title`,`w`.`client`,c.name as cname,s.name as sname,`w`.`sid`,`w`.`state`,`w`.`create_time`,`w`.`end_time` FROM `yc_provider_work` `w` LEFT JOIN `yc_client` `c` ON `w`.`client`=`c`.`id` LEFT JOIN `yc_provider_staff` `s` ON `w`.`sid`=`s`.`id` ORDER BY `w`.`id` DESC LIMIT 0,30 [ RunTime:0.047633s ]
[ sql ] [ SQL ] SELECT `id`,`name`,`pid` FROM yc_provider_project WHERE `pid`!= 0 [ RunTime:0.024307s ]
[ error ] [8]未定义变量: param[/Applications/XAMPP/xamppfiles/htdocs/pension_project/runtime/temp/ec65c1cfd65105cca92e7305a34f2c6c.php:40]
[ error ] [8]未定义变量: param[/Applications/XAMPP/xamppfiles/htdocs/pension_project/runtime/temp/ec65c1cfd65105cca92e7305a34f2c6c.php:47]
[ error ] [8]未定义变量: param[/Applications/XAMPP/xamppfiles/htdocs/pension_project/runtime/temp/ec65c1cfd65105cca92e7305a34f2c6c.php:53]
[ error ] [8]未定义变量: param[/Applications/XAMPP/xamppfiles/htdocs/pension_project/runtime/temp/ec65c1cfd65105cca92e7305a34f2c6c.php:60]
[ error ] [8]未定义变量: param[/Applications/XAMPP/xamppfiles/htdocs/pension_project/runtime/temp/ec65c1cfd65105cca92e7305a34f2c6c.php:66]
[ error ] [8]未定义变量: param[/Applications/XAMPP/xamppfiles/htdocs/pension_project/runtime/temp/ec65c1cfd65105cca92e7305a34f2c6c.php:70]
---------------------------------------------------------------
[ 2019-03-26T15:15:32+08:00 ] 127.0.0.1 GET yunchi.cn/server/news/index
[运行时间：0.017080s] [吞吐率：58.55req/s] [内存消耗：1,619.70kb] [文件加载：95]
[ info ] [ LANG ] /Applications/XAMPP/xamppfiles/htdocs/pension_project/thinkphp/lang/zh-cn.php
[ info ] [ ROUTE ] array (
  'type' => 'module',
  'module' => 
  array (
    0 => 'server',
    1 => 'news',
    2 => 'index',
  ),
)
[ info ] [ HEADER ] array (
  'host' => 'yunchi.cn',
  'connection' => 'keep-alive',
  'upgrade-insecure-requests' => '1',
  'user-agent' => 'Mozilla/5.0 (Macintosh; Intel Mac OS X 10_13_6) AppleWebKit/537.36 (KHTML, like Gecko) Chrome/73.0.3683.86 Safari/537.36',
  'accept' => 'text/html,application/xhtml+xml,application/xml;q=0.9,image/webp,image/apng,*/*;q=0.8,application/signed-exchange;v=b3',
  'referer' => 'http://yunchi.cn/server/Index/index',
  'accept-encoding' => 'gzip, deflate',
  'accept-language' => 'zh-CN,zh;q=0.9',
  'cookie' => 'PHPSESSID=9542ee32ed4c8e953a86474458b941e2',
)
[ info ] [ PARAM ] array (
  '/server/news/index' => '',
)
[ info ] [ LOG ] INIT File
---------------------------------------------------------------
[ 2019-03-26T15:15:33+08:00 ] 127.0.0.1 GET yunchi.cn/server/property/index
[运行时间：0.015209s] [吞吐率：65.75req/s] [内存消耗：1,619.74kb] [文件加载：95]
[ info ] [ LANG ] /Applications/XAMPP/xamppfiles/htdocs/pension_project/thinkphp/lang/zh-cn.php
[ info ] [ ROUTE ] array (
  'type' => 'module',
  'module' => 
  array (
    0 => 'server',
    1 => 'property',
    2 => 'index',
  ),
)
[ info ] [ HEADER ] array (
  'host' => 'yunchi.cn',
  'connection' => 'keep-alive',
  'upgrade-insecure-requests' => '1',
  'user-agent' => 'Mozilla/5.0 (Macintosh; Intel Mac OS X 10_13_6) AppleWebKit/537.36 (KHTML, like Gecko) Chrome/73.0.3683.86 Safari/537.36',
  'accept' => 'text/html,application/xhtml+xml,application/xml;q=0.9,image/webp,image/apng,*/*;q=0.8,application/signed-exchange;v=b3',
  'referer' => 'http://yunchi.cn/server/Index/index',
  'accept-encoding' => 'gzip, deflate',
  'accept-language' => 'zh-CN,zh;q=0.9',
  'cookie' => 'PHPSESSID=9542ee32ed4c8e953a86474458b941e2',
)
[ info ] [ PARAM ] array (
  '/server/property/index' => '',
)
[ info ] [ LOG ] INIT File
---------------------------------------------------------------
[ 2019-03-26T15:15:35+08:00 ] 127.0.0.1 GET yunchi.cn/server/count/index
[运行时间：0.014138s] [吞吐率：70.73req/s] [内存消耗：1,619.70kb] [文件加载：95]
[ info ] [ LANG ] /Applications/XAMPP/xamppfiles/htdocs/pension_project/thinkphp/lang/zh-cn.php
[ info ] [ ROUTE ] array (
  'type' => 'module',
  'module' => 
  array (
    0 => 'server',
    1 => 'count',
    2 => 'index',
  ),
)
[ info ] [ HEADER ] array (
  'host' => 'yunchi.cn',
  'connection' => 'keep-alive',
  'upgrade-insecure-requests' => '1',
  'user-agent' => 'Mozilla/5.0 (Macintosh; Intel Mac OS X 10_13_6) AppleWebKit/537.36 (KHTML, like Gecko) Chrome/73.0.3683.86 Safari/537.36',
  'accept' => 'text/html,application/xhtml+xml,application/xml;q=0.9,image/webp,image/apng,*/*;q=0.8,application/signed-exchange;v=b3',
  'referer' => 'http://yunchi.cn/server/Index/index',
  'accept-encoding' => 'gzip, deflate',
  'accept-language' => 'zh-CN,zh;q=0.9',
  'cookie' => 'PHPSESSID=9542ee32ed4c8e953a86474458b941e2',
)
[ info ] [ PARAM ] array (
  '/server/count/index' => '',
)
[ info ] [ LOG ] INIT File
---------------------------------------------------------------
[ 2019-03-26T15:39:56+08:00 ] 127.0.0.1 GET yunchi.cn/server/Index/index
[运行时间：0.023044s] [吞吐率：43.40req/s] [内存消耗：2,285.62kb] [文件加载：107]
[ info ] [ LANG ] /Applications/XAMPP/xamppfiles/htdocs/pension_project/thinkphp/lang/zh-cn.php
[ info ] [ ROUTE ] array (
  'type' => 'module',
  'module' => 
  array (
    0 => 'server',
    1 => 'Index',
    2 => 'index',
  ),
)
[ info ] [ HEADER ] array (
  'host' => 'yunchi.cn',
  'connection' => 'keep-alive',
  'upgrade-insecure-requests' => '1',
  'user-agent' => 'Mozilla/5.0 (Macintosh; Intel Mac OS X 10_13_6) AppleWebKit/537.36 (KHTML, like Gecko) Chrome/73.0.3683.86 Safari/537.36',
  'accept' => 'text/html,application/xhtml+xml,application/xml;q=0.9,image/webp,image/apng,*/*;q=0.8,application/signed-exchange;v=b3',
  'accept-encoding' => 'gzip, deflate',
  'accept-language' => 'zh-CN,zh;q=0.9',
  'cookie' => 'PHPSESSID=9542ee32ed4c8e953a86474458b941e2',
)
[ info ] [ PARAM ] array (
  '/server/Index/index' => '',
)
[ info ] [ SESSION ] INIT array (
  'id' => '',
  'var_session_id' => '',
  'prefix' => 'think',
  'type' => '',
  'auto_start' => true,
)
[ info ] [ RUN ] app\server\controller\Index->index[ /Applications/XAMPP/xamppfiles/htdocs/pension_project/application/server/controller/Index.php ]
[ info ] [ VIEW ] /Applications/XAMPP/xamppfiles/htdocs/pension_project/application/server/view/index/index.html [ array (
  0 => 'menu',
  1 => 'title',
) ]
[ info ] [ LOG ] INIT File
[ error ] [8]未定义数组索引: nodes[/Applications/XAMPP/xamppfiles/htdocs/pension_project/runtime/temp/5bdcace69d1ed0141766d91547e5085d.php:59]
[ error ] [8]未定义数组索引: nodes[/Applications/XAMPP/xamppfiles/htdocs/pension_project/runtime/temp/5bdcace69d1ed0141766d91547e5085d.php:59]
[ error ] [8]未定义数组索引: nodes[/Applications/XAMPP/xamppfiles/htdocs/pension_project/runtime/temp/5bdcace69d1ed0141766d91547e5085d.php:59]
---------------------------------------------------------------
[ 2019-03-26T15:39:56+08:00 ] 127.0.0.1 GET yunchi.cn/server/Index/main
[运行时间：0.017163s] [吞吐率：58.26req/s] [内存消耗：1,937.18kb] [文件加载：104]
[ info ] [ LANG ] /Applications/XAMPP/xamppfiles/htdocs/pension_project/thinkphp/lang/zh-cn.php
[ info ] [ ROUTE ] array (
  'type' => 'module',
  'module' => 
  array (
    0 => 'server',
    1 => 'Index',
    2 => 'main',
  ),
)
[ info ] [ HEADER ] array (
  'host' => 'yunchi.cn',
  'connection' => 'keep-alive',
  'upgrade-insecure-requests' => '1',
  'user-agent' => 'Mozilla/5.0 (Macintosh; Intel Mac OS X 10_13_6) AppleWebKit/537.36 (KHTML, like Gecko) Chrome/73.0.3683.86 Safari/537.36',
  'accept' => 'text/html,application/xhtml+xml,application/xml;q=0.9,image/webp,image/apng,*/*;q=0.8,application/signed-exchange;v=b3',
  'referer' => 'http://yunchi.cn/server/Index/index',
  'accept-encoding' => 'gzip, deflate',
  'accept-language' => 'zh-CN,zh;q=0.9',
  'cookie' => 'PHPSESSID=9542ee32ed4c8e953a86474458b941e2',
)
[ info ] [ PARAM ] array (
  '/server/Index/main' => '',
)
[ info ] [ SESSION ] INIT array (
  'id' => '',
  'var_session_id' => '',
  'prefix' => 'think',
  'type' => '',
  'auto_start' => true,
)
[ info ] [ RUN ] app\server\controller\Index->main[ /Applications/XAMPP/xamppfiles/htdocs/pension_project/application/server/controller/Index.php ]
[ info ] [ VIEW ] /Applications/XAMPP/xamppfiles/htdocs/pension_project/application/server/view/index/main.html [ array (
) ]
[ info ] [ LOG ] INIT File
[ error ] [8]未定义变量: title[/Applications/XAMPP/xamppfiles/htdocs/pension_project/runtime/temp/cc2ae653de3e86cd9ed5bc94893bdfe2.php:7]
---------------------------------------------------------------
[ 2019-03-26T15:39:59+08:00 ] 127.0.0.1 POST yunchi.cn/server/Login/logout
[运行时间：0.018313s] [吞吐率：54.61req/s] [内存消耗：1,889.90kb] [文件加载：98]
[ info ] [ LANG ] /Applications/XAMPP/xamppfiles/htdocs/pension_project/thinkphp/lang/zh-cn.php
[ info ] [ ROUTE ] array (
  'type' => 'module',
  'module' => 
  array (
    0 => 'server',
    1 => 'Login',
    2 => 'logout',
  ),
)
[ info ] [ HEADER ] array (
  'host' => 'yunchi.cn',
  'connection' => 'keep-alive',
  'content-length' => '0',
  'accept' => '*/*',
  'origin' => 'http://yunchi.cn',
  'x-requested-with' => 'XMLHttpRequest',
  'user-agent' => 'Mozilla/5.0 (Macintosh; Intel Mac OS X 10_13_6) AppleWebKit/537.36 (KHTML, like Gecko) Chrome/73.0.3683.86 Safari/537.36',
  'referer' => 'http://yunchi.cn/server/Index/index',
  'accept-encoding' => 'gzip, deflate',
  'accept-language' => 'zh-CN,zh;q=0.9',
  'cookie' => 'PHPSESSID=9542ee32ed4c8e953a86474458b941e2',
)
[ info ] [ PARAM ] array (
  '/server/Login/logout' => '',
)
[ info ] [ RUN ] app\server\controller\Login->logout[ /Applications/XAMPP/xamppfiles/htdocs/pension_project/application/server/controller/Login.php ]
[ info ] [ SESSION ] INIT array (
  'id' => '',
  'var_session_id' => '',
  'prefix' => 'think',
  'type' => '',
  'auto_start' => true,
)
[ info ] [ LOG ] INIT File
---------------------------------------------------------------
[ 2019-03-26T15:39:59+08:00 ] 127.0.0.1 GET yunchi.cn/server/login/login
[运行时间：0.014708s] [吞吐率：67.99req/s] [内存消耗：1,901.88kb] [文件加载：100]
[ info ] [ LANG ] /Applications/XAMPP/xamppfiles/htdocs/pension_project/thinkphp/lang/zh-cn.php
[ info ] [ ROUTE ] array (
  'type' => 'module',
  'module' => 
  array (
    0 => 'server',
    1 => 'login',
    2 => 'login',
  ),
)
[ info ] [ HEADER ] array (
  'host' => 'yunchi.cn',
  'connection' => 'keep-alive',
  'upgrade-insecure-requests' => '1',
  'user-agent' => 'Mozilla/5.0 (Macintosh; Intel Mac OS X 10_13_6) AppleWebKit/537.36 (KHTML, like Gecko) Chrome/73.0.3683.86 Safari/537.36',
  'accept' => 'text/html,application/xhtml+xml,application/xml;q=0.9,image/webp,image/apng,*/*;q=0.8,application/signed-exchange;v=b3',
  'referer' => 'http://yunchi.cn/server/Index/index',
  'accept-encoding' => 'gzip, deflate',
  'accept-language' => 'zh-CN,zh;q=0.9',
  'cookie' => 'PHPSESSID=9542ee32ed4c8e953a86474458b941e2',
)
[ info ] [ PARAM ] array (
  '/server/login/login' => '',
)
[ info ] [ RUN ] app\server\controller\Login->login[ /Applications/XAMPP/xamppfiles/htdocs/pension_project/application/server/controller/Login.php ]
[ info ] [ VIEW ] /Applications/XAMPP/xamppfiles/htdocs/pension_project/application/server/view/login/login.html [ array (
  0 => 'title',
) ]
[ info ] [ LOG ] INIT File
---------------------------------------------------------------
[ 2019-03-26T15:40:05+08:00 ] 127.0.0.1 GET yunchi.cn/
[运行时间：0.017391s] [吞吐率：57.50req/s] [内存消耗：1,907.36kb] [文件加载：101]
[ info ] [ LANG ] /Applications/XAMPP/xamppfiles/htdocs/pension_project/thinkphp/lang/zh-cn.php
[ info ] [ ROUTE ] array (
  'type' => 'module',
  'module' => 
  array (
    0 => '',
    1 => NULL,
    2 => NULL,
  ),
)
[ info ] [ HEADER ] array (
  'host' => 'yunchi.cn',
  'connection' => 'keep-alive',
  'upgrade-insecure-requests' => '1',
  'user-agent' => 'Mozilla/5.0 (Macintosh; Intel Mac OS X 10_13_6) AppleWebKit/537.36 (KHTML, like Gecko) Chrome/73.0.3683.86 Safari/537.36',
  'accept' => 'text/html,application/xhtml+xml,application/xml;q=0.9,image/webp,image/apng,*/*;q=0.8,application/signed-exchange;v=b3',
  'accept-encoding' => 'gzip, deflate',
  'accept-language' => 'zh-CN,zh;q=0.9',
  'cookie' => 'PHPSESSID=9542ee32ed4c8e953a86474458b941e2',
)
[ info ] [ PARAM ] array (
)
[ info ] [ SESSION ] INIT array (
  'id' => '',
  'var_session_id' => '',
  'prefix' => 'think',
  'type' => '',
  'auto_start' => true,
)
[ info ] [ LOG ] INIT File
---------------------------------------------------------------
[ 2019-03-26T15:40:05+08:00 ] 127.0.0.1 GET yunchi.cn/index/Login/login
[运行时间：0.015713s] [吞吐率：63.64req/s] [内存消耗：1,910.66kb] [文件加载：100]
[ info ] [ LANG ] /Applications/XAMPP/xamppfiles/htdocs/pension_project/thinkphp/lang/zh-cn.php
[ info ] [ ROUTE ] array (
  'type' => 'module',
  'module' => 
  array (
    0 => 'index',
    1 => 'Login',
    2 => 'login',
  ),
)
[ info ] [ HEADER ] array (
  'host' => 'yunchi.cn',
  'connection' => 'keep-alive',
  'upgrade-insecure-requests' => '1',
  'user-agent' => 'Mozilla/5.0 (Macintosh; Intel Mac OS X 10_13_6) AppleWebKit/537.36 (KHTML, like Gecko) Chrome/73.0.3683.86 Safari/537.36',
  'accept' => 'text/html,application/xhtml+xml,application/xml;q=0.9,image/webp,image/apng,*/*;q=0.8,application/signed-exchange;v=b3',
  'accept-encoding' => 'gzip, deflate',
  'accept-language' => 'zh-CN,zh;q=0.9',
  'cookie' => 'PHPSESSID=9542ee32ed4c8e953a86474458b941e2',
)
[ info ] [ PARAM ] array (
  '/index/Login/login' => '',
)
[ info ] [ SESSION ] INIT array (
  'id' => '',
  'var_session_id' => '',
  'prefix' => 'think',
  'type' => '',
  'auto_start' => true,
)
[ info ] [ RUN ] app\index\controller\Login->login[ /Applications/XAMPP/xamppfiles/htdocs/pension_project/application/index/controller/Login.php ]
[ info ] [ VIEW ] /Applications/XAMPP/xamppfiles/htdocs/pension_project/application/index/view/login/login.html [ array (
  0 => 'title',
) ]
[ info ] [ LOG ] INIT File
---------------------------------------------------------------
[ 2019-03-26T15:40:11+08:00 ] 127.0.0.1 POST yunchi.cn/index/Login/checkLogin
[运行时间：0.088290s] [吞吐率：11.33req/s] [内存消耗：2,460.16kb] [文件加载：106]
[ info ] [ LANG ] /Applications/XAMPP/xamppfiles/htdocs/pension_project/thinkphp/lang/zh-cn.php
[ info ] [ ROUTE ] array (
  'type' => 'module',
  'module' => 
  array (
    0 => 'index',
    1 => 'Login',
    2 => 'checkLogin',
  ),
)
[ info ] [ HEADER ] array (
  'host' => 'yunchi.cn',
  'connection' => 'keep-alive',
  'content-length' => '33',
  'accept' => '*/*',
  'origin' => 'http://yunchi.cn',
  'x-requested-with' => 'XMLHttpRequest',
  'user-agent' => 'Mozilla/5.0 (Macintosh; Intel Mac OS X 10_13_6) AppleWebKit/537.36 (KHTML, like Gecko) Chrome/73.0.3683.86 Safari/537.36',
  'content-type' => 'application/x-www-form-urlencoded; charset=UTF-8',
  'referer' => 'http://yunchi.cn/index/Login/login',
  'accept-encoding' => 'gzip, deflate',
  'accept-language' => 'zh-CN,zh;q=0.9',
  'cookie' => 'PHPSESSID=9542ee32ed4c8e953a86474458b941e2',
)
[ info ] [ PARAM ] array (
  '/index/Login/checkLogin' => '',
  'name' => 'admin',
  'password' => '123456',
  'type' => '0',
)
[ info ] [ SESSION ] INIT array (
  'id' => '',
  'var_session_id' => '',
  'prefix' => 'think',
  'type' => '',
  'auto_start' => true,
)
[ info ] [ RUN ] app\index\controller\Login->checkLogin[ /Applications/XAMPP/xamppfiles/htdocs/pension_project/application/index/controller/Login.php ]
[ info ] [ DB ] INIT mysql
[ info ] [ LOG ] INIT File
[ sql ] [ DB ] CONNECT:[ UseTime:0.050823s ] mysql:host=101.89.115.24;port=3306;dbname=pension;charset=utf8
[ sql ] [ SQL ] SELECT `id`,`name`,`mobile`,`email`,`r_id`,`is_super`,`remarks`,`create_time` FROM yc_user WHERE `name`='admin' AND `password`='81bf0687697f0165bd5629fca568acb0' [ RunTime:0.016511s ]
---------------------------------------------------------------
[ 2019-03-26T15:40:12+08:00 ] 127.0.0.1 GET yunchi.cn/index/Index/index
[运行时间：0.102794s] [吞吐率：9.73req/s] [内存消耗：2,688.09kb] [文件加载：113]
[ info ] [ LANG ] /Applications/XAMPP/xamppfiles/htdocs/pension_project/thinkphp/lang/zh-cn.php
[ info ] [ ROUTE ] array (
  'type' => 'module',
  'module' => 
  array (
    0 => 'index',
    1 => 'Index',
    2 => 'index',
  ),
)
[ info ] [ HEADER ] array (
  'host' => 'yunchi.cn',
  'connection' => 'keep-alive',
  'upgrade-insecure-requests' => '1',
  'user-agent' => 'Mozilla/5.0 (Macintosh; Intel Mac OS X 10_13_6) AppleWebKit/537.36 (KHTML, like Gecko) Chrome/73.0.3683.86 Safari/537.36',
  'accept' => 'text/html,application/xhtml+xml,application/xml;q=0.9,image/webp,image/apng,*/*;q=0.8,application/signed-exchange;v=b3',
  'referer' => 'http://yunchi.cn/index/Login/login',
  'accept-encoding' => 'gzip, deflate',
  'accept-language' => 'zh-CN,zh;q=0.9',
  'cookie' => 'PHPSESSID=9542ee32ed4c8e953a86474458b941e2',
)
[ info ] [ PARAM ] array (
  '/index/Index/index' => '',
)
[ info ] [ SESSION ] INIT array (
  'id' => '',
  'var_session_id' => '',
  'prefix' => 'think',
  'type' => '',
  'auto_start' => true,
)
[ info ] [ RUN ] app\index\controller\Index->index[ /Applications/XAMPP/xamppfiles/htdocs/pension_project/application/index/controller/Index.php ]
[ info ] [ DB ] INIT mysql
[ info ] [ VIEW ] /Applications/XAMPP/xamppfiles/htdocs/pension_project/application/index/view/index/index.html [ array (
  0 => 'menu',
  1 => 'title',
) ]
[ info ] [ LOG ] INIT File
[ sql ] [ DB ] CONNECT:[ UseTime:0.023149s ] mysql:host=101.89.115.24;port=3306;dbname=pension;charset=utf8
[ sql ] [ SQL ] SELECT `name`,`remarks`,`m_id`,`r_status` FROM yc_role WHERE `id`=0 [ RunTime:0.018162s ]
[ sql ] [ SQL ] SELECT `id`,`name`,`url`,`icon`,`pid`,`level`,`m_status`,`weight`,`create_time` FROM yc_menu  WHERE  `m_status`=1 ORDER BY `weight` ASC,`id` ASC [ RunTime:0.036893s ]
[ error ] [8]未定义数组下标: 0[/Applications/XAMPP/xamppfiles/htdocs/pension_project/application/index/model/Role.php:49]
---------------------------------------------------------------
[ 2019-03-26T15:40:12+08:00 ] 127.0.0.1 GET yunchi.cn/index/Index/main
[运行时间：0.244033s] [吞吐率：4.10req/s] [内存消耗：3,411.12kb] [文件加载：120]
[ info ] [ LANG ] /Applications/XAMPP/xamppfiles/htdocs/pension_project/thinkphp/lang/zh-cn.php
[ info ] [ ROUTE ] array (
  'type' => 'module',
  'module' => 
  array (
    0 => 'index',
    1 => 'Index',
    2 => 'main',
  ),
)
[ info ] [ HEADER ] array (
  'host' => 'yunchi.cn',
  'connection' => 'keep-alive',
  'upgrade-insecure-requests' => '1',
  'user-agent' => 'Mozilla/5.0 (Macintosh; Intel Mac OS X 10_13_6) AppleWebKit/537.36 (KHTML, like Gecko) Chrome/73.0.3683.86 Safari/537.36',
  'accept' => 'text/html,application/xhtml+xml,application/xml;q=0.9,image/webp,image/apng,*/*;q=0.8,application/signed-exchange;v=b3',
  'referer' => 'http://yunchi.cn/index/Index/index',
  'accept-encoding' => 'gzip, deflate',
  'accept-language' => 'zh-CN,zh;q=0.9',
  'cookie' => 'PHPSESSID=9542ee32ed4c8e953a86474458b941e2',
)
[ info ] [ PARAM ] array (
  '/index/Index/main' => '',
)
[ info ] [ SESSION ] INIT array (
  'id' => '',
  'var_session_id' => '',
  'prefix' => 'think',
  'type' => '',
  'auto_start' => true,
)
[ info ] [ RUN ] app\index\controller\Index->main[ /Applications/XAMPP/xamppfiles/htdocs/pension_project/application/index/controller/Index.php ]
[ info ] [ DB ] INIT mysql
[ info ] [ VIEW ] /Applications/XAMPP/xamppfiles/htdocs/pension_project/application/index/view/index/main.html [ array (
  0 => 'gency',
  1 => 'clientIntegral',
  2 => 'sumIntegralRecords',
  3 => 'birthday',
) ]
[ info ] [ LOG ] INIT File
[ sql ] [ DB ] CONNECT:[ UseTime:0.043307s ] mysql:host=101.89.115.24;port=3306;dbname=pension;charset=utf8
[ sql ] [ SQL ] SHOW COLUMNS FROM `yc_work` [ RunTime:0.014699s ]
[ sql ] [ SQL ] SELECT COUNT(*) AS tp_count FROM `yc_work` `w` LEFT JOIN `yc_client` `c` ON `w`.`client_id`=`c`.`id` LEFT JOIN `yc_staff_user` `s` ON `w`.`staff_number`=`s`.`number` WHERE  `type` IN (1,2,3) LIMIT 1 [ RunTime:0.018379s ]
[ sql ] [ SQL ] SELECT w.id,w.title,w.staff_number,w.plan_id,w.client_id,w.type,w.state,w.create_time,(case when w.plan_id!=0 then (select name from yc_work_plan where id=w.plan_id) else 0 end) as plan_title,(case when w.state=5 then (select concat_ws(";",call_result,create_time) from yc_work_log where w_id=w.id order by id desc limit 1) else 0 end) as work_log,c.name as userName,s.display_name FROM `yc_work` `w` LEFT JOIN `yc_client` `c` ON `w`.`client_id`=`c`.`id` LEFT JOIN `yc_staff_user` `s` ON `w`.`staff_number`=`s`.`number` WHERE  `type` IN (1,2,3) ORDER BY `w`.`id` DESC LIMIT 0,5 [ RunTime:0.021788s ]
[ sql ] [ SQL ] SELECT SUM(`integral`) AS integral,MAX(`integral`) AS max,MIN(`integral`) AS `min`,COUNT(`id`) AS total FROM yc_client [ RunTime:0.035771s ]
[ sql ] [ SQL ] SELECT `type`,SUM(`score`) AS score,COUNT(`id`) AS total FROM yc_integral  GROUP BY `type` [ RunTime:0.017286s ]
[ sql ] [ SQL ] SHOW COLUMNS FROM `yc_client` [ RunTime:0.023235s ]
[ sql ] [ SQL ] SELECT `birthday`,`id`,`name`,`head`,`age` FROM `yc_client` [ RunTime:0.034495s ]
[ error ] [8]未定义变量: arr[/Applications/XAMPP/xamppfiles/htdocs/pension_project/application/index/model/Main.php:194]
[ error ] [8]未定义变量: title[/Applications/XAMPP/xamppfiles/htdocs/pension_project/runtime/temp/b91db48711266ab571f6724bfca8e2eb.php:7]
---------------------------------------------------------------
[ 2019-03-26T15:40:12+08:00 ] 127.0.0.1 POST yunchi.cn/index/Work/mess.html
[运行时间：0.273623s] [吞吐率：3.65req/s] [内存消耗：3,226.73kb] [文件加载：111]
[ info ] [ LANG ] /Applications/XAMPP/xamppfiles/htdocs/pension_project/thinkphp/lang/zh-cn.php
[ info ] [ ROUTE ] array (
  'type' => 'module',
  'module' => 
  array (
    0 => 'index',
    1 => 'Work',
    2 => 'mess',
  ),
)
[ info ] [ HEADER ] array (
  'host' => 'yunchi.cn',
  'connection' => 'keep-alive',
  'content-length' => '0',
  'accept' => '*/*',
  'origin' => 'http://yunchi.cn',
  'x-requested-with' => 'XMLHttpRequest',
  'user-agent' => 'Mozilla/5.0 (Macintosh; Intel Mac OS X 10_13_6) AppleWebKit/537.36 (KHTML, like Gecko) Chrome/73.0.3683.86 Safari/537.36',
  'referer' => 'http://yunchi.cn/index/Index/index',
  'accept-encoding' => 'gzip, deflate',
  'accept-language' => 'zh-CN,zh;q=0.9',
  'cookie' => 'PHPSESSID=9542ee32ed4c8e953a86474458b941e2',
)
[ info ] [ PARAM ] array (
  '/index/Work/mess_html' => '',
)
[ info ] [ SESSION ] INIT array (
  'id' => '',
  'var_session_id' => '',
  'prefix' => 'think',
  'type' => '',
  'auto_start' => true,
)
[ info ] [ RUN ] app\index\controller\Work->mess[ /Applications/XAMPP/xamppfiles/htdocs/pension_project/application/index/controller/Work.php ]
[ info ] [ DB ] INIT mysql
[ info ] [ LOG ] INIT File
[ sql ] [ DB ] CONNECT:[ UseTime:0.025173s ] mysql:host=101.89.115.24;port=3306;dbname=pension;charset=utf8
[ sql ] [ SQL ] SHOW COLUMNS FROM `yc_work` [ RunTime:0.025544s ]
[ sql ] [ SQL ] SELECT group_concat(id) as id,type FROM `yc_work` WHERE  `is_read` = 1  AND `type` IN (1,2,3) GROUP BY `type` [ RunTime:0.017546s ]
---------------------------------------------------------------
[ 2019-03-26T15:40:12+08:00 ] 127.0.0.1 GET yunchi.cn/index/Index/main_echarts
[运行时间：0.239872s] [吞吐率：4.17req/s] [内存消耗：3,195.41kb] [文件加载：112]
[ info ] [ LANG ] /Applications/XAMPP/xamppfiles/htdocs/pension_project/thinkphp/lang/zh-cn.php
[ info ] [ ROUTE ] array (
  'type' => 'module',
  'module' => 
  array (
    0 => 'index',
    1 => 'Index',
    2 => 'main_echarts',
  ),
)
[ info ] [ HEADER ] array (
  'host' => 'yunchi.cn',
  'connection' => 'keep-alive',
  'accept' => '*/*',
  'x-requested-with' => 'XMLHttpRequest',
  'user-agent' => 'Mozilla/5.0 (Macintosh; Intel Mac OS X 10_13_6) AppleWebKit/537.36 (KHTML, like Gecko) Chrome/73.0.3683.86 Safari/537.36',
  'referer' => 'http://yunchi.cn/index/Index/main',
  'accept-encoding' => 'gzip, deflate',
  'accept-language' => 'zh-CN,zh;q=0.9',
  'cookie' => 'PHPSESSID=9542ee32ed4c8e953a86474458b941e2',
)
[ info ] [ PARAM ] array (
  '/index/Index/main_echarts' => '',
)
[ info ] [ SESSION ] INIT array (
  'id' => '',
  'var_session_id' => '',
  'prefix' => 'think',
  'type' => '',
  'auto_start' => true,
)
[ info ] [ RUN ] app\index\controller\Index->main_echarts[ /Applications/XAMPP/xamppfiles/htdocs/pension_project/application/index/controller/Index.php ]
[ info ] [ DB ] INIT mysql
[ info ] [ LOG ] INIT File
[ sql ] [ DB ] CONNECT:[ UseTime:0.022909s ] mysql:host=101.89.115.24;port=3306;dbname=pension;charset=utf8
[ sql ] [ SQL ] SHOW COLUMNS FROM `yc_work` [ RunTime:0.021820s ]
[ sql ] [ SQL ] SELECT count(id) as number,state FROM `yc_work` WHERE  `state` IN (1,2,3,4,5) GROUP BY `state` [ RunTime:0.019727s ]
[ sql ] [ SQL ] SELECT from_unixtime(create_time,'%Y-%m-%d') as name,count(id) as value FROM `yc_work` WHERE  `create_time` BETWEEN 1553011200 AND 1553615999 GROUP BY `name` [ RunTime:0.028794s ]
[ sql ] [ SQL ] SHOW COLUMNS FROM `yc_client` [ RunTime:0.032580s ]
[ sql ] [ SQL ] SELECT count(id) as number,sex FROM `yc_client` GROUP BY `sex` [ RunTime:0.019779s ]
[ sql ] [ SQL ] select name,count('id') as value from (select case when age<=59 then '60岁以下' when age>=60 and age<=69 then '60到69岁之间' when age>=70 and age<=79 then '70到79之间' when age>=80 and age<=89 then '80到89之间' when age>=90 then '90岁以上' end as name from yc_client )a group by name [ RunTime:0.020201s ]
[ sql ] [ SQL ] SHOW COLUMNS FROM `yc_client_group` [ RunTime:0.025280s ]
[ sql ] [ SQL ] SELECT a.name,count(b.cid) as value FROM yc_client_group a LEFT JOIN `yc_client_group_map` `b` ON `a`.`id`=`b`.`gid` GROUP BY `a`.`id` [ RunTime:0.019761s ]
---------------------------------------------------------------
[ 2019-03-26T15:40:16+08:00 ] 127.0.0.1 GET yunchi.cn/index/Work/qualityResult
[运行时间：0.183856s] [吞吐率：5.44req/s] [内存消耗：3,468.55kb] [文件加载：117]
[ info ] [ LANG ] /Applications/XAMPP/xamppfiles/htdocs/pension_project/thinkphp/lang/zh-cn.php
[ info ] [ ROUTE ] array (
  'type' => 'module',
  'module' => 
  array (
    0 => 'index',
    1 => 'Work',
    2 => 'qualityResult',
  ),
)
[ info ] [ HEADER ] array (
  'host' => 'yunchi.cn',
  'connection' => 'keep-alive',
  'upgrade-insecure-requests' => '1',
  'user-agent' => 'Mozilla/5.0 (Macintosh; Intel Mac OS X 10_13_6) AppleWebKit/537.36 (KHTML, like Gecko) Chrome/73.0.3683.86 Safari/537.36',
  'accept' => 'text/html,application/xhtml+xml,application/xml;q=0.9,image/webp,image/apng,*/*;q=0.8,application/signed-exchange;v=b3',
  'referer' => 'http://yunchi.cn/index/Index/index',
  'accept-encoding' => 'gzip, deflate',
  'accept-language' => 'zh-CN,zh;q=0.9',
  'cookie' => 'PHPSESSID=9542ee32ed4c8e953a86474458b941e2',
)
[ info ] [ PARAM ] array (
  '/index/Work/qualityResult' => '',
)
[ info ] [ SESSION ] INIT array (
  'id' => '',
  'var_session_id' => '',
  'prefix' => 'think',
  'type' => '',
  'auto_start' => true,
)
[ info ] [ RUN ] app\index\controller\Work->qualityResult[ /Applications/XAMPP/xamppfiles/htdocs/pension_project/application/index/controller/Work.php ]
[ info ] [ DB ] INIT mysql
[ info ] [ VIEW ] /Applications/XAMPP/xamppfiles/htdocs/pension_project/application/index/view/work/quality_result.html [ array (
  0 => 'records',
  1 => 'page',
  2 => 'param',
  3 => 'item_value',
  4 => 'title',
) ]
[ info ] [ LOG ] INIT File
[ sql ] [ DB ] CONNECT:[ UseTime:0.045834s ] mysql:host=101.89.115.24;port=3306;dbname=pension;charset=utf8
[ sql ] [ SQL ] SHOW COLUMNS FROM `yc_work_log` [ RunTime:0.045019s ]
[ sql ] [ SQL ] SELECT COUNT(*) AS tp_count FROM `yc_work_log` `l` LEFT JOIN `yc_work` `w` ON `l`.`w_id`=`w`.`id` LEFT JOIN `yc_client` `c` ON `c`.`id`=`w`.`client_id` LEFT JOIN `yc_staff_user` `s` ON `s`.`number`=`w`.`staff_number` WHERE  `l`.`type` IN ('6','7') LIMIT 1 [ RunTime:0.023390s ]
[ sql ] [ SQL ] SELECT `l`.`w_id`,`l`.`type`,l.create_time as quality_time,`l`.`quality_score`,w.type as work_type,`w`.`create_time`,c.name as clientName,s.display_name as staffUser FROM `yc_work_log` `l` LEFT JOIN `yc_work` `w` ON `l`.`w_id`=`w`.`id` LEFT JOIN `yc_client` `c` ON `c`.`id`=`w`.`client_id` LEFT JOIN `yc_staff_user` `s` ON `s`.`number`=`w`.`staff_number` WHERE  `l`.`type` IN ('6','7') ORDER BY `l`.`id` DESC LIMIT 0,20 [ RunTime:0.019248s ]
[ sql ] [ SQL ] SELECT `create_time` FROM yc_work_log WHERE `type`=5 AND `w_id`=4 ORDER BY `id` DESC LIMIT 1 [ RunTime:0.018019s ]
---------------------------------------------------------------
[ 2019-03-26T15:40:16+08:00 ] 127.0.0.1 GET yunchi.cn/index/Work/quality
[运行时间：0.156514s] [吞吐率：6.39req/s] [内存消耗：3,475.41kb] [文件加载：117]
[ info ] [ LANG ] /Applications/XAMPP/xamppfiles/htdocs/pension_project/thinkphp/lang/zh-cn.php
[ info ] [ ROUTE ] array (
  'type' => 'module',
  'module' => 
  array (
    0 => 'index',
    1 => 'Work',
    2 => 'quality',
  ),
)
[ info ] [ HEADER ] array (
  'host' => 'yunchi.cn',
  'connection' => 'keep-alive',
  'upgrade-insecure-requests' => '1',
  'user-agent' => 'Mozilla/5.0 (Macintosh; Intel Mac OS X 10_13_6) AppleWebKit/537.36 (KHTML, like Gecko) Chrome/73.0.3683.86 Safari/537.36',
  'accept' => 'text/html,application/xhtml+xml,application/xml;q=0.9,image/webp,image/apng,*/*;q=0.8,application/signed-exchange;v=b3',
  'referer' => 'http://yunchi.cn/index/Index/index',
  'accept-encoding' => 'gzip, deflate',
  'accept-language' => 'zh-CN,zh;q=0.9',
  'cookie' => 'PHPSESSID=9542ee32ed4c8e953a86474458b941e2',
)
[ info ] [ PARAM ] array (
  '/index/Work/quality' => '',
)
[ info ] [ SESSION ] INIT array (
  'id' => '',
  'var_session_id' => '',
  'prefix' => 'think',
  'type' => '',
  'auto_start' => true,
)
[ info ] [ RUN ] app\index\controller\Work->quality[ /Applications/XAMPP/xamppfiles/htdocs/pension_project/application/index/controller/Work.php ]
[ info ] [ DB ] INIT mysql
[ info ] [ VIEW ] /Applications/XAMPP/xamppfiles/htdocs/pension_project/application/index/view/work/quality.html [ array (
  0 => 'work',
  1 => 'page',
  2 => 'param',
  3 => 'item_value',
  4 => 'title',
) ]
[ info ] [ LOG ] INIT File
[ sql ] [ DB ] CONNECT:[ UseTime:0.038272s ] mysql:host=101.89.115.24;port=3306;dbname=pension;charset=utf8
[ sql ] [ SQL ] SHOW COLUMNS FROM `yc_work` [ RunTime:0.021224s ]
[ sql ] [ SQL ] SELECT COUNT(*) AS tp_count FROM `yc_work` `w` LEFT JOIN `yc_client` `c` ON `w`.`client_id`=`c`.`id` LEFT JOIN `yc_staff_user` `s` ON `w`.`staff_number`=`s`.`number` WHERE  `w`.`is_check` = 1  AND `w`.`state` = 5 LIMIT 1 [ RunTime:0.020034s ]
[ sql ] [ SQL ] SELECT w.id,w.title,w.staff_number,w.plan_id,w.client_id,w.type,w.state,w.create_time,(case when w.plan_id!=0 then (select name from yc_work_plan where id=w.plan_id) else 0 end) as plan_title,(case when w.state=5 then (select concat_ws(";",call_result,create_time) from yc_work_log where w_id=w.id order by id desc limit 1) else 0 end) as work_log,c.name as userName,s.display_name FROM `yc_work` `w` LEFT JOIN `yc_client` `c` ON `w`.`client_id`=`c`.`id` LEFT JOIN `yc_staff_user` `s` ON `w`.`staff_number`=`s`.`number` WHERE  `w`.`is_check` = 1  AND `w`.`state` = 5 ORDER BY `w`.`id` DESC LIMIT 0,20 [ RunTime:0.048520s ]
---------------------------------------------------------------
[ 2019-03-26T15:40:26+08:00 ] 127.0.0.1 GET yunchi.cn/index/Work/workDetails?id=4&action=quality
[运行时间：0.255952s] [吞吐率：3.91req/s] [内存消耗：3,733.00kb] [文件加载：118]
[ info ] [ LANG ] /Applications/XAMPP/xamppfiles/htdocs/pension_project/thinkphp/lang/zh-cn.php
[ info ] [ ROUTE ] array (
  'type' => 'module',
  'module' => 
  array (
    0 => 'index',
    1 => 'Work',
    2 => 'workDetails',
  ),
)
[ info ] [ HEADER ] array (
  'host' => 'yunchi.cn',
  'connection' => 'keep-alive',
  'upgrade-insecure-requests' => '1',
  'user-agent' => 'Mozilla/5.0 (Macintosh; Intel Mac OS X 10_13_6) AppleWebKit/537.36 (KHTML, like Gecko) Chrome/73.0.3683.86 Safari/537.36',
  'accept' => 'text/html,application/xhtml+xml,application/xml;q=0.9,image/webp,image/apng,*/*;q=0.8,application/signed-exchange;v=b3',
  'referer' => 'http://yunchi.cn/index/Work/qualityResult',
  'accept-encoding' => 'gzip, deflate',
  'accept-language' => 'zh-CN,zh;q=0.9',
  'cookie' => 'PHPSESSID=9542ee32ed4c8e953a86474458b941e2',
)
[ info ] [ PARAM ] array (
  '/index/Work/workDetails' => '',
  'id' => '4',
  'action' => 'quality',
)
[ info ] [ SESSION ] INIT array (
  'id' => '',
  'var_session_id' => '',
  'prefix' => 'think',
  'type' => '',
  'auto_start' => true,
)
[ info ] [ RUN ] app\index\controller\Work->workDetails[ /Applications/XAMPP/xamppfiles/htdocs/pension_project/application/index/controller/Work.php ]
[ info ] [ DB ] INIT mysql
[ info ] [ VIEW ] /Applications/XAMPP/xamppfiles/htdocs/pension_project/application/index/view/work/work_details.html [ array (
  0 => 'details',
  1 => 'client',
  2 => 'work',
  3 => 'workLog',
  4 => 'action',
  5 => 'title',
) ]
[ info ] [ LOG ] INIT File
[ sql ] [ DB ] CONNECT:[ UseTime:0.035989s ] mysql:host=101.89.115.24;port=3306;dbname=pension;charset=utf8
[ sql ] [ SQL ] SELECT `w`.`id`,`w`.`title`,`w`.`type`,`w`.`client_id`,`w`.`state`,`w`.`plan_state`,`w`.`address`,`w`.`lng`,`w`.`lat`,`w`.`heart`,`w`.`alarm_time`,`w`.`create_time`,`u`.`name` AS `clientName`,`s`.`display_name`,(CASE WHEN `w`.`state`=5 THEN (SELECT CONCAT_WS(';',`call_result`,`remarks`,`create_time`) FROM yc_work_log WHERE `type`=5 AND `w_id`=4 ORDER BY `id` DESC LIMIT 1) ELSE 0 END) AS `work_log`,(CASE WHEN `w`.`type`=4 THEN (SELECT CONCAT_WS(';',`name`,`start_time`,`end_time`) FROM yc_work_plan WHERE `id`=`w`.`plan_id`) ELSE 0 END) AS `work_plan` FROM `yc_work` AS `w` LEFT JOIN `yc_client` AS `u` ON `w`.`client_id`=`u`.`id` LEFT JOIN `yc_staff_user` AS `s` ON `w`.`staff_number`=`s`.`number` WHERE w.`id`=4 [ RunTime:0.022310s ]
[ sql ] [ SQL ] SELECT c.`id`,c.`name`,c.`id_number`,c.`head`,c.`birthday`,c.`age`,c.`sex`,c.`mobile`,c.`address`,c.`permanent_address`,c.`integral`,g.`name` AS `groupName`,t.`name` AS `tagName` FROM yc_client AS c LEFT JOIN v_client_group AS g ON c.`id`=g.`cid` LEFT JOIN v_client_tag AS t ON c.`id`=t.`cid` WHERE c.`id`=2 [ RunTime:0.033049s ]
[ sql ] [ SQL ] SHOW COLUMNS FROM `yc_work` [ RunTime:0.029898s ]
[ sql ] [ SQL ] SELECT COUNT(*) AS tp_count FROM `yc_work` `w` LEFT JOIN `yc_client` `c` ON `w`.`client_id`=`c`.`id` LEFT JOIN `yc_staff_user` `s` ON `w`.`staff_number`=`s`.`number` WHERE  `w`.`client_id` = 2 LIMIT 1 [ RunTime:0.027668s ]
[ sql ] [ SQL ] SELECT w.id,w.title,w.staff_number,w.plan_id,w.client_id,w.type,w.state,w.create_time,(case when w.plan_id!=0 then (select name from yc_work_plan where id=w.plan_id) else 0 end) as plan_title,(case when w.state=5 then (select concat_ws(";",call_result,create_time) from yc_work_log where w_id=w.id order by id desc limit 1) else 0 end) as work_log,c.name as userName,s.display_name FROM `yc_work` `w` LEFT JOIN `yc_client` `c` ON `w`.`client_id`=`c`.`id` LEFT JOIN `yc_staff_user` `s` ON `w`.`staff_number`=`s`.`number` WHERE  `w`.`client_id` = 2 ORDER BY `w`.`id` DESC LIMIT 0,5 [ RunTime:0.030240s ]
[ sql ] [ SQL ] SELECT l.`type`,(CASE WHEN `l`.`call_id`!=0 THEN (SELECT CONCAT_WS(',','call_id','caller') FROM yc_call_log WHERE `call_id`=`l`.`call_id`) ELSE 0 END) AS `call_log`,(CASE WHEN `l`.`u_type`=1 THEN (SELECT `name` FROM yc_user WHERE `id`=`l`.`uid`) ELSE (SELECT `display_name` FROM yc_staff_user WHERE `number`=`l`.`uid`) END) AS `user_name`,(CASE WHEN `l`.`staff_number`!=0 THEN (SELECT `display_name` FROM yc_staff_user WHERE `number`=`l`.`staff_number`) ELSE 0 END) AS staff_user,(CASE WHEN `w`.`plan_id`!=0 AND `l`.`type`=1 THEN (SELECT `name` FROM yc_work_plan WHERE `id`=`w`.`plan_id`) ELSE 0 END) AS `plan_name`,`l`.`remarks`,`l`.`call_result`,`l`.`create_time`,`w`.`type` AS `work_type` FROM yc_work_log AS `l` LEFT JOIN yc_work AS `w` ON `l`.`w_id`=`w`.`id` WHERE l.`w_id`=4 ORDER BY `l`.`id` DESC [ RunTime:0.037787s ]
