---------------------------------------------------------------
[ 2019-08-16T08:56:37+08:00 ] 127.0.0.1 GET yunchi.cn/
[运行时间：0.047686s] [吞吐率：20.97req/s] [内存消耗：1,913.65kb] [文件加载：101]
[ info ] [ LANG ] /Applications/XAMPP/xamppfiles/htdocs/pension_project/thinkphp/lang/zh-cn.php
[ info ] [ ROUTE ] array (
  'type' => 'module',
  'module' => 
  array (
    0 => '',
    1 => NULL,
    2 => NULL,
  ),
)
[ info ] [ HEADER ] array (
  'host' => 'yunchi.cn',
  'connection' => 'keep-alive',
  'cache-control' => 'max-age=0',
  'upgrade-insecure-requests' => '1',
  'user-agent' => 'Mozilla/5.0 (Macintosh; Intel Mac OS X 10_13_6) AppleWebKit/537.36 (KHTML, like Gecko) Chrome/76.0.3809.100 Safari/537.36',
  'accept' => 'text/html,application/xhtml+xml,application/xml;q=0.9,image/webp,image/apng,*/*;q=0.8,application/signed-exchange;v=b3',
  'accept-encoding' => 'gzip, deflate',
  'accept-language' => 'zh,zh-CN;q=0.9,en-US;q=0.8,en;q=0.7',
)
[ info ] [ PARAM ] array (
)
[ info ] [ SESSION ] INIT array (
  'id' => '',
  'var_session_id' => '',
  'prefix' => 'think',
  'type' => '',
  'auto_start' => true,
)
[ info ] [ LOG ] INIT File
---------------------------------------------------------------
[ 2019-08-16T08:56:37+08:00 ] 127.0.0.1 GET yunchi.cn/index/Login/login
[运行时间：0.016115s] [吞吐率：62.05req/s] [内存消耗：1,916.92kb] [文件加载：100]
[ info ] [ LANG ] /Applications/XAMPP/xamppfiles/htdocs/pension_project/thinkphp/lang/zh-cn.php
[ info ] [ ROUTE ] array (
  'type' => 'module',
  'module' => 
  array (
    0 => 'index',
    1 => 'Login',
    2 => 'login',
  ),
)
[ info ] [ HEADER ] array (
  'host' => 'yunchi.cn',
  'connection' => 'keep-alive',
  'cache-control' => 'max-age=0',
  'upgrade-insecure-requests' => '1',
  'user-agent' => 'Mozilla/5.0 (Macintosh; Intel Mac OS X 10_13_6) AppleWebKit/537.36 (KHTML, like Gecko) Chrome/76.0.3809.100 Safari/537.36',
  'accept' => 'text/html,application/xhtml+xml,application/xml;q=0.9,image/webp,image/apng,*/*;q=0.8,application/signed-exchange;v=b3',
  'accept-encoding' => 'gzip, deflate',
  'accept-language' => 'zh,zh-CN;q=0.9,en-US;q=0.8,en;q=0.7',
  'cookie' => 'PHPSESSID=16bfa3f70038a1afd0a2b12db07954b0',
)
[ info ] [ PARAM ] array (
  '/index/Login/login' => '',
)
[ info ] [ SESSION ] INIT array (
  'id' => '',
  'var_session_id' => '',
  'prefix' => 'think',
  'type' => '',
  'auto_start' => true,
)
[ info ] [ RUN ] app\index\controller\Login->login[ /Applications/XAMPP/xamppfiles/htdocs/pension_project/application/index/controller/Login.php ]
[ info ] [ VIEW ] /Applications/XAMPP/xamppfiles/htdocs/pension_project/application/index/view/login/login.html [ array (
  0 => 'title',
) ]
[ info ] [ LOG ] INIT File
---------------------------------------------------------------
[ 2019-08-16T08:56:37+08:00 ] 127.0.0.1 GET yunchi.cn/favicon.ico
[运行时间：0.017148s] [吞吐率：58.32req/s] [内存消耗：1,622.45kb] [文件加载：94]
[ info ] [ LANG ] /Applications/XAMPP/xamppfiles/htdocs/pension_project/thinkphp/lang/zh-cn.php
[ info ] [ ROUTE ] array (
  'type' => 'module',
  'module' => 
  array (
    0 => 'favicon.ico',
    1 => NULL,
    2 => NULL,
  ),
)
[ info ] [ HEADER ] array (
  'host' => 'yunchi.cn',
  'connection' => 'keep-alive',
  'user-agent' => 'Mozilla/5.0 (Macintosh; Intel Mac OS X 10_13_6) AppleWebKit/537.36 (KHTML, like Gecko) Chrome/76.0.3809.100 Safari/537.36',
  'accept' => 'image/webp,image/apng,image/*,*/*;q=0.8',
  'referer' => 'http://yunchi.cn/index/Login/login',
  'accept-encoding' => 'gzip, deflate',
  'accept-language' => 'zh,zh-CN;q=0.9,en-US;q=0.8,en;q=0.7',
  'cookie' => 'PHPSESSID=16bfa3f70038a1afd0a2b12db07954b0',
)
[ info ] [ PARAM ] array (
  '/favicon_ico' => '',
)
[ info ] [ LOG ] INIT File
---------------------------------------------------------------
[ 2019-08-16T08:57:03+08:00 ] 127.0.0.1 POST yunchi.cn/index/Login/checkLogin
[运行时间：0.063551s] [吞吐率：15.74req/s] [内存消耗：2,467.01kb] [文件加载：106]
[ info ] [ LANG ] /Applications/XAMPP/xamppfiles/htdocs/pension_project/thinkphp/lang/zh-cn.php
[ info ] [ ROUTE ] array (
  'type' => 'module',
  'module' => 
  array (
    0 => 'index',
    1 => 'Login',
    2 => 'checkLogin',
  ),
)
[ info ] [ HEADER ] array (
  'host' => 'yunchi.cn',
  'connection' => 'keep-alive',
  'content-length' => '45',
  'accept' => '*/*',
  'x-requested-with' => 'XMLHttpRequest',
  'user-agent' => 'Mozilla/5.0 (Macintosh; Intel Mac OS X 10_13_6) AppleWebKit/537.36 (KHTML, like Gecko) Chrome/76.0.3809.100 Safari/537.36',
  'content-type' => 'application/x-www-form-urlencoded; charset=UTF-8',
  'origin' => 'http://yunchi.cn',
  'referer' => 'http://yunchi.cn/index/Login/login',
  'accept-encoding' => 'gzip, deflate',
  'accept-language' => 'zh,zh-CN;q=0.9,en-US;q=0.8,en;q=0.7',
  'cookie' => 'PHPSESSID=16bfa3f70038a1afd0a2b12db07954b0',
)
[ info ] [ PARAM ] array (
  '/index/Login/checkLogin' => '',
  'name' => 'admin',
  'password' => 'admin_yunchiyl2019',
  'type' => '0',
)
[ info ] [ SESSION ] INIT array (
  'id' => '',
  'var_session_id' => '',
  'prefix' => 'think',
  'type' => '',
  'auto_start' => true,
)
[ info ] [ RUN ] app\index\controller\Login->checkLogin[ /Applications/XAMPP/xamppfiles/htdocs/pension_project/application/index/controller/Login.php ]
[ info ] [ DB ] INIT mysql
[ info ] [ LOG ] INIT File
[ sql ] [ DB ] CONNECT:[ UseTime:0.025328s ] mysql:host=101.89.115.24;port=3306;dbname=pension;charset=utf8
[ sql ] [ SQL ] SELECT `id`,`name`,`mobile`,`email`,`r_id`,`is_super`,`remarks`,`create_time` FROM yc_user WHERE `name`='admin' AND `password`='e6ea20cc6b11f75ea0b4880e0d0028e4' [ RunTime:0.012932s ]
---------------------------------------------------------------
[ 2019-08-16T08:57:03+08:00 ] 127.0.0.1 GET yunchi.cn/index/Index/index
[运行时间：0.062690s] [吞吐率：15.95req/s] [内存消耗：2,634.25kb] [文件加载：109]
[ info ] [ LANG ] /Applications/XAMPP/xamppfiles/htdocs/pension_project/thinkphp/lang/zh-cn.php
[ info ] [ ROUTE ] array (
  'type' => 'module',
  'module' => 
  array (
    0 => 'index',
    1 => 'Index',
    2 => 'index',
  ),
)
[ info ] [ HEADER ] array (
  'host' => 'yunchi.cn',
  'connection' => 'keep-alive',
  'upgrade-insecure-requests' => '1',
  'user-agent' => 'Mozilla/5.0 (Macintosh; Intel Mac OS X 10_13_6) AppleWebKit/537.36 (KHTML, like Gecko) Chrome/76.0.3809.100 Safari/537.36',
  'accept' => 'text/html,application/xhtml+xml,application/xml;q=0.9,image/webp,image/apng,*/*;q=0.8,application/signed-exchange;v=b3',
  'referer' => 'http://yunchi.cn/index/Login/login',
  'accept-encoding' => 'gzip, deflate',
  'accept-language' => 'zh,zh-CN;q=0.9,en-US;q=0.8,en;q=0.7',
  'cookie' => 'PHPSESSID=16bfa3f70038a1afd0a2b12db07954b0',
)
[ info ] [ PARAM ] array (
  '/index/Index/index' => '',
)
[ info ] [ SESSION ] INIT array (
  'id' => '',
  'var_session_id' => '',
  'prefix' => 'think',
  'type' => '',
  'auto_start' => true,
)
[ info ] [ RUN ] app\index\controller\Index->index[ /Applications/XAMPP/xamppfiles/htdocs/pension_project/application/index/controller/Index.php ]
[ info ] [ DB ] INIT mysql
[ info ] [ VIEW ] /Applications/XAMPP/xamppfiles/htdocs/pension_project/application/index/view/index/index.html [ array (
  0 => 'menu',
  1 => 'user_info',
  2 => 'title',
) ]
[ info ] [ LOG ] INIT File
[ sql ] [ DB ] CONNECT:[ UseTime:0.023465s ] mysql:host=101.89.115.24;port=3306;dbname=pension;charset=utf8
[ sql ] [ SQL ] SELECT `id`,`name`,`url`,`icon`,`pid`,`level`,`m_status`,`weight`,`create_time` FROM yc_menu  WHERE  `m_status`=1 ORDER BY `weight` ASC,`id` ASC [ RunTime:0.014930s ]
---------------------------------------------------------------
[ 2019-08-16T08:57:04+08:00 ] 127.0.0.1 GET yunchi.cn/index/Index/main
[运行时间：0.311890s] [吞吐率：3.21req/s] [内存消耗：4,411.21kb] [文件加载：120]
[ info ] [ LANG ] /Applications/XAMPP/xamppfiles/htdocs/pension_project/thinkphp/lang/zh-cn.php
[ info ] [ ROUTE ] array (
  'type' => 'module',
  'module' => 
  array (
    0 => 'index',
    1 => 'Index',
    2 => 'main',
  ),
)
[ info ] [ HEADER ] array (
  'host' => 'yunchi.cn',
  'connection' => 'keep-alive',
  'upgrade-insecure-requests' => '1',
  'user-agent' => 'Mozilla/5.0 (Macintosh; Intel Mac OS X 10_13_6) AppleWebKit/537.36 (KHTML, like Gecko) Chrome/76.0.3809.100 Safari/537.36',
  'accept' => 'text/html,application/xhtml+xml,application/xml;q=0.9,image/webp,image/apng,*/*;q=0.8,application/signed-exchange;v=b3',
  'referer' => 'http://yunchi.cn/index/Index/index',
  'accept-encoding' => 'gzip, deflate',
  'accept-language' => 'zh,zh-CN;q=0.9,en-US;q=0.8,en;q=0.7',
  'cookie' => 'PHPSESSID=16bfa3f70038a1afd0a2b12db07954b0',
)
[ info ] [ PARAM ] array (
  '/index/Index/main' => '',
)
[ info ] [ SESSION ] INIT array (
  'id' => '',
  'var_session_id' => '',
  'prefix' => 'think',
  'type' => '',
  'auto_start' => true,
)
[ info ] [ RUN ] app\index\controller\Index->main[ /Applications/XAMPP/xamppfiles/htdocs/pension_project/application/index/controller/Index.php ]
[ info ] [ DB ] INIT mysql
[ info ] [ VIEW ] /Applications/XAMPP/xamppfiles/htdocs/pension_project/application/index/view/index/main.html [ array (
  0 => 'gency',
  1 => 'clientIntegral',
  2 => 'sumIntegralRecords',
  3 => 'birthday',
) ]
[ info ] [ LOG ] INIT File
[ sql ] [ DB ] CONNECT:[ UseTime:0.035910s ] mysql:host=101.89.115.24;port=3306;dbname=pension;charset=utf8
[ sql ] [ SQL ] SHOW COLUMNS FROM `yc_work` [ RunTime:0.021904s ]
[ sql ] [ SQL ] SELECT COUNT(*) AS tp_count FROM `yc_work` `w` LEFT JOIN `yc_client` `c` ON `w`.`client_id`=`c`.`id` LEFT JOIN `yc_staff_user` `s` ON `w`.`staff_number`=`s`.`number` WHERE  `type` IN (1,2,3) LIMIT 1 [ RunTime:0.019652s ]
[ sql ] [ SQL ] SELECT w.id,w.title,w.staff_number,w.plan_id,w.client_id,w.type,w.state,w.create_time,(case when w.plan_id!=0 then (select name from yc_work_plan where id=w.plan_id) else 0 end) as plan_title,(case when w.state=5 then (select concat_ws(";",call_result,create_time) from yc_work_log where w_id=w.id order by id desc limit 1) else 0 end) as work_log,c.name as userName,s.display_name FROM `yc_work` `w` LEFT JOIN `yc_client` `c` ON `w`.`client_id`=`c`.`id` LEFT JOIN `yc_staff_user` `s` ON `w`.`staff_number`=`s`.`number` WHERE  `type` IN (1,2,3) ORDER BY `w`.`id` DESC LIMIT 0,5 [ RunTime:0.034638s ]
[ sql ] [ SQL ] SELECT SUM(`integral`) AS integral,MAX(`integral`) AS max,MIN(`integral`) AS `min`,COUNT(`id`) AS total FROM yc_client [ RunTime:0.027100s ]
[ sql ] [ SQL ] SELECT `type`,SUM(`score`) AS score,COUNT(`id`) AS total FROM yc_integral  GROUP BY `type` [ RunTime:0.019345s ]
[ sql ] [ SQL ] SHOW COLUMNS FROM `yc_client` [ RunTime:0.025909s ]
[ sql ] [ SQL ] SELECT `birthday`,`id`,`name`,`head`,`age` FROM `yc_client` [ RunTime:0.080305s ]
[ error ] [8]未定义变量: arr[/Applications/XAMPP/xamppfiles/htdocs/pension_project/application/index/model/Main.php:198]
[ error ] [8]未定义变量: title[/Applications/XAMPP/xamppfiles/htdocs/pension_project/runtime/temp/b91db48711266ab571f6724bfca8e2eb.php:7]
---------------------------------------------------------------
[ 2019-08-16T08:57:04+08:00 ] 127.0.0.1 POST yunchi.cn/index/Work/mess.html
[运行时间：0.272706s] [吞吐率：3.67req/s] [内存消耗：3,254.23kb] [文件加载：111]
[ info ] [ LANG ] /Applications/XAMPP/xamppfiles/htdocs/pension_project/thinkphp/lang/zh-cn.php
[ info ] [ ROUTE ] array (
  'type' => 'module',
  'module' => 
  array (
    0 => 'index',
    1 => 'Work',
    2 => 'mess',
  ),
)
[ info ] [ HEADER ] array (
  'host' => 'yunchi.cn',
  'connection' => 'keep-alive',
  'content-length' => '0',
  'accept' => '*/*',
  'x-requested-with' => 'XMLHttpRequest',
  'user-agent' => 'Mozilla/5.0 (Macintosh; Intel Mac OS X 10_13_6) AppleWebKit/537.36 (KHTML, like Gecko) Chrome/76.0.3809.100 Safari/537.36',
  'origin' => 'http://yunchi.cn',
  'referer' => 'http://yunchi.cn/index/Index/index',
  'accept-encoding' => 'gzip, deflate',
  'accept-language' => 'zh,zh-CN;q=0.9,en-US;q=0.8,en;q=0.7',
  'cookie' => 'PHPSESSID=16bfa3f70038a1afd0a2b12db07954b0',
)
[ info ] [ PARAM ] array (
  '/index/Work/mess_html' => '',
)
[ info ] [ SESSION ] INIT array (
  'id' => '',
  'var_session_id' => '',
  'prefix' => 'think',
  'type' => '',
  'auto_start' => true,
)
[ info ] [ RUN ] app\index\controller\Work->mess[ /Applications/XAMPP/xamppfiles/htdocs/pension_project/application/index/controller/Work.php ]
[ info ] [ DB ] INIT mysql
[ info ] [ LOG ] INIT File
[ sql ] [ DB ] CONNECT:[ UseTime:0.021891s ] mysql:host=101.89.115.24;port=3306;dbname=pension;charset=utf8
[ sql ] [ SQL ] SHOW COLUMNS FROM `yc_work` [ RunTime:0.016868s ]
[ sql ] [ SQL ] SELECT group_concat(id) as id,type FROM `yc_work` WHERE  `is_read` = 1  AND `type` IN (1,2,3,7,8,9) GROUP BY `type` [ RunTime:0.020122s ]
---------------------------------------------------------------
[ 2019-08-16T08:57:04+08:00 ] 127.0.0.1 GET yunchi.cn/index/Index/main_echarts
[运行时间：0.218752s] [吞吐率：4.57req/s] [内存消耗：3,221.43kb] [文件加载：112]
[ info ] [ LANG ] /Applications/XAMPP/xamppfiles/htdocs/pension_project/thinkphp/lang/zh-cn.php
[ info ] [ ROUTE ] array (
  'type' => 'module',
  'module' => 
  array (
    0 => 'index',
    1 => 'Index',
    2 => 'main_echarts',
  ),
)
[ info ] [ HEADER ] array (
  'host' => 'yunchi.cn',
  'connection' => 'keep-alive',
  'accept' => '*/*',
  'x-requested-with' => 'XMLHttpRequest',
  'user-agent' => 'Mozilla/5.0 (Macintosh; Intel Mac OS X 10_13_6) AppleWebKit/537.36 (KHTML, like Gecko) Chrome/76.0.3809.100 Safari/537.36',
  'referer' => 'http://yunchi.cn/index/Index/main',
  'accept-encoding' => 'gzip, deflate',
  'accept-language' => 'zh,zh-CN;q=0.9,en-US;q=0.8,en;q=0.7',
  'cookie' => 'PHPSESSID=16bfa3f70038a1afd0a2b12db07954b0',
)
[ info ] [ PARAM ] array (
  '/index/Index/main_echarts' => '',
)
[ info ] [ SESSION ] INIT array (
  'id' => '',
  'var_session_id' => '',
  'prefix' => 'think',
  'type' => '',
  'auto_start' => true,
)
[ info ] [ RUN ] app\index\controller\Index->main_echarts[ /Applications/XAMPP/xamppfiles/htdocs/pension_project/application/index/controller/Index.php ]
[ info ] [ DB ] INIT mysql
[ info ] [ LOG ] INIT File
[ sql ] [ DB ] CONNECT:[ UseTime:0.029919s ] mysql:host=101.89.115.24;port=3306;dbname=pension;charset=utf8
[ sql ] [ SQL ] SHOW COLUMNS FROM `yc_work` [ RunTime:0.016694s ]
[ sql ] [ SQL ] SELECT count(id) as number,state FROM `yc_work` WHERE  `state` IN (1,2,3,4,5) GROUP BY `state` [ RunTime:0.023673s ]
[ sql ] [ SQL ] SELECT from_unixtime(create_time,'%Y-%m-%d') as name,count(id) as value FROM `yc_work` WHERE  `create_time` BETWEEN 1565366400 AND 1565971199 GROUP BY `name` [ RunTime:0.024426s ]
[ sql ] [ SQL ] SHOW COLUMNS FROM `yc_client` [ RunTime:0.015977s ]
[ sql ] [ SQL ] SELECT count(id) as number,sex FROM `yc_client` GROUP BY `sex` [ RunTime:0.019455s ]
[ sql ] [ SQL ] select name,count('id') as value from (select case when age<=59 then '60岁以下' when age>=60 and age<=69 then '60到69岁之间' when age>=70 and age<=79 then '70到79之间' when age>=80 and age<=89 then '80到89之间' when age>=90 then '90岁以上' end as name from yc_client )a group by name [ RunTime:0.022752s ]
[ sql ] [ SQL ] SHOW COLUMNS FROM `yc_client_group` [ RunTime:0.019623s ]
[ sql ] [ SQL ] SELECT a.name,count(b.cid) as value FROM yc_client_group a LEFT JOIN `yc_client_group_map` `b` ON `a`.`id`=`b`.`gid` GROUP BY `a`.`id` [ RunTime:0.016428s ]
---------------------------------------------------------------
[ 2019-08-16T15:25:14+08:00 ] 127.0.0.1 GET yunchi.cn/index/Work/quality
[运行时间：0.421507s] [吞吐率：2.37req/s] [内存消耗：3,351.74kb] [文件加载：115]
[ info ] [ LANG ] /Applications/XAMPP/xamppfiles/htdocs/pension_project/thinkphp/lang/zh-cn.php
[ info ] [ ROUTE ] array (
  'type' => 'module',
  'module' => 
  array (
    0 => 'index',
    1 => 'Work',
    2 => 'quality',
  ),
)
[ info ] [ HEADER ] array (
  'host' => 'yunchi.cn',
  'connection' => 'keep-alive',
  'upgrade-insecure-requests' => '1',
  'user-agent' => 'Mozilla/5.0 (Macintosh; Intel Mac OS X 10_13_6) AppleWebKit/537.36 (KHTML, like Gecko) Chrome/76.0.3809.100 Safari/537.36',
  'accept' => 'text/html,application/xhtml+xml,application/xml;q=0.9,image/webp,image/apng,*/*;q=0.8,application/signed-exchange;v=b3',
  'referer' => 'http://yunchi.cn/index/Index/index',
  'accept-encoding' => 'gzip, deflate',
  'accept-language' => 'zh,zh-CN;q=0.9,en-US;q=0.8,en;q=0.7',
  'cookie' => 'PHPSESSID=16bfa3f70038a1afd0a2b12db07954b0',
)
[ info ] [ PARAM ] array (
  '/index/Work/quality' => '',
)
[ info ] [ SESSION ] INIT array (
  'id' => '',
  'var_session_id' => '',
  'prefix' => 'think',
  'type' => '',
  'auto_start' => true,
)
[ info ] [ RUN ] app\index\controller\Work->quality[ /Applications/XAMPP/xamppfiles/htdocs/pension_project/application/index/controller/Work.php ]
[ info ] [ DB ] INIT mysql
[ info ] [ VIEW ] /Applications/XAMPP/xamppfiles/htdocs/pension_project/application/index/view/work/quality.html [ array (
  0 => 'work',
  1 => 'page',
  2 => 'param',
  3 => 'item_value',
  4 => 'title',
) ]
[ info ] [ LOG ] INIT File
[ sql ] [ DB ] CONNECT:[ UseTime:0.127539s ] mysql:host=101.89.115.24;port=3306;dbname=pension;charset=utf8
[ sql ] [ SQL ] SHOW COLUMNS FROM `yc_work` [ RunTime:0.092683s ]
[ sql ] [ SQL ] SELECT COUNT(*) AS tp_count FROM `yc_work` `w` LEFT JOIN `yc_client` `c` ON `w`.`client_id`=`c`.`id` LEFT JOIN `yc_staff_user` `s` ON `w`.`staff_number`=`s`.`number` WHERE  `w`.`is_check` = 1  AND `w`.`state` = 5 LIMIT 1 [ RunTime:0.084276s ]
[ sql ] [ SQL ] SELECT w.id,w.title,w.staff_number,w.plan_id,w.client_id,w.type,w.state,w.create_time,(case when w.plan_id!=0 then (select name from yc_work_plan where id=w.plan_id) else 0 end) as plan_title,(case when w.state=5 then (select concat_ws(";",call_result,create_time) from yc_work_log where w_id=w.id order by id desc limit 1) else 0 end) as work_log,c.name as userName,s.display_name FROM `yc_work` `w` LEFT JOIN `yc_client` `c` ON `w`.`client_id`=`c`.`id` LEFT JOIN `yc_staff_user` `s` ON `w`.`staff_number`=`s`.`number` WHERE  `w`.`is_check` = 1  AND `w`.`state` = 5 ORDER BY `w`.`id` DESC LIMIT 0,20 [ RunTime:0.086367s ]
---------------------------------------------------------------
[ 2019-08-16T15:25:20+08:00 ] 127.0.0.1 GET yunchi.cn/index/Work/qualityResult
[运行时间：0.243796s] [吞吐率：4.10req/s] [内存消耗：3,380.31kb] [文件加载：118]
[ info ] [ LANG ] /Applications/XAMPP/xamppfiles/htdocs/pension_project/thinkphp/lang/zh-cn.php
[ info ] [ ROUTE ] array (
  'type' => 'module',
  'module' => 
  array (
    0 => 'index',
    1 => 'Work',
    2 => 'qualityResult',
  ),
)
[ info ] [ HEADER ] array (
  'host' => 'yunchi.cn',
  'connection' => 'keep-alive',
  'upgrade-insecure-requests' => '1',
  'user-agent' => 'Mozilla/5.0 (Macintosh; Intel Mac OS X 10_13_6) AppleWebKit/537.36 (KHTML, like Gecko) Chrome/76.0.3809.100 Safari/537.36',
  'accept' => 'text/html,application/xhtml+xml,application/xml;q=0.9,image/webp,image/apng,*/*;q=0.8,application/signed-exchange;v=b3',
  'referer' => 'http://yunchi.cn/index/Index/index',
  'accept-encoding' => 'gzip, deflate',
  'accept-language' => 'zh,zh-CN;q=0.9,en-US;q=0.8,en;q=0.7',
  'cookie' => 'PHPSESSID=16bfa3f70038a1afd0a2b12db07954b0',
)
[ info ] [ PARAM ] array (
  '/index/Work/qualityResult' => '',
)
[ info ] [ SESSION ] INIT array (
  'id' => '',
  'var_session_id' => '',
  'prefix' => 'think',
  'type' => '',
  'auto_start' => true,
)
[ info ] [ RUN ] app\index\controller\Work->qualityResult[ /Applications/XAMPP/xamppfiles/htdocs/pension_project/application/index/controller/Work.php ]
[ info ] [ DB ] INIT mysql
[ info ] [ VIEW ] /Applications/XAMPP/xamppfiles/htdocs/pension_project/application/index/view/work/quality_result.html [ array (
  0 => 'records',
  1 => 'page',
  2 => 'param',
  3 => 'item_value',
  4 => 'title',
) ]
[ info ] [ LOG ] INIT File
[ sql ] [ DB ] CONNECT:[ UseTime:0.101353s ] mysql:host=101.89.115.24;port=3306;dbname=pension;charset=utf8
[ sql ] [ SQL ] SHOW COLUMNS FROM `yc_work_log` [ RunTime:0.019514s ]
[ sql ] [ SQL ] SELECT COUNT(*) AS tp_count FROM `yc_work_log` `l` LEFT JOIN `yc_work` `w` ON `l`.`w_id`=`w`.`id` LEFT JOIN `yc_client` `c` ON `c`.`id`=`w`.`client_id` LEFT JOIN `yc_staff_user` `s` ON `s`.`number`=`w`.`staff_number` WHERE  `l`.`type` IN ('6','7') LIMIT 1 [ RunTime:0.020727s ]
[ sql ] [ SQL ] SELECT `l`.`w_id`,`l`.`type`,l.create_time as quality_time,`l`.`quality_score`,w.type as work_type,`w`.`create_time`,c.name as clientName,s.display_name as staffUser FROM `yc_work_log` `l` LEFT JOIN `yc_work` `w` ON `l`.`w_id`=`w`.`id` LEFT JOIN `yc_client` `c` ON `c`.`id`=`w`.`client_id` LEFT JOIN `yc_staff_user` `s` ON `s`.`number`=`w`.`staff_number` WHERE  `l`.`type` IN ('6','7') ORDER BY `l`.`id` DESC LIMIT 0,20 [ RunTime:0.025118s ]
[ sql ] [ SQL ] SELECT `create_time` FROM yc_work_log WHERE `type`=5 AND `w_id`=204 ORDER BY `id` DESC LIMIT 1 [ RunTime:0.025671s ]
[ sql ] [ SQL ] SELECT `create_time` FROM yc_work_log WHERE `type`=5 AND `w_id`=204 ORDER BY `id` DESC LIMIT 1 [ RunTime:0.021070s ]
[ error ] [8]未定义数组索引: [/Applications/XAMPP/xamppfiles/htdocs/pension_project/application/index/model/Work.php:265]
[ error ] [8]未定义数组索引: [/Applications/XAMPP/xamppfiles/htdocs/pension_project/application/index/model/Work.php:265]
---------------------------------------------------------------
[ 2019-08-16T15:34:30+08:00 ] 127.0.0.1 GET yunchi.cn/index/Warning/index?type=sos
[运行时间：0.418211s] [吞吐率：2.39req/s] [内存消耗：3,326.95kb] [文件加载：118]
[ info ] [ LANG ] /Applications/XAMPP/xamppfiles/htdocs/pension_project/thinkphp/lang/zh-cn.php
[ info ] [ ROUTE ] array (
  'type' => 'module',
  'module' => 
  array (
    0 => 'index',
    1 => 'Warning',
    2 => 'index',
  ),
)
[ info ] [ HEADER ] array (
  'host' => 'yunchi.cn',
  'connection' => 'keep-alive',
  'upgrade-insecure-requests' => '1',
  'user-agent' => 'Mozilla/5.0 (Macintosh; Intel Mac OS X 10_13_6) AppleWebKit/537.36 (KHTML, like Gecko) Chrome/76.0.3809.100 Safari/537.36',
  'accept' => 'text/html,application/xhtml+xml,application/xml;q=0.9,image/webp,image/apng,*/*;q=0.8,application/signed-exchange;v=b3',
  'referer' => 'http://yunchi.cn/index/Index/index',
  'accept-encoding' => 'gzip, deflate',
  'accept-language' => 'zh,zh-CN;q=0.9,en-US;q=0.8,en;q=0.7',
  'cookie' => 'PHPSESSID=16bfa3f70038a1afd0a2b12db07954b0',
)
[ info ] [ PARAM ] array (
  '/index/Warning/index' => '',
  'type' => 'sos',
)
[ info ] [ SESSION ] INIT array (
  'id' => '',
  'var_session_id' => '',
  'prefix' => 'think',
  'type' => '',
  'auto_start' => true,
)
[ info ] [ RUN ] app\index\controller\Warning->index[ /Applications/XAMPP/xamppfiles/htdocs/pension_project/application/index/controller/Warning.php ]
[ info ] [ DB ] INIT mysql
[ info ] [ VIEW ] /Applications/XAMPP/xamppfiles/htdocs/pension_project/application/index/view/warning/index.html [ array (
  0 => 'data',
) ]
[ info ] [ LOG ] INIT File
[ sql ] [ DB ] CONNECT:[ UseTime:0.028218s ] mysql:host=101.89.115.24;port=3306;dbname=pension;charset=utf8
[ sql ] [ SQL ] SHOW COLUMNS FROM `yc_work` [ RunTime:0.021907s ]
[ sql ] [ SQL ] SELECT COUNT(*) AS tp_count FROM `yc_work` WHERE  `type` = 1 LIMIT 1 [ RunTime:0.023984s ]
[ sql ] [ SQL ] SELECT `id`,`create_time`,`lng`,`lat`,`address`,`client_id`,`type`,`heart` FROM `yc_work` WHERE  `type` = 1 ORDER BY `id` DESC LIMIT 0,30 [ RunTime:0.019877s ]
[ sql ] [ SQL ] SHOW COLUMNS FROM `yc_client` [ RunTime:0.020643s ]
[ sql ] [ SQL ] SELECT `name` FROM `yc_client` WHERE  `id` = 3821 LIMIT 1 [ RunTime:0.019881s ]
[ sql ] [ SQL ] SELECT `name` FROM `yc_client` WHERE  `id` = 3821 LIMIT 1 [ RunTime:0.018968s ]
[ sql ] [ SQL ] SELECT `name` FROM `yc_client` WHERE  `id` = 13533 LIMIT 1 [ RunTime:0.022086s ]
[ sql ] [ SQL ] SELECT `name` FROM `yc_client` WHERE  `id` = 13533 LIMIT 1 [ RunTime:0.021799s ]
[ sql ] [ SQL ] SELECT `name` FROM `yc_client` WHERE  `id` = 13533 LIMIT 1 [ RunTime:0.021469s ]
[ sql ] [ SQL ] SELECT `name` FROM `yc_client` WHERE  `id` = 13533 LIMIT 1 [ RunTime:0.021412s ]
[ sql ] [ SQL ] SELECT `name` FROM `yc_client` WHERE  `id` = 13533 LIMIT 1 [ RunTime:0.014727s ]
[ sql ] [ SQL ] SELECT `name` FROM `yc_client` WHERE  `id` = 13533 LIMIT 1 [ RunTime:0.017100s ]
[ sql ] [ SQL ] SELECT `name` FROM `yc_client` WHERE  `id` = 13533 LIMIT 1 [ RunTime:0.016842s ]
[ sql ] [ SQL ] SELECT `name` FROM `yc_client` WHERE  `id` = 13533 LIMIT 1 [ RunTime:0.018785s ]
[ sql ] [ SQL ] SELECT `name` FROM `yc_client` WHERE  `id` = 13533 LIMIT 1 [ RunTime:0.017601s ]
[ sql ] [ SQL ] SELECT `name` FROM `yc_client` WHERE  `id` = 13533 LIMIT 1 [ RunTime:0.017893s ]
[ sql ] [ SQL ] SELECT `name` FROM `yc_client` WHERE  `id` = 13533 LIMIT 1 [ RunTime:0.019392s ]
[ sql ] [ SQL ] SELECT `name` FROM `yc_client` WHERE  `id` = 13533 LIMIT 1 [ RunTime:0.020767s ]
[ error ] [8]未定义变量: title[/Applications/XAMPP/xamppfiles/htdocs/pension_project/runtime/temp/748273e1871297eab23d24bcfb880dbe.php:7]
[ error ] [8]未定义数组索引: start_create[/Applications/XAMPP/xamppfiles/htdocs/pension_project/runtime/temp/748273e1871297eab23d24bcfb880dbe.php:37]
[ error ] [8]未定义数组索引: end_create[/Applications/XAMPP/xamppfiles/htdocs/pension_project/runtime/temp/748273e1871297eab23d24bcfb880dbe.php:41]
[ error ] [8]未定义数组索引: name[/Applications/XAMPP/xamppfiles/htdocs/pension_project/runtime/temp/748273e1871297eab23d24bcfb880dbe.php:47]
[ error ] [8]未定义数组索引: cardid[/Applications/XAMPP/xamppfiles/htdocs/pension_project/runtime/temp/748273e1871297eab23d24bcfb880dbe.php:53]
[ error ] [8]未定义数组索引: imei[/Applications/XAMPP/xamppfiles/htdocs/pension_project/runtime/temp/748273e1871297eab23d24bcfb880dbe.php:59]
[ error ] [2]Use of undefined constant heart - assumed 'heart' (this will throw an Error in a future version of PHP)[/Applications/XAMPP/xamppfiles/htdocs/pension_project/runtime/temp/748273e1871297eab23d24bcfb880dbe.php:82]
---------------------------------------------------------------
[ 2019-08-16T15:34:34+08:00 ] 127.0.0.1 GET yunchi.cn/index/Work/quality
[运行时间：0.116823s] [吞吐率：8.56req/s] [内存消耗：3,352.33kb] [文件加载：115]
[ info ] [ LANG ] /Applications/XAMPP/xamppfiles/htdocs/pension_project/thinkphp/lang/zh-cn.php
[ info ] [ ROUTE ] array (
  'type' => 'module',
  'module' => 
  array (
    0 => 'index',
    1 => 'Work',
    2 => 'quality',
  ),
)
[ info ] [ HEADER ] array (
  'host' => 'yunchi.cn',
  'connection' => 'keep-alive',
  'upgrade-insecure-requests' => '1',
  'user-agent' => 'Mozilla/5.0 (Macintosh; Intel Mac OS X 10_13_6) AppleWebKit/537.36 (KHTML, like Gecko) Chrome/76.0.3809.100 Safari/537.36',
  'accept' => 'text/html,application/xhtml+xml,application/xml;q=0.9,image/webp,image/apng,*/*;q=0.8,application/signed-exchange;v=b3',
  'referer' => 'http://yunchi.cn/index/Index/index',
  'accept-encoding' => 'gzip, deflate',
  'accept-language' => 'zh,zh-CN;q=0.9,en-US;q=0.8,en;q=0.7',
  'cookie' => 'PHPSESSID=16bfa3f70038a1afd0a2b12db07954b0',
)
[ info ] [ PARAM ] array (
  '/index/Work/quality' => '',
)
[ info ] [ SESSION ] INIT array (
  'id' => '',
  'var_session_id' => '',
  'prefix' => 'think',
  'type' => '',
  'auto_start' => true,
)
[ info ] [ RUN ] app\index\controller\Work->quality[ /Applications/XAMPP/xamppfiles/htdocs/pension_project/application/index/controller/Work.php ]
[ info ] [ DB ] INIT mysql
[ info ] [ VIEW ] /Applications/XAMPP/xamppfiles/htdocs/pension_project/application/index/view/work/quality.html [ array (
  0 => 'work',
  1 => 'page',
  2 => 'param',
  3 => 'item_value',
  4 => 'title',
) ]
[ info ] [ LOG ] INIT File
[ sql ] [ DB ] CONNECT:[ UseTime:0.032233s ] mysql:host=101.89.115.24;port=3306;dbname=pension;charset=utf8
[ sql ] [ SQL ] SHOW COLUMNS FROM `yc_work` [ RunTime:0.018662s ]
[ sql ] [ SQL ] SELECT COUNT(*) AS tp_count FROM `yc_work` `w` LEFT JOIN `yc_client` `c` ON `w`.`client_id`=`c`.`id` LEFT JOIN `yc_staff_user` `s` ON `w`.`staff_number`=`s`.`number` WHERE  `w`.`is_check` = 1  AND `w`.`state` = 5 LIMIT 1 [ RunTime:0.017828s ]
[ sql ] [ SQL ] SELECT w.id,w.title,w.staff_number,w.plan_id,w.client_id,w.type,w.state,w.create_time,(case when w.plan_id!=0 then (select name from yc_work_plan where id=w.plan_id) else 0 end) as plan_title,(case when w.state=5 then (select concat_ws(";",call_result,create_time) from yc_work_log where w_id=w.id order by id desc limit 1) else 0 end) as work_log,c.name as userName,s.display_name FROM `yc_work` `w` LEFT JOIN `yc_client` `c` ON `w`.`client_id`=`c`.`id` LEFT JOIN `yc_staff_user` `s` ON `w`.`staff_number`=`s`.`number` WHERE  `w`.`is_check` = 1  AND `w`.`state` = 5 ORDER BY `w`.`id` DESC LIMIT 0,20 [ RunTime:0.017801s ]
---------------------------------------------------------------
[ 2019-08-16T16:07:19+08:00 ] 127.0.0.1 GET yunchi.cn/index/Auth/user
[运行时间：0.093138s] [吞吐率：10.74req/s] [内存消耗：2,545.31kb] [文件加载：109]
[ info ] [ LANG ] /Applications/XAMPP/xamppfiles/htdocs/pension_project/thinkphp/lang/zh-cn.php
[ info ] [ ROUTE ] array (
  'type' => 'module',
  'module' => 
  array (
    0 => 'index',
    1 => 'Auth',
    2 => 'user',
  ),
)
[ info ] [ HEADER ] array (
  'host' => 'yunchi.cn',
  'connection' => 'keep-alive',
  'upgrade-insecure-requests' => '1',
  'user-agent' => 'Mozilla/5.0 (Macintosh; Intel Mac OS X 10_13_6) AppleWebKit/537.36 (KHTML, like Gecko) Chrome/76.0.3809.100 Safari/537.36',
  'accept' => 'text/html,application/xhtml+xml,application/xml;q=0.9,image/webp,image/apng,*/*;q=0.8,application/signed-exchange;v=b3',
  'referer' => 'http://yunchi.cn/index/Index/index',
  'accept-encoding' => 'gzip, deflate',
  'accept-language' => 'zh,zh-CN;q=0.9,en-US;q=0.8,en;q=0.7',
  'cookie' => 'PHPSESSID=16bfa3f70038a1afd0a2b12db07954b0',
)
[ info ] [ PARAM ] array (
  '/index/Auth/user' => '',
)
[ info ] [ SESSION ] INIT array (
  'id' => '',
  'var_session_id' => '',
  'prefix' => 'think',
  'type' => '',
  'auto_start' => true,
)
[ info ] [ RUN ] app\index\controller\Auth->user[ /Applications/XAMPP/xamppfiles/htdocs/pension_project/application/index/controller/Auth.php ]
[ info ] [ DB ] INIT mysql
[ info ] [ VIEW ] /Applications/XAMPP/xamppfiles/htdocs/pension_project/application/index/view/auth/user.html [ array (
  0 => 'user',
  1 => 'role',
  2 => 'title',
) ]
[ info ] [ LOG ] INIT File
[ sql ] [ DB ] CONNECT:[ UseTime:0.025339s ] mysql:host=101.89.115.24;port=3306;dbname=pension;charset=utf8
[ sql ] [ SQL ] SELECT u.`id`,u.`name` AS `u_name`,u.`mobile`,u.`email`,u.`u_status`,u.`r_id`,u.`remarks`,u.`create_time`,r.`name` AS r_name FROM yc_user AS u LEFT JOIN yc_role AS r ON u.`r_id`=r.`id` ORDER BY u.`id` ASC [ RunTime:0.019724s ]
[ sql ] [ SQL ] SELECT `id`,`name`,`remarks`,`r_status`,`m_id`,`create_time` FROM yc_role  WHERE  `r_status`=1 [ RunTime:0.020781s ]
---------------------------------------------------------------
[ 2019-08-16T16:07:24+08:00 ] 127.0.0.1 GET yunchi.cn/index/Auth/role
[运行时间：0.072693s] [吞吐率：13.76req/s] [内存消耗：2,635.79kb] [文件加载：110]
[ info ] [ LANG ] /Applications/XAMPP/xamppfiles/htdocs/pension_project/thinkphp/lang/zh-cn.php
[ info ] [ ROUTE ] array (
  'type' => 'module',
  'module' => 
  array (
    0 => 'index',
    1 => 'Auth',
    2 => 'role',
  ),
)
[ info ] [ HEADER ] array (
  'host' => 'yunchi.cn',
  'connection' => 'keep-alive',
  'upgrade-insecure-requests' => '1',
  'user-agent' => 'Mozilla/5.0 (Macintosh; Intel Mac OS X 10_13_6) AppleWebKit/537.36 (KHTML, like Gecko) Chrome/76.0.3809.100 Safari/537.36',
  'accept' => 'text/html,application/xhtml+xml,application/xml;q=0.9,image/webp,image/apng,*/*;q=0.8,application/signed-exchange;v=b3',
  'referer' => 'http://yunchi.cn/index/Index/index',
  'accept-encoding' => 'gzip, deflate',
  'accept-language' => 'zh,zh-CN;q=0.9,en-US;q=0.8,en;q=0.7',
  'cookie' => 'PHPSESSID=16bfa3f70038a1afd0a2b12db07954b0',
)
[ info ] [ PARAM ] array (
  '/index/Auth/role' => '',
)
[ info ] [ SESSION ] INIT array (
  'id' => '',
  'var_session_id' => '',
  'prefix' => 'think',
  'type' => '',
  'auto_start' => true,
)
[ info ] [ RUN ] app\index\controller\Auth->role[ /Applications/XAMPP/xamppfiles/htdocs/pension_project/application/index/controller/Auth.php ]
[ info ] [ DB ] INIT mysql
[ info ] [ VIEW ] /Applications/XAMPP/xamppfiles/htdocs/pension_project/application/index/view/auth/role.html [ array (
  0 => 'role',
  1 => 'title',
) ]
[ info ] [ LOG ] INIT File
[ sql ] [ DB ] CONNECT:[ UseTime:0.030427s ] mysql:host=101.89.115.24;port=3306;dbname=pension;charset=utf8
[ sql ] [ SQL ] SELECT `id`,`name`,`remarks`,`r_status`,`m_id`,`create_time` FROM yc_role [ RunTime:0.015365s ]
---------------------------------------------------------------
[ 2019-08-16T16:08:48+08:00 ] 127.0.0.1 GET yunchi.cn/index/Auth/role
[运行时间：0.070466s] [吞吐率：14.19req/s] [内存消耗：2,493.60kb] [文件加载：108]
[ info ] [ LANG ] /Applications/XAMPP/xamppfiles/htdocs/pension_project/thinkphp/lang/zh-cn.php
[ info ] [ ROUTE ] array (
  'type' => 'module',
  'module' => 
  array (
    0 => 'index',
    1 => 'Auth',
    2 => 'role',
  ),
)
[ info ] [ HEADER ] array (
  'host' => 'yunchi.cn',
  'connection' => 'keep-alive',
  'upgrade-insecure-requests' => '1',
  'user-agent' => 'Mozilla/5.0 (Macintosh; Intel Mac OS X 10_13_6) AppleWebKit/537.36 (KHTML, like Gecko) Chrome/76.0.3809.100 Safari/537.36',
  'accept' => 'text/html,application/xhtml+xml,application/xml;q=0.9,image/webp,image/apng,*/*;q=0.8,application/signed-exchange;v=b3',
  'referer' => 'http://yunchi.cn/index/Index/index',
  'accept-encoding' => 'gzip, deflate',
  'accept-language' => 'zh,zh-CN;q=0.9,en-US;q=0.8,en;q=0.7',
  'cookie' => 'PHPSESSID=16bfa3f70038a1afd0a2b12db07954b0',
)
[ info ] [ PARAM ] array (
  '/index/Auth/role' => '',
)
[ info ] [ SESSION ] INIT array (
  'id' => '',
  'var_session_id' => '',
  'prefix' => 'think',
  'type' => '',
  'auto_start' => true,
)
[ info ] [ RUN ] app\index\controller\Auth->role[ /Applications/XAMPP/xamppfiles/htdocs/pension_project/application/index/controller/Auth.php ]
[ info ] [ DB ] INIT mysql
[ info ] [ VIEW ] /Applications/XAMPP/xamppfiles/htdocs/pension_project/application/index/view/auth/role.html [ array (
  0 => 'role',
  1 => 'title',
) ]
[ info ] [ LOG ] INIT File
[ sql ] [ DB ] CONNECT:[ UseTime:0.029091s ] mysql:host=101.89.115.24;port=3306;dbname=pension;charset=utf8
[ sql ] [ SQL ] SELECT `id`,`name`,`remarks`,`r_status`,`m_id`,`create_time` FROM yc_role [ RunTime:0.017963s ]
---------------------------------------------------------------
[ 2019-08-16T16:08:51+08:00 ] 127.0.0.1 POST yunchi.cn/index/Auth/menuList
[运行时间：0.060450s] [吞吐率：16.54req/s] [内存消耗：2,500.97kb] [文件加载：107]
[ info ] [ LANG ] /Applications/XAMPP/xamppfiles/htdocs/pension_project/thinkphp/lang/zh-cn.php
[ info ] [ ROUTE ] array (
  'type' => 'module',
  'module' => 
  array (
    0 => 'index',
    1 => 'Auth',
    2 => 'menuList',
  ),
)
[ info ] [ HEADER ] array (
  'host' => 'yunchi.cn',
  'connection' => 'keep-alive',
  'content-length' => '8',
  'accept' => '*/*',
  'x-requested-with' => 'XMLHttpRequest',
  'user-agent' => 'Mozilla/5.0 (Macintosh; Intel Mac OS X 10_13_6) AppleWebKit/537.36 (KHTML, like Gecko) Chrome/76.0.3809.100 Safari/537.36',
  'content-type' => 'application/x-www-form-urlencoded; charset=UTF-8',
  'origin' => 'http://yunchi.cn',
  'referer' => 'http://yunchi.cn/index/Auth/role',
  'accept-encoding' => 'gzip, deflate',
  'accept-language' => 'zh,zh-CN;q=0.9,en-US;q=0.8,en;q=0.7',
  'cookie' => 'PHPSESSID=16bfa3f70038a1afd0a2b12db07954b0',
)
[ info ] [ PARAM ] array (
  '/index/Auth/menuList' => '',
  'status' => '1',
)
[ info ] [ SESSION ] INIT array (
  'id' => '',
  'var_session_id' => '',
  'prefix' => 'think',
  'type' => '',
  'auto_start' => true,
)
[ info ] [ RUN ] app\index\controller\Auth->menuList[ /Applications/XAMPP/xamppfiles/htdocs/pension_project/application/index/controller/Auth.php ]
[ info ] [ DB ] INIT mysql
[ info ] [ LOG ] INIT File
[ sql ] [ DB ] CONNECT:[ UseTime:0.024939s ] mysql:host=101.89.115.24;port=3306;dbname=pension;charset=utf8
[ sql ] [ SQL ] SELECT `id`,`name`,`url`,`icon`,`pid`,`level`,`m_status`,`weight`,`create_time` FROM yc_menu  WHERE  `m_status`=1 ORDER BY `weight` ASC,`id` ASC [ RunTime:0.015005s ]
