---------------------------------------------------------------
[ 2019-08-22T09:37:46+08:00 ] 127.0.0.1 GET yunchi.cn/quqi/quqitest/locationData
[运行时间：0.303881s] [吞吐率：3.29req/s] [内存消耗：2,941.44kb] [文件加载：107]
[ info ] [ LANG ] /Applications/XAMPP/xamppfiles/htdocs/pension_project/thinkphp/lang/zh-cn.php
[ info ] [ ROUTE ] array (
  'type' => 'module',
  'module' => 
  array (
    0 => 'quqi',
    1 => 'quqitest',
    2 => 'locationData',
  ),
)
[ info ] [ HEADER ] array (
  'host' => 'yunchi.cn',
  'connection' => 'keep-alive',
  'cache-control' => 'max-age=0',
  'upgrade-insecure-requests' => '1',
  'user-agent' => 'Mozilla/5.0 (Macintosh; Intel Mac OS X 10_13_6) AppleWebKit/537.36 (KHTML, like Gecko) Chrome/76.0.3809.100 Safari/537.36',
  'accept' => 'text/html,application/xhtml+xml,application/xml;q=0.9,image/webp,image/apng,*/*;q=0.8,application/signed-exchange;v=b3',
  'accept-encoding' => 'gzip, deflate',
  'accept-language' => 'zh,zh-CN;q=0.9,en-US;q=0.8,en;q=0.7',
)
[ info ] [ PARAM ] array (
  '/quqi/quqitest/locationData' => '',
)
[ info ] [ DB ] INIT mysql
[ info ] [ SESSION ] INIT array (
  'id' => '',
  'var_session_id' => '',
  'prefix' => 'think',
  'type' => '',
  'auto_start' => true,
)
[ info ] [ RUN ] app\quqi\controller\QuqiTest->locationData[ /Applications/XAMPP/xamppfiles/htdocs/pension_project/application/quqi/controller/Quqitest.php ]
[ info ] [ LOG ] INIT File
---------------------------------------------------------------
[ 2019-08-22T09:37:46+08:00 ] 127.0.0.1 GET yunchi.cn/favicon.ico
[运行时间：0.017263s] [吞吐率：57.93req/s] [内存消耗：1,621.91kb] [文件加载：94]
[ info ] [ LANG ] /Applications/XAMPP/xamppfiles/htdocs/pension_project/thinkphp/lang/zh-cn.php
[ info ] [ ROUTE ] array (
  'type' => 'module',
  'module' => 
  array (
    0 => 'favicon.ico',
    1 => NULL,
    2 => NULL,
  ),
)
[ info ] [ HEADER ] array (
  'host' => 'yunchi.cn',
  'connection' => 'keep-alive',
  'user-agent' => 'Mozilla/5.0 (Macintosh; Intel Mac OS X 10_13_6) AppleWebKit/537.36 (KHTML, like Gecko) Chrome/76.0.3809.100 Safari/537.36',
  'accept' => 'image/webp,image/apng,image/*,*/*;q=0.8',
  'referer' => 'http://yunchi.cn/quqi/quqitest/locationData',
  'accept-encoding' => 'gzip, deflate',
  'accept-language' => 'zh,zh-CN;q=0.9,en-US;q=0.8,en;q=0.7',
  'cookie' => 'PHPSESSID=1877e2dd4ecee27759d620ef7ae0fd5b',
)
[ info ] [ PARAM ] array (
  '/favicon_ico' => '',
)
[ info ] [ LOG ] INIT File
